2026-04-07 02:22:24.706 [info] update#setState idle
2026-04-07 02:22:54.709 [info] update#setState checking for updates
2026-04-07 02:22:54.966 [info] update#setState idle
2026-04-07 12:39:55.869 [info] update#setState checking for updates
2026-04-07 12:39:56.462 [info] update#setState idle
2026-04-07 14:12:09.907 [info] update#setState checking for updates
2026-04-07 14:12:10.463 [info] update#setState idle
2026-04-07 15:12:09.214 [info] update#setState checking for updates
2026-04-07 15:12:09.789 [info] update#setState idle
2026-04-07 16:13:04.962 [info] update#setState checking for updates
2026-04-07 16:13:05.444 [info] update#setState idle
2026-04-08 00:38:04.014 [info] update#setState checking for updates
2026-04-08 00:38:04.660 [info] update#setState idle
2026-04-08 01:38:04.029 [info] update#setState checking for updates
2026-04-08 01:38:04.594 [info] update#setState idle
2026-04-08 02:38:04.042 [info] update#setState checking for updates
2026-04-08 02:38:04.544 [info] update#setState idle
2026-04-08 07:52:49.479 [info] update#setState checking for updates
2026-04-08 07:52:50.031 [info] update#setState idle
2026-04-08 08:52:49.492 [info] update#setState checking for updates
2026-04-08 08:52:50.550 [info] update#setState idle
2026-04-08 09:52:49.494 [info] update#setState checking for updates
2026-04-08 09:52:50.081 [info] update#setState idle
2026-04-08 12:56:32.869 [info] update#setState checking for updates
2026-04-08 12:56:33.435 [info] update#setState idle
2026-04-08 13:56:32.871 [info] update#setState checking for updates
2026-04-08 13:56:33.370 [info] update#setState available for download
2026-04-10 09:45:37.388 [warning] No ptyHost heartbeat after 6 seconds
2026-04-10 09:45:37.480 [error] CodeWindow: renderer process gone (reason: killed, code: 9)
2026-04-10 09:45:37.819 [info] Extension host with pid 11276 exited with code: 0, signal: unknown.
