2026-04-07 12:24:03.601 [error] #46: https://mobile.events.data.microsoft.com/OneCollector/1.0?cors=true&content-type=application/x-json-stream - error POST net::ERR_INTERNET_DISCONNECTED
2026-04-07 13:07:35.921 [error] #66: https://mobile.events.data.microsoft.com/OneCollector/1.0?cors=true&content-type=application/x-json-stream - error POST net::ERR_INTERNET_DISCONNECTED
2026-04-07 13:07:39.138 [error] #67: https://mobile.events.data.microsoft.com/OneCollector/1.0?cors=true&content-type=application/x-json-stream - error POST net::ERR_INTERNET_DISCONNECTED
2026-04-07 13:08:36.782 [error] #69: https://mobile.events.data.microsoft.com/OneCollector/1.0?cors=true&content-type=application/x-json-stream - error POST net::ERR_INTERNET_DISCONNECTED
2026-04-07 13:08:39.583 [error] #70: https://mobile.events.data.microsoft.com/OneCollector/1.0?cors=true&content-type=application/x-json-stream - error POST net::ERR_NETWORK_CHANGED
2026-04-07 13:09:37.553 [error] #73: https://mobile.events.data.microsoft.com/OneCollector/1.0?cors=true&content-type=application/x-json-stream - error POST net::ERR_INTERNET_DISCONNECTED
2026-04-07 13:10:08.592 [error] #75: https://mobile.events.data.microsoft.com/OneCollector/1.0?cors=true&content-type=application/x-json-stream - error POST net::ERR_INTERNET_DISCONNECTED
2026-04-07 13:10:39.106 [error] #78: https://mobile.events.data.microsoft.com/OneCollector/1.0?cors=true&content-type=application/x-json-stream - error POST net::ERR_INTERNET_DISCONNECTED
2026-04-07 13:11:09.535 [error] #80: https://mobile.events.data.microsoft.com/OneCollector/1.0?cors=true&content-type=application/x-json-stream - error POST net::ERR_INTERNET_DISCONNECTED
2026-04-07 13:11:12.254 [error] #81: https://mobile.events.data.microsoft.com/OneCollector/1.0?cors=true&content-type=application/x-json-stream - error POST net::ERR_NETWORK_CHANGED
2026-04-07 13:12:10.412 [error] #83: https://mobile.events.data.microsoft.com/OneCollector/1.0?cors=true&content-type=application/x-json-stream - error POST net::ERR_INTERNET_DISCONNECTED
2026-04-07 13:12:13.116 [error] #84: https://mobile.events.data.microsoft.com/OneCollector/1.0?cors=true&content-type=application/x-json-stream - error POST net::ERR_NETWORK_CHANGED
2026-04-07 13:12:44.223 [error] #85: https://mobile.events.data.microsoft.com/OneCollector/1.0?cors=true&content-type=application/x-json-stream - error POST net::ERR_NETWORK_CHANGED
2026-04-07 13:13:11.154 [error] #87: https://mobile.events.data.microsoft.com/OneCollector/1.0?cors=true&content-type=application/x-json-stream - error POST net::ERR_INTERNET_DISCONNECTED
2026-04-07 13:13:40.773 [error] #89: https://main.vscode-cdn.net/extensions/marketplace.json - error GET net::ERR_INTERNET_DISCONNECTED
2026-04-07 13:13:41.490 [error] #90: https://mobile.events.data.microsoft.com/OneCollector/1.0?cors=true&content-type=application/x-json-stream - error POST net::ERR_INTERNET_DISCONNECTED
2026-04-07 13:14:11.919 [error] #92: https://mobile.events.data.microsoft.com/OneCollector/1.0?cors=true&content-type=application/x-json-stream - error POST net::ERR_INTERNET_DISCONNECTED
2026-04-07 13:14:42.575 [error] #94: https://mobile.events.data.microsoft.com/OneCollector/1.0?cors=true&content-type=application/x-json-stream - error POST net::ERR_INTERNET_DISCONNECTED
2026-04-07 13:15:13.099 [error] #96: https://mobile.events.data.microsoft.com/OneCollector/1.0?cors=true&content-type=application/x-json-stream - error POST net::ERR_INTERNET_DISCONNECTED
2026-04-07 13:15:43.531 [error] #100: https://mobile.events.data.microsoft.com/OneCollector/1.0?cors=true&content-type=application/x-json-stream - error POST net::ERR_INTERNET_DISCONNECTED
2026-04-07 13:16:14.075 [error] #102: https://mobile.events.data.microsoft.com/OneCollector/1.0?cors=true&content-type=application/x-json-stream - error POST net::ERR_INTERNET_DISCONNECTED
2026-04-07 13:16:44.611 [error] #104: https://mobile.events.data.microsoft.com/OneCollector/1.0?cors=true&content-type=application/x-json-stream - error POST net::ERR_INTERNET_DISCONNECTED
2026-04-07 13:17:15.488 [error] #106: https://mobile.events.data.microsoft.com/OneCollector/1.0?cors=true&content-type=application/x-json-stream - error POST net::ERR_INTERNET_DISCONNECTED
2026-04-07 13:17:49.954 [error] #108: https://mobile.events.data.microsoft.com/OneCollector/1.0?cors=true&content-type=application/x-json-stream - error POST net::ERR_INTERNET_DISCONNECTED
2026-04-07 13:18:23.964 [error] #110: https://mobile.events.data.microsoft.com/OneCollector/1.0?cors=true&content-type=application/x-json-stream - error POST net::ERR_INTERNET_DISCONNECTED
2026-04-07 13:19:09.950 [error] #113: https://mobile.events.data.microsoft.com/OneCollector/1.0?cors=true&content-type=application/x-json-stream - error POST net::ERR_INTERNET_DISCONNECTED
2026-04-07 13:19:40.507 [error] #115: https://mobile.events.data.microsoft.com/OneCollector/1.0?cors=true&content-type=application/x-json-stream - error POST net::ERR_INTERNET_DISCONNECTED
2026-04-07 13:20:44.947 [error] #117: https://mobile.events.data.microsoft.com/OneCollector/1.0?cors=true&content-type=application/x-json-stream - error POST net::ERR_INTERNET_DISCONNECTED
2026-04-07 13:21:15.397 [error] #119: https://mobile.events.data.microsoft.com/OneCollector/1.0?cors=true&content-type=application/x-json-stream - error POST net::ERR_INTERNET_DISCONNECTED
2026-04-07 13:21:45.928 [error] #123: https://mobile.events.data.microsoft.com/OneCollector/1.0?cors=true&content-type=application/x-json-stream - error POST net::ERR_INTERNET_DISCONNECTED
2026-04-07 13:22:52.969 [error] #125: https://mobile.events.data.microsoft.com/OneCollector/1.0?cors=true&content-type=application/x-json-stream - error POST net::ERR_INTERNET_DISCONNECTED
2026-04-07 13:22:55.763 [error] #126: https://mobile.events.data.microsoft.com/OneCollector/1.0?cors=true&content-type=application/x-json-stream - error POST net::ERR_INTERNET_DISCONNECTED
2026-04-07 13:23:30.331 [error] #127: https://mobile.events.data.microsoft.com/OneCollector/1.0?cors=true&content-type=application/x-json-stream - error POST net::ERR_INTERNET_DISCONNECTED
2026-04-07 13:23:33.744 [error] #128: https://mobile.events.data.microsoft.com/OneCollector/1.0?cors=true&content-type=application/x-json-stream - error POST net::ERR_INTERNET_DISCONNECTED
2026-04-07 13:24:05.532 [error] #129: https://mobile.events.data.microsoft.com/OneCollector/1.0?cors=true&content-type=application/x-json-stream - error POST net::ERR_INTERNET_DISCONNECTED
2026-04-07 13:24:08.404 [error] #130: https://mobile.events.data.microsoft.com/OneCollector/1.0?cors=true&content-type=application/x-json-stream - error POST net::ERR_INTERNET_DISCONNECTED
2026-04-07 13:25:08.072 [error] #131: https://mobile.events.data.microsoft.com/OneCollector/1.0?cors=true&content-type=application/x-json-stream - error POST net::ERR_INTERNET_DISCONNECTED
2026-04-07 13:25:24.939 [error] #132: https://mobile.events.data.microsoft.com/OneCollector/1.0?cors=true&content-type=application/x-json-stream - error POST net::ERR_INTERNET_DISCONNECTED
2026-04-07 13:25:47.960 [error] #133: https://main.vscode-cdn.net/extensions/marketplace.json - error GET net::ERR_INTERNET_DISCONNECTED
2026-04-07 13:26:51.313 [error] #134: https://mobile.events.data.microsoft.com/OneCollector/1.0?cors=true&content-type=application/x-json-stream - error POST net::ERR_INTERNET_DISCONNECTED
2026-04-07 13:26:54.312 [error] #135: https://mobile.events.data.microsoft.com/OneCollector/1.0?cors=true&content-type=application/x-json-stream - error POST net::ERR_INTERNET_DISCONNECTED
2026-04-07 13:28:06.811 [error] #136: https://mobile.events.data.microsoft.com/OneCollector/1.0?cors=true&content-type=application/x-json-stream - error POST net::ERR_INTERNET_DISCONNECTED
2026-04-07 13:28:09.916 [error] #137: https://mobile.events.data.microsoft.com/OneCollector/1.0?cors=true&content-type=application/x-json-stream - error POST net::ERR_INTERNET_DISCONNECTED
2026-04-07 13:28:54.928 [error] #138: https://vscode-sync.trafficmanager.net/v1/manifest - error GET net::ERR_INTERNET_DISCONNECTED
2026-04-07 13:29:37.339 [error] #139: https://mobile.events.data.microsoft.com/OneCollector/1.0?cors=true&content-type=application/x-json-stream - error POST net::ERR_INTERNET_DISCONNECTED
2026-04-07 13:29:39.789 [error] #140: https://mobile.events.data.microsoft.com/OneCollector/1.0?cors=true&content-type=application/x-json-stream - error POST net::ERR_INTERNET_DISCONNECTED
2026-04-07 13:31:07.705 [error] #141: https://mobile.events.data.microsoft.com/OneCollector/1.0?cors=true&content-type=application/x-json-stream - error POST net::ERR_INTERNET_DISCONNECTED
2026-04-07 13:31:10.680 [error] #142: https://mobile.events.data.microsoft.com/OneCollector/1.0?cors=true&content-type=application/x-json-stream - error POST net::ERR_INTERNET_DISCONNECTED
2026-04-07 13:32:10.782 [error] #143: https://mobile.events.data.microsoft.com/OneCollector/1.0?cors=true&content-type=application/x-json-stream - error POST net::ERR_INTERNET_DISCONNECTED
2026-04-07 13:32:13.277 [error] #144: https://mobile.events.data.microsoft.com/OneCollector/1.0?cors=true&content-type=application/x-json-stream - error POST net::ERR_INTERNET_DISCONNECTED
2026-04-07 13:32:50.646 [error] #145: https://main.vscode-cdn.net/extensions/marketplace.json - error GET net::ERR_INTERNET_DISCONNECTED
2026-04-07 13:33:44.956 [error] #147: https://mobile.events.data.microsoft.com/OneCollector/1.0?cors=true&content-type=application/x-json-stream - error POST net::ERR_INTERNET_DISCONNECTED
2026-04-07 13:34:21.948 [error] #149: https://mobile.events.data.microsoft.com/OneCollector/1.0?cors=true&content-type=application/x-json-stream - error POST net::ERR_INTERNET_DISCONNECTED
2026-04-07 13:34:24.597 [error] #150: https://mobile.events.data.microsoft.com/OneCollector/1.0?cors=true&content-type=application/x-json-stream - error POST net::ERR_INTERNET_DISCONNECTED
2026-04-07 13:35:01.723 [error] #151: https://mobile.events.data.microsoft.com/OneCollector/1.0?cors=true&content-type=application/x-json-stream - error POST net::ERR_INTERNET_DISCONNECTED
2026-04-07 13:35:04.799 [error] #152: https://mobile.events.data.microsoft.com/OneCollector/1.0?cors=true&content-type=application/x-json-stream - error POST net::ERR_INTERNET_DISCONNECTED
2026-04-07 13:35:13.455 [error] #153: https://vscode-sync.trafficmanager.net/v1/manifest - error GET net::ERR_INTERNET_DISCONNECTED
2026-04-07 13:35:33.982 [error] #154: https://mobile.events.data.microsoft.com/OneCollector/1.0?cors=true&content-type=application/x-json-stream - error POST net::ERR_INTERNET_DISCONNECTED
2026-04-07 13:35:37.311 [error] #155: https://mobile.events.data.microsoft.com/OneCollector/1.0?cors=true&content-type=application/x-json-stream - error POST net::ERR_INTERNET_DISCONNECTED
2026-04-07 13:37:49.330 [error] #156: https://mobile.events.data.microsoft.com/OneCollector/1.0?cors=true&content-type=application/x-json-stream - error POST net::ERR_INTERNET_DISCONNECTED
2026-04-07 13:37:52.506 [error] #157: https://mobile.events.data.microsoft.com/OneCollector/1.0?cors=true&content-type=application/x-json-stream - error POST net::ERR_INTERNET_DISCONNECTED
2026-04-07 13:42:47.042 [error] #158: https://mobile.events.data.microsoft.com/OneCollector/1.0?cors=true&content-type=application/x-json-stream - error POST net::ERR_INTERNET_DISCONNECTED
2026-04-07 13:42:49.551 [error] #159: https://mobile.events.data.microsoft.com/OneCollector/1.0?cors=true&content-type=application/x-json-stream - error POST net::ERR_INTERNET_DISCONNECTED
2026-04-07 16:11:38.580 [error] #443: https://mobile.events.data.microsoft.com/OneCollector/1.0?cors=true&content-type=application/x-json-stream - error POST net::ERR_INTERNET_DISCONNECTED
2026-04-07 16:11:41.852 [error] #444: https://mobile.events.data.microsoft.com/OneCollector/1.0?cors=true&content-type=application/x-json-stream - error POST net::ERR_NETWORK_CHANGED
2026-04-07 21:28:37.580 [error] #451: https://mobile.events.data.microsoft.com/OneCollector/1.0?cors=true&content-type=application/x-json-stream - error POST net::ERR_INTERNET_DISCONNECTED
2026-04-07 21:28:40.645 [error] #452: https://mobile.events.data.microsoft.com/OneCollector/1.0?cors=true&content-type=application/x-json-stream - error POST net::ERR_INTERNET_DISCONNECTED
2026-04-07 21:30:39.767 [error] #453: https://main.vscode-cdn.net/extensions/marketplace.json - error GET net::ERR_INTERNET_DISCONNECTED
2026-04-07 21:30:43.164 [error] #454: https://vscode-sync.trafficmanager.net/v1/manifest - error GET net::ERR_INTERNET_DISCONNECTED
2026-04-07 21:30:49.564 [error] #455: https://mobile.events.data.microsoft.com/OneCollector/1.0?cors=true&content-type=application/x-json-stream - error POST net::ERR_INTERNET_DISCONNECTED
2026-04-07 21:30:53.076 [error] #456: https://mobile.events.data.microsoft.com/OneCollector/1.0?cors=true&content-type=application/x-json-stream - error POST net::ERR_INTERNET_DISCONNECTED
2026-04-07 21:32:04.684 [error] #457: https://vscode-sync.trafficmanager.net/v1/manifest - error GET net::ERR_INTERNET_DISCONNECTED
2026-04-07 21:32:15.345 [error] #458: https://mobile.events.data.microsoft.com/OneCollector/1.0?cors=true&content-type=application/x-json-stream - error POST net::ERR_INTERNET_DISCONNECTED
2026-04-07 21:32:18.110 [error] #459: https://mobile.events.data.microsoft.com/OneCollector/1.0?cors=true&content-type=application/x-json-stream - error POST net::ERR_INTERNET_DISCONNECTED
2026-04-07 21:32:37.578 [error] #460: https://vscode-sync.trafficmanager.net/v1/manifest - error GET net::ERR_INTERNET_DISCONNECTED
2026-04-07 21:32:59.031 [error] #461: https://mobile.events.data.microsoft.com/OneCollector/1.0?cors=true&content-type=application/x-json-stream - error POST net::ERR_INTERNET_DISCONNECTED
2026-04-07 21:33:02.270 [error] #462: https://mobile.events.data.microsoft.com/OneCollector/1.0?cors=true&content-type=application/x-json-stream - error POST net::ERR_INTERNET_DISCONNECTED
2026-04-08 00:35:03.573 [error] #544: https://mobile.events.data.microsoft.com/OneCollector/1.0?cors=true&content-type=application/x-json-stream - error POST net::ERR_INTERNET_DISCONNECTED
2026-04-08 00:35:06.402 [error] #545: https://mobile.events.data.microsoft.com/OneCollector/1.0?cors=true&content-type=application/x-json-stream - error POST net::ERR_INTERNET_DISCONNECTED
2026-04-08 03:03:01.422 [error] #658: https://mobile.events.data.microsoft.com/OneCollector/1.0?cors=true&content-type=application/x-json-stream - error POST net::ERR_INTERNET_DISCONNECTED
2026-04-08 03:03:05.890 [error] #659: https://mobile.events.data.microsoft.com/OneCollector/1.0?cors=true&content-type=application/x-json-stream - error POST net::ERR_NETWORK_CHANGED
2026-04-08 07:03:41.565 [error] #668: https://mobile.events.data.microsoft.com/OneCollector/1.0?cors=true&content-type=application/x-json-stream - error POST net::ERR_INTERNET_DISCONNECTED
2026-04-08 07:03:46.406 [error] #669: https://mobile.events.data.microsoft.com/OneCollector/1.0?cors=true&content-type=application/x-json-stream - error POST net::ERR_NETWORK_CHANGED
2026-04-08 11:11:18.955 [error] #823: https://mobile.events.data.microsoft.com/OneCollector/1.0?cors=true&content-type=application/x-json-stream - error POST net::ERR_INTERNET_DISCONNECTED
2026-04-08 11:11:21.901 [error] #824: https://mobile.events.data.microsoft.com/OneCollector/1.0?cors=true&content-type=application/x-json-stream - error POST net::ERR_INTERNET_DISCONNECTED
2026-04-08 12:00:47.646 [error] #825: https://mobile.events.data.microsoft.com/OneCollector/1.0?cors=true&content-type=application/x-json-stream - error POST net::ERR_INTERNET_DISCONNECTED
2026-04-08 14:21:34.578 [error] #948: https://mobile.events.data.microsoft.com/OneCollector/1.0?cors=true&content-type=application/x-json-stream - error POST net::ERR_INTERNET_DISCONNECTED
2026-04-08 14:21:37.111 [error] #949: https://mobile.events.data.microsoft.com/OneCollector/1.0?cors=true&content-type=application/x-json-stream - error POST net::ERR_INTERNET_DISCONNECTED
2026-04-08 14:21:37.846 [error] #950: https://mobile.events.data.microsoft.com/OneCollector/1.0?cors=true&content-type=application/x-json-stream - error POST net::ERR_INTERNET_DISCONNECTED
2026-04-08 14:21:39.827 [error] #951: https://mobile.events.data.microsoft.com/OneCollector/1.0?cors=true&content-type=application/x-json-stream - error POST net::ERR_NAME_NOT_RESOLVED
2026-04-08 20:13:56.573 [error] #1285: https://mobile.events.data.microsoft.com/OneCollector/1.0?cors=true&content-type=application/x-json-stream - error POST net::ERR_INTERNET_DISCONNECTED
2026-04-08 20:13:59.346 [error] #1286: https://mobile.events.data.microsoft.com/OneCollector/1.0?cors=true&content-type=application/x-json-stream - error POST net::ERR_INTERNET_DISCONNECTED
2026-04-08 20:37:42.186 [error] #1304: https://vscode-sync.trafficmanager.net/v1/manifest - error GET net::ERR_NAME_NOT_RESOLVED
2026-04-08 20:38:04.214 [error] #1305: https://mobile.events.data.microsoft.com/OneCollector/1.0?cors=true&content-type=application/x-json-stream - error POST net::ERR_NAME_NOT_RESOLVED
2026-04-08 20:38:26.798 [error] #1306: https://mobile.events.data.microsoft.com/OneCollector/1.0?cors=true&content-type=application/x-json-stream - error POST net::ERR_NAME_NOT_RESOLVED
2026-04-08 20:41:03.673 [error] #1307: https://main.vscode-cdn.net/extensions/marketplace.json - error GET net::ERR_NAME_NOT_RESOLVED
2026-04-08 20:43:02.212 [error] #1308: https://vscode-sync.trafficmanager.net/v1/manifest - error GET net::ERR_NAME_NOT_RESOLVED
2026-04-08 20:43:17.796 [error] #1309: https://mobile.events.data.microsoft.com/OneCollector/1.0?cors=true&content-type=application/x-json-stream - error POST net::ERR_NAME_NOT_RESOLVED
2026-04-08 20:43:17.796 [error] #1310: https://mobile.events.data.microsoft.com/OneCollector/1.0?cors=true&content-type=application/x-json-stream - error POST net::ERR_NAME_NOT_RESOLVED
2026-04-08 20:43:41.047 [error] #1311: https://mobile.events.data.microsoft.com/OneCollector/1.0?cors=true&content-type=application/x-json-stream - error POST net::ERR_NAME_NOT_RESOLVED
2026-04-08 20:43:41.048 [error] #1312: https://mobile.events.data.microsoft.com/OneCollector/1.0?cors=true&content-type=application/x-json-stream - error POST net::ERR_NAME_NOT_RESOLVED
2026-04-08 20:44:01.071 [error] #1313: https://mobile.events.data.microsoft.com/OneCollector/1.0?cors=true&content-type=application/x-json-stream - error POST net::ERR_NAME_NOT_RESOLVED
2026-04-08 20:44:23.615 [error] #1314: https://mobile.events.data.microsoft.com/OneCollector/1.0?cors=true&content-type=application/x-json-stream - error POST net::ERR_NAME_NOT_RESOLVED
2026-04-08 20:45:35.403 [error] #1315: https://mobile.events.data.microsoft.com/OneCollector/1.0?cors=true&content-type=application/x-json-stream - error POST net::ERR_NAME_NOT_RESOLVED
2026-04-08 20:45:58.387 [error] #1316: https://mobile.events.data.microsoft.com/OneCollector/1.0?cors=true&content-type=application/x-json-stream - error POST net::ERR_NAME_NOT_RESOLVED
2026-04-08 20:46:23.702 [error] #1317: https://main.vscode-cdn.net/extensions/marketplace.json - error GET net::ERR_NAME_NOT_RESOLVED
2026-04-09 00:03:52.405 [error] #1344: https://mobile.events.data.microsoft.com/OneCollector/1.0?cors=true&content-type=application/x-json-stream - error POST net::ERR_INTERNET_DISCONNECTED
2026-04-09 00:03:55.152 [error] #1345: https://mobile.events.data.microsoft.com/OneCollector/1.0?cors=true&content-type=application/x-json-stream - error POST net::ERR_INTERNET_DISCONNECTED
2026-04-09 09:06:00.591 [error] #1469: https://mobile.events.data.microsoft.com/OneCollector/1.0?cors=true&content-type=application/x-json-stream - error POST net::ERR_INTERNET_DISCONNECTED
2026-04-09 09:06:04.827 [error] #1470: https://mobile.events.data.microsoft.com/OneCollector/1.0?cors=true&content-type=application/x-json-stream - error POST net::ERR_NETWORK_CHANGED
2026-04-09 10:21:43.942 [error] #1564: https://mobile.events.data.microsoft.com/OneCollector/1.0?cors=true&content-type=application/x-json-stream - error POST net::ERR_INTERNET_DISCONNECTED
2026-04-09 10:21:47.347 [error] #1565: https://mobile.events.data.microsoft.com/OneCollector/1.0?cors=true&content-type=application/x-json-stream - error POST net::ERR_NETWORK_CHANGED
2026-04-09 10:22:44.686 [error] #1568: https://mobile.events.data.microsoft.com/OneCollector/1.0?cors=true&content-type=application/x-json-stream - error POST net::ERR_INTERNET_DISCONNECTED
2026-04-09 10:23:15.018 [error] #1570: https://mobile.events.data.microsoft.com/OneCollector/1.0?cors=true&content-type=application/x-json-stream - error POST net::ERR_INTERNET_DISCONNECTED
2026-04-09 10:23:45.454 [error] #1572: https://mobile.events.data.microsoft.com/OneCollector/1.0?cors=true&content-type=application/x-json-stream - error POST net::ERR_INTERNET_DISCONNECTED
2026-04-09 10:23:48.716 [error] #1573: https://mobile.events.data.microsoft.com/OneCollector/1.0?cors=true&content-type=application/x-json-stream - error POST net::ERR_INTERNET_DISCONNECTED
2026-04-09 10:24:19.574 [error] #1574: https://mobile.events.data.microsoft.com/OneCollector/1.0?cors=true&content-type=application/x-json-stream - error POST net::ERR_INTERNET_DISCONNECTED
2026-04-09 10:24:22.726 [error] #1575: https://mobile.events.data.microsoft.com/OneCollector/1.0?cors=true&content-type=application/x-json-stream - error POST net::ERR_INTERNET_DISCONNECTED
2026-04-09 10:24:54.293 [error] #1576: https://mobile.events.data.microsoft.com/OneCollector/1.0?cors=true&content-type=application/x-json-stream - error POST net::ERR_INTERNET_DISCONNECTED
2026-04-09 10:24:57.881 [error] #1577: https://mobile.events.data.microsoft.com/OneCollector/1.0?cors=true&content-type=application/x-json-stream - error POST net::ERR_INTERNET_DISCONNECTED
2026-04-09 10:25:41.192 [error] #1578: https://mobile.events.data.microsoft.com/OneCollector/1.0?cors=true&content-type=application/x-json-stream - error POST net::ERR_INTERNET_DISCONNECTED
2026-04-09 10:25:45.081 [error] #1579: https://mobile.events.data.microsoft.com/OneCollector/1.0?cors=true&content-type=application/x-json-stream - error POST net::ERR_INTERNET_DISCONNECTED
2026-04-09 10:26:16.111 [error] #1580: https://vscode-sync.trafficmanager.net/v1/manifest - error GET net::ERR_INTERNET_DISCONNECTED
2026-04-09 10:26:40.591 [error] #1581: https://mobile.events.data.microsoft.com/OneCollector/1.0?cors=true&content-type=application/x-json-stream - error POST net::ERR_INTERNET_DISCONNECTED
2026-04-09 10:26:45.193 [error] #1582: https://mobile.events.data.microsoft.com/OneCollector/1.0?cors=true&content-type=application/x-json-stream - error POST net::ERR_INTERNET_DISCONNECTED
2026-04-09 10:27:17.752 [error] #1583: https://main.vscode-cdn.net/extensions/marketplace.json - error GET net::ERR_INTERNET_DISCONNECTED
2026-04-09 10:27:34.745 [error] #1584: https://mobile.events.data.microsoft.com/OneCollector/1.0?cors=true&content-type=application/x-json-stream - error POST net::ERR_INTERNET_DISCONNECTED
2026-04-09 10:27:38.289 [error] #1585: https://mobile.events.data.microsoft.com/OneCollector/1.0?cors=true&content-type=application/x-json-stream - error POST net::ERR_INTERNET_DISCONNECTED
2026-04-09 10:28:28.862 [error] #1586: https://mobile.events.data.microsoft.com/OneCollector/1.0?cors=true&content-type=application/x-json-stream - error POST net::ERR_INTERNET_DISCONNECTED
2026-04-09 10:28:32.154 [error] #1587: https://mobile.events.data.microsoft.com/OneCollector/1.0?cors=true&content-type=application/x-json-stream - error POST net::ERR_INTERNET_DISCONNECTED
2026-04-09 10:29:35.120 [error] #1588: https://mobile.events.data.microsoft.com/OneCollector/1.0?cors=true&content-type=application/x-json-stream - error POST net::ERR_INTERNET_DISCONNECTED
2026-04-09 10:29:38.706 [error] #1589: https://mobile.events.data.microsoft.com/OneCollector/1.0?cors=true&content-type=application/x-json-stream - error POST net::ERR_INTERNET_DISCONNECTED
2026-04-09 10:30:34.045 [error] #1590: https://mobile.events.data.microsoft.com/OneCollector/1.0?cors=true&content-type=application/x-json-stream - error POST net::ERR_INTERNET_DISCONNECTED
2026-04-09 10:30:36.941 [error] #1591: https://mobile.events.data.microsoft.com/OneCollector/1.0?cors=true&content-type=application/x-json-stream - error POST net::ERR_INTERNET_DISCONNECTED
2026-04-09 10:31:19.971 [error] #1592: https://vscode-sync.trafficmanager.net/v1/manifest - error GET net::ERR_INTERNET_DISCONNECTED
2026-04-09 10:31:30.510 [error] #1593: https://mobile.events.data.microsoft.com/OneCollector/1.0?cors=true&content-type=application/x-json-stream - error POST net::ERR_INTERNET_DISCONNECTED
2026-04-09 10:31:33.919 [error] #1594: https://mobile.events.data.microsoft.com/OneCollector/1.0?cors=true&content-type=application/x-json-stream - error POST net::ERR_INTERNET_DISCONNECTED
2026-04-09 10:32:20.828 [error] #1595: https://main.vscode-cdn.net/extensions/marketplace.json - error GET net::ERR_INTERNET_DISCONNECTED
2026-04-09 10:32:40.669 [error] #1596: https://mobile.events.data.microsoft.com/OneCollector/1.0?cors=true&content-type=application/x-json-stream - error POST net::ERR_INTERNET_DISCONNECTED
2026-04-09 10:32:43.311 [error] #1597: https://mobile.events.data.microsoft.com/OneCollector/1.0?cors=true&content-type=application/x-json-stream - error POST net::ERR_INTERNET_DISCONNECTED
2026-04-09 10:33:37.186 [error] #1598: https://mobile.events.data.microsoft.com/OneCollector/1.0?cors=true&content-type=application/x-json-stream - error POST net::ERR_INTERNET_DISCONNECTED
2026-04-09 10:33:40.710 [error] #1599: https://mobile.events.data.microsoft.com/OneCollector/1.0?cors=true&content-type=application/x-json-stream - error POST net::ERR_INTERNET_DISCONNECTED
2026-04-09 10:34:46.310 [error] #1600: https://mobile.events.data.microsoft.com/OneCollector/1.0?cors=true&content-type=application/x-json-stream - error POST net::ERR_INTERNET_DISCONNECTED
2026-04-09 10:34:49.253 [error] #1601: https://mobile.events.data.microsoft.com/OneCollector/1.0?cors=true&content-type=application/x-json-stream - error POST net::ERR_INTERNET_DISCONNECTED
2026-04-09 10:35:43.086 [error] #1602: https://mobile.events.data.microsoft.com/OneCollector/1.0?cors=true&content-type=application/x-json-stream - error POST net::ERR_INTERNET_DISCONNECTED
2026-04-09 10:35:45.736 [error] #1603: https://mobile.events.data.microsoft.com/OneCollector/1.0?cors=true&content-type=application/x-json-stream - error POST net::ERR_INTERNET_DISCONNECTED
2026-04-09 10:36:23.843 [error] #1604: https://vscode-sync.trafficmanager.net/v1/manifest - error GET net::ERR_INTERNET_DISCONNECTED
2026-04-09 10:36:44.490 [error] #1605: https://mobile.events.data.microsoft.com/OneCollector/1.0?cors=true&content-type=application/x-json-stream - error POST net::ERR_INTERNET_DISCONNECTED
2026-04-09 10:36:47.516 [error] #1606: https://mobile.events.data.microsoft.com/OneCollector/1.0?cors=true&content-type=application/x-json-stream - error POST net::ERR_INTERNET_DISCONNECTED
2026-04-09 10:37:37.881 [error] #1607: https://main.vscode-cdn.net/extensions/marketplace.json - error GET net::ERR_INTERNET_DISCONNECTED
2026-04-09 10:37:46.108 [error] #1608: https://mobile.events.data.microsoft.com/OneCollector/1.0?cors=true&content-type=application/x-json-stream - error POST net::ERR_INTERNET_DISCONNECTED
2026-04-09 10:37:48.742 [error] #1609: https://mobile.events.data.microsoft.com/OneCollector/1.0?cors=true&content-type=application/x-json-stream - error POST net::ERR_INTERNET_DISCONNECTED
2026-04-09 10:39:07.900 [error] #1610: https://mobile.events.data.microsoft.com/OneCollector/1.0?cors=true&content-type=application/x-json-stream - error POST net::ERR_INTERNET_DISCONNECTED
2026-04-09 10:39:11.463 [error] #1611: https://mobile.events.data.microsoft.com/OneCollector/1.0?cors=true&content-type=application/x-json-stream - error POST net::ERR_INTERNET_DISCONNECTED
2026-04-09 10:40:14.483 [error] #1612: https://mobile.events.data.microsoft.com/OneCollector/1.0?cors=true&content-type=application/x-json-stream - error POST net::ERR_INTERNET_DISCONNECTED
2026-04-09 10:40:17.111 [error] #1613: https://mobile.events.data.microsoft.com/OneCollector/1.0?cors=true&content-type=application/x-json-stream - error POST net::ERR_INTERNET_DISCONNECTED
2026-04-09 10:41:19.830 [error] #1614: https://mobile.events.data.microsoft.com/OneCollector/1.0?cors=true&content-type=application/x-json-stream - error POST net::ERR_INTERNET_DISCONNECTED
2026-04-09 10:41:23.145 [error] #1615: https://mobile.events.data.microsoft.com/OneCollector/1.0?cors=true&content-type=application/x-json-stream - error POST net::ERR_INTERNET_DISCONNECTED
2026-04-09 10:41:53.501 [error] #1616: https://vscode-sync.trafficmanager.net/v1/manifest - error GET net::ERR_INTERNET_DISCONNECTED
2026-04-09 10:42:20.629 [error] #1617: https://mobile.events.data.microsoft.com/OneCollector/1.0?cors=true&content-type=application/x-json-stream - error POST net::ERR_INTERNET_DISCONNECTED
2026-04-09 10:42:23.419 [error] #1618: https://mobile.events.data.microsoft.com/OneCollector/1.0?cors=true&content-type=application/x-json-stream - error POST net::ERR_INTERNET_DISCONNECTED
2026-04-09 10:42:58.037 [error] #1619: https://main.vscode-cdn.net/extensions/marketplace.json - error GET net::ERR_INTERNET_DISCONNECTED
2026-04-09 10:43:15.983 [error] #1620: https://mobile.events.data.microsoft.com/OneCollector/1.0?cors=true&content-type=application/x-json-stream - error POST net::ERR_INTERNET_DISCONNECTED
2026-04-09 10:43:18.871 [error] #1621: https://mobile.events.data.microsoft.com/OneCollector/1.0?cors=true&content-type=application/x-json-stream - error POST net::ERR_INTERNET_DISCONNECTED
2026-04-09 10:44:13.495 [error] #1622: https://mobile.events.data.microsoft.com/OneCollector/1.0?cors=true&content-type=application/x-json-stream - error POST net::ERR_INTERNET_DISCONNECTED
2026-04-09 10:44:17.084 [error] #1623: https://mobile.events.data.microsoft.com/OneCollector/1.0?cors=true&content-type=application/x-json-stream - error POST net::ERR_INTERNET_DISCONNECTED
2026-04-09 10:45:21.175 [error] #1624: https://mobile.events.data.microsoft.com/OneCollector/1.0?cors=true&content-type=application/x-json-stream - error POST net::ERR_INTERNET_DISCONNECTED
2026-04-09 10:45:24.167 [error] #1625: https://mobile.events.data.microsoft.com/OneCollector/1.0?cors=true&content-type=application/x-json-stream - error POST net::ERR_INTERNET_DISCONNECTED
2026-04-09 10:46:39.321 [error] #1626: https://mobile.events.data.microsoft.com/OneCollector/1.0?cors=true&content-type=application/x-json-stream - error POST net::ERR_INTERNET_DISCONNECTED
2026-04-09 10:46:42.271 [error] #1627: https://mobile.events.data.microsoft.com/OneCollector/1.0?cors=true&content-type=application/x-json-stream - error POST net::ERR_INTERNET_DISCONNECTED
2026-04-09 10:47:35.515 [error] #1628: https://vscode-sync.trafficmanager.net/v1/manifest - error GET net::ERR_INTERNET_DISCONNECTED
2026-04-09 10:48:03.076 [error] #1629: https://mobile.events.data.microsoft.com/OneCollector/1.0?cors=true&content-type=application/x-json-stream - error POST net::ERR_INTERNET_DISCONNECTED
2026-04-09 10:48:05.778 [error] #1630: https://mobile.events.data.microsoft.com/OneCollector/1.0?cors=true&content-type=application/x-json-stream - error POST net::ERR_INTERNET_DISCONNECTED
2026-04-09 10:48:47.296 [error] #1631: https://main.vscode-cdn.net/extensions/marketplace.json - error GET net::ERR_INTERNET_DISCONNECTED
2026-04-09 10:49:08.782 [error] #1632: https://mobile.events.data.microsoft.com/OneCollector/1.0?cors=true&content-type=application/x-json-stream - error POST net::ERR_INTERNET_DISCONNECTED
2026-04-09 10:49:12.097 [error] #1633: https://mobile.events.data.microsoft.com/OneCollector/1.0?cors=true&content-type=application/x-json-stream - error POST net::ERR_INTERNET_DISCONNECTED
2026-04-09 10:50:06.825 [error] #1634: https://mobile.events.data.microsoft.com/OneCollector/1.0?cors=true&content-type=application/x-json-stream - error POST net::ERR_INTERNET_DISCONNECTED
2026-04-09 10:50:09.865 [error] #1635: https://mobile.events.data.microsoft.com/OneCollector/1.0?cors=true&content-type=application/x-json-stream - error POST net::ERR_INTERNET_DISCONNECTED
2026-04-09 10:51:19.793 [error] #1636: https://mobile.events.data.microsoft.com/OneCollector/1.0?cors=true&content-type=application/x-json-stream - error POST net::ERR_INTERNET_DISCONNECTED
2026-04-09 10:51:22.511 [error] #1637: https://mobile.events.data.microsoft.com/OneCollector/1.0?cors=true&content-type=application/x-json-stream - error POST net::ERR_INTERNET_DISCONNECTED
2026-04-09 10:51:43.731 [error] #1638: https://vscode-sync.trafficmanager.net/v1/manifest - error GET net::ERR_INTERNET_DISCONNECTED
2026-04-09 10:52:32.269 [error] #1639: https://mobile.events.data.microsoft.com/OneCollector/1.0?cors=true&content-type=application/x-json-stream - error POST net::ERR_INTERNET_DISCONNECTED
2026-04-09 10:52:35.790 [error] #1640: https://mobile.events.data.microsoft.com/OneCollector/1.0?cors=true&content-type=application/x-json-stream - error POST net::ERR_INTERNET_DISCONNECTED
2026-04-09 12:40:21.853 [error] #1841: https://main.vscode-cdn.net/extensions/marketplace.json - error GET net::ERR_NAME_NOT_RESOLVED
2026-04-09 12:41:52.610 [error] #1842: https://vscode-sync.trafficmanager.net/v1/manifest - error GET net::ERR_NAME_NOT_RESOLVED
2026-04-09 12:42:13.625 [error] #1843: https://mobile.events.data.microsoft.com/OneCollector/1.0?cors=true&content-type=application/x-json-stream - error POST net::ERR_NAME_NOT_RESOLVED
2026-04-09 12:42:36.454 [error] #1844: https://mobile.events.data.microsoft.com/OneCollector/1.0?cors=true&content-type=application/x-json-stream - error POST net::ERR_NAME_NOT_RESOLVED
2026-04-09 12:45:21.878 [error] #1845: https://main.vscode-cdn.net/extensions/marketplace.json - error GET net::ERR_NAME_NOT_RESOLVED
2026-04-09 12:46:52.691 [error] #1846: https://vscode-sync.trafficmanager.net/v1/manifest - error GET net::ERR_NAME_NOT_RESOLVED
2026-04-09 12:46:58.198 [error] #1847: https://mobile.events.data.microsoft.com/OneCollector/1.0?cors=true&content-type=application/x-json-stream - error POST net::ERR_NAME_NOT_RESOLVED
2026-04-09 12:47:00.861 [error] #1848: https://mobile.events.data.microsoft.com/OneCollector/1.0?cors=true&content-type=application/x-json-stream - error POST net::ERR_NAME_NOT_RESOLVED
2026-04-09 12:50:21.950 [error] #1849: https://main.vscode-cdn.net/extensions/marketplace.json - error GET net::ERR_CONNECTION_REFUSED
2026-04-09 12:51:52.986 [error] #1850: https://vscode-sync.trafficmanager.net/v1/manifest - error GET net::ERR_CONNECTION_REFUSED
2026-04-09 12:52:05.015 [error] #1851: https://mobile.events.data.microsoft.com/OneCollector/1.0?cors=true&content-type=application/x-json-stream - error POST net::ERR_CONNECTION_REFUSED
2026-04-09 12:52:08.391 [error] #1852: https://mobile.events.data.microsoft.com/OneCollector/1.0?cors=true&content-type=application/x-json-stream - error POST net::ERR_CONNECTION_REFUSED
2026-04-09 12:55:22.058 [error] #1853: https://main.vscode-cdn.net/extensions/marketplace.json - error GET net::ERR_CONNECTION_REFUSED
2026-04-09 12:56:54.033 [error] #1854: https://vscode-sync.trafficmanager.net/v1/manifest - error GET net::ERR_CONNECTION_REFUSED
2026-04-09 12:57:17.814 [error] #1855: https://mobile.events.data.microsoft.com/OneCollector/1.0?cors=true&content-type=application/x-json-stream - error POST net::ERR_CONNECTION_REFUSED
2026-04-09 12:57:20.911 [error] #1856: https://mobile.events.data.microsoft.com/OneCollector/1.0?cors=true&content-type=application/x-json-stream - error POST net::ERR_CONNECTION_REFUSED
2026-04-09 13:00:22.127 [error] #1857: https://main.vscode-cdn.net/extensions/marketplace.json - error GET net::ERR_CONNECTION_REFUSED
2026-04-09 13:01:54.662 [error] #1858: https://vscode-sync.trafficmanager.net/v1/manifest - error GET net::ERR_CONNECTION_REFUSED
2026-04-09 13:02:35.425 [error] #1859: https://mobile.events.data.microsoft.com/OneCollector/1.0?cors=true&content-type=application/x-json-stream - error POST net::ERR_CONNECTION_REFUSED
2026-04-09 13:02:38.353 [error] #1860: https://mobile.events.data.microsoft.com/OneCollector/1.0?cors=true&content-type=application/x-json-stream - error POST net::ERR_CONNECTION_REFUSED
2026-04-09 13:05:22.225 [error] #1861: https://main.vscode-cdn.net/extensions/marketplace.json - error GET net::ERR_CONNECTION_REFUSED
2026-04-09 13:06:55.281 [error] #1862: https://vscode-sync.trafficmanager.net/v1/manifest - error GET net::ERR_CONNECTION_REFUSED
2026-04-09 13:07:38.107 [error] #1863: https://mobile.events.data.microsoft.com/OneCollector/1.0?cors=true&content-type=application/x-json-stream - error POST net::ERR_CONNECTION_REFUSED
2026-04-09 13:07:40.895 [error] #1864: https://mobile.events.data.microsoft.com/OneCollector/1.0?cors=true&content-type=application/x-json-stream - error POST net::ERR_CONNECTION_REFUSED
2026-04-09 13:10:22.340 [error] #1865: https://main.vscode-cdn.net/extensions/marketplace.json - error GET net::ERR_CONNECTION_REFUSED
2026-04-09 13:11:55.409 [error] #1866: https://vscode-sync.trafficmanager.net/v1/manifest - error GET net::ERR_CONNECTION_REFUSED
2026-04-09 13:11:56.160 [error] #1867: https://mobile.events.data.microsoft.com/OneCollector/1.0?cors=true&content-type=application/x-json-stream - error POST net::ERR_CONNECTION_REFUSED
2026-04-09 13:11:59.316 [error] #1868: https://mobile.events.data.microsoft.com/OneCollector/1.0?cors=true&content-type=application/x-json-stream - error POST net::ERR_CONNECTION_REFUSED
2026-04-09 13:15:22.458 [error] #1869: https://main.vscode-cdn.net/extensions/marketplace.json - error GET net::ERR_CONNECTION_REFUSED
2026-04-09 13:16:58.936 [error] #1870: https://vscode-sync.trafficmanager.net/v1/manifest - error GET net::ERR_CONNECTION_REFUSED
2026-04-09 13:17:49.374 [error] #1871: https://mobile.events.data.microsoft.com/OneCollector/1.0?cors=true&content-type=application/x-json-stream - error POST net::ERR_CONNECTION_REFUSED
2026-04-09 13:17:52.314 [error] #1872: https://mobile.events.data.microsoft.com/OneCollector/1.0?cors=true&content-type=application/x-json-stream - error POST net::ERR_CONNECTION_REFUSED
2026-04-09 14:43:55.585 [error] #1906: https://mobile.events.data.microsoft.com/OneCollector/1.0?cors=true&content-type=application/x-json-stream - error POST net::ERR_INTERNET_DISCONNECTED
2026-04-09 14:43:58.618 [error] #1907: https://mobile.events.data.microsoft.com/OneCollector/1.0?cors=true&content-type=application/x-json-stream - error POST net::ERR_INTERNET_DISCONNECTED
2026-04-09 14:44:28.227 [error] #1908: https://mobile.events.data.microsoft.com/OneCollector/1.0?cors=true&content-type=application/x-json-stream - error POST net::ERR_INTERNET_DISCONNECTED
2026-04-09 14:44:31.824 [error] #1909: https://mobile.events.data.microsoft.com/OneCollector/1.0?cors=true&content-type=application/x-json-stream - error POST net::ERR_INTERNET_DISCONNECTED
2026-04-09 15:07:30.486 [error] #1910: https://mobile.events.data.microsoft.com/OneCollector/1.0?cors=true&content-type=application/x-json-stream - error POST net::ERR_INTERNET_DISCONNECTED
2026-04-09 15:07:33.110 [error] #1911: https://mobile.events.data.microsoft.com/OneCollector/1.0?cors=true&content-type=application/x-json-stream - error POST net::ERR_INTERNET_DISCONNECTED
2026-04-09 15:09:53.080 [error] #1912: https://main.vscode-cdn.net/extensions/marketplace.json - error GET net::ERR_INTERNET_DISCONNECTED
2026-04-09 15:10:32.402 [error] #1913: https://mobile.events.data.microsoft.com/OneCollector/1.0?cors=true&content-type=application/x-json-stream - error POST net::ERR_INTERNET_DISCONNECTED
2026-04-09 15:10:35.732 [error] #1914: https://mobile.events.data.microsoft.com/OneCollector/1.0?cors=true&content-type=application/x-json-stream - error POST net::ERR_INTERNET_DISCONNECTED
2026-04-09 15:10:59.830 [error] #1915: https://vscode-sync.trafficmanager.net/v1/manifest - error GET net::ERR_INTERNET_DISCONNECTED
2026-04-09 15:11:54.926 [error] #1916: https://mobile.events.data.microsoft.com/OneCollector/1.0?cors=true&content-type=application/x-json-stream - error POST net::ERR_INTERNET_DISCONNECTED
2026-04-09 15:11:58.297 [error] #1917: https://mobile.events.data.microsoft.com/OneCollector/1.0?cors=true&content-type=application/x-json-stream - error POST net::ERR_INTERNET_DISCONNECTED
2026-04-09 16:48:42.952 [error] #1982: https://mobile.events.data.microsoft.com/OneCollector/1.0?cors=true&content-type=application/x-json-stream - error POST net::ERR_INTERNET_DISCONNECTED
2026-04-09 16:48:46.395 [error] #1983: https://mobile.events.data.microsoft.com/OneCollector/1.0?cors=true&content-type=application/x-json-stream - error POST net::ERR_NETWORK_CHANGED
2026-04-09 18:24:18.272 [error] #1984: https://mobile.events.data.microsoft.com/OneCollector/1.0?cors=true&content-type=application/x-json-stream - error POST net::ERR_INTERNET_DISCONNECTED
2026-04-09 19:08:28.820 [error] #2029: https://vscode-sync.trafficmanager.net/v1/manifest - error GET net::ERR_NAME_NOT_RESOLVED
2026-04-09 19:08:50.842 [error] #2030: https://mobile.events.data.microsoft.com/OneCollector/1.0?cors=true&content-type=application/x-json-stream - error POST net::ERR_NAME_NOT_RESOLVED
2026-04-09 19:09:13.414 [error] #2031: https://mobile.events.data.microsoft.com/OneCollector/1.0?cors=true&content-type=application/x-json-stream - error POST net::ERR_NAME_NOT_RESOLVED
2026-04-09 19:10:49.874 [error] #2032: https://main.vscode-cdn.net/extensions/marketplace.json - error GET net::ERR_NAME_NOT_RESOLVED
2026-04-09 19:13:48.849 [error] #2033: https://vscode-sync.trafficmanager.net/v1/manifest - error GET net::ERR_NAME_NOT_RESOLVED
2026-04-09 19:14:14.803 [error] #2034: https://mobile.events.data.microsoft.com/OneCollector/1.0?cors=true&content-type=application/x-json-stream - error POST net::ERR_NAME_NOT_RESOLVED
2026-04-09 19:14:37.406 [error] #2035: https://mobile.events.data.microsoft.com/OneCollector/1.0?cors=true&content-type=application/x-json-stream - error POST net::ERR_NAME_NOT_RESOLVED
2026-04-09 19:16:09.905 [error] #2036: https://main.vscode-cdn.net/extensions/marketplace.json - error GET net::ERR_NAME_NOT_RESOLVED
2026-04-09 19:19:08.873 [error] #2037: https://vscode-sync.trafficmanager.net/v1/manifest - error GET net::ERR_NAME_NOT_RESOLVED
2026-04-09 19:19:40.364 [error] #2038: https://mobile.events.data.microsoft.com/OneCollector/1.0?cors=true&content-type=application/x-json-stream - error POST net::ERR_NAME_NOT_RESOLVED
2026-04-09 19:20:03.494 [error] #2039: https://mobile.events.data.microsoft.com/OneCollector/1.0?cors=true&content-type=application/x-json-stream - error POST net::ERR_NAME_NOT_RESOLVED
2026-04-09 19:21:29.930 [error] #2040: https://main.vscode-cdn.net/extensions/marketplace.json - error GET net::ERR_NAME_NOT_RESOLVED
2026-04-09 20:04:45.663 [error] #2050: https://mobile.events.data.microsoft.com/OneCollector/1.0?cors=true&content-type=application/x-json-stream - error POST net::ERR_INTERNET_DISCONNECTED
2026-04-09 20:04:48.890 [error] #2051: https://mobile.events.data.microsoft.com/OneCollector/1.0?cors=true&content-type=application/x-json-stream - error POST net::ERR_INTERNET_DISCONNECTED
2026-04-09 20:57:52.777 [error] #2084: https://main.vscode-cdn.net/extensions/marketplace.json - error GET net::ERR_NAME_NOT_RESOLVED
2026-04-09 21:00:43.545 [error] #2085: https://vscode-sync.trafficmanager.net/v1/manifest - error GET net::ERR_NAME_NOT_RESOLVED
2026-04-09 21:01:05.570 [error] #2086: https://mobile.events.data.microsoft.com/OneCollector/1.0?cors=true&content-type=application/x-json-stream - error POST net::ERR_NAME_NOT_RESOLVED
2026-04-09 21:01:28.627 [error] #2087: https://mobile.events.data.microsoft.com/OneCollector/1.0?cors=true&content-type=application/x-json-stream - error POST net::ERR_NAME_NOT_RESOLVED
2026-04-09 21:03:12.806 [error] #2088: https://main.vscode-cdn.net/extensions/marketplace.json - error GET net::ERR_NAME_NOT_RESOLVED
2026-04-09 21:06:03.573 [error] #2089: https://vscode-sync.trafficmanager.net/v1/manifest - error GET net::ERR_NAME_NOT_RESOLVED
2026-04-09 21:06:29.069 [error] #2090: https://mobile.events.data.microsoft.com/OneCollector/1.0?cors=true&content-type=application/x-json-stream - error POST net::ERR_NAME_NOT_RESOLVED
2026-04-09 21:06:51.925 [error] #2091: https://mobile.events.data.microsoft.com/OneCollector/1.0?cors=true&content-type=application/x-json-stream - error POST net::ERR_NAME_NOT_RESOLVED
2026-04-09 21:08:32.832 [error] #2092: https://main.vscode-cdn.net/extensions/marketplace.json - error GET net::ERR_NAME_NOT_RESOLVED
2026-04-09 21:11:23.596 [error] #2093: https://vscode-sync.trafficmanager.net/v1/manifest - error GET net::ERR_NAME_NOT_RESOLVED
2026-04-09 21:11:56.652 [error] #2094: https://mobile.events.data.microsoft.com/OneCollector/1.0?cors=true&content-type=application/x-json-stream - error POST net::ERR_NAME_NOT_RESOLVED
2026-04-09 21:12:19.378 [error] #2095: https://mobile.events.data.microsoft.com/OneCollector/1.0?cors=true&content-type=application/x-json-stream - error POST net::ERR_NAME_NOT_RESOLVED
2026-04-09 21:13:52.859 [error] #2096: https://main.vscode-cdn.net/extensions/marketplace.json - error GET net::ERR_NAME_NOT_RESOLVED
2026-04-10 09:28:58.994 [error] #2124: https://mobile.events.data.microsoft.com/OneCollector/1.0?cors=true&content-type=application/x-json-stream - error POST net::ERR_INTERNET_DISCONNECTED
2026-04-10 09:29:13.670 [error] #2125: https://mobile.events.data.microsoft.com/OneCollector/1.0?cors=true&content-type=application/x-json-stream - error POST net::ERR_NAME_NOT_RESOLVED
2026-04-10 09:33:38.388 [error] #2126: https://mobile.events.data.microsoft.com/OneCollector/1.0?cors=true&content-type=application/x-json-stream - error POST net::ERR_NAME_NOT_RESOLVED
2026-04-10 09:34:01.488 [error] #2127: https://mobile.events.data.microsoft.com/OneCollector/1.0?cors=true&content-type=application/x-json-stream - error POST net::ERR_NAME_NOT_RESOLVED
2026-04-10 09:34:35.260 [error] #2128: https://vscode-sync.trafficmanager.net/v1/manifest - error GET net::ERR_NAME_NOT_RESOLVED
2026-04-10 09:35:05.728 [error] #2129: https://mobile.events.data.microsoft.com/OneCollector/1.0?cors=true&content-type=application/x-json-stream - error POST net::ERR_NAME_NOT_RESOLVED
2026-04-10 09:35:28.420 [error] #2130: https://mobile.events.data.microsoft.com/OneCollector/1.0?cors=true&content-type=application/x-json-stream - error POST net::ERR_NAME_NOT_RESOLVED
2026-04-10 09:36:59.378 [error] #2131: https://main.vscode-cdn.net/extensions/marketplace.json - error GET net::ERR_NAME_NOT_RESOLVED
2026-04-10 09:39:55.279 [error] #2132: https://vscode-sync.trafficmanager.net/v1/manifest - error GET net::ERR_NAME_NOT_RESOLVED
2026-04-10 09:40:40.212 [error] #2133: https://mobile.events.data.microsoft.com/OneCollector/1.0?cors=true&content-type=application/x-json-stream - error POST net::ERR_NAME_NOT_RESOLVED
2026-04-10 09:41:03.406 [error] #2134: https://mobile.events.data.microsoft.com/OneCollector/1.0?cors=true&content-type=application/x-json-stream - error POST net::ERR_NAME_NOT_RESOLVED
2026-04-10 09:42:19.407 [error] #2135: https://main.vscode-cdn.net/extensions/marketplace.json - error GET net::ERR_NAME_NOT_RESOLVED
