Initializing document watcher...
Document watcher initialized
insurance-proj/src/app/pages/pharmacy/PharmacyOrderDetail.tsx: {"tabSize":2,"indentSize":2,"insertSpaces":true,"cursorStyle":1,"lineNumbers":1}
insurance-proj/src/app/pages/pharmacy/PharmacyOrderDetail.tsx: Using EditorConfig core...
src/app/pages/pharmacy/PharmacyOrderDetail.tsx: Target charset is not set
insurance-proj/src/app/pages/pharmacy/PharmacyOrderDetail.tsx: {"tabSize":2,"indentSize":2,"insertSpaces":true,"cursorStyle":1,"lineNumbers":1}
insurance-proj/src/app/pages/pharmacy/PharmacyOrderDetail.tsx: {"tabSize":2,"indentSize":2,"insertSpaces":true,"cursorStyle":1,"lineNumbers":1}
insurance-proj/src/app/pages/pharmacy/PharmacyOrderDetail.tsx: {"tabSize":2,"indentSize":2,"insertSpaces":true,"cursorStyle":1,"lineNumbers":1}
insurance-proj/src/app/pages/pharmacy/PharmacyOrderDetail.tsx: {"tabSize":2,"indentSize":2,"insertSpaces":true,"cursorStyle":1,"lineNumbers":1}
insurance-proj/src/app/pages/pharmacy/PharmacyOrderDetail.tsx: {"tabSize":2,"indentSize":2,"insertSpaces":true,"cursorStyle":1,"lineNumbers":1}
insurance-proj/src/app/pages/pharmacy/PharmacyOrderDetail.tsx: {"tabSize":2,"indentSize":2,"insertSpaces":true,"cursorStyle":1,"lineNumbers":1}
insurance-proj/src/app/pages/pharmacy/PharmacyOrderDetail.tsx: {"tabSize":2,"indentSize":2,"insertSpaces":true,"cursorStyle":1,"lineNumbers":1}
insurance-proj/src/app/pages/pharmacy/PharmacyOrderDetail.tsx: {"tabSize":2,"indentSize":2,"insertSpaces":true,"cursorStyle":1,"lineNumbers":1}
insurance-proj/src/app/pages/pharmacy/PharmacyOrderDetail.tsx: {"tabSize":2,"indentSize":2,"insertSpaces":true,"cursorStyle":1,"lineNumbers":1}
insurance-proj/src/app/pages/pharmacy/PharmacyOrderDetail.tsx: {"tabSize":2,"indentSize":2,"insertSpaces":true,"cursorStyle":1,"lineNumbers":1}
insurance-proj/src/app/pages/pharmacy/PharmacyOrderDetail.tsx: {"tabSize":2,"indentSize":2,"insertSpaces":true,"cursorStyle":1,"lineNumbers":1}
insurance-proj/src/app/pages/pharmacy/PharmacyOrderDetail.tsx: {"tabSize":2,"indentSize":2,"insertSpaces":true,"cursorStyle":1,"lineNumbers":1}
insurance-proj/src/app/pages/pharmacy/PharmacyOrderDetail.tsx: {"tabSize":2,"indentSize":2,"insertSpaces":true,"cursorStyle":1,"lineNumbers":1}
insurance-proj/src/app/pages/pharmacy/PharmacyOrderDetail.tsx: {"tabSize":2,"indentSize":2,"insertSpaces":true,"cursorStyle":1,"lineNumbers":1}
insurance-proj/src/app/pages/pharmacy/PharmacyOrderDetail.tsx: {"tabSize":2,"indentSize":2,"insertSpaces":true,"cursorStyle":1,"lineNumbers":1}
insurance-proj/src/app/pages/pharmacy/PharmacyOrderDetail.tsx: {"tabSize":2,"indentSize":2,"insertSpaces":true,"cursorStyle":1,"lineNumbers":1}
insurance-proj/src/app/pages/pharmacy/PharmacyOrderDetail.tsx: {"tabSize":2,"indentSize":2,"insertSpaces":true,"cursorStyle":1,"lineNumbers":1}
insurance-proj/src/app/pages/pharmacy/PharmacyOrderDetail.tsx: {"tabSize":2,"indentSize":2,"insertSpaces":true,"cursorStyle":1,"lineNumbers":1}
insurance-proj/src/app/pages/pharmacy/PharmacyOrderDetail.tsx: {"tabSize":2,"indentSize":2,"insertSpaces":true,"cursorStyle":1,"lineNumbers":1}
insurance-proj/src/app/pages/pharmacy/PharmacyOrderDetail.tsx: {"tabSize":2,"indentSize":2,"insertSpaces":true,"cursorStyle":1,"lineNumbers":1}
insurance-proj/src/app/pages/pharmacy/PharmacyOrderDetail.tsx: {"tabSize":2,"indentSize":2,"insertSpaces":true,"cursorStyle":1,"lineNumbers":1}
insurance-proj/src/app/pages/pharmacy/PharmacyOrderDetail.tsx: {"tabSize":2,"indentSize":2,"insertSpaces":true,"cursorStyle":1,"lineNumbers":1}
insurance-proj/src/app/pages/pharmacy/PharmacyOrderDetail.tsx: {"tabSize":2,"indentSize":2,"insertSpaces":true,"cursorStyle":1,"lineNumbers":1}
insurance-proj/src/app/pages/pharmacy/PharmacyOrderDetail.tsx: {"tabSize":2,"indentSize":2,"insertSpaces":true,"cursorStyle":1,"lineNumbers":1}
insurance-proj/src/app/pages/pharmacy/PharmacyOrderDetail.tsx: {"tabSize":2,"indentSize":2,"insertSpaces":true,"cursorStyle":1,"lineNumbers":1}
insurance-proj/src/app/pages/pharmacy/PharmacyOrderDetail.tsx: {"tabSize":2,"indentSize":2,"insertSpaces":true,"cursorStyle":1,"lineNumbers":1}
insurance-proj/src/app/pages/pharmacy/PharmacyOrderDetail.tsx: {"tabSize":2,"indentSize":2,"insertSpaces":true,"cursorStyle":1,"lineNumbers":1}
insurance-proj/src/app/pages/pharmacy/PharmacyOrderDetail.tsx: {"tabSize":2,"indentSize":2,"insertSpaces":true,"cursorStyle":1,"lineNumbers":1}
insurance-proj/src/app/pages/pharmacy/PharmacyOrderDetail.tsx: {"tabSize":2,"indentSize":2,"insertSpaces":true,"cursorStyle":1,"lineNumbers":1}
insurance-proj/src/app/pages/pharmacy/PharmacyOrderDetail.tsx: {"tabSize":2,"indentSize":2,"insertSpaces":true,"cursorStyle":1,"lineNumbers":1}
insurance-proj/src/app/pages/pharmacy/PharmacyOrderDetail.tsx: {"tabSize":2,"indentSize":2,"insertSpaces":true,"cursorStyle":1,"lineNumbers":1}
insurance-proj/src/app/pages/pharmacy/PharmacyOrderDetail.tsx: {"tabSize":2,"indentSize":2,"insertSpaces":true,"cursorStyle":1,"lineNumbers":1}
insurance-proj/src/app/pages/pharmacy/PharmacyOrderDetail.tsx: {"tabSize":2,"indentSize":2,"insertSpaces":true,"cursorStyle":1,"lineNumbers":1}
insurance-proj/src/app/pages/pharmacy/PharmacyOrderDetail.tsx: {"tabSize":2,"indentSize":2,"insertSpaces":true,"cursorStyle":1,"lineNumbers":1}
insurance-proj/src/app/pages/pharmacy/PharmacyOrderDetail.tsx: {"tabSize":2,"indentSize":2,"insertSpaces":true,"cursorStyle":1,"lineNumbers":1}
insurance-proj/src/app/pages/pharmacy/PharmacyOrderDetail.tsx: {"tabSize":2,"indentSize":2,"insertSpaces":true,"cursorStyle":1,"lineNumbers":1}
insurance-proj/src/app/pages/pharmacy/PharmacyOrderDetail.tsx: {"tabSize":2,"indentSize":2,"insertSpaces":true,"cursorStyle":1,"lineNumbers":1}
insurance-proj/src/app/pages/pharmacy/PharmacyOrderDetail.tsx: {"tabSize":2,"indentSize":2,"insertSpaces":true,"cursorStyle":1,"lineNumbers":1}
insurance-proj/src/app/pages/pharmacy/PharmacyOrderDetail.tsx: {"tabSize":2,"indentSize":2,"insertSpaces":true,"cursorStyle":1,"lineNumbers":1}
insurance-proj/src/app/pages/pharmacy/PharmacyOrderDetail.tsx: {"tabSize":2,"indentSize":2,"insertSpaces":true,"cursorStyle":1,"lineNumbers":1}
insurance-proj/src/app/pages/pharmacy/PharmacyOrderDetail.tsx: {"tabSize":2,"indentSize":2,"insertSpaces":true,"cursorStyle":1,"lineNumbers":1}
insurance-proj/src/app/pages/pharmacy/PharmacyOrderDetail.tsx: {"tabSize":2,"indentSize":2,"insertSpaces":true,"cursorStyle":1,"lineNumbers":1}
insurance-proj/src/app/pages/pharmacy/PharmacyOrderDetail.tsx: {"tabSize":2,"indentSize":2,"insertSpaces":true,"cursorStyle":1,"lineNumbers":1}
insurance-proj/src/app/pages/pharmacy/PharmacyOrderDetail.tsx: {"tabSize":2,"indentSize":2,"insertSpaces":true,"cursorStyle":1,"lineNumbers":1}
insurance-proj/src/app/pages/pharmacy/PharmacyOrderDetail.tsx: {"tabSize":2,"indentSize":2,"insertSpaces":true,"cursorStyle":1,"lineNumbers":1}
insurance-proj/src/app/pages/pharmacy/PharmacyOrderDetail.tsx: {"tabSize":2,"indentSize":2,"insertSpaces":true,"cursorStyle":1,"lineNumbers":1}
insurance-proj/src/app/pages/insurance/InsuranceOrderDetail.tsx: {"tabSize":2,"indentSize":2,"insertSpaces":true,"cursorStyle":1,"lineNumbers":1}
insurance-proj/src/app/pages/insurance/InsuranceOrderDetail.tsx: Using EditorConfig core...
src/app/pages/insurance/InsuranceOrderDetail.tsx: Target charset is not set
insurance-proj/src/app/pages/insurance/InsuranceOrderDetail.tsx: {"tabSize":2,"indentSize":2,"insertSpaces":true,"cursorStyle":1,"lineNumbers":1}
insurance-proj/src/app/pages/insurance/InsuranceOrderDetail.tsx: {"tabSize":2,"indentSize":2,"insertSpaces":true,"cursorStyle":1,"lineNumbers":1}
insurance-proj/src/app/pages/insurance/InsuranceOrderDetail.tsx: {"tabSize":2,"indentSize":2,"insertSpaces":true,"cursorStyle":1,"lineNumbers":1}
insurance-proj/src/app/pages/insurance/InsuranceOrderDetail.tsx: {"tabSize":2,"indentSize":2,"insertSpaces":true,"cursorStyle":1,"lineNumbers":1}
insurance-proj/src/app/pages/insurance/InsuranceOrderDetail.tsx: {"tabSize":2,"indentSize":2,"insertSpaces":true,"cursorStyle":1,"lineNumbers":1}
insurance-proj/src/app/pages/insurance/InsuranceOrderDetail.tsx: Using EditorConfig core...
insurance-proj/src/app/pages/insurance/InsuranceOrderDetail.tsx: Using EditorConfig core...
src/app/pages/insurance/InsuranceOrderDetail.tsx: Target charset is not set
insurance-proj/src/app/pages/insurance/InsuranceOrderDetail.tsx: Using EditorConfig core...
insurance-proj/src/app/pages/insurance/InsuranceOrderDetail.tsx: Using EditorConfig core...
src/app/pages/insurance/InsuranceOrderDetail.tsx: Target charset is not set
insurance-proj/src/app/pages/insurance/InsuranceOrderDetail.tsx: {"tabSize":2,"indentSize":2,"insertSpaces":true,"cursorStyle":1,"lineNumbers":1}
insurance-proj/src/app/pages/insurance/InsuranceOrderDetail.tsx: Using EditorConfig core...
insurance-proj/src/app/pages/insurance/InsuranceOrderDetail.tsx: Using EditorConfig core...
src/app/pages/insurance/InsuranceOrderDetail.tsx: Target charset is not set
insurance-proj/src/app/pages/insurance/InsuranceOrderDetail.tsx: Using EditorConfig core...
insurance-proj/src/app/pages/insurance/InsuranceOrderDetail.tsx: Using EditorConfig core...
src/app/pages/insurance/InsuranceOrderDetail.tsx: Target charset is not set
insurance-proj/src/app/pages/insurance/InsuranceOrderDetail.tsx: {"tabSize":2,"indentSize":2,"insertSpaces":true,"cursorStyle":1,"lineNumbers":1}
insurance-proj/src/app/pages/insurance/InsuranceOrderDetail.tsx: Using EditorConfig core...
insurance-proj/src/app/pages/insurance/InsuranceOrderDetail.tsx: Using EditorConfig core...
src/app/pages/insurance/InsuranceOrderDetail.tsx: Target charset is not set
insurance-proj/src/app/pages/insurance/InsuranceOrderDetail.tsx: Using EditorConfig core...
insurance-proj/src/app/pages/insurance/InsuranceOrderDetail.tsx: Using EditorConfig core...
src/app/pages/insurance/InsuranceOrderDetail.tsx: Target charset is not set
insurance-proj/src/app/pages/insurance/InsuranceOrderDetail.tsx: Using EditorConfig core...
insurance-proj/src/app/pages/insurance/InsuranceOrderDetail.tsx: Using EditorConfig core...
src/app/pages/insurance/InsuranceOrderDetail.tsx: Target charset is not set
insurance-proj/src/app/pages/insurance/InsuranceOrderDetail.tsx: Using EditorConfig core...
insurance-proj/src/app/pages/insurance/InsuranceOrderDetail.tsx: Using EditorConfig core...
src/app/pages/insurance/InsuranceOrderDetail.tsx: Target charset is not set
insurance-proj/src/app/pages/insurance/InsuranceOrderDetail.tsx: Using EditorConfig core...
insurance-proj/src/app/pages/insurance/InsuranceOrderDetail.tsx: Using EditorConfig core...
src/app/pages/insurance/InsuranceOrderDetail.tsx: Target charset is not set
insurance-proj/src/app/pages/insurance/InsuranceOrderDetail.tsx: Using EditorConfig core...
insurance-proj/src/app/pages/insurance/InsuranceOrderDetail.tsx: Using EditorConfig core...
insurance-proj/src/app/pages/insurance/InsuranceOrderDetail.tsx: Using EditorConfig core...
src/app/pages/insurance/InsuranceOrderDetail.tsx: Target charset is not set
insurance-proj/src/app/pages/insurance/InsuranceOrderDetail.tsx: Using EditorConfig core...
src/app/pages/insurance/InsuranceOrderDetail.tsx: Target charset is not set
insurance-proj/src/app/pages/insurance/InsuranceOrderDetail.tsx: Using EditorConfig core...
insurance-proj/src/app/pages/insurance/InsuranceOrderDetail.tsx: Using EditorConfig core...
src/app/pages/insurance/InsuranceOrderDetail.tsx: Target charset is not set
insurance-proj/src/app/pages/insurance/InsuranceOrderDetail.tsx: {"tabSize":2,"indentSize":2,"insertSpaces":true,"cursorStyle":1,"lineNumbers":1}
insurance-proj/src/app/pages/insurance/InsuranceOrderDetail.tsx: Using EditorConfig core...
insurance-proj/src/app/pages/insurance/InsuranceOrderDetail.tsx: Using EditorConfig core...
src/app/pages/insurance/InsuranceOrderDetail.tsx: Target charset is not set
insurance-proj/src/app/pages/insurance/InsuranceOrderDetail.tsx: {"tabSize":2,"indentSize":2,"insertSpaces":true,"cursorStyle":1,"lineNumbers":1}
insurance-proj/src/app/pages/insurance/InsuranceOrderDetail.tsx: Using EditorConfig core...
insurance-proj/src/app/pages/insurance/InsuranceOrderDetail.tsx: Using EditorConfig core...
src/app/pages/insurance/InsuranceOrderDetail.tsx: Target charset is not set
insurance-proj/src/app/pages/insurance/InsuranceOrderDetail.tsx: {"tabSize":2,"indentSize":2,"insertSpaces":true,"cursorStyle":1,"lineNumbers":1}
insurance-proj/src/app/pages/insurance/InsuranceOrderDetail.tsx: Using EditorConfig core...
insurance-proj/src/app/pages/insurance/InsuranceOrderDetail.tsx: Using EditorConfig core...
src/app/pages/insurance/InsuranceOrderDetail.tsx: Target charset is not set
insurance-proj/src/app/pages/insurance/InsuranceOrderDetail.tsx: Using EditorConfig core...
insurance-proj/src/app/pages/insurance/InsuranceOrderDetail.tsx: Using EditorConfig core...
src/app/pages/insurance/InsuranceOrderDetail.tsx: Target charset is not set
insurance-proj/src/app/pages/insurance/InsuranceOrderDetail.tsx: {"tabSize":2,"indentSize":2,"insertSpaces":true,"cursorStyle":1,"lineNumbers":1}
insurance-proj/src/app/pages/insurance/InsuranceOrderDetail.tsx: Using EditorConfig core...
insurance-proj/src/app/pages/insurance/InsuranceOrderDetail.tsx: Using EditorConfig core...
src/app/pages/insurance/InsuranceOrderDetail.tsx: Target charset is not set
insurance-proj/src/app/pages/insurance/InsuranceOrderDetail.tsx: Using EditorConfig core...
insurance-proj/src/app/pages/insurance/InsuranceOrderDetail.tsx: Using EditorConfig core...
src/app/pages/insurance/InsuranceOrderDetail.tsx: Target charset is not set
insurance-proj/src/app/pages/insurance/InsuranceOrderDetail.tsx: Using EditorConfig core...
insurance-proj/src/app/pages/insurance/InsuranceOrderDetail.tsx: Using EditorConfig core...
src/app/pages/insurance/InsuranceOrderDetail.tsx: Target charset is not set
insurance-proj/src/app/pages/insurance/InsuranceOrderDetail.tsx: {"tabSize":2,"indentSize":2,"insertSpaces":true,"cursorStyle":1,"lineNumbers":1}
insurance-proj/src/app/pages/insurance/InsuranceOrderDetail.tsx: {"tabSize":2,"indentSize":2,"insertSpaces":true,"cursorStyle":1,"lineNumbers":1}
insurance-proj/src/app/pages/insurance/InsuranceOrderDetail.tsx: Using EditorConfig core...
insurance-proj/src/app/pages/insurance/InsuranceOrderDetail.tsx: Using EditorConfig core...
src/app/pages/insurance/InsuranceOrderDetail.tsx: Target charset is not set
insurance-proj/src/app/pages/insurance/InsuranceOrderDetail.tsx: Using EditorConfig core...
insurance-proj/src/app/pages/insurance/InsuranceOrderDetail.tsx: Using EditorConfig core...
src/app/pages/insurance/InsuranceOrderDetail.tsx: Target charset is not set
insurance-proj/src/app/pages/insurance/InsuranceOrderDetail.tsx: {"tabSize":2,"indentSize":2,"insertSpaces":true,"cursorStyle":1,"lineNumbers":1}
insurance-proj/src/app/pages/insurance/InsuranceOrderDetail.tsx: {"tabSize":2,"indentSize":2,"insertSpaces":true,"cursorStyle":1,"lineNumbers":1}
insurance-proj/src/app/pages/insurance/InsuranceOrderDetail.tsx: {"tabSize":2,"indentSize":2,"insertSpaces":true,"cursorStyle":1,"lineNumbers":1}
insurance-proj/src/app/pages/insurance/InsuranceOrderDetail.tsx: {"tabSize":2,"indentSize":2,"insertSpaces":true,"cursorStyle":1,"lineNumbers":1}
insurance-proj/src/app/pages/insurance/InsuranceOrderDetail.tsx: Using EditorConfig core...
insurance-proj/src/app/pages/insurance/InsuranceOrderDetail.tsx: Using EditorConfig core...
src/app/pages/insurance/InsuranceOrderDetail.tsx: Target charset is not set
insurance-proj/src/app/pages/insurance/InsuranceOrderDetail.tsx: {"tabSize":2,"indentSize":2,"insertSpaces":true,"cursorStyle":1,"lineNumbers":1}
insurance-proj/src/app/pages/insurance/InsuranceOrderDetail.tsx: {"tabSize":2,"indentSize":2,"insertSpaces":true,"cursorStyle":1,"lineNumbers":1}
insurance-proj/src/app/pages/insurance/InsuranceOrderDetail.tsx: {"tabSize":2,"indentSize":2,"insertSpaces":true,"cursorStyle":1,"lineNumbers":1}
insurance-proj/src/app/pages/insurance/InsuranceOrderDetail.tsx: {"tabSize":2,"indentSize":2,"insertSpaces":true,"cursorStyle":1,"lineNumbers":1}
insurance-proj/src/app/pages/insurance/InsuranceOrderDetail.tsx: {"tabSize":2,"indentSize":2,"insertSpaces":true,"cursorStyle":1,"lineNumbers":1}
insurance-proj/src/app/pages/insurance/InsuranceOrderDetail.tsx: {"tabSize":2,"indentSize":2,"insertSpaces":true,"cursorStyle":1,"lineNumbers":1}
insurance-proj/src/app/pages/insurance/InsuranceOrderDetail.tsx: {"tabSize":2,"indentSize":2,"insertSpaces":true,"cursorStyle":1,"lineNumbers":1}
insurance-proj/src/app/pages/insurance/InsuranceOrderDetail.tsx: {"tabSize":2,"indentSize":2,"insertSpaces":true,"cursorStyle":1,"lineNumbers":1}
insurance-proj/src/app/pages/insurance/InsuranceOrderDetail.tsx: {"tabSize":2,"indentSize":2,"insertSpaces":true,"cursorStyle":1,"lineNumbers":1}
insurance-proj/src/app/pages/insurance/InsuranceOrderDetail.tsx: {"tabSize":2,"indentSize":2,"insertSpaces":true,"cursorStyle":1,"lineNumbers":1}
insurance-proj/src/app/pages/insurance/InsuranceOrderDetail.tsx: {"tabSize":2,"indentSize":2,"insertSpaces":true,"cursorStyle":1,"lineNumbers":1}
insurance-proj/src/app/pages/insurance/InsuranceOrderDetail.tsx: {"tabSize":2,"indentSize":2,"insertSpaces":true,"cursorStyle":1,"lineNumbers":1}
insurance-proj/src/app/pages/insurance/InsuranceOrderDetail.tsx: {"tabSize":2,"indentSize":2,"insertSpaces":true,"cursorStyle":1,"lineNumbers":1}
insurance-proj/src/app/pages/insurance/InsuranceOrderDetail.tsx: Using EditorConfig core...
insurance-proj/src/app/pages/insurance/InsuranceOrderDetail.tsx: Using EditorConfig core...
src/app/pages/insurance/InsuranceOrderDetail.tsx: Target charset is not set
insurance-proj/src/app/pages/insurance/InsuranceOrderDetail.tsx: {"tabSize":2,"indentSize":2,"insertSpaces":true,"cursorStyle":1,"lineNumbers":1}
insurance-proj/src/app/pages/insurance/InsuranceOrderDetail.tsx: {"tabSize":2,"indentSize":2,"insertSpaces":true,"cursorStyle":1,"lineNumbers":1}
insurance-proj/src/app/pages/insurance/InsuranceOrderDetail.tsx: {"tabSize":2,"indentSize":2,"insertSpaces":true,"cursorStyle":1,"lineNumbers":1}
insurance-proj/src/app/pages/insurance/InsuranceOrderDetail.tsx: {"tabSize":2,"indentSize":2,"insertSpaces":true,"cursorStyle":1,"lineNumbers":1}
insurance-proj/src/app/pages/insurance/InsuranceOrderDetail.tsx: {"tabSize":2,"indentSize":2,"insertSpaces":true,"cursorStyle":1,"lineNumbers":1}
insurance-proj/src/app/pages/insurance/InsuranceOrderDetail.tsx: {"tabSize":2,"indentSize":2,"insertSpaces":true,"cursorStyle":1,"lineNumbers":1}
insurance-proj/src/app/pages/insurance/InsuranceOrderDetail.tsx: {"tabSize":2,"indentSize":2,"insertSpaces":true,"cursorStyle":1,"lineNumbers":1}
insurance-proj/src/app/pages/insurance/InsuranceOrderDetail.tsx: {"tabSize":2,"indentSize":2,"insertSpaces":true,"cursorStyle":1,"lineNumbers":1}
insurance-proj/src/app/pages/insurance/InsuranceOrderDetail.tsx: {"tabSize":2,"indentSize":2,"insertSpaces":true,"cursorStyle":1,"lineNumbers":1}
insurance-proj/src/app/pages/insurance/InsuranceOrderDetail.tsx: {"tabSize":2,"indentSize":2,"insertSpaces":true,"cursorStyle":1,"lineNumbers":1}
insurance-proj/src/app/pages/insurance/InsuranceOrderDetail.tsx: {"tabSize":2,"indentSize":2,"insertSpaces":true,"cursorStyle":1,"lineNumbers":1}
insurance-proj/src/app/pages/insurance/InsuranceOrderDetail.tsx: {"tabSize":2,"indentSize":2,"insertSpaces":true,"cursorStyle":1,"lineNumbers":1}
insurance-proj/src/app/pages/pharmacy/PharmacyOrderDetail.tsx: {"tabSize":2,"indentSize":2,"insertSpaces":true,"cursorStyle":1,"lineNumbers":1}
insurance-proj/src/app/pages/pharmacy/PharmacyOrderDetail.tsx: Using EditorConfig core...
src/app/pages/pharmacy/PharmacyOrderDetail.tsx: Target charset is not set
insurance-proj/src/app/pages/pharmacy/PharmacyOrderDetail.tsx: Using EditorConfig core...
insurance-proj/src/app/pages/pharmacy/PharmacyOrderDetail.tsx: Using EditorConfig core...
src/app/pages/pharmacy/PharmacyOrderDetail.tsx: Target charset is not set
insurance-proj/src/app/pages/pharmacy/PharmacyOrderDetail.tsx: {"tabSize":2,"indentSize":2,"insertSpaces":true,"cursorStyle":1,"lineNumbers":1}
insurance-proj/src/app/pages/pharmacy/PharmacyOrderDetail.tsx: {"tabSize":2,"indentSize":2,"insertSpaces":true,"cursorStyle":1,"lineNumbers":1}
insurance-proj/src/app/pages/pharmacy/PharmacyOrderDetail.tsx: {"tabSize":2,"indentSize":2,"insertSpaces":true,"cursorStyle":1,"lineNumbers":1}
insurance-proj/src/app/pages/pharmacy/PharmacyOrderDetail.tsx: {"tabSize":2,"indentSize":2,"insertSpaces":true,"cursorStyle":1,"lineNumbers":1}
insurance-proj/src/app/pages/pharmacy/PharmacyOrderDetail.tsx: {"tabSize":2,"indentSize":2,"insertSpaces":true,"cursorStyle":1,"lineNumbers":1}
insurance-proj/src/app/pages/pharmacy/PharmacyOrderDetail.tsx: {"tabSize":2,"indentSize":2,"insertSpaces":true,"cursorStyle":1,"lineNumbers":1}
insurance-proj/src/app/pages/pharmacy/PharmacyOrderDetail.tsx: {"tabSize":2,"indentSize":2,"insertSpaces":true,"cursorStyle":1,"lineNumbers":1}
insurance-proj/src/app/pages/pharmacy/PharmacyOrderDetail.tsx: {"tabSize":2,"indentSize":2,"insertSpaces":true,"cursorStyle":1,"lineNumbers":1}
insurance-proj/src/app/pages/pharmacy/PharmacyOrderDetail.tsx: {"tabSize":2,"indentSize":2,"insertSpaces":true,"cursorStyle":1,"lineNumbers":1}
insurance-proj/src/app/pages/pharmacy/PharmacyOrderDetail.tsx: {"tabSize":2,"indentSize":2,"insertSpaces":true,"cursorStyle":1,"lineNumbers":1}
insurance-proj/src/app/pages/pharmacy/PharmacyOrderDetail.tsx: {"tabSize":2,"indentSize":2,"insertSpaces":true,"cursorStyle":1,"lineNumbers":1}
insurance-proj/src/app/pages/pharmacy/PharmacyOrderDetail.tsx: {"tabSize":2,"indentSize":2,"insertSpaces":true,"cursorStyle":1,"lineNumbers":1}
insurance-proj/src/app/pages/pharmacy/PharmacyOrderDetail.tsx: {"tabSize":2,"indentSize":2,"insertSpaces":true,"cursorStyle":1,"lineNumbers":1}
insurance-proj/src/app/pages/pharmacy/PharmacyOrderDetail.tsx: {"tabSize":2,"indentSize":2,"insertSpaces":true,"cursorStyle":1,"lineNumbers":1}
insurance-proj/src/app/pages/pharmacy/PharmacyOrderDetail.tsx: {"tabSize":2,"indentSize":2,"insertSpaces":true,"cursorStyle":1,"lineNumbers":1}
insurance-proj/src/app/pages/pharmacy/PharmacyOrderDetail.tsx: {"tabSize":2,"indentSize":2,"insertSpaces":true,"cursorStyle":1,"lineNumbers":1}
insurance-proj/src/app/pages/pharmacy/PharmacyOrderDetail.tsx: {"tabSize":2,"indentSize":2,"insertSpaces":true,"cursorStyle":1,"lineNumbers":1}
insurance-proj/src/app/pages/pharmacy/PharmacyOrderDetail.tsx: {"tabSize":2,"indentSize":2,"insertSpaces":true,"cursorStyle":1,"lineNumbers":1}
insurance-proj/src/app/pages/pharmacy/PharmacyOrderDetail.tsx: {"tabSize":2,"indentSize":2,"insertSpaces":true,"cursorStyle":1,"lineNumbers":1}
insurance-proj/src/app/pages/pharmacy/PharmacyOrderDetail.tsx: {"tabSize":2,"indentSize":2,"insertSpaces":true,"cursorStyle":1,"lineNumbers":1}
insurance-proj/src/app/pages/pharmacy/PharmacyOrderDetail.tsx: {"tabSize":2,"indentSize":2,"insertSpaces":true,"cursorStyle":1,"lineNumbers":1}
insurance-proj/src/app/pages/pharmacy/PharmacyOrderDetail.tsx: {"tabSize":2,"indentSize":2,"insertSpaces":true,"cursorStyle":1,"lineNumbers":1}
insurance-proj/src/app/pages/pharmacy/PharmacyOrderDetail.tsx: {"tabSize":2,"indentSize":2,"insertSpaces":true,"cursorStyle":1,"lineNumbers":1}
insurance-proj/src/app/pages/pharmacy/PharmacyOrderDetail.tsx: {"tabSize":2,"indentSize":2,"insertSpaces":true,"cursorStyle":1,"lineNumbers":1}
insurance-proj/src/app/pages/pharmacy/PharmacyOrderDetail.tsx: {"tabSize":2,"indentSize":2,"insertSpaces":true,"cursorStyle":1,"lineNumbers":1}
insurance-proj/src/app/pages/pharmacy/PharmacyOrderDetail.tsx: {"tabSize":2,"indentSize":2,"insertSpaces":true,"cursorStyle":1,"lineNumbers":1}
insurance-proj/src/app/pages/pharmacy/PharmacyOrderDetail.tsx: {"tabSize":2,"indentSize":2,"insertSpaces":true,"cursorStyle":1,"lineNumbers":1}
insurance-proj/src/app/pages/pharmacy/PharmacyOrderDetail.tsx: {"tabSize":2,"indentSize":2,"insertSpaces":true,"cursorStyle":1,"lineNumbers":1}
insurance-proj/src/app/pages/pharmacy/PharmacyOrderDetail.tsx: {"tabSize":2,"indentSize":2,"insertSpaces":true,"cursorStyle":1,"lineNumbers":1}
insurance-proj/src/app/pages/pharmacy/PharmacyOrderDetail.tsx: {"tabSize":2,"indentSize":2,"insertSpaces":true,"cursorStyle":1,"lineNumbers":1}
insurance-proj/src/app/pages/pharmacy/PharmacyOrderDetail.tsx: {"tabSize":2,"indentSize":2,"insertSpaces":true,"cursorStyle":1,"lineNumbers":1}
insurance-proj/src/app/pages/pharmacy/PharmacyOrderDetail.tsx: {"tabSize":2,"indentSize":2,"insertSpaces":true,"cursorStyle":1,"lineNumbers":1}
insurance-proj/src/app/pages/pharmacy/PharmacyOrderDetail.tsx: {"tabSize":2,"indentSize":2,"insertSpaces":true,"cursorStyle":1,"lineNumbers":1}
insurance-proj/src/app/pages/pharmacy/PharmacyOrderDetail.tsx: {"tabSize":2,"indentSize":2,"insertSpaces":true,"cursorStyle":1,"lineNumbers":1}
insurance-proj/src/app/pages/pharmacy/PharmacyOrderDetail.tsx: {"tabSize":2,"indentSize":2,"insertSpaces":true,"cursorStyle":1,"lineNumbers":1}
insurance-proj/src/app/pages/pharmacy/PharmacyOrderDetail.tsx: {"tabSize":2,"indentSize":2,"insertSpaces":true,"cursorStyle":1,"lineNumbers":1}
insurance-proj/src/app/pages/pharmacy/PharmacyOrderDetail.tsx: {"tabSize":2,"indentSize":2,"insertSpaces":true,"cursorStyle":1,"lineNumbers":1}
insurance-proj/src/app/pages/pharmacy/PharmacyOrderDetail.tsx: {"tabSize":2,"indentSize":2,"insertSpaces":true,"cursorStyle":1,"lineNumbers":1}
insurance-proj/src/app/pages/pharmacy/PharmacyOrderDetail.tsx: {"tabSize":2,"indentSize":2,"insertSpaces":true,"cursorStyle":1,"lineNumbers":1}
insurance-proj/src/app/pages/pharmacy/PharmacyOrderDetail.tsx: {"tabSize":2,"indentSize":2,"insertSpaces":true,"cursorStyle":1,"lineNumbers":1}
insurance-proj/src/app/pages/pharmacy/PharmacyOrderDetail.tsx: {"tabSize":2,"indentSize":2,"insertSpaces":true,"cursorStyle":1,"lineNumbers":1}
insurance-proj/src/app/pages/pharmacy/PharmacyOrderDetail.tsx: {"tabSize":2,"indentSize":2,"insertSpaces":true,"cursorStyle":1,"lineNumbers":1}
insurance-proj/src/app/pages/pharmacy/PharmacyOrderDetail.tsx: {"tabSize":2,"indentSize":2,"insertSpaces":true,"cursorStyle":1,"lineNumbers":1}
insurance-proj/src/app/pages/pharmacy/PharmacyOrderDetail.tsx: {"tabSize":2,"indentSize":2,"insertSpaces":true,"cursorStyle":1,"lineNumbers":1}
insurance-proj/src/app/pages/pharmacy/PharmacyOrderDetail.tsx: {"tabSize":2,"indentSize":2,"insertSpaces":true,"cursorStyle":1,"lineNumbers":1}
insurance-proj/src/app/pages/pharmacy/PharmacyOrderDetail.tsx: {"tabSize":2,"indentSize":2,"insertSpaces":true,"cursorStyle":1,"lineNumbers":1}
insurance-proj/src/app/pages/pharmacy/PharmacyOrderDetail.tsx: {"tabSize":2,"indentSize":2,"insertSpaces":true,"cursorStyle":1,"lineNumbers":1}
insurance-proj/src/app/pages/pharmacy/PharmacyOrderDetail.tsx: {"tabSize":2,"indentSize":2,"insertSpaces":true,"cursorStyle":1,"lineNumbers":1}
insurance-proj/src/app/pages/pharmacy/PharmacyOrderDetail.tsx: {"tabSize":2,"indentSize":2,"insertSpaces":true,"cursorStyle":1,"lineNumbers":1}
insurance-proj/src/app/pages/pharmacy/PharmacyOrderDetail.tsx: {"tabSize":2,"indentSize":2,"insertSpaces":true,"cursorStyle":1,"lineNumbers":1}
insurance-proj/src/app/pages/pharmacy/PharmacyOrderDetail.tsx: {"tabSize":2,"indentSize":2,"insertSpaces":true,"cursorStyle":1,"lineNumbers":1}
insurance-proj/src/app/pages/pharmacy/PharmacyOrderDetail.tsx: {"tabSize":2,"indentSize":2,"insertSpaces":true,"cursorStyle":1,"lineNumbers":1}
insurance-proj/src/app/pages/pharmacy/PharmacyOrderDetail.tsx: {"tabSize":2,"indentSize":2,"insertSpaces":true,"cursorStyle":1,"lineNumbers":1}
insurance-proj/src/app/pages/pharmacy/PharmacyOrderDetail.tsx: {"tabSize":2,"indentSize":2,"insertSpaces":true,"cursorStyle":1,"lineNumbers":1}
insurance-proj/src/app/pages/pharmacy/PharmacyOrderDetail.tsx: {"tabSize":2,"indentSize":2,"insertSpaces":true,"cursorStyle":1,"lineNumbers":1}
insurance-proj/src/app/pages/pharmacy/PharmacyOrderDetail.tsx: {"tabSize":2,"indentSize":2,"insertSpaces":true,"cursorStyle":1,"lineNumbers":1}
insurance-proj/src/app/pages/pharmacy/PharmacyOrderDetail.tsx: {"tabSize":2,"indentSize":2,"insertSpaces":true,"cursorStyle":1,"lineNumbers":1}
insurance-proj/src/app/pages/pharmacy/PharmacyOrderDetail.tsx: {"tabSize":2,"indentSize":2,"insertSpaces":true,"cursorStyle":1,"lineNumbers":1}
insurance-proj/src/app/pages/pharmacy/PharmacyOrderDetail.tsx: {"tabSize":2,"indentSize":2,"insertSpaces":true,"cursorStyle":1,"lineNumbers":1}
insurance-proj/src/app/pages/pharmacy/PharmacyOrderDetail.tsx: {"tabSize":2,"indentSize":2,"insertSpaces":true,"cursorStyle":1,"lineNumbers":1}
insurance-proj/src/app/pages/pharmacy/PharmacyOrderDetail.tsx: {"tabSize":2,"indentSize":2,"insertSpaces":true,"cursorStyle":1,"lineNumbers":1}
insurance-proj/src/app/pages/pharmacy/PharmacyOrderDetail.tsx: {"tabSize":2,"indentSize":2,"insertSpaces":true,"cursorStyle":1,"lineNumbers":1}
insurance-proj/src/app/pages/pharmacy/PharmacyOrderDetail.tsx: {"tabSize":2,"indentSize":2,"insertSpaces":true,"cursorStyle":1,"lineNumbers":1}
insurance-proj/src/app/pages/pharmacy/PharmacyOrderDetail.tsx: {"tabSize":2,"indentSize":2,"insertSpaces":true,"cursorStyle":1,"lineNumbers":1}
insurance-proj/src/app/pages/pharmacy/PharmacyOrderDetail.tsx: {"tabSize":2,"indentSize":2,"insertSpaces":true,"cursorStyle":1,"lineNumbers":1}
insurance-proj/src/app/pages/pharmacy/PharmacyOrderDetail.tsx: {"tabSize":2,"indentSize":2,"insertSpaces":true,"cursorStyle":1,"lineNumbers":1}
insurance-proj/src/app/pages/pharmacy/PharmacyOrderDetail.tsx: {"tabSize":2,"indentSize":2,"insertSpaces":true,"cursorStyle":1,"lineNumbers":1}
insurance-proj/src/app/pages/pharmacy/PharmacyOrderDetail.tsx: {"tabSize":2,"indentSize":2,"insertSpaces":true,"cursorStyle":1,"lineNumbers":1}
insurance-proj/src/app/pages/pharmacy/PharmacyOrderDetail.tsx: {"tabSize":2,"indentSize":2,"insertSpaces":true,"cursorStyle":1,"lineNumbers":1}
insurance-proj/src/app/pages/pharmacy/PharmacyOrderDetail.tsx: {"tabSize":2,"indentSize":2,"insertSpaces":true,"cursorStyle":1,"lineNumbers":1}
insurance-proj/src/app/pages/pharmacy/PharmacyOrderDetail.tsx: {"tabSize":2,"indentSize":2,"insertSpaces":true,"cursorStyle":1,"lineNumbers":1}
insurance-proj/src/app/pages/pharmacy/PharmacyOrderDetail.tsx: {"tabSize":2,"indentSize":2,"insertSpaces":true,"cursorStyle":1,"lineNumbers":1}
insurance-proj/src/app/pages/pharmacy/PharmacyOrderDetail.tsx: {"tabSize":2,"indentSize":2,"insertSpaces":true,"cursorStyle":1,"lineNumbers":1}
insurance-proj/src/app/pages/pharmacy/PharmacyOrderDetail.tsx: {"tabSize":2,"indentSize":2,"insertSpaces":true,"cursorStyle":1,"lineNumbers":1}
insurance-proj/src/app/pages/pharmacy/PharmacyOrderDetail.tsx: {"tabSize":2,"indentSize":2,"insertSpaces":true,"cursorStyle":1,"lineNumbers":1}
insurance-proj/src/app/pages/pharmacy/PharmacyOrderDetail.tsx: {"tabSize":2,"indentSize":2,"insertSpaces":true,"cursorStyle":1,"lineNumbers":1}
insurance-proj/src/app/pages/pharmacy/PharmacyOrderDetail.tsx: {"tabSize":2,"indentSize":2,"insertSpaces":true,"cursorStyle":1,"lineNumbers":1}
insurance-proj/src/app/pages/pharmacy/PharmacyOrderDetail.tsx: {"tabSize":2,"indentSize":2,"insertSpaces":true,"cursorStyle":1,"lineNumbers":1}
insurance-proj/src/app/pages/pharmacy/PharmacyOrderDetail.tsx: {"tabSize":2,"indentSize":2,"insertSpaces":true,"cursorStyle":1,"lineNumbers":1}
insurance-proj/src/app/pages/pharmacy/PharmacyOrderDetail.tsx: {"tabSize":2,"indentSize":2,"insertSpaces":true,"cursorStyle":1,"lineNumbers":1}
insurance-proj/src/app/pages/pharmacy/PharmacyOrderDetail.tsx: {"tabSize":2,"indentSize":2,"insertSpaces":true,"cursorStyle":1,"lineNumbers":1}
insurance-proj/src/app/pages/pharmacy/PharmacyOrderDetail.tsx: {"tabSize":2,"indentSize":2,"insertSpaces":true,"cursorStyle":1,"lineNumbers":1}
insurance-proj/src/app/pages/pharmacy/PharmacyOrderDetail.tsx: {"tabSize":2,"indentSize":2,"insertSpaces":true,"cursorStyle":1,"lineNumbers":1}
insurance-proj/src/app/pages/pharmacy/PharmacyOrderDetail.tsx: {"tabSize":2,"indentSize":2,"insertSpaces":true,"cursorStyle":1,"lineNumbers":1}
insurance-proj/src/app/pages/pharmacy/PharmacyOrderDetail.tsx: {"tabSize":2,"indentSize":2,"insertSpaces":true,"cursorStyle":1,"lineNumbers":1}
insurance-proj/src/app/pages/pharmacy/PharmacyOrderDetail.tsx: {"tabSize":2,"indentSize":2,"insertSpaces":true,"cursorStyle":1,"lineNumbers":1}
insurance-proj/src/app/pages/pharmacy/PharmacyOrderDetail.tsx: {"tabSize":2,"indentSize":2,"insertSpaces":true,"cursorStyle":1,"lineNumbers":1}
insurance-proj/src/app/pages/pharmacy/PharmacyOrderDetail.tsx: {"tabSize":2,"indentSize":2,"insertSpaces":true,"cursorStyle":1,"lineNumbers":1}
insurance-proj/src/app/pages/pharmacy/PharmacyOrderDetail.tsx: {"tabSize":2,"indentSize":2,"insertSpaces":true,"cursorStyle":1,"lineNumbers":1}
insurance-proj/src/app/pages/pharmacy/PharmacyOrderDetail.tsx: {"tabSize":2,"indentSize":2,"insertSpaces":true,"cursorStyle":1,"lineNumbers":1}
insurance-proj/src/app/pages/pharmacy/PharmacyOrderDetail.tsx: {"tabSize":2,"indentSize":2,"insertSpaces":true,"cursorStyle":1,"lineNumbers":1}
insurance-proj/src/app/pages/pharmacy/PharmacyOrderDetail.tsx: {"tabSize":2,"indentSize":2,"insertSpaces":true,"cursorStyle":1,"lineNumbers":1}
insurance-proj/src/app/pages/pharmacy/PharmacyOrderDetail.tsx: {"tabSize":2,"indentSize":2,"insertSpaces":true,"cursorStyle":1,"lineNumbers":1}
insurance-proj/src/app/pages/pharmacy/PharmacyOrderDetail.tsx: {"tabSize":2,"indentSize":2,"insertSpaces":true,"cursorStyle":1,"lineNumbers":1}
insurance-proj/src/app/pages/pharmacy/PharmacyOrderDetail.tsx: {"tabSize":2,"indentSize":2,"insertSpaces":true,"cursorStyle":1,"lineNumbers":1}
insurance-proj/src/app/pages/pharmacy/PharmacyOrderDetail.tsx: {"tabSize":2,"indentSize":2,"insertSpaces":true,"cursorStyle":1,"lineNumbers":1}
insurance-proj/src/app/pages/pharmacy/PharmacyOrderDetail.tsx: {"tabSize":2,"indentSize":2,"insertSpaces":true,"cursorStyle":1,"lineNumbers":1}
insurance-proj/src/app/pages/pharmacy/PharmacyOrderDetail.tsx: {"tabSize":2,"indentSize":2,"insertSpaces":true,"cursorStyle":1,"lineNumbers":1}
insurance-proj/src/app/pages/pharmacy/PharmacyOrderDetail.tsx: {"tabSize":2,"indentSize":2,"insertSpaces":true,"cursorStyle":1,"lineNumbers":1}
insurance-proj/src/app/pages/pharmacy/PharmacyOrderDetail.tsx: {"tabSize":2,"indentSize":2,"insertSpaces":true,"cursorStyle":1,"lineNumbers":1}
insurance-proj/src/app/pages/pharmacy/PharmacyOrderDetail.tsx: {"tabSize":2,"indentSize":2,"insertSpaces":true,"cursorStyle":1,"lineNumbers":1}
insurance-proj/src/app/pages/pharmacy/PharmacyOrderDetail.tsx: {"tabSize":2,"indentSize":2,"insertSpaces":true,"cursorStyle":1,"lineNumbers":1}
insurance-proj/src/app/pages/pharmacy/PharmacyOrderDetail.tsx: {"tabSize":2,"indentSize":2,"insertSpaces":true,"cursorStyle":1,"lineNumbers":1}
insurance-proj/src/app/pages/pharmacy/PharmacyOrderDetail.tsx: {"tabSize":2,"indentSize":2,"insertSpaces":true,"cursorStyle":1,"lineNumbers":1}
insurance-proj/src/app/pages/pharmacy/PharmacyOrderDetail.tsx: {"tabSize":2,"indentSize":2,"insertSpaces":true,"cursorStyle":1,"lineNumbers":1}
insurance-proj/src/app/pages/pharmacy/PharmacyOrderDetail.tsx: {"tabSize":2,"indentSize":2,"insertSpaces":true,"cursorStyle":1,"lineNumbers":1}
insurance-proj/src/app/pages/pharmacy/PharmacyOrderDetail.tsx: {"tabSize":2,"indentSize":2,"insertSpaces":true,"cursorStyle":1,"lineNumbers":1}
insurance-proj/src/app/pages/pharmacy/PharmacyOrderDetail.tsx: {"tabSize":2,"indentSize":2,"insertSpaces":true,"cursorStyle":1,"lineNumbers":1}
insurance-proj/src/app/pages/pharmacy/PharmacyOrderDetail.tsx: {"tabSize":2,"indentSize":2,"insertSpaces":true,"cursorStyle":1,"lineNumbers":1}
insurance-proj/src/app/pages/pharmacy/PharmacyOrderDetail.tsx: {"tabSize":2,"indentSize":2,"insertSpaces":true,"cursorStyle":1,"lineNumbers":1}
insurance-proj/src/app/pages/pharmacy/PharmacyOrderDetail.tsx: {"tabSize":2,"indentSize":2,"insertSpaces":true,"cursorStyle":1,"lineNumbers":1}
insurance-proj/src/app/pages/pharmacy/PharmacyOrderDetail.tsx: {"tabSize":2,"indentSize":2,"insertSpaces":true,"cursorStyle":1,"lineNumbers":1}
insurance-proj/src/app/pages/pharmacy/PharmacyOrderDetail.tsx: {"tabSize":2,"indentSize":2,"insertSpaces":true,"cursorStyle":1,"lineNumbers":1}
insurance-proj/src/app/pages/pharmacy/PharmacyOrderDetail.tsx: {"tabSize":2,"indentSize":2,"insertSpaces":true,"cursorStyle":1,"lineNumbers":1}
insurance-proj/src/app/pages/pharmacy/PharmacyOrderDetail.tsx: {"tabSize":2,"indentSize":2,"insertSpaces":true,"cursorStyle":1,"lineNumbers":1}
insurance-proj/src/app/pages/pharmacy/PharmacyOrderDetail.tsx: {"tabSize":2,"indentSize":2,"insertSpaces":true,"cursorStyle":1,"lineNumbers":1}
insurance-proj/src/app/pages/pharmacy/PharmacyOrderDetail.tsx: {"tabSize":2,"indentSize":2,"insertSpaces":true,"cursorStyle":1,"lineNumbers":1}
insurance-proj/src/app/pages/pharmacy/PharmacyOrderDetail.tsx: {"tabSize":2,"indentSize":2,"insertSpaces":true,"cursorStyle":1,"lineNumbers":1}
insurance-proj/src/app/pages/pharmacy/PharmacyOrderDetail.tsx: {"tabSize":2,"indentSize":2,"insertSpaces":true,"cursorStyle":1,"lineNumbers":1}
insurance-proj/src/app/pages/pharmacy/PharmacyOrderDetail.tsx: {"tabSize":2,"indentSize":2,"insertSpaces":true,"cursorStyle":1,"lineNumbers":1}
insurance-proj/src/app/pages/pharmacy/PharmacyOrderDetail.tsx: {"tabSize":2,"indentSize":2,"insertSpaces":true,"cursorStyle":1,"lineNumbers":1}
insurance-proj/src/app/pages/pharmacy/PharmacyOrderDetail.tsx: {"tabSize":2,"indentSize":2,"insertSpaces":true,"cursorStyle":1,"lineNumbers":1}
insurance-proj/src/app/pages/pharmacy/PharmacyOrderDetail.tsx: {"tabSize":2,"indentSize":2,"insertSpaces":true,"cursorStyle":1,"lineNumbers":1}
insurance-proj/src/app/pages/pharmacy/PharmacyOrderDetail.tsx: {"tabSize":2,"indentSize":2,"insertSpaces":true,"cursorStyle":1,"lineNumbers":1}
insurance-proj/src/app/pages/pharmacy/PharmacyOrderDetail.tsx: {"tabSize":2,"indentSize":2,"insertSpaces":true,"cursorStyle":1,"lineNumbers":1}
insurance-proj/src/app/pages/pharmacy/PharmacyOrderDetail.tsx: {"tabSize":2,"indentSize":2,"insertSpaces":true,"cursorStyle":1,"lineNumbers":1}
insurance-proj/src/app/pages/pharmacy/PharmacyOrderDetail.tsx: {"tabSize":2,"indentSize":2,"insertSpaces":true,"cursorStyle":1,"lineNumbers":1}
insurance-proj/src/app/pages/pharmacy/PharmacyOrderDetail.tsx: {"tabSize":2,"indentSize":2,"insertSpaces":true,"cursorStyle":1,"lineNumbers":1}
insurance-proj/src/app/pages/pharmacy/PharmacyOrderDetail.tsx: {"tabSize":2,"indentSize":2,"insertSpaces":true,"cursorStyle":1,"lineNumbers":1}
insurance-proj/src/app/pages/pharmacy/PharmacyOrderDetail.tsx: {"tabSize":2,"indentSize":2,"insertSpaces":true,"cursorStyle":1,"lineNumbers":1}
insurance-proj/src/app/pages/pharmacy/PharmacyOrderDetail.tsx: {"tabSize":2,"indentSize":2,"insertSpaces":true,"cursorStyle":1,"lineNumbers":1}
insurance-proj/src/app/pages/pharmacy/PharmacyOrderDetail.tsx: {"tabSize":2,"indentSize":2,"insertSpaces":true,"cursorStyle":1,"lineNumbers":1}
insurance-proj/src/app/pages/pharmacy/PharmacyOrderDetail.tsx: {"tabSize":2,"indentSize":2,"insertSpaces":true,"cursorStyle":1,"lineNumbers":1}
insurance-proj/src/app/pages/pharmacy/PharmacyOrderDetail.tsx: {"tabSize":2,"indentSize":2,"insertSpaces":true,"cursorStyle":1,"lineNumbers":1}
insurance-proj/src/app/pages/pharmacy/PharmacyOrderDetail.tsx: {"tabSize":2,"indentSize":2,"insertSpaces":true,"cursorStyle":1,"lineNumbers":1}
insurance-proj/src/app/pages/pharmacy/PharmacyOrderDetail.tsx: {"tabSize":2,"indentSize":2,"insertSpaces":true,"cursorStyle":1,"lineNumbers":1}
insurance-proj/src/app/pages/pharmacy/PharmacyOrderDetail.tsx: {"tabSize":2,"indentSize":2,"insertSpaces":true,"cursorStyle":1,"lineNumbers":1}
insurance-proj/src/app/pages/pharmacy/PharmacyOrderDetail.tsx: {"tabSize":2,"indentSize":2,"insertSpaces":true,"cursorStyle":1,"lineNumbers":1}
insurance-proj/src/app/pages/pharmacy/PharmacyOrderDetail.tsx: {"tabSize":2,"indentSize":2,"insertSpaces":true,"cursorStyle":1,"lineNumbers":1}
insurance-proj/src/app/pages/pharmacy/PharmacyOrderDetail.tsx: {"tabSize":2,"indentSize":2,"insertSpaces":true,"cursorStyle":1,"lineNumbers":1}
insurance-proj/src/app/pages/pharmacy/PharmacyOrderDetail.tsx: {"tabSize":2,"indentSize":2,"insertSpaces":true,"cursorStyle":1,"lineNumbers":1}
insurance-proj/src/app/pages/pharmacy/PharmacyOrderDetail.tsx: {"tabSize":2,"indentSize":2,"insertSpaces":true,"cursorStyle":1,"lineNumbers":1}
insurance-proj/src/app/pages/pharmacy/PharmacyOrderDetail.tsx: {"tabSize":2,"indentSize":2,"insertSpaces":true,"cursorStyle":1,"lineNumbers":1}
insurance-proj/src/app/pages/pharmacy/PharmacyOrderDetail.tsx: {"tabSize":2,"indentSize":2,"insertSpaces":true,"cursorStyle":1,"lineNumbers":1}
insurance-proj/src/app/pages/pharmacy/PharmacyOrderDetail.tsx: {"tabSize":2,"indentSize":2,"insertSpaces":true,"cursorStyle":1,"lineNumbers":1}
insurance-proj/src/app/pages/pharmacy/PharmacyOrderDetail.tsx: {"tabSize":2,"indentSize":2,"insertSpaces":true,"cursorStyle":1,"lineNumbers":1}
insurance-proj/src/app/pages/pharmacy/PharmacyOrderDetail.tsx: {"tabSize":2,"indentSize":2,"insertSpaces":true,"cursorStyle":1,"lineNumbers":1}
insurance-proj/src/app/pages/pharmacy/PharmacyOrderDetail.tsx: {"tabSize":2,"indentSize":2,"insertSpaces":true,"cursorStyle":1,"lineNumbers":1}
insurance-proj/src/app/pages/pharmacy/PharmacyOrderDetail.tsx: {"tabSize":2,"indentSize":2,"insertSpaces":true,"cursorStyle":1,"lineNumbers":1}
insurance-proj/src/app/pages/pharmacy/PharmacyOrderDetail.tsx: {"tabSize":2,"indentSize":2,"insertSpaces":true,"cursorStyle":1,"lineNumbers":1}
insurance-proj/src/app/pages/pharmacy/PharmacyOrderDetail.tsx: {"tabSize":2,"indentSize":2,"insertSpaces":true,"cursorStyle":1,"lineNumbers":1}
insurance-proj/src/app/pages/pharmacy/PharmacyOrderDetail.tsx: {"tabSize":2,"indentSize":2,"insertSpaces":true,"cursorStyle":1,"lineNumbers":1}
insurance-proj/src/app/pages/pharmacy/PharmacyOrderDetail.tsx: {"tabSize":2,"indentSize":2,"insertSpaces":true,"cursorStyle":1,"lineNumbers":1}
insurance-proj/src/app/pages/pharmacy/PharmacyOrderDetail.tsx: {"tabSize":2,"indentSize":2,"insertSpaces":true,"cursorStyle":1,"lineNumbers":1}
insurance-proj/src/app/pages/pharmacy/PharmacyOrderDetail.tsx: {"tabSize":2,"indentSize":2,"insertSpaces":true,"cursorStyle":1,"lineNumbers":1}
insurance-proj/src/app/pages/pharmacy/PharmacyOrderDetail.tsx: {"tabSize":2,"indentSize":2,"insertSpaces":true,"cursorStyle":1,"lineNumbers":1}
insurance-proj/src/app/pages/pharmacy/PharmacyOrderDetail.tsx: {"tabSize":2,"indentSize":2,"insertSpaces":true,"cursorStyle":1,"lineNumbers":1}
insurance-proj/src/app/pages/pharmacy/PharmacyOrderDetail.tsx: {"tabSize":2,"indentSize":2,"insertSpaces":true,"cursorStyle":1,"lineNumbers":1}
insurance-proj/src/app/pages/pharmacy/PharmacyOrderDetail.tsx: {"tabSize":2,"indentSize":2,"insertSpaces":true,"cursorStyle":1,"lineNumbers":1}
insurance-proj/src/app/pages/pharmacy/PharmacyOrderDetail.tsx: {"tabSize":2,"indentSize":2,"insertSpaces":true,"cursorStyle":1,"lineNumbers":1}
insurance-proj/src/app/pages/pharmacy/PharmacyOrderDetail.tsx: {"tabSize":2,"indentSize":2,"insertSpaces":true,"cursorStyle":1,"lineNumbers":1}
insurance-proj/src/app/pages/pharmacy/PharmacyOrderDetail.tsx: {"tabSize":2,"indentSize":2,"insertSpaces":true,"cursorStyle":1,"lineNumbers":1}
insurance-proj/src/app/pages/pharmacy/PharmacyOrderDetail.tsx: {"tabSize":2,"indentSize":2,"insertSpaces":true,"cursorStyle":1,"lineNumbers":1}
insurance-proj/src/app/pages/pharmacy/PharmacyOrderDetail.tsx: {"tabSize":2,"indentSize":2,"insertSpaces":true,"cursorStyle":1,"lineNumbers":1}
insurance-proj/src/app/pages/pharmacy/PharmacyOrderDetail.tsx: {"tabSize":2,"indentSize":2,"insertSpaces":true,"cursorStyle":1,"lineNumbers":1}
insurance-proj/src/app/pages/pharmacy/PharmacyOrderDetail.tsx: {"tabSize":2,"indentSize":2,"insertSpaces":true,"cursorStyle":1,"lineNumbers":1}
insurance-proj/src/app/pages/pharmacy/PharmacyOrderDetail.tsx: {"tabSize":2,"indentSize":2,"insertSpaces":true,"cursorStyle":1,"lineNumbers":1}
insurance-proj/src/app/pages/pharmacy/PharmacyOrderDetail.tsx: {"tabSize":2,"indentSize":2,"insertSpaces":true,"cursorStyle":1,"lineNumbers":1}
insurance-proj/src/app/pages/pharmacy/PharmacyOrderDetail.tsx: {"tabSize":2,"indentSize":2,"insertSpaces":true,"cursorStyle":1,"lineNumbers":1}
insurance-proj/src/app/pages/pharmacy/PharmacyOrderDetail.tsx: {"tabSize":2,"indentSize":2,"insertSpaces":true,"cursorStyle":1,"lineNumbers":1}
insurance-proj/src/app/pages/pharmacy/PharmacyOrderDetail.tsx: {"tabSize":2,"indentSize":2,"insertSpaces":true,"cursorStyle":1,"lineNumbers":1}
insurance-proj/src/app/pages/pharmacy/PharmacyOrderDetail.tsx: {"tabSize":2,"indentSize":2,"insertSpaces":true,"cursorStyle":1,"lineNumbers":1}
insurance-proj/src/app/pages/pharmacy/PharmacyOrderDetail.tsx: {"tabSize":2,"indentSize":2,"insertSpaces":true,"cursorStyle":1,"lineNumbers":1}
insurance-proj/src/app/pages/pharmacy/PharmacyOrderDetail.tsx: {"tabSize":2,"indentSize":2,"insertSpaces":true,"cursorStyle":1,"lineNumbers":1}
insurance-proj/src/app/pages/pharmacy/PharmacyOrderDetail.tsx: {"tabSize":2,"indentSize":2,"insertSpaces":true,"cursorStyle":1,"lineNumbers":1}
insurance-proj/src/app/pages/pharmacy/PharmacyOrderDetail.tsx: {"tabSize":2,"indentSize":2,"insertSpaces":true,"cursorStyle":1,"lineNumbers":1}
insurance-proj/src/app/pages/pharmacy/PharmacyOrderDetail.tsx: {"tabSize":2,"indentSize":2,"insertSpaces":true,"cursorStyle":1,"lineNumbers":1}
insurance-proj/src/app/pages/pharmacy/PharmacyOrderDetail.tsx: {"tabSize":2,"indentSize":2,"insertSpaces":true,"cursorStyle":1,"lineNumbers":1}
insurance-proj/src/app/pages/pharmacy/PharmacyOrderDetail.tsx: {"tabSize":2,"indentSize":2,"insertSpaces":true,"cursorStyle":1,"lineNumbers":1}
insurance-proj/src/app/pages/pharmacy/PharmacyOrderDetail.tsx: {"tabSize":2,"indentSize":2,"insertSpaces":true,"cursorStyle":1,"lineNumbers":1}
insurance-proj/src/app/pages/pharmacy/PharmacyOrderDetail.tsx: {"tabSize":2,"indentSize":2,"insertSpaces":true,"cursorStyle":1,"lineNumbers":1}
insurance-proj/src/app/pages/pharmacy/PharmacyOrderDetail.tsx: {"tabSize":2,"indentSize":2,"insertSpaces":true,"cursorStyle":1,"lineNumbers":1}
insurance-proj/src/app/pages/pharmacy/PharmacyOrderDetail.tsx: {"tabSize":2,"indentSize":2,"insertSpaces":true,"cursorStyle":1,"lineNumbers":1}
insurance-proj/src/app/pages/pharmacy/PharmacyOrderDetail.tsx: {"tabSize":2,"indentSize":2,"insertSpaces":true,"cursorStyle":1,"lineNumbers":1}
insurance-proj/src/app/pages/pharmacy/PharmacyOrderDetail.tsx: {"tabSize":2,"indentSize":2,"insertSpaces":true,"cursorStyle":1,"lineNumbers":1}
insurance-proj/src/app/pages/pharmacy/PharmacyOrderDetail.tsx: {"tabSize":2,"indentSize":2,"insertSpaces":true,"cursorStyle":1,"lineNumbers":1}
insurance-proj/src/app/pages/pharmacy/PharmacyOrderDetail.tsx: {"tabSize":2,"indentSize":2,"insertSpaces":true,"cursorStyle":1,"lineNumbers":1}
insurance-proj/src/app/pages/pharmacy/PharmacyOrderDetail.tsx: {"tabSize":2,"indentSize":2,"insertSpaces":true,"cursorStyle":1,"lineNumbers":1}
insurance-proj/src/app/pages/pharmacy/PharmacyOrderDetail.tsx: {"tabSize":2,"indentSize":2,"insertSpaces":true,"cursorStyle":1,"lineNumbers":1}
insurance-proj/src/app/pages/pharmacy/PharmacyOrderDetail.tsx: {"tabSize":2,"indentSize":2,"insertSpaces":true,"cursorStyle":1,"lineNumbers":1}
insurance-proj/src/app/pages/pharmacy/PharmacyOrderDetail.tsx: {"tabSize":2,"indentSize":2,"insertSpaces":true,"cursorStyle":1,"lineNumbers":1}
insurance-proj/src/app/pages/pharmacy/PharmacyOrderDetail.tsx: {"tabSize":2,"indentSize":2,"insertSpaces":true,"cursorStyle":1,"lineNumbers":1}
insurance-proj/src/app/pages/pharmacy/PharmacyOrderDetail.tsx: {"tabSize":2,"indentSize":2,"insertSpaces":true,"cursorStyle":1,"lineNumbers":1}
insurance-proj/src/app/pages/pharmacy/PharmacyOrderDetail.tsx: {"tabSize":2,"indentSize":2,"insertSpaces":true,"cursorStyle":1,"lineNumbers":1}
insurance-proj/src/app/pages/pharmacy/PharmacyOrderDetail.tsx: {"tabSize":2,"indentSize":2,"insertSpaces":true,"cursorStyle":1,"lineNumbers":1}
insurance-proj/src/app/pages/pharmacy/PharmacyOrderDetail.tsx: {"tabSize":2,"indentSize":2,"insertSpaces":true,"cursorStyle":1,"lineNumbers":1}
insurance-proj/src/app/pages/pharmacy/PharmacyOrderDetail.tsx: {"tabSize":2,"indentSize":2,"insertSpaces":true,"cursorStyle":1,"lineNumbers":1}
insurance-proj/.env: {"tabSize":4,"indentSize":4,"insertSpaces":true,"cursorStyle":1,"lineNumbers":1}
insurance-proj/.env: Using EditorConfig core...
.env: Target charset is not set
insurance-proj/.env: {"tabSize":4,"indentSize":4,"insertSpaces":true,"cursorStyle":1,"lineNumbers":1}
insurance-proj/.env: {"tabSize":4,"indentSize":4,"insertSpaces":true,"cursorStyle":1,"lineNumbers":1}
insurance-proj/.env: {"tabSize":4,"indentSize":4,"insertSpaces":true,"cursorStyle":1,"lineNumbers":1}
insurance-proj/.env: {"tabSize":4,"indentSize":4,"insertSpaces":true,"cursorStyle":1,"lineNumbers":1}
insurance-proj/.env: {"tabSize":4,"indentSize":4,"insertSpaces":true,"cursorStyle":1,"lineNumbers":1}
No more open editors.
insurance-proj/src/main.tsx: {"tabSize":2,"indentSize":2,"insertSpaces":true,"cursorStyle":1,"lineNumbers":1}
insurance-proj/src/main.tsx: Using EditorConfig core...
src/main.tsx: Target charset is not set
insurance-proj/src/main.tsx: {"tabSize":2,"indentSize":2,"insertSpaces":true,"cursorStyle":1,"lineNumbers":1}
insurance-proj/src/main.tsx: {"tabSize":2,"indentSize":2,"insertSpaces":true,"cursorStyle":1,"lineNumbers":1}
insurance-proj/src/main.tsx: {"tabSize":2,"indentSize":2,"insertSpaces":true,"cursorStyle":1,"lineNumbers":1}
insurance-proj/src/main.tsx: {"tabSize":2,"indentSize":2,"insertSpaces":true,"cursorStyle":1,"lineNumbers":1}
insurance-proj/src/main.tsx: {"tabSize":2,"indentSize":2,"insertSpaces":true,"cursorStyle":1,"lineNumbers":1}
insurance-proj/src/main.tsx: {"tabSize":2,"indentSize":2,"insertSpaces":true,"cursorStyle":1,"lineNumbers":1}
insurance-proj/src/main.tsx: {"tabSize":2,"indentSize":2,"insertSpaces":true,"cursorStyle":1,"lineNumbers":1}
insurance-proj/src/main.tsx: {"tabSize":2,"indentSize":2,"insertSpaces":true,"cursorStyle":1,"lineNumbers":1}
insurance-proj/src/main.tsx: {"tabSize":2,"indentSize":2,"insertSpaces":true,"cursorStyle":1,"lineNumbers":1}
insurance-proj/src/main.tsx: {"tabSize":2,"indentSize":2,"insertSpaces":true,"cursorStyle":1,"lineNumbers":1}
insurance-proj/src/main.tsx: {"tabSize":2,"indentSize":2,"insertSpaces":true,"cursorStyle":1,"lineNumbers":1}
insurance-proj/src/main.tsx: {"tabSize":2,"indentSize":2,"insertSpaces":true,"cursorStyle":1,"lineNumbers":1}
insurance-proj/src/main.tsx: {"tabSize":2,"indentSize":2,"insertSpaces":true,"cursorStyle":1,"lineNumbers":1}
insurance-proj/src/main.tsx: {"tabSize":2,"indentSize":2,"insertSpaces":true,"cursorStyle":1,"lineNumbers":1}
insurance-proj/src/main.tsx: {"tabSize":2,"indentSize":2,"insertSpaces":true,"cursorStyle":1,"lineNumbers":1}
insurance-proj/src/main.tsx: {"tabSize":2,"indentSize":2,"insertSpaces":true,"cursorStyle":1,"lineNumbers":1}
insurance-proj/src/main.tsx: {"tabSize":2,"indentSize":2,"insertSpaces":true,"cursorStyle":1,"lineNumbers":1}
insurance-proj/src/main.tsx: {"tabSize":2,"indentSize":2,"insertSpaces":true,"cursorStyle":1,"lineNumbers":1}
insurance-proj/src/main.tsx: {"tabSize":2,"indentSize":2,"insertSpaces":true,"cursorStyle":1,"lineNumbers":1}
insurance-proj/src/main.tsx: {"tabSize":2,"indentSize":2,"insertSpaces":true,"cursorStyle":1,"lineNumbers":1}
insurance-proj/src/main.tsx: {"tabSize":2,"indentSize":2,"insertSpaces":true,"cursorStyle":1,"lineNumbers":1}
insurance-proj/src/main.tsx: {"tabSize":2,"indentSize":2,"insertSpaces":true,"cursorStyle":1,"lineNumbers":1}
insurance-proj/src/main.tsx: {"tabSize":2,"indentSize":2,"insertSpaces":true,"cursorStyle":1,"lineNumbers":1}
insurance-proj/src/main.tsx: {"tabSize":2,"indentSize":2,"insertSpaces":true,"cursorStyle":1,"lineNumbers":1}
insurance-proj/src/main.tsx: {"tabSize":2,"indentSize":2,"insertSpaces":true,"cursorStyle":1,"lineNumbers":1}
insurance-proj/src/main.tsx: {"tabSize":2,"indentSize":2,"insertSpaces":true,"cursorStyle":1,"lineNumbers":1}
insurance-proj/src/main.tsx: {"tabSize":2,"indentSize":2,"insertSpaces":true,"cursorStyle":1,"lineNumbers":1}
insurance-proj/src/main.tsx: {"tabSize":2,"indentSize":2,"insertSpaces":true,"cursorStyle":1,"lineNumbers":1}
insurance-proj/src/main.tsx: {"tabSize":2,"indentSize":2,"insertSpaces":true,"cursorStyle":1,"lineNumbers":1}
insurance-proj/src/main.tsx: {"tabSize":2,"indentSize":2,"insertSpaces":true,"cursorStyle":1,"lineNumbers":1}
insurance-proj/src/main.tsx: {"tabSize":2,"indentSize":2,"insertSpaces":true,"cursorStyle":1,"lineNumbers":1}
insurance-proj/src/main.tsx: {"tabSize":2,"indentSize":2,"insertSpaces":true,"cursorStyle":1,"lineNumbers":1}
insurance-proj/src/main.tsx: {"tabSize":2,"indentSize":2,"insertSpaces":true,"cursorStyle":1,"lineNumbers":1}
insurance-proj/src/main.tsx: {"tabSize":2,"indentSize":2,"insertSpaces":true,"cursorStyle":1,"lineNumbers":1}
insurance-proj/src/main.tsx: {"tabSize":2,"indentSize":2,"insertSpaces":true,"cursorStyle":1,"lineNumbers":1}
insurance-proj/src/main.tsx: {"tabSize":2,"indentSize":2,"insertSpaces":true,"cursorStyle":1,"lineNumbers":1}
insurance-proj/src/main.tsx: {"tabSize":2,"indentSize":2,"insertSpaces":true,"cursorStyle":1,"lineNumbers":1}
insurance-proj/src/main.tsx: {"tabSize":2,"indentSize":2,"insertSpaces":true,"cursorStyle":1,"lineNumbers":1}
insurance-proj/src/main.tsx: {"tabSize":2,"indentSize":2,"insertSpaces":true,"cursorStyle":1,"lineNumbers":1}
insurance-proj/src/main.tsx: {"tabSize":2,"indentSize":2,"insertSpaces":true,"cursorStyle":1,"lineNumbers":1}
insurance-proj/src/main.tsx: {"tabSize":2,"indentSize":2,"insertSpaces":true,"cursorStyle":1,"lineNumbers":1}
insurance-proj/src/main.tsx: {"tabSize":2,"indentSize":2,"insertSpaces":true,"cursorStyle":1,"lineNumbers":1}
insurance-proj/src/main.tsx: {"tabSize":2,"indentSize":2,"insertSpaces":true,"cursorStyle":1,"lineNumbers":1}
insurance-proj/src/main.tsx: {"tabSize":2,"indentSize":2,"insertSpaces":true,"cursorStyle":1,"lineNumbers":1}
insurance-proj/src/main.tsx: {"tabSize":2,"indentSize":2,"insertSpaces":true,"cursorStyle":1,"lineNumbers":1}
insurance-proj/src/main.tsx: {"tabSize":2,"indentSize":2,"insertSpaces":true,"cursorStyle":1,"lineNumbers":1}
insurance-proj/src/main.tsx: {"tabSize":2,"indentSize":2,"insertSpaces":true,"cursorStyle":1,"lineNumbers":1}
insurance-proj/src/main.tsx: {"tabSize":2,"indentSize":2,"insertSpaces":true,"cursorStyle":1,"lineNumbers":1}
insurance-proj/src/main.tsx: {"tabSize":2,"indentSize":2,"insertSpaces":true,"cursorStyle":1,"lineNumbers":1}
insurance-proj/src/main.tsx: {"tabSize":2,"indentSize":2,"insertSpaces":true,"cursorStyle":1,"lineNumbers":1}
insurance-proj/src/main.tsx: {"tabSize":2,"indentSize":2,"insertSpaces":true,"cursorStyle":1,"lineNumbers":1}
insurance-proj/src/main.tsx: {"tabSize":2,"indentSize":2,"insertSpaces":true,"cursorStyle":1,"lineNumbers":1}
insurance-proj/src/main.tsx: {"tabSize":2,"indentSize":2,"insertSpaces":true,"cursorStyle":1,"lineNumbers":1}
insurance-proj/src/main.tsx: {"tabSize":2,"indentSize":2,"insertSpaces":true,"cursorStyle":1,"lineNumbers":1}
insurance-proj/src/main.tsx: {"tabSize":2,"indentSize":2,"insertSpaces":true,"cursorStyle":1,"lineNumbers":1}
insurance-proj/src/main.tsx: {"tabSize":2,"indentSize":2,"insertSpaces":true,"cursorStyle":1,"lineNumbers":1}
insurance-proj/src/main.tsx: {"tabSize":2,"indentSize":2,"insertSpaces":true,"cursorStyle":1,"lineNumbers":1}
insurance-proj/src/main.tsx: {"tabSize":2,"indentSize":2,"insertSpaces":true,"cursorStyle":1,"lineNumbers":1}
insurance-proj/src/main.tsx: {"tabSize":2,"indentSize":2,"insertSpaces":true,"cursorStyle":1,"lineNumbers":1}
insurance-proj/src/main.tsx: {"tabSize":2,"indentSize":2,"insertSpaces":true,"cursorStyle":1,"lineNumbers":1}
insurance-proj/src/main.tsx: {"tabSize":2,"indentSize":2,"insertSpaces":true,"cursorStyle":1,"lineNumbers":1}
insurance-proj/src/main.tsx: {"tabSize":2,"indentSize":2,"insertSpaces":true,"cursorStyle":1,"lineNumbers":1}
insurance-proj/src/main.tsx: {"tabSize":2,"indentSize":2,"insertSpaces":true,"cursorStyle":1,"lineNumbers":1}
insurance-proj/src/main.tsx: {"tabSize":2,"indentSize":2,"insertSpaces":true,"cursorStyle":1,"lineNumbers":1}
insurance-proj/src/main.tsx: {"tabSize":2,"indentSize":2,"insertSpaces":true,"cursorStyle":1,"lineNumbers":1}
insurance-proj/src/main.tsx: {"tabSize":2,"indentSize":2,"insertSpaces":true,"cursorStyle":1,"lineNumbers":1}
insurance-proj/src/main.tsx: {"tabSize":2,"indentSize":2,"insertSpaces":true,"cursorStyle":1,"lineNumbers":1}
insurance-proj/src/main.tsx: {"tabSize":2,"indentSize":2,"insertSpaces":true,"cursorStyle":1,"lineNumbers":1}
insurance-proj/src/main.tsx: {"tabSize":2,"indentSize":2,"insertSpaces":true,"cursorStyle":1,"lineNumbers":1}
insurance-proj/src/main.tsx: {"tabSize":2,"indentSize":2,"insertSpaces":true,"cursorStyle":1,"lineNumbers":1}
insurance-proj/src/main.tsx: {"tabSize":2,"indentSize":2,"insertSpaces":true,"cursorStyle":1,"lineNumbers":1}
insurance-proj/src/main.tsx: {"tabSize":2,"indentSize":2,"insertSpaces":true,"cursorStyle":1,"lineNumbers":1}
insurance-proj/src/main.tsx: {"tabSize":2,"indentSize":2,"insertSpaces":true,"cursorStyle":1,"lineNumbers":1}
insurance-proj/src/main.tsx: {"tabSize":2,"indentSize":2,"insertSpaces":true,"cursorStyle":1,"lineNumbers":1}
insurance-proj/src/main.tsx: {"tabSize":2,"indentSize":2,"insertSpaces":true,"cursorStyle":1,"lineNumbers":1}
insurance-proj/src/main.tsx: {"tabSize":2,"indentSize":2,"insertSpaces":true,"cursorStyle":1,"lineNumbers":1}
insurance-proj/src/main.tsx: {"tabSize":2,"indentSize":2,"insertSpaces":true,"cursorStyle":1,"lineNumbers":1}
insurance-proj/src/main.tsx: {"tabSize":2,"indentSize":2,"insertSpaces":true,"cursorStyle":1,"lineNumbers":1}
insurance-proj/src/main.tsx: {"tabSize":2,"indentSize":2,"insertSpaces":true,"cursorStyle":1,"lineNumbers":1}
insurance-proj/src/main.tsx: {"tabSize":2,"indentSize":2,"insertSpaces":true,"cursorStyle":1,"lineNumbers":1}
insurance-proj/src/main.tsx: {"tabSize":2,"indentSize":2,"insertSpaces":true,"cursorStyle":1,"lineNumbers":1}
insurance-proj/src/main.tsx: {"tabSize":2,"indentSize":2,"insertSpaces":true,"cursorStyle":1,"lineNumbers":1}
insurance-proj/src/main.tsx: {"tabSize":2,"indentSize":2,"insertSpaces":true,"cursorStyle":1,"lineNumbers":1}
insurance-proj/src/main.tsx: {"tabSize":2,"indentSize":2,"insertSpaces":true,"cursorStyle":1,"lineNumbers":1}
insurance-proj/src/main.tsx: {"tabSize":2,"indentSize":2,"insertSpaces":true,"cursorStyle":1,"lineNumbers":1}
insurance-proj/src/main.tsx: {"tabSize":2,"indentSize":2,"insertSpaces":true,"cursorStyle":1,"lineNumbers":1}
insurance-proj/src/main.tsx: {"tabSize":2,"indentSize":2,"insertSpaces":true,"cursorStyle":1,"lineNumbers":1}
insurance-proj/src/main.tsx: {"tabSize":2,"indentSize":2,"insertSpaces":true,"cursorStyle":1,"lineNumbers":1}
insurance-proj/src/main.tsx: {"tabSize":2,"indentSize":2,"insertSpaces":true,"cursorStyle":1,"lineNumbers":1}
insurance-proj/src/main.tsx: {"tabSize":2,"indentSize":2,"insertSpaces":true,"cursorStyle":1,"lineNumbers":1}
insurance-proj/src/main.tsx: {"tabSize":2,"indentSize":2,"insertSpaces":true,"cursorStyle":1,"lineNumbers":1}
insurance-proj/src/main.tsx: {"tabSize":2,"indentSize":2,"insertSpaces":true,"cursorStyle":1,"lineNumbers":1}
insurance-proj/src/main.tsx: {"tabSize":2,"indentSize":2,"insertSpaces":true,"cursorStyle":1,"lineNumbers":1}
insurance-proj/src/main.tsx: {"tabSize":2,"indentSize":2,"insertSpaces":true,"cursorStyle":1,"lineNumbers":1}
insurance-proj/src/main.tsx: {"tabSize":2,"indentSize":2,"insertSpaces":true,"cursorStyle":1,"lineNumbers":1}
insurance-proj/src/main.tsx: {"tabSize":2,"indentSize":2,"insertSpaces":true,"cursorStyle":1,"lineNumbers":1}
insurance-proj/src/main.tsx: {"tabSize":2,"indentSize":2,"insertSpaces":true,"cursorStyle":1,"lineNumbers":1}
insurance-proj/src/main.tsx: {"tabSize":2,"indentSize":2,"insertSpaces":true,"cursorStyle":1,"lineNumbers":1}
insurance-proj/src/main.tsx: {"tabSize":2,"indentSize":2,"insertSpaces":true,"cursorStyle":1,"lineNumbers":1}
insurance-proj/src/main.tsx: {"tabSize":2,"indentSize":2,"insertSpaces":true,"cursorStyle":1,"lineNumbers":1}
insurance-proj/src/main.tsx: {"tabSize":2,"indentSize":2,"insertSpaces":true,"cursorStyle":1,"lineNumbers":1}
insurance-proj/src/main.tsx: {"tabSize":2,"indentSize":2,"insertSpaces":true,"cursorStyle":1,"lineNumbers":1}
insurance-proj/src/main.tsx: {"tabSize":2,"indentSize":2,"insertSpaces":true,"cursorStyle":1,"lineNumbers":1}
insurance-proj/src/main.tsx: {"tabSize":2,"indentSize":2,"insertSpaces":true,"cursorStyle":1,"lineNumbers":1}
insurance-proj/src/main.tsx: {"tabSize":2,"indentSize":2,"insertSpaces":true,"cursorStyle":1,"lineNumbers":1}
insurance-proj/src/main.tsx: {"tabSize":2,"indentSize":2,"insertSpaces":true,"cursorStyle":1,"lineNumbers":1}
insurance-proj/src/main.tsx: {"tabSize":2,"indentSize":2,"insertSpaces":true,"cursorStyle":1,"lineNumbers":1}
insurance-proj/src/main.tsx: {"tabSize":2,"indentSize":2,"insertSpaces":true,"cursorStyle":1,"lineNumbers":1}
insurance-proj/src/main.tsx: {"tabSize":2,"indentSize":2,"insertSpaces":true,"cursorStyle":1,"lineNumbers":1}
insurance-proj/src/main.tsx: {"tabSize":2,"indentSize":2,"insertSpaces":true,"cursorStyle":1,"lineNumbers":1}
insurance-proj/src/main.tsx: {"tabSize":2,"indentSize":2,"insertSpaces":true,"cursorStyle":1,"lineNumbers":1}
insurance-proj/src/main.tsx: {"tabSize":2,"indentSize":2,"insertSpaces":true,"cursorStyle":1,"lineNumbers":1}
insurance-proj/src/main.tsx: {"tabSize":2,"indentSize":2,"insertSpaces":true,"cursorStyle":1,"lineNumbers":1}
insurance-proj/src/main.tsx: {"tabSize":2,"indentSize":2,"insertSpaces":true,"cursorStyle":1,"lineNumbers":1}
insurance-proj/src/main.tsx: {"tabSize":2,"indentSize":2,"insertSpaces":true,"cursorStyle":1,"lineNumbers":1}
insurance-proj/src/main.tsx: {"tabSize":2,"indentSize":2,"insertSpaces":true,"cursorStyle":1,"lineNumbers":1}
insurance-proj/src/main.tsx: {"tabSize":2,"indentSize":2,"insertSpaces":true,"cursorStyle":1,"lineNumbers":1}
insurance-proj/src/main.tsx: {"tabSize":2,"indentSize":2,"insertSpaces":true,"cursorStyle":1,"lineNumbers":1}
insurance-proj/src/main.tsx: {"tabSize":2,"indentSize":2,"insertSpaces":true,"cursorStyle":1,"lineNumbers":1}
insurance-proj/src/main.tsx: {"tabSize":2,"indentSize":2,"insertSpaces":true,"cursorStyle":1,"lineNumbers":1}
insurance-proj/src/main.tsx: {"tabSize":2,"indentSize":2,"insertSpaces":true,"cursorStyle":1,"lineNumbers":1}
insurance-proj/src/main.tsx: {"tabSize":2,"indentSize":2,"insertSpaces":true,"cursorStyle":1,"lineNumbers":1}
insurance-proj/src/main.tsx: {"tabSize":2,"indentSize":2,"insertSpaces":true,"cursorStyle":1,"lineNumbers":1}
insurance-proj/src/main.tsx: {"tabSize":2,"indentSize":2,"insertSpaces":true,"cursorStyle":1,"lineNumbers":1}
insurance-proj/src/main.tsx: {"tabSize":2,"indentSize":2,"insertSpaces":true,"cursorStyle":1,"lineNumbers":1}
insurance-proj/src/main.tsx: {"tabSize":2,"indentSize":2,"insertSpaces":true,"cursorStyle":1,"lineNumbers":1}
insurance-proj/src/main.tsx: {"tabSize":2,"indentSize":2,"insertSpaces":true,"cursorStyle":1,"lineNumbers":1}
insurance-proj/src/main.tsx: {"tabSize":2,"indentSize":2,"insertSpaces":true,"cursorStyle":1,"lineNumbers":1}
insurance-proj/src/main.tsx: {"tabSize":2,"indentSize":2,"insertSpaces":true,"cursorStyle":1,"lineNumbers":1}
insurance-proj/src/main.tsx: {"tabSize":2,"indentSize":2,"insertSpaces":true,"cursorStyle":1,"lineNumbers":1}
insurance-proj/src/main.tsx: {"tabSize":2,"indentSize":2,"insertSpaces":true,"cursorStyle":1,"lineNumbers":1}
insurance-proj/src/main.tsx: {"tabSize":2,"indentSize":2,"insertSpaces":true,"cursorStyle":1,"lineNumbers":1}
insurance-proj/src/main.tsx: {"tabSize":2,"indentSize":2,"insertSpaces":true,"cursorStyle":1,"lineNumbers":1}
insurance-proj/src/main.tsx: {"tabSize":2,"indentSize":2,"insertSpaces":true,"cursorStyle":1,"lineNumbers":1}
insurance-proj/src/main.tsx: {"tabSize":2,"indentSize":2,"insertSpaces":true,"cursorStyle":1,"lineNumbers":1}
insurance-proj/src/main.tsx: {"tabSize":2,"indentSize":2,"insertSpaces":true,"cursorStyle":1,"lineNumbers":1}
insurance-proj/src/main.tsx: {"tabSize":2,"indentSize":2,"insertSpaces":true,"cursorStyle":1,"lineNumbers":1}
insurance-proj/src/main.tsx: {"tabSize":2,"indentSize":2,"insertSpaces":true,"cursorStyle":1,"lineNumbers":1}
insurance-proj/src/main.tsx: {"tabSize":2,"indentSize":2,"insertSpaces":true,"cursorStyle":1,"lineNumbers":1}
insurance-proj/src/main.tsx: {"tabSize":2,"indentSize":2,"insertSpaces":true,"cursorStyle":1,"lineNumbers":1}
insurance-proj/src/main.tsx: {"tabSize":2,"indentSize":2,"insertSpaces":true,"cursorStyle":1,"lineNumbers":1}
insurance-proj/src/main.tsx: {"tabSize":2,"indentSize":2,"insertSpaces":true,"cursorStyle":1,"lineNumbers":1}
insurance-proj/src/main.tsx: {"tabSize":2,"indentSize":2,"insertSpaces":true,"cursorStyle":1,"lineNumbers":1}
insurance-proj/src/main.tsx: {"tabSize":2,"indentSize":2,"insertSpaces":true,"cursorStyle":1,"lineNumbers":1}
insurance-proj/src/main.tsx: {"tabSize":2,"indentSize":2,"insertSpaces":true,"cursorStyle":1,"lineNumbers":1}
insurance-proj/src/main.tsx: {"tabSize":2,"indentSize":2,"insertSpaces":true,"cursorStyle":1,"lineNumbers":1}
insurance-proj/src/main.tsx: {"tabSize":2,"indentSize":2,"insertSpaces":true,"cursorStyle":1,"lineNumbers":1}
insurance-proj/src/main.tsx: {"tabSize":2,"indentSize":2,"insertSpaces":true,"cursorStyle":1,"lineNumbers":1}
insurance-proj/src/main.tsx: {"tabSize":2,"indentSize":2,"insertSpaces":true,"cursorStyle":1,"lineNumbers":1}
insurance-proj/src/main.tsx: {"tabSize":2,"indentSize":2,"insertSpaces":true,"cursorStyle":1,"lineNumbers":1}
insurance-proj/src/main.tsx: {"tabSize":2,"indentSize":2,"insertSpaces":true,"cursorStyle":1,"lineNumbers":1}
insurance-proj/src/main.tsx: {"tabSize":2,"indentSize":2,"insertSpaces":true,"cursorStyle":1,"lineNumbers":1}
insurance-proj/src/main.tsx: {"tabSize":2,"indentSize":2,"insertSpaces":true,"cursorStyle":1,"lineNumbers":1}
insurance-proj/src/main.tsx: {"tabSize":2,"indentSize":2,"insertSpaces":true,"cursorStyle":1,"lineNumbers":1}
insurance-proj/src/main.tsx: {"tabSize":2,"indentSize":2,"insertSpaces":true,"cursorStyle":1,"lineNumbers":1}
insurance-proj/src/main.tsx: {"tabSize":2,"indentSize":2,"insertSpaces":true,"cursorStyle":1,"lineNumbers":1}
insurance-proj/src/main.tsx: {"tabSize":2,"indentSize":2,"insertSpaces":true,"cursorStyle":1,"lineNumbers":1}
insurance-proj/src/main.tsx: {"tabSize":2,"indentSize":2,"insertSpaces":true,"cursorStyle":1,"lineNumbers":1}
insurance-proj/src/main.tsx: {"tabSize":2,"indentSize":2,"insertSpaces":true,"cursorStyle":1,"lineNumbers":1}
insurance-proj/src/main.tsx: {"tabSize":2,"indentSize":2,"insertSpaces":true,"cursorStyle":1,"lineNumbers":1}
insurance-proj/src/main.tsx: {"tabSize":2,"indentSize":2,"insertSpaces":true,"cursorStyle":1,"lineNumbers":1}
insurance-proj/src/main.tsx: {"tabSize":2,"indentSize":2,"insertSpaces":true,"cursorStyle":1,"lineNumbers":1}
insurance-proj/src/main.tsx: {"tabSize":2,"indentSize":2,"insertSpaces":true,"cursorStyle":1,"lineNumbers":1}
insurance-proj/src/main.tsx: {"tabSize":2,"indentSize":2,"insertSpaces":true,"cursorStyle":1,"lineNumbers":1}
insurance-proj/src/main.tsx: {"tabSize":2,"indentSize":2,"insertSpaces":true,"cursorStyle":1,"lineNumbers":1}
insurance-proj/src/main.tsx: {"tabSize":2,"indentSize":2,"insertSpaces":true,"cursorStyle":1,"lineNumbers":1}
insurance-proj/src/main.tsx: {"tabSize":2,"indentSize":2,"insertSpaces":true,"cursorStyle":1,"lineNumbers":1}
insurance-proj/src/main.tsx: {"tabSize":2,"indentSize":2,"insertSpaces":true,"cursorStyle":1,"lineNumbers":1}
insurance-proj/src/main.tsx: {"tabSize":2,"indentSize":2,"insertSpaces":true,"cursorStyle":1,"lineNumbers":1}
insurance-proj/src/main.tsx: {"tabSize":2,"indentSize":2,"insertSpaces":true,"cursorStyle":1,"lineNumbers":1}
insurance-proj/src/main.tsx: {"tabSize":2,"indentSize":2,"insertSpaces":true,"cursorStyle":1,"lineNumbers":1}
insurance-proj/src/main.tsx: {"tabSize":2,"indentSize":2,"insertSpaces":true,"cursorStyle":1,"lineNumbers":1}
insurance-proj/src/main.tsx: {"tabSize":2,"indentSize":2,"insertSpaces":true,"cursorStyle":1,"lineNumbers":1}
insurance-proj/src/main.tsx: {"tabSize":2,"indentSize":2,"insertSpaces":true,"cursorStyle":1,"lineNumbers":1}
insurance-proj/src/main.tsx: {"tabSize":2,"indentSize":2,"insertSpaces":true,"cursorStyle":1,"lineNumbers":1}
insurance-proj/src/main.tsx: {"tabSize":2,"indentSize":2,"insertSpaces":true,"cursorStyle":1,"lineNumbers":1}
insurance-proj/src/main.tsx: {"tabSize":2,"indentSize":2,"insertSpaces":true,"cursorStyle":1,"lineNumbers":1}
insurance-proj/src/main.tsx: {"tabSize":2,"indentSize":2,"insertSpaces":true,"cursorStyle":1,"lineNumbers":1}
insurance-proj/src/main.tsx: {"tabSize":2,"indentSize":2,"insertSpaces":true,"cursorStyle":1,"lineNumbers":1}
insurance-proj/src/main.tsx: {"tabSize":2,"indentSize":2,"insertSpaces":true,"cursorStyle":1,"lineNumbers":1}
insurance-proj/src/main.tsx: {"tabSize":2,"indentSize":2,"insertSpaces":true,"cursorStyle":1,"lineNumbers":1}
insurance-proj/src/main.tsx: {"tabSize":2,"indentSize":2,"insertSpaces":true,"cursorStyle":1,"lineNumbers":1}
insurance-proj/src/main.tsx: {"tabSize":2,"indentSize":2,"insertSpaces":true,"cursorStyle":1,"lineNumbers":1}
insurance-proj/src/main.tsx: {"tabSize":2,"indentSize":2,"insertSpaces":true,"cursorStyle":1,"lineNumbers":1}
insurance-proj/src/main.tsx: {"tabSize":2,"indentSize":2,"insertSpaces":true,"cursorStyle":1,"lineNumbers":1}
insurance-proj/src/main.tsx: {"tabSize":2,"indentSize":2,"insertSpaces":true,"cursorStyle":1,"lineNumbers":1}
insurance-proj/src/main.tsx: {"tabSize":2,"indentSize":2,"insertSpaces":true,"cursorStyle":1,"lineNumbers":1}
insurance-proj/src/main.tsx: {"tabSize":2,"indentSize":2,"insertSpaces":true,"cursorStyle":1,"lineNumbers":1}
insurance-proj/src/main.tsx: {"tabSize":2,"indentSize":2,"insertSpaces":true,"cursorStyle":1,"lineNumbers":1}
insurance-proj/src/main.tsx: {"tabSize":2,"indentSize":2,"insertSpaces":true,"cursorStyle":1,"lineNumbers":1}
insurance-proj/src/main.tsx: {"tabSize":2,"indentSize":2,"insertSpaces":true,"cursorStyle":1,"lineNumbers":1}
insurance-proj/src/main.tsx: {"tabSize":2,"indentSize":2,"insertSpaces":true,"cursorStyle":1,"lineNumbers":1}
insurance-proj/src/main.tsx: {"tabSize":2,"indentSize":2,"insertSpaces":true,"cursorStyle":1,"lineNumbers":1}
insurance-proj/src/main.tsx: {"tabSize":2,"indentSize":2,"insertSpaces":true,"cursorStyle":1,"lineNumbers":1}
insurance-proj/src/main.tsx: {"tabSize":2,"indentSize":2,"insertSpaces":true,"cursorStyle":1,"lineNumbers":1}
insurance-proj/src/main.tsx: {"tabSize":2,"indentSize":2,"insertSpaces":true,"cursorStyle":1,"lineNumbers":1}
insurance-proj/src/main.tsx: {"tabSize":2,"indentSize":2,"insertSpaces":true,"cursorStyle":1,"lineNumbers":1}
insurance-proj/src/main.tsx: {"tabSize":2,"indentSize":2,"insertSpaces":true,"cursorStyle":1,"lineNumbers":1}
insurance-proj/src/main.tsx: {"tabSize":2,"indentSize":2,"insertSpaces":true,"cursorStyle":1,"lineNumbers":1}
insurance-proj/src/main.tsx: {"tabSize":2,"indentSize":2,"insertSpaces":true,"cursorStyle":1,"lineNumbers":1}
insurance-proj/src/main.tsx: {"tabSize":2,"indentSize":2,"insertSpaces":true,"cursorStyle":1,"lineNumbers":1}
insurance-proj/src/main.tsx: {"tabSize":2,"indentSize":2,"insertSpaces":true,"cursorStyle":1,"lineNumbers":1}
insurance-proj/src/main.tsx: {"tabSize":2,"indentSize":2,"insertSpaces":true,"cursorStyle":1,"lineNumbers":1}
insurance-proj/src/main.tsx: {"tabSize":2,"indentSize":2,"insertSpaces":true,"cursorStyle":1,"lineNumbers":1}
insurance-proj/src/main.tsx: {"tabSize":2,"indentSize":2,"insertSpaces":true,"cursorStyle":1,"lineNumbers":1}
