2026-04-11 10:07:35.551 [info] Native locator: Refresh started
2026-04-11 10:07:35.730 [info] Native locator: Refresh finished in 456 ms
2026-04-11 10:07:35.925 [info] Native locator: Refresh started
2026-04-11 10:07:36.343 [info] Python interpreter path: /usr/bin/python
2026-04-11 10:07:36.397 [info] Native locator: Refresh finished in 474 ms
2026-04-11 10:07:39.902 [info] > pyenv which python
2026-04-11 10:07:39.902 [info] cwd: .
2026-04-11 10:07:42.718 [info] Starting Jedi language server for insurance-proj.
2026-04-11 15:25:08.514 [info] Native locator: Refresh started
2026-04-11 15:25:08.515 [info] Native locator: Refresh finished in 271 ms
2026-04-11 15:25:08.840 [info] Native locator: Refresh started
2026-04-11 15:25:09.019 [info] Python interpreter path: /usr/bin/python
2026-04-11 15:25:09.025 [info] Native locator: Refresh finished in 186 ms
2026-04-11 15:25:10.457 [info] > pyenv which python
2026-04-11 15:25:10.458 [info] cwd: .
2026-04-11 15:25:12.453 [info] Starting Jedi language server for portfolio.
2026-04-11 17:01:51.284 [info] Native locator: Refresh started
2026-04-11 17:01:51.288 [info] Native locator: Refresh finished in 358 ms
2026-04-11 17:01:51.319 [info] Native locator: Refresh started
2026-04-11 17:01:51.538 [info] Python interpreter path: /usr/bin/python
2026-04-11 17:01:51.548 [info] Native locator: Refresh finished in 230 ms
2026-04-11 17:01:54.554 [info] > pyenv which python
2026-04-11 17:01:54.554 [info] cwd: .
2026-04-11 17:01:57.733 [info] Starting Jedi language server for insurance-proj.
