2026-03-27 12:35:19.399 [info] [main] Log level: Info
2026-03-27 12:35:19.399 [info] [main] Validating found git in: "git"
2026-03-27 12:35:19.399 [info] [main] Using git "2.53.0" from "git"
2026-03-27 12:35:19.399 [info] [Model][doInitialScan] Initial repository scan started
2026-03-27 12:35:19.399 [info] > git rev-parse --show-toplevel [221ms]
2026-03-27 12:35:19.399 [info] > git rev-parse --git-dir --git-common-dir --show-superproject-working-tree [392ms]
2026-03-27 12:35:20.596 [info] [Model][openRepository] Opened repository (path): /home/yusof_0090/Projects/insurance-proj
2026-03-27 12:35:20.596 [info] [Model][openRepository] Opened repository (real path): /home/yusof_0090/Projects/insurance-proj
2026-03-27 12:35:20.596 [info] [Model][openRepository] Opened repository (kind): repository
2026-03-27 12:35:21.171 [info] > git rev-parse --show-toplevel [165ms]
2026-03-27 12:35:21.172 [info] > git config --get commit.template [171ms]
2026-03-27 12:35:21.271 [info] > git check-ignore -v -z --stdin [31ms]
2026-03-27 12:35:21.273 [info] > git rev-parse --show-toplevel [41ms]
2026-03-27 12:35:21.313 [info] > git for-each-ref --format=%(refname)%00%(upstream:short)%00%(objectname)%00%(upstream:track)%00%(upstream:remotename)%00%(upstream:remoteref) refs/heads/main refs/remotes/main [49ms]
2026-03-27 12:35:21.375 [info] > git rev-parse --show-toplevel [89ms]
2026-03-27 12:35:21.439 [info] > git rev-parse --show-toplevel [23ms]
2026-03-27 12:35:21.441 [info] [Model][doInitialScan] Initial repository scan completed - repositories (1), closed repositories (0), parent repositories (0), unsafe repositories (0)
2026-03-27 12:35:21.581 [info] > git show --textconv :src/app/pages/customer/Dashboard.tsx [129ms]
2026-03-27 12:35:21.582 [info] > git status -z -uall [39ms]
2026-03-27 12:35:21.588 [info] > git ls-files --stage -- src/app/pages/customer/Dashboard.tsx [125ms]
2026-03-27 12:35:21.631 [info] > git check-ignore -v -z --stdin [21ms]
2026-03-27 12:35:21.633 [info] > git cat-file -s ba24cf3101890b0a59746e60de6b5e86b07ab9d7 [34ms]
2026-03-27 12:35:21.634 [info] > git for-each-ref --sort -committerdate --format %(refname)%00%(objectname)%00%(*objectname) [80ms]
2026-03-27 12:35:21.971 [info] > git for-each-ref --format=%(refname)%00%(upstream:short)%00%(objectname)%00%(upstream:track)%00%(upstream:remotename)%00%(upstream:remoteref) refs/heads/main refs/remotes/main [310ms]
2026-03-27 12:35:22.071 [info] > git config --get --local branch.main.vscode-merge-base [84ms]
2026-03-27 12:35:22.083 [info] > git config --get commit.template [142ms]
2026-03-27 12:35:22.123 [info] > git for-each-ref --format=%(refname)%00%(upstream:short)%00%(objectname)%00%(upstream:track)%00%(upstream:remotename)%00%(upstream:remoteref) refs/heads/origin/main refs/remotes/origin/main [41ms]
2026-03-27 12:35:22.226 [info] > git merge-base refs/heads/main refs/remotes/origin/main [89ms]
2026-03-27 12:35:22.347 [info] > git diff --raw --numstat --diff-filter=ADMR -z --find-renames=50% 5b3827ebe5bfa94e7c27377833eee0371904e2cf...refs/remotes/origin/main -- [104ms]
2026-03-27 12:35:22.348 [info] > git for-each-ref --format=%(refname)%00%(upstream:short)%00%(objectname)%00%(upstream:track)%00%(upstream:remotename)%00%(upstream:remoteref) refs/heads/main refs/remotes/main [155ms]
2026-03-27 12:35:22.349 [info] > git fetch [1753ms]
2026-03-27 12:35:22.349 [info] Missing or invalid credentials.
Skip silent fetch commands
Missing or invalid credentials.
Skip silent fetch commands
remote: Repository not found.
fatal: Authentication failed for 'https://github.com/monir-shokohyan/insurance-proj/'
2026-03-27 12:35:22.526 [info] > git check-ignore -v -z --stdin [191ms]
2026-03-27 12:35:22.570 [info] > git config --get commit.template [44ms]
2026-03-27 12:35:22.656 [info] > git for-each-ref --format=%(refname)%00%(upstream:short)%00%(objectname)%00%(upstream:track)%00%(upstream:remotename)%00%(upstream:remoteref) refs/heads/main refs/remotes/main [22ms]
2026-03-27 12:35:22.669 [info] > git config --get commit.template [14ms]
2026-03-27 12:35:22.673 [info] > git blame --root --incremental 5b3827ebe5bfa94e7c27377833eee0371904e2cf -- src/app/pages/customer/Dashboard.tsx [75ms]
2026-03-27 12:35:22.696 [info] > git for-each-ref --format=%(refname)%00%(upstream:short)%00%(objectname)%00%(upstream:track)%00%(upstream:remotename)%00%(upstream:remoteref) refs/heads/main refs/remotes/main [9ms]
2026-03-27 12:35:22.733 [info] > git status -z -uall [16ms]
2026-03-27 12:35:22.738 [info] > git for-each-ref --sort -committerdate --format %(refname)%00%(objectname)%00%(*objectname) [7ms]
2026-03-27 12:35:22.812 [info] > git check-ignore -v -z --stdin [4ms]
2026-03-27 12:35:23.221 [info] > git diff --name-status -z --diff-filter=ADMR 5b3827ebe5bfa94e7c27377833eee0371904e2cf -- [4ms]
2026-03-27 12:35:23.826 [info] > git config --get commit.template [9ms]
2026-03-27 12:35:23.837 [info] > git for-each-ref --format=%(refname)%00%(upstream:short)%00%(objectname)%00%(upstream:track)%00%(upstream:remotename)%00%(upstream:remoteref) refs/heads/main refs/remotes/main [1ms]
2026-03-27 12:35:23.856 [info] > git status -z -uall [10ms]
2026-03-27 12:35:23.857 [info] > git for-each-ref --sort -committerdate --format %(refname)%00%(objectname)%00%(*objectname) [2ms]
2026-03-27 12:35:27.874 [info] > git check-ignore -v -z --stdin [3ms]
2026-03-27 12:35:38.959 [info] [main] Log level: Info
2026-03-27 12:35:38.959 [info] [main] Validating found git in: "git"
2026-03-27 12:35:38.959 [info] [main] Using git "2.53.0" from "git"
2026-03-27 12:35:38.959 [info] [Model][doInitialScan] Initial repository scan started
2026-03-27 12:35:38.959 [info] > git rev-parse --show-toplevel [7ms]
2026-03-27 12:35:38.959 [info] fatal: not a git repository (or any of the parent directories): .git
2026-03-27 12:35:38.970 [info] > git rev-parse --show-toplevel [4ms]
2026-03-27 12:35:38.970 [info] fatal: not a git repository (or any of the parent directories): .git
2026-03-27 12:35:38.978 [info] > git rev-parse --show-toplevel [1ms]
2026-03-27 12:35:38.978 [info] fatal: not a git repository (or any of the parent directories): .git
2026-03-27 12:35:38.988 [info] > git rev-parse --show-toplevel [3ms]
2026-03-27 12:35:38.988 [info] fatal: not a git repository (or any of the parent directories): .git
2026-03-27 12:35:38.999 [info] > git rev-parse --show-toplevel [2ms]
2026-03-27 12:35:38.999 [info] fatal: not a git repository (or any of the parent directories): .git
2026-03-27 12:35:39.008 [info] > git rev-parse --show-toplevel [1ms]
2026-03-27 12:35:39.008 [info] fatal: not a git repository (or any of the parent directories): .git
2026-03-27 12:35:39.011 [info] [Model][doInitialScan] Initial repository scan completed - repositories (0), closed repositories (0), parent repositories (0), unsafe repositories (0)
2026-03-27 12:35:40.494 [info] > git rev-parse --show-toplevel [273ms]
2026-03-27 12:35:40.494 [info] fatal: not a git repository (or any of the parent directories): .git
2026-03-27 12:35:41.176 [info] > git rev-parse --show-toplevel [11ms]
2026-03-27 12:35:41.176 [info] fatal: not a git repository (or any of the parent directories): .git
2026-03-27 13:34:08.115 [info] > git rev-parse --show-toplevel [3ms]
2026-03-27 13:34:08.115 [info] fatal: not a git repository (or any of the parent directories): .git
2026-03-27 13:34:08.132 [info] > git rev-parse --show-toplevel [2ms]
2026-03-27 13:34:08.132 [info] fatal: not a git repository (or any of the parent directories): .git
