2026-04-18 22:57:22.582 [info] Native locator: Refresh started
2026-04-18 22:57:22.582 [info] Native locator: Refresh finished in 314 ms
2026-04-18 22:57:22.844 [info] Native locator: Refresh started
2026-04-18 22:57:23.050 [info] Python interpreter path: /usr/bin/python
2026-04-18 22:57:23.075 [info] Native locator: Refresh finished in 231 ms
2026-04-18 22:57:23.206 [info] > pyenv which python
2026-04-18 22:57:23.206 [info] cwd: .
2026-04-18 22:57:27.513 [info] Starting Jedi language server for insurance-proj.
2026-04-19 11:58:42.022 [info] Environment discovery is managed by the Python Environments extension (ms-python.vscode-python-envs). Check the "Python Environments" output channel for environment-specific logs.
2026-04-19 11:58:42.302 [info] [test-by-project] Activating project-based testing mode
2026-04-19 11:58:42.302 [info] [test-by-project] Discovering projects for workspace: /home/yusof_0090/Projects/sawda_backend
2026-04-19 11:58:42.303 [info] Native locator: Refresh started
2026-04-19 11:58:42.303 [info] [test-by-project] Found 1 total Python projects from API
2026-04-19 11:58:42.303 [info] [test-by-project] Filtered to 1 projects in workspace
2026-04-19 11:58:42.303 [info] [test-by-project] Creating adapter for: sawda_backend at file:///home/yusof_0090/Projects/sawda_backend
2026-04-19 11:58:45.522 [info] > pyenv which python
2026-04-19 11:58:45.523 [info] cwd: .
2026-04-19 11:58:47.075 [info] Active interpreter [/home/yusof_0090/Projects/sawda_backend]:  /home/yusof_0090/Projects/sawda_backend/.venv/bin/python
2026-04-19 11:58:47.075 [info] [test-by-project] Registered 1 project(s) for /home/yusof_0090/Projects/sawda_backend
2026-04-19 11:58:47.081 [info] [test-by-project] Activated 1 project(s) for /home/yusof_0090/Projects/sawda_backend
2026-04-19 11:58:47.082 [info] [test-by-project] Subscribed to Python project changes
2026-04-19 11:58:47.347 [info] Native locator: Refresh finished in 5045 ms
2026-04-19 11:58:49.437 [info] Starting Pylance language server.
2026-04-19 12:45:54.519 [info] Native locator: Refresh started
2026-04-19 12:45:54.521 [info] Native locator: Refresh started
2026-04-19 12:45:54.549 [info] Send text to terminal: printenv > "/tmp/tmp-405195QqHY7A0HhEZ2.txt"
2026-04-19 12:45:54.781 [info] Native locator: Refresh finished in 264 ms
2026-04-19 12:46:17.121 [error] Unable to find workspace for given file
2026-04-19 12:46:49.490 [info] Environment discovery is managed by the Python Environments extension (ms-python.vscode-python-envs). Check the "Python Environments" output channel for environment-specific logs.
2026-04-19 12:46:49.573 [info] [test-by-project] Activating project-based testing mode
2026-04-19 12:46:49.573 [info] [test-by-project] Discovering projects for workspace: /home/yusof_0090/Projects/sawda_backend
2026-04-19 12:46:49.573 [info] Native locator: Refresh started
2026-04-19 12:46:49.573 [info] [test-by-project] Found 1 total Python projects from API
2026-04-19 12:46:49.573 [info] [test-by-project] Filtered to 1 projects in workspace
2026-04-19 12:46:49.573 [info] [test-by-project] Creating adapter for: sawda_backend at file:///home/yusof_0090/Projects/sawda_backend
2026-04-19 12:46:49.612 [info] Native locator: Refresh started
2026-04-19 12:46:49.612 [info] Native locator: Refresh started
2026-04-19 12:46:49.776 [info] Send text to terminal: printenv > "/tmp/tmp-493403H0mAiHrb461D.txt"
2026-04-19 12:46:51.119 [info] > pyenv which python
2026-04-19 12:46:51.119 [info] cwd: .
2026-04-19 12:46:51.694 [info] [test-by-project] Registered 1 project(s) for /home/yusof_0090/Projects/sawda_backend
2026-04-19 12:46:51.695 [info] [test-by-project] Activated 1 project(s) for /home/yusof_0090/Projects/sawda_backend
2026-04-19 12:46:51.695 [info] [test-by-project] Subscribed to Python project changes
2026-04-19 12:46:51.816 [info] Active interpreter [/home/yusof_0090/Projects/sawda_backend]:  /home/yusof_0090/Projects/sawda_backend/.venv/bin/python
2026-04-19 12:46:53.094 [info] Native locator: Refresh finished in 3521 ms
2026-04-19 12:46:53.997 [info] Starting Pylance language server.
2026-04-19 12:47:38.489 [error] Unable to find workspace for given file
2026-04-19 12:48:05.812 [error] Unable to find workspace for given file
2026-04-19 12:48:48.608 [error] Unable to find workspace for given file
2026-04-19 14:39:10.725 [info] Active interpreter [/home/yusof_0090/Projects/sawda_backend]:  /home/yusof_0090/.local/share/uv/python/cpython-3.12.12-linux-x86_64-gnu/bin/python
2026-04-19 14:39:15.252 [info] Active interpreter [/home/yusof_0090/Projects/sawda_backend]:  /home/yusof_0090/Projects/sawda_backend/.venv/bin/python
2026-04-19 14:39:50.385 [info] > /usr/bin/python ~/.vscode/extensions/ms-python.python-2026.4.0-linux-x64/python_files/normalizeSelection.py
