2026-03-26 16:31:55.026 [info] [main] Log level: Info
2026-03-26 16:31:55.026 [info] [main] Validating found git in: "git"
2026-03-26 16:31:55.026 [info] [main] Using git "2.53.0" from "git"
2026-03-26 16:31:55.026 [info] [Model][doInitialScan] Initial repository scan started
2026-03-26 16:31:55.026 [info] > git rev-parse --show-toplevel [37ms]
2026-03-26 16:31:55.027 [info] > git rev-parse --git-dir --git-common-dir --show-superproject-working-tree [7ms]
2026-03-26 16:31:55.058 [info] [Model][openRepository] Opened repository (path): /home/yusof_0090/Projects/insurance-proj
2026-03-26 16:31:55.058 [info] [Model][openRepository] Opened repository (real path): /home/yusof_0090/Projects/insurance-proj
2026-03-26 16:31:55.058 [info] [Model][openRepository] Opened repository (kind): repository
2026-03-26 16:31:55.102 [info] > git config --get commit.template [34ms]
2026-03-26 16:31:55.106 [info] > git rev-parse --show-toplevel [6ms]
2026-03-26 16:31:55.301 [info] > git rev-parse --show-toplevel [177ms]
2026-03-26 16:31:55.302 [info] > git for-each-ref --format=%(refname)%00%(upstream:short)%00%(objectname)%00%(upstream:track)%00%(upstream:remotename)%00%(upstream:remoteref) refs/heads/main refs/remotes/main [187ms]
2026-03-26 16:31:55.763 [info] > git rev-parse --show-toplevel [413ms]
2026-03-26 16:31:56.446 [info] > git check-ignore -v -z --stdin [677ms]
2026-03-26 16:31:56.447 [info] > git check-ignore -v -z --stdin [664ms]
2026-03-26 16:31:56.447 [info] > git status -z -uall [346ms]
2026-03-26 16:31:56.448 [info] > git rev-parse --show-toplevel [671ms]
2026-03-26 16:31:56.450 [info] [Model][doInitialScan] Initial repository scan completed - repositories (1), closed repositories (0), parent repositories (0), unsafe repositories (0)
2026-03-26 16:31:56.517 [info] > git for-each-ref --sort -committerdate --format %(refname)%00%(objectname)%00%(*objectname) [411ms]
2026-03-26 16:31:56.609 [info] > git show --textconv :src/app/pages/customer/OrderTracking.tsx [36ms]
2026-03-26 16:31:56.609 [info] > git ls-files --stage -- src/app/pages/customer/OrderTracking.tsx [29ms]
2026-03-26 16:31:56.615 [info] > git for-each-ref --format=%(refname)%00%(upstream:short)%00%(objectname)%00%(upstream:track)%00%(upstream:remotename)%00%(upstream:remoteref) refs/heads/main refs/remotes/main [63ms]
2026-03-26 16:31:56.654 [info] > git config --get --local branch.main.vscode-merge-base [35ms]
2026-03-26 16:31:56.659 [info] > git cat-file -s 31aec46fdd8730168e0a8600c779ccc0537de15e [45ms]
2026-03-26 16:31:56.660 [info] > git config --get commit.template [70ms]
2026-03-26 16:31:56.668 [info] > git for-each-ref --format=%(refname)%00%(upstream:short)%00%(objectname)%00%(upstream:track)%00%(upstream:remotename)%00%(upstream:remoteref) refs/heads/origin/main refs/remotes/origin/main [9ms]
2026-03-26 16:31:56.749 [info] > git merge-base refs/heads/main refs/remotes/origin/main [73ms]
2026-03-26 16:31:56.817 [info] > git diff --raw --numstat --diff-filter=ADMR -z --find-renames=50% 5b3827ebe5bfa94e7c27377833eee0371904e2cf...refs/remotes/origin/main -- [62ms]
2026-03-26 16:31:56.825 [info] > git for-each-ref --format=%(refname)%00%(upstream:short)%00%(objectname)%00%(upstream:track)%00%(upstream:remotename)%00%(upstream:remoteref) refs/heads/main refs/remotes/main [122ms]
2026-03-26 16:31:56.946 [info] > git check-ignore -v -z --stdin [54ms]
2026-03-26 16:31:57.041 [info] > git status -z -uall [17ms]
2026-03-26 16:31:57.044 [info] > git for-each-ref --sort -committerdate --format %(refname)%00%(objectname)%00%(*objectname) [14ms]
2026-03-26 16:31:57.149 [info] > git blame --root --incremental 5b3827ebe5bfa94e7c27377833eee0371904e2cf -- src/app/pages/customer/OrderTracking.tsx [112ms]
2026-03-26 16:31:57.724 [info] > git config --get commit.template [66ms]
2026-03-26 16:31:57.787 [info] > git for-each-ref --format=%(refname)%00%(upstream:short)%00%(objectname)%00%(upstream:track)%00%(upstream:remotename)%00%(upstream:remoteref) refs/heads/main refs/remotes/main [19ms]
2026-03-26 16:31:57.833 [info] > git status -z -uall [12ms]
2026-03-26 16:31:57.833 [info] > git for-each-ref --sort -committerdate --format %(refname)%00%(objectname)%00%(*objectname) [5ms]
2026-03-26 16:31:58.354 [info] > git diff --name-status -z --diff-filter=ADMR 5b3827ebe5bfa94e7c27377833eee0371904e2cf -- [3ms]
2026-03-26 16:33:58.356 [info] > git diff --name-status -z --diff-filter=ADMR 5b3827ebe5bfa94e7c27377833eee0371904e2cf -- [1ms]
2026-03-26 16:35:58.357 [info] > git diff --name-status -z --diff-filter=ADMR 5b3827ebe5bfa94e7c27377833eee0371904e2cf -- [2ms]
2026-03-26 16:37:58.359 [info] > git diff --name-status -z --diff-filter=ADMR 5b3827ebe5bfa94e7c27377833eee0371904e2cf -- [1ms]
2026-03-26 16:39:58.365 [info] > git diff --name-status -z --diff-filter=ADMR 5b3827ebe5bfa94e7c27377833eee0371904e2cf -- [2ms]
2026-03-26 16:41:58.362 [info] > git diff --name-status -z --diff-filter=ADMR 5b3827ebe5bfa94e7c27377833eee0371904e2cf -- [2ms]
2026-03-26 16:43:58.366 [info] > git diff --name-status -z --diff-filter=ADMR 5b3827ebe5bfa94e7c27377833eee0371904e2cf -- [2ms]
2026-03-26 16:45:58.364 [info] > git diff --name-status -z --diff-filter=ADMR 5b3827ebe5bfa94e7c27377833eee0371904e2cf -- [1ms]
2026-03-26 16:47:58.368 [info] > git diff --name-status -z --diff-filter=ADMR 5b3827ebe5bfa94e7c27377833eee0371904e2cf -- [3ms]
2026-03-26 16:49:58.370 [info] > git diff --name-status -z --diff-filter=ADMR 5b3827ebe5bfa94e7c27377833eee0371904e2cf -- [2ms]
2026-03-26 16:51:58.371 [info] > git diff --name-status -z --diff-filter=ADMR 5b3827ebe5bfa94e7c27377833eee0371904e2cf -- [1ms]
2026-03-26 16:53:58.377 [info] > git diff --name-status -z --diff-filter=ADMR 5b3827ebe5bfa94e7c27377833eee0371904e2cf -- [8ms]
2026-03-26 16:55:58.372 [info] > git diff --name-status -z --diff-filter=ADMR 5b3827ebe5bfa94e7c27377833eee0371904e2cf -- [3ms]
2026-03-26 16:57:58.376 [info] > git diff --name-status -z --diff-filter=ADMR 5b3827ebe5bfa94e7c27377833eee0371904e2cf -- [3ms]
2026-03-26 16:59:58.375 [info] > git diff --name-status -z --diff-filter=ADMR 5b3827ebe5bfa94e7c27377833eee0371904e2cf -- [1ms]
2026-03-26 17:01:58.376 [info] > git diff --name-status -z --diff-filter=ADMR 5b3827ebe5bfa94e7c27377833eee0371904e2cf -- [1ms]
2026-03-26 17:02:31.264 [info] > git fetch [1062ms]
2026-03-26 17:02:31.264 [info] Missing or invalid credentials.
Skip silent fetch commands
Missing or invalid credentials.
Skip silent fetch commands
remote: Repository not found.
fatal: Authentication failed for 'https://github.com/monir-shokohyan/insurance-proj/'
2026-03-26 17:02:31.288 [info] > git config --get commit.template [12ms]
2026-03-26 17:02:31.289 [info] > git for-each-ref --format=%(refname)%00%(upstream:short)%00%(objectname)%00%(upstream:track)%00%(upstream:remotename)%00%(upstream:remoteref) refs/heads/main refs/remotes/main [2ms]
2026-03-26 17:02:31.309 [info] > git status -z -uall [10ms]
2026-03-26 17:02:31.310 [info] > git for-each-ref --sort -committerdate --format %(refname)%00%(objectname)%00%(*objectname) [2ms]
2026-03-26 17:02:31.410 [info] > git ls-files --stage -- src/app/pages/customer/OrderTracking.tsx [3ms]
2026-03-26 17:02:31.421 [info] > git cat-file -s 31aec46fdd8730168e0a8600c779ccc0537de15e [2ms]
2026-03-26 17:02:31.434 [info] > git show --textconv :src/app/pages/customer/OrderTracking.tsx [2ms]
2026-03-26 17:03:32.925 [info] > git check-ignore -v -z --stdin [2ms]
2026-03-26 17:03:33.945 [info] > git check-ignore -v -z --stdin [1ms]
2026-03-26 17:03:34.866 [info] > git config --get commit.template [7ms]
2026-03-26 17:03:34.867 [info] > git for-each-ref --format=%(refname)%00%(upstream:short)%00%(objectname)%00%(upstream:track)%00%(upstream:remotename)%00%(upstream:remoteref) refs/heads/main refs/remotes/main [1ms]
2026-03-26 17:03:34.881 [info] > git status -z -uall [7ms]
2026-03-26 17:03:34.881 [info] > git for-each-ref --sort -committerdate --format %(refname)%00%(objectname)%00%(*objectname) [1ms]
2026-03-26 17:03:35.191 [info] > git check-ignore -v -z --stdin [1ms]
2026-03-26 17:03:38.339 [info] > git check-ignore -v -z --stdin [2ms]
2026-03-26 17:03:39.787 [info] > git check-ignore -v -z --stdin [3ms]
2026-03-26 17:03:39.895 [info] > git config --get commit.template [6ms]
2026-03-26 17:03:39.895 [info] > git for-each-ref --format=%(refname)%00%(upstream:short)%00%(objectname)%00%(upstream:track)%00%(upstream:remotename)%00%(upstream:remoteref) refs/heads/main refs/remotes/main [1ms]
2026-03-26 17:03:39.907 [info] > git status -z -uall [6ms]
2026-03-26 17:03:39.907 [info] > git for-each-ref --sort -committerdate --format %(refname)%00%(objectname)%00%(*objectname) [1ms]
2026-03-26 17:03:58.380 [info] > git diff --name-status -z --diff-filter=ADMR 5b3827ebe5bfa94e7c27377833eee0371904e2cf -- [3ms]
2026-03-26 17:04:00.628 [info] > git config --get commit.template [7ms]
2026-03-26 17:04:00.629 [info] > git for-each-ref --format=%(refname)%00%(upstream:short)%00%(objectname)%00%(upstream:track)%00%(upstream:remotename)%00%(upstream:remoteref) refs/heads/main refs/remotes/main [2ms]
2026-03-26 17:04:00.643 [info] > git status -z -uall [7ms]
2026-03-26 17:04:00.644 [info] > git for-each-ref --sort -committerdate --format %(refname)%00%(objectname)%00%(*objectname) [1ms]
2026-03-26 17:05:58.383 [info] > git diff --name-status -z --diff-filter=ADMR 5b3827ebe5bfa94e7c27377833eee0371904e2cf -- [1ms]
2026-03-26 17:07:49.093 [info] > git check-ignore -v -z --stdin [3ms]
2026-03-26 17:07:49.111 [info] > git show --textconv :vite.config.ts [8ms]
2026-03-26 17:07:49.112 [info] > git ls-files --stage -- vite.config.ts [2ms]
2026-03-26 17:07:49.120 [info] > git cat-file -s 1dbde3f8828222b5e68e3e22480e76332699d4ec [2ms]
2026-03-26 17:07:49.142 [info] > git blame --root --incremental 5b3827ebe5bfa94e7c27377833eee0371904e2cf -- vite.config.ts [3ms]
2026-03-26 17:07:49.519 [info] > git check-ignore -v -z --stdin [1ms]
2026-03-26 17:07:58.381 [info] > git diff --name-status -z --diff-filter=ADMR 5b3827ebe5bfa94e7c27377833eee0371904e2cf -- [1ms]
2026-03-26 17:08:07.829 [info] > git check-ignore -v -z --stdin [1ms]
2026-03-26 17:08:08.816 [info] > git check-ignore -v -z --stdin [3ms]
2026-03-26 17:08:10.793 [info] > git config --get commit.template [11ms]
2026-03-26 17:08:10.793 [info] > git for-each-ref --format=%(refname)%00%(upstream:short)%00%(objectname)%00%(upstream:track)%00%(upstream:remotename)%00%(upstream:remoteref) refs/heads/main refs/remotes/main [1ms]
2026-03-26 17:08:10.805 [info] > git status -z -uall [6ms]
2026-03-26 17:08:10.806 [info] > git for-each-ref --sort -committerdate --format %(refname)%00%(objectname)%00%(*objectname) [1ms]
2026-03-26 17:08:16.755 [info] > git check-ignore -v -z --stdin [1ms]
2026-03-26 17:08:17.354 [info] > git check-ignore -v -z --stdin [3ms]
2026-03-26 17:08:19.254 [info] > git config --get commit.template [12ms]
2026-03-26 17:08:19.255 [info] > git for-each-ref --format=%(refname)%00%(upstream:short)%00%(objectname)%00%(upstream:track)%00%(upstream:remotename)%00%(upstream:remoteref) refs/heads/main refs/remotes/main [2ms]
2026-03-26 17:08:19.272 [info] > git status -z -uall [8ms]
2026-03-26 17:08:19.273 [info] > git for-each-ref --sort -committerdate --format %(refname)%00%(objectname)%00%(*objectname) [2ms]
2026-03-26 17:08:19.594 [info] > git check-ignore -v -z --stdin [2ms]
2026-03-26 17:08:20.708 [info] > git check-ignore -v -z --stdin [2ms]
2026-03-26 17:08:24.295 [info] > git config --get commit.template [11ms]
2026-03-26 17:08:24.296 [info] > git for-each-ref --format=%(refname)%00%(upstream:short)%00%(objectname)%00%(upstream:track)%00%(upstream:remotename)%00%(upstream:remoteref) refs/heads/main refs/remotes/main [3ms]
2026-03-26 17:08:24.309 [info] > git status -z -uall [6ms]
2026-03-26 17:08:24.309 [info] > git for-each-ref --sort -committerdate --format %(refname)%00%(objectname)%00%(*objectname) [1ms]
2026-03-26 17:09:58.388 [info] > git diff --name-status -z --diff-filter=ADMR 5b3827ebe5bfa94e7c27377833eee0371904e2cf -- [3ms]
2026-03-26 17:11:58.387 [info] > git diff --name-status -z --diff-filter=ADMR 5b3827ebe5bfa94e7c27377833eee0371904e2cf -- [2ms]
2026-03-26 17:13:44.725 [info] > git check-ignore -v -z --stdin [2ms]
2026-03-26 17:13:52.668 [info] [main] Log level: Info
2026-03-26 17:13:52.668 [info] [main] Validating found git in: "git"
2026-03-26 17:13:52.668 [info] [main] Using git "2.53.0" from "git"
2026-03-26 17:13:52.668 [info] [Model][doInitialScan] Initial repository scan started
2026-03-26 17:13:52.668 [info] > git rev-parse --show-toplevel [69ms]
2026-03-26 17:13:52.668 [info] fatal: not a git repository (or any of the parent directories): .git
2026-03-26 17:13:52.669 [info] > git rev-parse --show-toplevel [14ms]
2026-03-26 17:13:52.669 [info] fatal: not a git repository (or any of the parent directories): .git
2026-03-26 17:13:52.908 [info] > git rev-parse --show-toplevel [33ms]
2026-03-26 17:13:52.908 [info] fatal: not a git repository (or any of the parent directories): .git
2026-03-26 17:13:52.917 [info] > git rev-parse --show-toplevel [2ms]
2026-03-26 17:13:52.917 [info] fatal: not a git repository (or any of the parent directories): .git
2026-03-26 17:13:52.941 [info] > git rev-parse --show-toplevel [17ms]
2026-03-26 17:13:52.941 [info] fatal: not a git repository (or any of the parent directories): .git
2026-03-26 17:13:52.965 [info] > git rev-parse --show-toplevel [14ms]
2026-03-26 17:13:52.965 [info] fatal: not a git repository (or any of the parent directories): .git
2026-03-26 17:13:52.968 [info] [Model][doInitialScan] Initial repository scan completed - repositories (0), closed repositories (0), parent repositories (0), unsafe repositories (0)
2026-03-26 17:13:53.073 [info] > git rev-parse --show-toplevel [18ms]
2026-03-26 17:13:53.073 [info] fatal: not a git repository (or any of the parent directories): .git
2026-03-26 17:13:53.729 [info] > git rev-parse --show-toplevel [176ms]
2026-03-26 17:13:53.729 [info] fatal: not a git repository (or any of the parent directories): .git
2026-03-26 17:13:54.573 [info] > git rev-parse --show-toplevel [2ms]
2026-03-26 17:13:54.573 [info] fatal: not a git repository (or any of the parent directories): .git
