2026-03-26 12:07:28.845 [info] [main] Log level: Info
2026-03-26 12:07:28.845 [info] [main] Validating found git in: "git"
2026-03-26 12:07:28.845 [info] [main] Using git "2.53.0" from "git"
2026-03-26 12:07:28.845 [info] [Model][doInitialScan] Initial repository scan started
2026-03-26 12:07:28.845 [info] > git rev-parse --show-toplevel [65ms]
2026-03-26 12:07:28.845 [info] > git rev-parse --git-dir --git-common-dir --show-superproject-working-tree [52ms]
2026-03-26 12:07:28.927 [info] [Model][openRepository] Opened repository (path): /home/yusof_0090/Projects/insurance-proj
2026-03-26 12:07:28.927 [info] [Model][openRepository] Opened repository (real path): /home/yusof_0090/Projects/insurance-proj
2026-03-26 12:07:28.927 [info] [Model][openRepository] Opened repository (kind): repository
2026-03-26 12:07:28.950 [info] > git rev-parse --show-toplevel [3ms]
2026-03-26 12:07:28.951 [info] > git config --get commit.template [11ms]
2026-03-26 12:07:28.962 [info] > git rev-parse --show-toplevel [6ms]
2026-03-26 12:07:28.972 [info] > git rev-parse --show-toplevel [1ms]
2026-03-26 12:07:28.972 [info] > git for-each-ref --format=%(refname)%00%(upstream:short)%00%(objectname)%00%(upstream:track)%00%(upstream:remotename)%00%(upstream:remoteref) refs/heads/main refs/remotes/main [11ms]
2026-03-26 12:07:28.980 [info] > git rev-parse --show-toplevel [1ms]
2026-03-26 12:07:28.982 [info] [Model][doInitialScan] Initial repository scan completed - repositories (1), closed repositories (0), parent repositories (0), unsafe repositories (0)
2026-03-26 12:07:29.057 [info] > git status -z -uall [40ms]
2026-03-26 12:07:29.057 [info] > git for-each-ref --sort -committerdate --format %(refname)%00%(objectname)%00%(*objectname) [33ms]
2026-03-26 12:07:29.277 [info] > git for-each-ref --format=%(refname)%00%(upstream:short)%00%(objectname)%00%(upstream:track)%00%(upstream:remotename)%00%(upstream:remoteref) refs/heads/main refs/remotes/main [183ms]
2026-03-26 12:07:29.297 [info] > git config --get --local branch.main.vscode-merge-base [10ms]
2026-03-26 12:07:29.305 [info] > git config --get commit.template [138ms]
2026-03-26 12:07:29.400 [info] > git for-each-ref --format=%(refname)%00%(upstream:short)%00%(objectname)%00%(upstream:track)%00%(upstream:remotename)%00%(upstream:remoteref) refs/heads/origin/main refs/remotes/origin/main [95ms]
2026-03-26 12:07:30.140 [info] > git merge-base refs/heads/main refs/remotes/origin/main [717ms]
2026-03-26 12:07:30.318 [info] > git check-ignore -v -z --stdin [425ms]
2026-03-26 12:07:30.319 [info] > git check-ignore -v -z --stdin [143ms]
2026-03-26 12:07:30.320 [info] > git diff --raw --numstat --diff-filter=ADMR -z --find-renames=50% 5b3827ebe5bfa94e7c27377833eee0371904e2cf...refs/remotes/origin/main -- [163ms]
2026-03-26 12:07:30.320 [info] > git for-each-ref --format=%(refname)%00%(upstream:short)%00%(objectname)%00%(upstream:track)%00%(upstream:remotename)%00%(upstream:remoteref) refs/heads/main refs/remotes/main [434ms]
2026-03-26 12:07:30.850 [info] > git show --textconv :src/app/pages/customer/Register.tsx [24ms]
2026-03-26 12:07:30.889 [info] > git ls-files --stage -- src/app/pages/customer/Register.tsx [58ms]
2026-03-26 12:07:31.040 [info] > git status -z -uall [124ms]
2026-03-26 12:07:31.061 [info] > git for-each-ref --sort -committerdate --format %(refname)%00%(objectname)%00%(*objectname) [137ms]
2026-03-26 12:07:31.075 [info] > git cat-file -s 7a353c441f04e3f6511713403568755f00bcfe4e [181ms]
2026-03-26 12:07:31.592 [info] > git blame --root --incremental 5b3827ebe5bfa94e7c27377833eee0371904e2cf -- src/app/pages/customer/Register.tsx [117ms]
2026-03-26 12:07:32.261 [info] > git config --get commit.template [54ms]
2026-03-26 12:07:32.328 [info] > git for-each-ref --format=%(refname)%00%(upstream:short)%00%(objectname)%00%(upstream:track)%00%(upstream:remotename)%00%(upstream:remoteref) refs/heads/main refs/remotes/main [21ms]
2026-03-26 12:07:32.387 [info] > git status -z -uall [9ms]
2026-03-26 12:07:32.398 [info] > git for-each-ref --sort -committerdate --format %(refname)%00%(objectname)%00%(*objectname) [13ms]
2026-03-26 12:07:32.578 [info] > git fetch [1505ms]
2026-03-26 12:07:32.578 [info] Missing or invalid credentials.
Skip silent fetch commands
Missing or invalid credentials.
Skip silent fetch commands
remote: Repository not found.
fatal: Authentication failed for 'https://github.com/monir-shokohyan/insurance-proj/'
2026-03-26 12:07:32.591 [info] > git config --get commit.template [8ms]
2026-03-26 12:07:32.592 [info] > git for-each-ref --format=%(refname)%00%(upstream:short)%00%(objectname)%00%(upstream:track)%00%(upstream:remotename)%00%(upstream:remoteref) refs/heads/main refs/remotes/main [2ms]
2026-03-26 12:07:32.613 [info] > git status -z -uall [11ms]
2026-03-26 12:07:32.614 [info] > git for-each-ref --sort -committerdate --format %(refname)%00%(objectname)%00%(*objectname) [3ms]
2026-03-26 12:07:32.999 [info] > git check-ignore -v -z --stdin [1ms]
2026-03-26 12:07:33.022 [info] > git diff --name-status -z --diff-filter=ADMR 5b3827ebe5bfa94e7c27377833eee0371904e2cf -- [1ms]
2026-03-26 12:07:52.523 [info] [main] Log level: Info
2026-03-26 12:07:52.523 [info] [main] Validating found git in: "git"
2026-03-26 12:07:52.523 [info] [main] Using git "2.53.0" from "git"
2026-03-26 12:07:52.523 [info] [Model][doInitialScan] Initial repository scan started
2026-03-26 12:07:52.523 [info] > git rev-parse --show-toplevel [882ms]
2026-03-26 12:07:52.523 [info] fatal: not a git repository (or any of the parent directories): .git
2026-03-26 12:07:52.639 [info] > git rev-parse --show-toplevel [112ms]
2026-03-26 12:07:52.639 [info] fatal: not a git repository (or any of the parent directories): .git
2026-03-26 12:07:52.932 [info] > git rev-parse --show-toplevel [73ms]
2026-03-26 12:07:52.932 [info] fatal: not a git repository (or any of the parent directories): .git
2026-03-26 12:07:52.942 [info] > git rev-parse --show-toplevel [2ms]
2026-03-26 12:07:52.942 [info] fatal: not a git repository (or any of the parent directories): .git
2026-03-26 12:07:52.966 [info] > git rev-parse --show-toplevel [18ms]
2026-03-26 12:07:52.966 [info] fatal: not a git repository (or any of the parent directories): .git
2026-03-26 12:07:52.975 [info] > git rev-parse --show-toplevel [1ms]
2026-03-26 12:07:52.975 [info] fatal: not a git repository (or any of the parent directories): .git
2026-03-26 12:07:53.064 [info] > git rev-parse --show-toplevel [13ms]
2026-03-26 12:07:53.064 [info] fatal: not a git repository (or any of the parent directories): .git
2026-03-26 12:07:53.105 [info] > git rev-parse --show-toplevel [19ms]
2026-03-26 12:07:53.105 [info] fatal: not a git repository (or any of the parent directories): .git
2026-03-26 12:07:53.123 [info] > git rev-parse --show-toplevel [3ms]
2026-03-26 12:07:53.123 [info] fatal: not a git repository (or any of the parent directories): .git
2026-03-26 12:07:53.126 [info] [Model][doInitialScan] Initial repository scan completed - repositories (0), closed repositories (0), parent repositories (0), unsafe repositories (0)
2026-03-26 12:07:53.150 [info] > git rev-parse --show-toplevel [12ms]
2026-03-26 12:07:53.150 [info] fatal: not a git repository (or any of the parent directories): .git
2026-03-26 12:07:54.259 [info] > git rev-parse --show-toplevel [286ms]
2026-03-26 12:07:54.259 [info] fatal: not a git repository (or any of the parent directories): .git
2026-03-26 12:07:54.748 [info] > git rev-parse --show-toplevel [1ms]
2026-03-26 12:07:54.748 [info] fatal: not a git repository (or any of the parent directories): .git
2026-03-26 12:08:10.303 [info] > git rev-parse --show-toplevel [1ms]
2026-03-26 12:08:10.303 [info] fatal: not a git repository (or any of the parent directories): .git
2026-03-26 13:26:47.090 [info] > git rev-parse --show-toplevel [1ms]
2026-03-26 13:26:47.090 [info] fatal: not a git repository (or any of the parent directories): .git
2026-03-26 13:38:15.182 [info] > git rev-parse --show-toplevel [1ms]
2026-03-26 13:38:15.182 [info] fatal: not a git repository (or any of the parent directories): .git
2026-03-26 13:38:15.673 [info] > git rev-parse --show-toplevel [2ms]
2026-03-26 13:38:15.673 [info] fatal: not a git repository (or any of the parent directories): .git
2026-03-26 13:38:15.846 [info] > git rev-parse --show-toplevel [2ms]
2026-03-26 13:38:15.846 [info] fatal: not a git repository (or any of the parent directories): .git
2026-03-26 13:38:15.937 [info] > git rev-parse --show-toplevel [1ms]
2026-03-26 13:38:15.937 [info] fatal: not a git repository (or any of the parent directories): .git
2026-03-26 13:38:16.041 [info] > git rev-parse --show-toplevel [1ms]
2026-03-26 13:38:16.041 [info] fatal: not a git repository (or any of the parent directories): .git
2026-03-26 13:38:16.145 [info] > git rev-parse --show-toplevel [1ms]
2026-03-26 13:38:16.145 [info] fatal: not a git repository (or any of the parent directories): .git
2026-03-26 13:38:16.269 [info] > git rev-parse --show-toplevel [1ms]
2026-03-26 13:38:16.269 [info] fatal: not a git repository (or any of the parent directories): .git
2026-03-26 13:38:16.810 [info] > git rev-parse --show-toplevel [1ms]
2026-03-26 13:38:16.810 [info] fatal: not a git repository (or any of the parent directories): .git
2026-03-26 13:38:17.600 [info] > git rev-parse --show-toplevel [1ms]
2026-03-26 13:38:17.601 [info] fatal: not a git repository (or any of the parent directories): .git
2026-03-26 13:38:34.218 [info] > git rev-parse --show-toplevel [1ms]
2026-03-26 13:38:34.218 [info] fatal: not a git repository (or any of the parent directories): .git
2026-03-26 13:38:35.801 [info] > git rev-parse --show-toplevel [1ms]
2026-03-26 13:38:35.801 [info] fatal: not a git repository (or any of the parent directories): .git
2026-03-26 13:38:35.956 [info] > git rev-parse --show-toplevel [2ms]
2026-03-26 13:38:35.956 [info] fatal: not a git repository (or any of the parent directories): .git
2026-03-26 13:38:36.103 [info] > git rev-parse --show-toplevel [0ms]
2026-03-26 13:38:36.104 [info] fatal: not a git repository (or any of the parent directories): .git
2026-03-26 13:38:36.216 [info] > git rev-parse --show-toplevel [1ms]
2026-03-26 13:38:36.216 [info] fatal: not a git repository (or any of the parent directories): .git
2026-03-26 13:38:36.320 [info] > git rev-parse --show-toplevel [1ms]
2026-03-26 13:38:36.320 [info] fatal: not a git repository (or any of the parent directories): .git
2026-03-26 13:38:36.403 [info] > git rev-parse --show-toplevel [2ms]
2026-03-26 13:38:36.403 [info] fatal: not a git repository (or any of the parent directories): .git
2026-03-26 13:57:42.288 [info] > git rev-parse --show-toplevel [1ms]
2026-03-26 13:57:42.288 [info] fatal: not a git repository (or any of the parent directories): .git
2026-03-26 14:00:24.582 [info] > git rev-parse --show-toplevel [2ms]
2026-03-26 14:00:24.582 [info] fatal: not a git repository (or any of the parent directories): .git
2026-03-26 14:00:55.831 [info] > git rev-parse --show-toplevel [1ms]
2026-03-26 14:00:55.831 [info] fatal: not a git repository (or any of the parent directories): .git
2026-03-26 14:01:13.879 [info] > git rev-parse --show-toplevel [1ms]
2026-03-26 14:01:13.879 [info] fatal: not a git repository (or any of the parent directories): .git
2026-03-26 14:01:17.353 [info] > git rev-parse --show-toplevel [1ms]
2026-03-26 14:01:17.353 [info] fatal: not a git repository (or any of the parent directories): .git
2026-03-26 14:04:37.732 [info] > git rev-parse --show-toplevel [1ms]
2026-03-26 14:04:37.732 [info] fatal: not a git repository (or any of the parent directories): .git
