2026-03-25 23:58:07.055 [info] Reading sessions from keychain...
2026-03-25 23:58:07.055 [info] Getting sessions for all scopes...
2026-03-25 23:58:07.055 [info] Got stored sessions!
2026-03-25 23:58:07.055 [info] Got 3 verified sessions.
2026-03-25 23:58:07.055 [info] Got 3 sessions for ...
2026-03-25 23:58:07.055 [info] Getting sessions for all scopes...
2026-03-25 23:58:07.055 [info] Got 3 sessions for ...
2026-03-25 23:58:07.055 [info] Getting sessions for all scopes...
2026-03-25 23:58:07.055 [info] Got 3 sessions for ...
2026-03-25 23:58:07.055 [info] Getting sessions for user:email...
2026-03-25 23:58:07.055 [info] Got 1 sessions for user:email...
2026-03-25 23:58:07.055 [info] Getting sessions for all scopes...
2026-03-25 23:58:07.055 [info] Got 3 sessions for ...
2026-03-25 23:58:07.055 [info] Getting sessions for all scopes...
2026-03-25 23:58:07.055 [info] Got 3 sessions for ...
2026-03-25 23:58:07.055 [info] Getting sessions for all scopes...
2026-03-25 23:58:07.055 [info] Got 3 sessions for ...
2026-03-25 23:58:07.055 [info] Getting sessions for all scopes...
2026-03-25 23:58:07.055 [info] Got 3 sessions for ...
2026-03-25 23:58:07.055 [info] Getting sessions for read:user,repo,user:email,workflow...
2026-03-25 23:58:07.055 [info] Got 1 sessions for read:user,repo,user:email,workflow...
2026-03-25 23:58:07.303 [info] Getting sessions for user:email...
2026-03-25 23:58:07.303 [info] Got 1 sessions for user:email...
2026-03-25 23:58:09.292 [info] Getting sessions for all scopes...
2026-03-25 23:58:09.292 [info] Got 3 sessions for ...
2026-03-25 23:58:09.297 [info] Getting sessions for all scopes...
2026-03-25 23:58:09.297 [info] Got 3 sessions for ...
2026-03-25 23:58:09.297 [info] Getting sessions for all scopes...
2026-03-25 23:58:09.297 [info] Got 3 sessions for ...
2026-03-25 23:58:09.360 [info] FetcherService: Node fetch failed with status: 429 Too Many Requests
2026-03-25 23:58:09.363 [info] Unable to resolve optional EDU details. Status: 429 Too Many Requests
2026-03-25 23:58:09.395 [info] Getting sessions for read:user,repo,user:email,workflow...
2026-03-25 23:58:09.395 [info] Got 1 sessions for read:user,repo,user:email,workflow...
2026-03-25 23:58:10.109 [info] Getting sessions for read:user,repo,user:email,workflow...
2026-03-25 23:58:10.109 [info] Got 1 sessions for read:user,repo,user:email,workflow...
2026-03-25 23:58:11.062 [info] Getting sessions for all scopes...
2026-03-25 23:58:11.062 [info] Got 3 sessions for ...
2026-03-25 23:58:11.062 [info] Getting sessions for all scopes...
2026-03-25 23:58:11.062 [info] Got 3 sessions for ...
2026-03-25 23:58:11.106 [info] Getting sessions for read:user,repo,user:email,workflow...
2026-03-25 23:58:11.106 [info] Got 1 sessions for read:user,repo,user:email,workflow...
2026-03-25 23:58:11.289 [info] Getting sessions for all scopes...
2026-03-25 23:58:11.289 [info] Got 3 sessions for ...
2026-03-25 23:58:11.289 [info] Getting sessions for all scopes...
2026-03-25 23:58:11.289 [info] Got 3 sessions for ...
2026-03-25 23:58:11.311 [info] Getting sessions for all scopes...
2026-03-25 23:58:11.311 [info] Got 3 sessions for ...
2026-03-25 23:58:11.361 [info] Getting sessions for all scopes...
2026-03-25 23:58:11.361 [info] Got 3 sessions for ...
2026-03-25 23:58:11.366 [info] Getting sessions for read:user,repo,user:email,workflow...
2026-03-25 23:58:11.366 [info] Got 1 sessions for read:user,repo,user:email,workflow...
2026-03-25 23:58:11.395 [info] Getting sessions for all scopes...
2026-03-25 23:58:11.395 [info] Got 3 sessions for ...
2026-03-25 23:58:11.398 [info] Getting sessions for read:user,repo,user:email,workflow...
2026-03-25 23:58:11.398 [info] Got 1 sessions for read:user,repo,user:email,workflow...
2026-03-25 23:58:11.740 [info] Getting sessions for all scopes...
2026-03-25 23:58:11.740 [info] Got 3 sessions for ...
2026-03-25 23:58:11.752 [info] Getting sessions for read:user,repo,user:email,workflow...
2026-03-25 23:58:11.752 [info] Got 1 sessions for read:user,repo,user:email,workflow...
2026-03-25 23:59:18.023 [info] Getting sessions for all scopes...
2026-03-25 23:59:18.023 [info] Got 3 sessions for ...
2026-03-25 23:59:18.024 [info] Getting sessions for all scopes...
2026-03-25 23:59:18.024 [info] Got 3 sessions for ...
2026-03-25 23:59:33.312 [info] Getting sessions for all scopes...
2026-03-25 23:59:33.312 [info] Got 3 sessions for ...
2026-03-25 23:59:33.313 [info] Getting sessions for all scopes...
2026-03-25 23:59:33.313 [info] Got 3 sessions for ...
2026-03-26 00:00:37.104 [info] Getting sessions for all scopes...
2026-03-26 00:00:37.104 [info] Got 3 sessions for ...
2026-03-26 00:00:37.105 [info] Getting sessions for all scopes...
2026-03-26 00:00:37.105 [info] Got 3 sessions for ...
2026-03-26 00:00:44.463 [info] Getting sessions for all scopes...
2026-03-26 00:00:44.463 [info] Got 3 sessions for ...
2026-03-26 00:00:44.466 [info] Getting sessions for read:user,repo,user:email,workflow...
2026-03-26 00:00:44.466 [info] Got 1 sessions for read:user,repo,user:email,workflow...
2026-03-26 01:00:51.278 [info] Getting sessions for all scopes...
2026-03-26 01:00:51.278 [info] Got 3 sessions for ...
2026-03-26 01:00:51.279 [info] Getting sessions for all scopes...
2026-03-26 01:00:51.279 [info] Got 3 sessions for ...
2026-03-26 01:00:58.612 [info] Getting sessions for all scopes...
2026-03-26 01:00:58.612 [info] Got 3 sessions for ...
2026-03-26 01:00:58.613 [info] Getting sessions for all scopes...
2026-03-26 01:00:58.613 [info] Got 3 sessions for ...
2026-03-26 01:01:01.180 [info] Getting sessions for all scopes...
2026-03-26 01:01:01.180 [info] Got 3 sessions for ...
2026-03-26 01:01:01.191 [info] Getting sessions for all scopes...
2026-03-26 01:01:01.191 [info] Got 3 sessions for ...
2026-03-26 01:01:50.921 [info] Getting sessions for all scopes...
2026-03-26 01:01:50.921 [info] Got 3 sessions for ...
2026-03-26 01:01:50.921 [info] Getting sessions for all scopes...
2026-03-26 01:01:50.921 [info] Got 3 sessions for ...
2026-03-26 01:01:53.017 [info] Getting sessions for all scopes...
2026-03-26 01:01:53.018 [info] Got 3 sessions for ...
2026-03-26 01:01:53.018 [info] Getting sessions for all scopes...
2026-03-26 01:01:53.018 [info] Got 3 sessions for ...
2026-03-26 01:08:00.652 [info] Getting sessions for all scopes...
2026-03-26 01:08:00.652 [info] Got 3 sessions for ...
2026-03-26 01:08:00.653 [info] Getting sessions for all scopes...
2026-03-26 01:08:00.653 [info] Got 3 sessions for ...
2026-03-26 01:10:12.137 [info] Getting sessions for all scopes...
2026-03-26 01:10:12.137 [info] Got 3 sessions for ...
2026-03-26 01:10:12.137 [info] Getting sessions for all scopes...
2026-03-26 01:10:12.138 [info] Got 3 sessions for ...
2026-03-26 01:15:28.988 [info] Getting sessions for all scopes...
2026-03-26 01:15:28.988 [info] Got 3 sessions for ...
2026-03-26 01:15:28.989 [info] Getting sessions for all scopes...
2026-03-26 01:15:28.989 [info] Got 3 sessions for ...
2026-03-26 01:15:30.829 [info] Getting sessions for all scopes...
2026-03-26 01:15:30.829 [info] Got 3 sessions for ...
2026-03-26 01:15:30.830 [info] Getting sessions for all scopes...
2026-03-26 01:15:30.830 [info] Got 3 sessions for ...
2026-03-26 01:15:30.898 [info] Getting sessions for all scopes...
2026-03-26 01:15:30.898 [info] Got 3 sessions for ...
2026-03-26 01:15:30.898 [info] Getting sessions for all scopes...
2026-03-26 01:15:30.898 [info] Got 3 sessions for ...
2026-03-26 01:15:30.901 [info] Getting sessions for read:user,repo,user:email,workflow...
2026-03-26 01:15:30.901 [info] Got 1 sessions for read:user,repo,user:email,workflow...
