2026-03-25 23:58:07.153 [info] [main] Log level: Info
2026-03-25 23:58:07.153 [info] [main] Validating found git in: "git"
2026-03-25 23:58:07.153 [info] [main] Using git "2.53.0" from "git"
2026-03-25 23:58:07.153 [info] [Model][doInitialScan] Initial repository scan started
2026-03-25 23:58:07.153 [info] > git rev-parse --show-toplevel [147ms]
2026-03-25 23:58:07.154 [info] > git rev-parse --git-dir --git-common-dir --show-superproject-working-tree [38ms]
2026-03-25 23:58:07.332 [info] [Model][openRepository] Opened repository (path): /home/yusof_0090/Projects/insurance-proj
2026-03-25 23:58:07.332 [info] [Model][openRepository] Opened repository (real path): /home/yusof_0090/Projects/insurance-proj
2026-03-25 23:58:07.332 [info] [Model][openRepository] Opened repository (kind): repository
2026-03-25 23:58:07.415 [info] > git rev-parse --show-toplevel [42ms]
2026-03-25 23:58:07.416 [info] > git config --get commit.template [49ms]
2026-03-25 23:58:07.445 [info] > git rev-parse --show-toplevel [18ms]
2026-03-25 23:58:07.521 [info] > git for-each-ref --format=%(refname)%00%(upstream:short)%00%(objectname)%00%(upstream:track)%00%(upstream:remotename)%00%(upstream:remoteref) refs/heads/main refs/remotes/main [79ms]
2026-03-25 23:58:07.993 [info] > git rev-parse --show-toplevel [474ms]
2026-03-25 23:58:08.124 [info] > git rev-parse --show-toplevel [92ms]
2026-03-25 23:58:08.126 [info] [Model][doInitialScan] Initial repository scan completed - repositories (1), closed repositories (0), parent repositories (0), unsafe repositories (0)
2026-03-25 23:58:08.454 [info] > git status -z -uall [310ms]
2026-03-25 23:58:08.454 [info] > git check-ignore -v -z --stdin [266ms]
2026-03-25 23:58:08.465 [info] > git for-each-ref --sort -committerdate --format %(refname)%00%(objectname)%00%(*objectname) [312ms]
2026-03-25 23:58:08.532 [info] > git check-ignore -v -z --stdin [32ms]
2026-03-25 23:58:08.534 [info] > git for-each-ref --format=%(refname)%00%(upstream:short)%00%(objectname)%00%(upstream:track)%00%(upstream:remotename)%00%(upstream:remoteref) refs/heads/main refs/remotes/main [48ms]
2026-03-25 23:58:09.084 [info] > git show --textconv :src/app/pages/customer/Register.tsx [510ms]
2026-03-25 23:58:09.085 [info] > git ls-files --stage -- src/app/pages/customer/Register.tsx [501ms]
2026-03-25 23:58:09.095 [info] > git config --get --local branch.main.vscode-merge-base [551ms]
2026-03-25 23:58:09.104 [info] > git config --get commit.template [577ms]
2026-03-25 23:58:09.368 [info] > git for-each-ref --format=%(refname)%00%(upstream:short)%00%(objectname)%00%(upstream:track)%00%(upstream:remotename)%00%(upstream:remoteref) refs/heads/origin/main refs/remotes/origin/main [264ms]
2026-03-25 23:58:09.380 [info] > git cat-file -s 7a353c441f04e3f6511713403568755f00bcfe4e [286ms]
2026-03-25 23:58:09.988 [info] > git merge-base refs/heads/main refs/remotes/origin/main [609ms]
2026-03-25 23:58:10.080 [info] > git diff --raw --numstat --diff-filter=ADMR -z --find-renames=50% 5b3827ebe5bfa94e7c27377833eee0371904e2cf...refs/remotes/origin/main -- [85ms]
2026-03-25 23:58:10.081 [info] > git for-each-ref --format=%(refname)%00%(upstream:short)%00%(objectname)%00%(upstream:track)%00%(upstream:remotename)%00%(upstream:remoteref) refs/heads/main refs/remotes/main [629ms]
2026-03-25 23:58:10.348 [info] > git status -z -uall [13ms]
2026-03-25 23:58:10.364 [info] > git for-each-ref --sort -committerdate --format %(refname)%00%(objectname)%00%(*objectname) [19ms]
2026-03-25 23:58:10.515 [info] > git blame --root --incremental 5b3827ebe5bfa94e7c27377833eee0371904e2cf -- src/app/pages/customer/Register.tsx [153ms]
2026-03-25 23:58:11.287 [info] > git config --get commit.template [103ms]
2026-03-25 23:58:11.364 [info] > git for-each-ref --format=%(refname)%00%(upstream:short)%00%(objectname)%00%(upstream:track)%00%(upstream:remotename)%00%(upstream:remoteref) refs/heads/main refs/remotes/main [15ms]
2026-03-25 23:58:11.387 [info] > git status -z -uall [11ms]
2026-03-25 23:58:11.388 [info] > git for-each-ref --sort -committerdate --format %(refname)%00%(objectname)%00%(*objectname) [3ms]
2026-03-25 23:58:11.863 [info] > git diff --name-status -z --diff-filter=ADMR 5b3827ebe5bfa94e7c27377833eee0371904e2cf -- [7ms]
2026-03-25 23:59:19.144 [info] > git ls-files --stage -- src/app/pages/customer/Register.tsx [2ms]
2026-03-25 23:59:19.155 [info] > git fetch [1217ms]
2026-03-25 23:59:19.155 [info] Missing or invalid credentials.
Skip silent fetch commands
Missing or invalid credentials.
Skip silent fetch commands
remote: Repository not found.
fatal: Authentication failed for 'https://github.com/monir-shokohyan/insurance-proj/'
2026-03-25 23:59:19.164 [info] > git cat-file -s 7a353c441f04e3f6511713403568755f00bcfe4e [10ms]
2026-03-25 23:59:19.166 [info] > git config --get commit.template [1ms]
2026-03-25 23:59:19.188 [info] > git show --textconv :src/app/pages/customer/Register.tsx [11ms]
2026-03-25 23:59:19.189 [info] > git for-each-ref --format=%(refname)%00%(upstream:short)%00%(objectname)%00%(upstream:track)%00%(upstream:remotename)%00%(upstream:remoteref) refs/heads/main refs/remotes/main [2ms]
2026-03-25 23:59:19.209 [info] > git status -z -uall [10ms]
2026-03-25 23:59:19.210 [info] > git for-each-ref --sort -committerdate --format %(refname)%00%(objectname)%00%(*objectname) [2ms]
2026-03-26 00:00:11.867 [info] > git diff --name-status -z --diff-filter=ADMR 5b3827ebe5bfa94e7c27377833eee0371904e2cf -- [3ms]
2026-03-26 01:00:48.277 [info] > git diff --name-status -z --diff-filter=ADMR 5b3827ebe5bfa94e7c27377833eee0371904e2cf -- [2ms]
2026-03-26 01:02:48.290 [info] > git diff --name-status -z --diff-filter=ADMR 5b3827ebe5bfa94e7c27377833eee0371904e2cf -- [12ms]
2026-03-26 01:04:48.282 [info] > git diff --name-status -z --diff-filter=ADMR 5b3827ebe5bfa94e7c27377833eee0371904e2cf -- [3ms]
2026-03-26 01:06:48.283 [info] > git diff --name-status -z --diff-filter=ADMR 5b3827ebe5bfa94e7c27377833eee0371904e2cf -- [3ms]
2026-03-26 01:08:48.284 [info] > git diff --name-status -z --diff-filter=ADMR 5b3827ebe5bfa94e7c27377833eee0371904e2cf -- [4ms]
2026-03-26 01:10:48.293 [info] > git diff --name-status -z --diff-filter=ADMR 5b3827ebe5bfa94e7c27377833eee0371904e2cf -- [3ms]
2026-03-26 01:12:48.300 [info] > git diff --name-status -z --diff-filter=ADMR 5b3827ebe5bfa94e7c27377833eee0371904e2cf -- [3ms]
2026-03-26 01:14:48.300 [info] > git diff --name-status -z --diff-filter=ADMR 5b3827ebe5bfa94e7c27377833eee0371904e2cf -- [3ms]
