2026-04-19 11:58:42.095 [info] Python-envs extension version: 1.26.0
2026-04-19 11:58:42.095 [info] 
=== Python Envs Configuration Levels ===
2026-04-19 11:58:42.095 [info] {
  "section": "Python Envs Configuration Levels",
  "defaultEnvManager": {
    "workspaceFolderValue": "undefined",
    "workspaceValue": "undefined",
    "globalValue": "undefined",
    "defaultValue": "ms-python.python:venv"
  },
  "defaultPackageManager": {
    "workspaceFolderValue": "undefined",
    "workspaceValue": "undefined",
    "globalValue": "undefined",
    "defaultValue": "ms-python.python:pip"
  }
}
2026-04-19 11:58:42.095 [info] [pet] Starting Python Locator /home/yusof_0090/.vscode/extensions/ms-python.vscode-python-envs-1.26.0-linux-x64/python-env-tools/bin/pet server
2026-04-19 11:58:42.099 [info] [pet] configure: Sending configuration update: {"workspaceDirectories":["/home/yusof_0090/Projects/sawda_backend"],"environmentDirectories":["/home/yusof_0090/Projects/sawda_backend/**/.venv"],"pipenvExecutable":"pipenv","poetryExecutable":"poetry","cacheDirectory":"/home/yusof_0090/.config/Code/User/globalStorage/ms-python.vscode-python-envs/pythonLocator"}
2026-04-19 11:58:42.230 [info] Discovered env: /home/yusof_0090/Projects/sawda_backend/.venv/bin/python
2026-04-19 11:58:42.352 [info] Discovered env: /usr/bin/python
2026-04-19 11:58:42.415 [info] Conda not found, turning off conda features. Error: Conda not found
    at F (/home/yusof_0090/.vscode/extensions/ms-python.vscode-python-envs-1.26.0-linux-x64/dist/extension.js:2:594057)
    at runNextTicks (node:internal/process/task_queues:64:5)
    at processImmediate (node:internal/timers:452:9)
    at L (/home/yusof_0090/.vscode/extensions/ms-python.vscode-python-envs-1.26.0-linux-x64/dist/extension.js:2:594182)
    at t.registerCondaFeatures (/home/yusof_0090/.vscode/extensions/ms-python.vscode-python-envs-1.26.0-linux-x64/dist/extension.js:2:614079)
    at t.safeRegister (/home/yusof_0090/.vscode/extensions/ms-python.vscode-python-envs-1.26.0-linux-x64/dist/extension.js:2:282143)
    at async Promise.all (index 1)
    at Immediate.<anonymous> (/home/yusof_0090/.vscode/extensions/ms-python.vscode-python-envs-1.26.0-linux-x64/dist/extension.js:2:741228)
2026-04-19 11:58:42.569 [info] [pet] Telemetry:  {"event":"RefreshPerformance","data":{"refreshPerformance":{"total":188,"breakdown":{"GlobalVirtualEnvs":23,"Locators":104,"Path":187,"Workspaces":24},"locators":{"Conda":91,"Homebrew":0,"LinuxGlobal":103,"PipEnv":0,"Pixi":0,"Poetry":6,"PyEnv":0,"Uv":6,"Venv":0,"VirtualEnv":0,"VirtualEnvWrapper":0}}}}
2026-04-19 11:58:44.782 [error] [pet] [2m   0.595004737s[0m [33m WARN[0m [2mpet_telemetry[0m[2m:[0m Inaccurate Python Environment Info for => 
Environment (Uv)
   Name        : sawda-marketplace
   Executable  : /home/yusof_0090/Projects/sawda_backend/.venv/bin/python
   Version     : 3.14.3
   Prefix      : /home/yusof_0090/Projects/sawda_backend/.venv
   Symlinks    : "/home/yusof_0090/Projects/sawda_backend/.venv/bin/python"
               : "/home/yusof_0090/Projects/sawda_backend/.venv/bin/python3"
               : "/home/yusof_0090/Projects/sawda_backend/.venv/bin/python3.14"
.
Resolved as => 
Environment (Uv)
   Name        : sawda-marketplace
   Executable  : /home/yusof_0090/Projects/sawda_backend/.venv/bin/python
   Version     : 3.14.4.final.0
   Prefix      : /home/yusof_0090/Projects/sawda_backend/.venv
   Architecture: x64
   Symlinks    : "/home/yusof_0090/Projects/sawda_backend/.venv/bin/python"
               : "/home/yusof_0090/Projects/sawda_backend/.venv/bin/python3"
               : "/home/yusof_0090/Projects/sawda_backend/.venv/bin/python3.14"

Incorrect information => 
Environment Some(Uv) incorrectly identified
   Version is incorrect


2026-04-19 11:58:45.060 [info] Discovered env: /home/yusof_0090/Projects/sawda_backend/.venv/bin/python
2026-04-19 11:58:45.259 [info] Resolved Python Environment /home/yusof_0090/Projects/sawda_backend/.venv/bin/python
2026-04-19 11:58:45.365 [info] Discovered env: /usr/bin/python
2026-04-19 11:58:45.493 [info] Pipenv not found
2026-04-19 11:58:45.493 [info] Pipenv not found, turning off pipenv features. If you have pipenv installed in a non-standard location, set the "python.pipenvPath" setting.
2026-04-19 11:58:45.773 [info] [pet] Telemetry:  {"event":"RefreshPerformance","data":{"refreshPerformance":{"total":110,"breakdown":{"GlobalVirtualEnvs":3,"Locators":86,"Path":109,"Workspaces":3},"locators":{"Conda":86,"Homebrew":0,"LinuxGlobal":84,"PipEnv":0,"Pixi":0,"Poetry":1,"PyEnv":0,"Uv":2,"Venv":0,"VirtualEnv":0,"VirtualEnvWrapper":0}}}}
2026-04-19 11:58:46.566 [info] Discovered env: /home/yusof_0090/Projects/sawda_backend/.venv/bin/python
2026-04-19 11:58:46.678 [info] Discovered env: /usr/bin/python
2026-04-19 11:58:46.724 [info] Pyenv not found, turning off pyenv features.
2026-04-19 11:58:46.766 [info] [pet] Telemetry:  {"event":"RefreshPerformance","data":{"refreshPerformance":{"total":95,"breakdown":{"GlobalVirtualEnvs":6,"Locators":82,"Path":95,"Workspaces":4},"locators":{"Conda":80,"Homebrew":0,"LinuxGlobal":76,"PipEnv":0,"Pixi":0,"Poetry":2,"PyEnv":0,"Uv":3,"Venv":0,"VirtualEnv":0,"VirtualEnvWrapper":0}}}}
2026-04-19 11:58:46.928 [info] Discovered env: /home/yusof_0090/Projects/sawda_backend/.venv/bin/python
2026-04-19 11:58:46.949 [info] Discovered env: /usr/bin/python
2026-04-19 11:58:46.952 [info] Poetry not found, turning off poetry features.
2026-04-19 11:58:46.955 [info] [interpreterSelection] Applying initial environment selection for 1 workspace folder(s)
2026-04-19 11:58:46.958 [info] [pet] Telemetry:  {"event":"RefreshPerformance","data":{"refreshPerformance":{"total":91,"breakdown":{"GlobalVirtualEnvs":7,"Locators":79,"Path":91,"Workspaces":3},"locators":{"Conda":78,"Homebrew":0,"LinuxGlobal":71,"PipEnv":0,"Pixi":0,"Poetry":1,"PyEnv":0,"Uv":1,"Venv":0,"VirtualEnv":0,"VirtualEnvWrapper":0}}}}
2026-04-19 11:58:46.979 [info] Discovered env: /home/yusof_0090/Projects/sawda_backend/.venv/bin/python
2026-04-19 11:58:47.053 [info] Discovered env: /usr/bin/python
2026-04-19 11:58:47.065 [info] [pet] Telemetry:  {"event":"RefreshPerformance","data":{"refreshPerformance":{"total":103,"breakdown":{"GlobalVirtualEnvs":9,"Locators":85,"Path":103,"Workspaces":5},"locators":{"Conda":83,"Homebrew":0,"LinuxGlobal":81,"PipEnv":0,"Pixi":0,"Poetry":2,"PyEnv":0,"Uv":3,"Venv":0,"VirtualEnv":0,"VirtualEnvWrapper":0}}}}
2026-04-19 11:58:47.066 [info] Found venv environment: sawda-marketplace (3.14.3)
2026-04-19 11:58:47.116 [info] Python API: Changed environment from undefined to sawda-marketplace (3.14.3) for: /home/yusof_0090/Projects/sawda_backend
2026-04-19 11:58:47.116 [info] Internal: Changed environment from undefined to sawda-marketplace (3.14.3) for: /home/yusof_0090/Projects/sawda_backend
2026-04-19 11:58:47.145 [info] Discovered env: /home/yusof_0090/Projects/sawda_backend/.venv/bin/python
2026-04-19 11:58:47.148 [info] [interpreterSelection] sawda_backend: sawda-marketplace (3.14.3) (source: autoDiscovery)
2026-04-19 11:58:47.191 [info] Discovered env: /usr/bin/python
2026-04-19 11:58:47.193 [info] [interpreterSelection] global: Python 3.14.4 (source: autoDiscovery)
2026-04-19 11:58:47.204 [info] Python API: Changed environment from undefined to Python 3.14.4 for: global
2026-04-19 11:58:47.204 [info] Internal: Changed environment from undefined to Python 3.14.4 for: global
2026-04-19 11:58:47.206 [info] [pet] Telemetry:  {"event":"RefreshPerformance","data":{"refreshPerformance":{"total":105,"breakdown":{"GlobalVirtualEnvs":2,"Locators":83,"Path":104,"Workspaces":2},"locators":{"Conda":83,"Homebrew":0,"LinuxGlobal":78,"PipEnv":0,"Pixi":0,"Poetry":0,"PyEnv":0,"Uv":0,"Venv":0,"VirtualEnv":0,"VirtualEnvWrapper":0}}}}
2026-04-19 11:58:47.221 [info] Discovered env: /home/yusof_0090/Projects/sawda_backend/.venv/bin/python
2026-04-19 11:58:47.323 [info] Discovered env: /usr/bin/python
2026-04-19 11:58:47.342 [info] [pet] Telemetry:  {"event":"RefreshPerformance","data":{"refreshPerformance":{"total":135,"breakdown":{"GlobalVirtualEnvs":12,"Locators":114,"Path":134,"Workspaces":5},"locators":{"Conda":114,"Homebrew":0,"LinuxGlobal":102,"PipEnv":0,"Pixi":0,"Poetry":2,"PyEnv":0,"Uv":0,"Venv":0,"VirtualEnv":0,"VirtualEnvWrapper":0}}}}
2026-04-19 11:58:47.344 [info] Found venv environment: sawda-marketplace (3.14.3)
2026-04-19 11:58:47.349 [info] Python API: Changed environment from sawda-marketplace (3.14.3) to sawda-marketplace (3.14.3) for: /home/yusof_0090/Projects/sawda_backend
2026-04-19 11:58:47.349 [info] Internal: Changed environment from sawda-marketplace (3.14.3) to sawda-marketplace (3.14.3) for: /home/yusof_0090/Projects/sawda_backend
2026-04-19 11:58:47.446 [info] Terminal is activated: /home/yusof_0090/Projects/sawda_backend/.venv/bin/python
2026-04-19 11:58:47.448 [info] Terminal is activated: /home/yusof_0090/Projects/sawda_backend/.venv/bin/python
2026-04-19 11:58:47.455 [info] Environment discovery complete: 2 environments found (Global: 1, venv: 1)
2026-04-19 11:58:49.451 [info] Python API: Changed environment from Python 3.14.4 to Python 3.14.4 for: global
2026-04-19 11:58:49.451 [info] Internal: Changed environment from Python 3.14.4 to Python 3.14.4 for: global
2026-04-19 12:35:58.355 [error] Shell execution timed out:  source /home/yusof_0090/Projects/sawda_backend/.venv/bin/activate
2026-04-19 12:35:58.356 [info] Terminal is activated: /home/yusof_0090/Projects/sawda_backend/.venv/bin/python
2026-04-19 12:45:54.550 [info] Discovered env: /home/yusof_0090/Projects/sawda_backend/.venv/bin/python
2026-04-19 12:45:54.615 [info] Discovered env: /usr/bin/python
2026-04-19 12:45:54.687 [info] [pet] Telemetry:  {"event":"RefreshPerformance","data":{"refreshPerformance":{"total":146,"breakdown":{"GlobalVirtualEnvs":3,"Locators":82,"Path":146,"Workspaces":4},"locators":{"Conda":82,"Homebrew":0,"LinuxGlobal":69,"PipEnv":0,"Pixi":0,"Poetry":0,"PyEnv":0,"Uv":0,"Venv":0,"VirtualEnv":0,"VirtualEnvWrapper":0}}}}
2026-04-19 12:45:54.692 [info] Discovered env: /home/yusof_0090/Projects/sawda_backend/.venv/bin/python
2026-04-19 12:45:54.767 [info] Discovered env: /usr/bin/python
2026-04-19 12:45:54.778 [info] [pet] Telemetry:  {"event":"RefreshPerformance","data":{"refreshPerformance":{"total":90,"breakdown":{"GlobalVirtualEnvs":3,"Locators":81,"Path":90,"Workspaces":3},"locators":{"Conda":80,"Homebrew":0,"LinuxGlobal":73,"PipEnv":0,"Pixi":0,"Poetry":1,"PyEnv":0,"Uv":0,"Venv":0,"VirtualEnv":0,"VirtualEnvWrapper":0}}}}
2026-04-19 12:45:54.778 [info] Found venv environment: sawda-marketplace (3.14.4)
2026-04-19 12:45:54.789 [info] Python API: Changed environment from sawda-marketplace (3.14.3) to sawda-marketplace (3.14.4) for: /home/yusof_0090/Projects/sawda_backend
2026-04-19 12:45:54.789 [info] Internal: Changed environment from sawda-marketplace (3.14.3) to sawda-marketplace (3.14.4) for: /home/yusof_0090/Projects/sawda_backend
2026-04-19 12:45:54.792 [info] Python API: Changed environment from Python 3.14.4 to Python 3.14.4 for: global
2026-04-19 12:45:54.792 [info] Internal: Changed environment from Python 3.14.4 to Python 3.14.4 for: global
2026-04-19 12:46:49.490 [info] Python-envs extension version: 1.28.0
2026-04-19 12:46:49.490 [info] 
=== Python Envs Configuration Levels ===
2026-04-19 12:46:49.490 [info] {
  "section": "Python Envs Configuration Levels",
  "defaultEnvManager": {
    "workspaceFolderValue": "undefined",
    "workspaceValue": "undefined",
    "globalValue": "undefined",
    "defaultValue": "ms-python.python:venv"
  },
  "defaultPackageManager": {
    "workspaceFolderValue": "undefined",
    "workspaceValue": "undefined",
    "globalValue": "undefined",
    "defaultValue": "ms-python.python:pip"
  }
}
2026-04-19 12:46:49.490 [info] [pet] Starting Python Locator /home/yusof_0090/.vscode/extensions/ms-python.vscode-python-envs-1.28.0-linux-x64/python-env-tools/bin/pet server
2026-04-19 12:46:49.490 [info] Registering pyenv manager (environments will be discovered lazily)
2026-04-19 12:46:49.490 [info] Registering pipenv manager (environments will be discovered lazily)
2026-04-19 12:46:49.490 [info] Registering poetry manager (environments will be discovered lazily)
2026-04-19 12:46:49.584 [info] [pet] configure: Sending configuration update: {"workspaceDirectories":["/home/yusof_0090/Projects/sawda_backend"],"environmentDirectories":["/home/yusof_0090/Projects/sawda_backend/**/.venv"],"pipenvExecutable":"pipenv","poetryExecutable":"poetry","cacheDirectory":"/home/yusof_0090/.config/Code/User/globalStorage/ms-python.vscode-python-envs/pythonLocator"}
2026-04-19 12:46:49.625 [info] [pet] configure: Sending configuration update: {"workspaceDirectories":["/home/yusof_0090/Projects/sawda_backend"],"environmentDirectories":["/home/yusof_0090/Projects/sawda_backend/**/.venv"],"pipenvExecutable":"pipenv","poetryExecutable":"poetry","cacheDirectory":"/home/yusof_0090/.config/Code/User/globalStorage/ms-python.vscode-python-envs/pythonLocator"}
2026-04-19 12:46:49.659 [info] Refreshing Pyenv Environments
2026-04-19 12:46:49.659 [info] Refreshing pyenv environments
2026-04-19 12:46:49.659 [info] Refreshing Pipenv Environments
2026-04-19 12:46:49.659 [info] Refreshing pipenv environments
2026-04-19 12:46:49.659 [info] Refreshing Poetry Environments
2026-04-19 12:46:49.659 [info] Refreshing poetry environments
2026-04-19 12:46:49.776 [info] [pet] configure: Sending configuration update: {"workspaceDirectories":["/home/yusof_0090/Projects/sawda_backend"],"environmentDirectories":["/home/yusof_0090/Projects/sawda_backend/**/.venv"],"pipenvExecutable":"pipenv","poetryExecutable":"poetry","cacheDirectory":"/home/yusof_0090/.config/Code/User/globalStorage/ms-python.vscode-python-envs/pythonLocator"}
2026-04-19 12:46:49.779 [error] [pet] [2m   0.369106768s[0m [33m WARN[0m [2mpet_python_utils::cache[0m[2m:[0m Cache directory has already been set to "/home/yusof_0090/.config/Code/User/globalStorage/ms-python.vscode-python-envs/pythonLocator". Cannot change it now.

2026-04-19 12:46:49.828 [error] [pet] [2m   0.481338924s[0m [33m WARN[0m [2mpet_python_utils::cache[0m[2m:[0m Cache directory has already been set to "/home/yusof_0090/.config/Code/User/globalStorage/ms-python.vscode-python-envs/pythonLocator". Cannot change it now.

2026-04-19 12:46:50.812 [info] Resolved Python Environment /home/yusof_0090/Projects/sawda_backend/.venv/bin/python
2026-04-19 12:46:51.004 [info] Resolved Python Environment /home/yusof_0090/Projects/sawda_backend/.venv/bin/python
2026-04-19 12:46:51.041 [info] Resolved Python Environment /home/yusof_0090/Projects/sawda_backend/.venv/bin/python
2026-04-19 12:46:51.110 [info] Resolved Python Environment /home/yusof_0090/Projects/sawda_backend/.venv/bin/python
2026-04-19 12:46:51.301 [info] Discovered env: /home/yusof_0090/Projects/sawda_backend/.venv/bin/python
2026-04-19 12:46:51.328 [info] Discovered env: /home/yusof_0090/.local/share/uv/python/cpython-3.12.12-linux-x86_64-gnu/bin/python
2026-04-19 12:46:51.648 [info] Discovered env: /usr/bin/python
2026-04-19 12:46:51.699 [info] [pet] Telemetry:  {"event":"RefreshPerformance","data":{"refreshPerformance":{"total":104,"breakdown":{"GlobalVirtualEnvs":16,"Locators":88,"Path":104,"Workspaces":17},"locators":{"Conda":87,"Homebrew":0,"LinuxGlobal":86,"PipEnv":0,"Pixi":0,"Poetry":6,"PyEnv":0,"Uv":10,"Venv":0,"VirtualEnv":0,"VirtualEnvWrapper":0}}}}
2026-04-19 12:46:51.700 [info] Python API: Changed environment from undefined to sawda-marketplace (3.14.4) for: /home/yusof_0090/Projects/sawda_backend
2026-04-19 12:46:51.700 [info] Internal: Changed environment from undefined to sawda-marketplace (3.14.4) for: /home/yusof_0090/Projects/sawda_backend
2026-04-19 12:46:51.749 [info] Python API: Changed environment from sawda-marketplace (3.14.4) to sawda-marketplace (3.14.4) for: /home/yusof_0090/Projects/sawda_backend
2026-04-19 12:46:51.749 [info] Internal: Changed environment from sawda-marketplace (3.14.4) to sawda-marketplace (3.14.4) for: /home/yusof_0090/Projects/sawda_backend
2026-04-19 12:46:51.829 [info] Discovered env: /home/yusof_0090/.local/share/uv/python/cpython-3.12.12-linux-x86_64-gnu/bin/python
2026-04-19 12:46:52.151 [info] Discovered env: /home/yusof_0090/Projects/sawda_backend/.venv/bin/python
2026-04-19 12:46:52.247 [info] Resolved Python Environment /home/yusof_0090/Projects/sawda_backend/.venv/bin/python
2026-04-19 12:46:52.265 [info] Resolved Python Environment /home/yusof_0090/Projects/sawda_backend/.venv/bin/python
2026-04-19 12:46:52.273 [info] Found venv environment: sawda-marketplace (3.14.4)
2026-04-19 12:46:52.279 [info] Resolved Python Environment /home/yusof_0090/Projects/sawda_backend/.venv/bin/python
2026-04-19 12:46:52.325 [info] Discovered env: /usr/bin/python
2026-04-19 12:46:52.355 [info] [pet] Telemetry:  {"event":"RefreshPerformance","data":{"refreshPerformance":{"total":100,"breakdown":{"GlobalVirtualEnvs":7,"Locators":80,"Path":100,"Workspaces":4},"locators":{"Conda":80,"Homebrew":0,"LinuxGlobal":79,"PipEnv":0,"Pixi":0,"Poetry":2,"PyEnv":0,"Uv":2,"Venv":0,"VirtualEnv":0,"VirtualEnvWrapper":0}}}}
2026-04-19 12:46:52.400 [info] Resolved Python Environment /home/yusof_0090/Projects/sawda_backend/.venv/bin/python
2026-04-19 12:46:52.449 [info] Resolved Python Environment /home/yusof_0090/Projects/sawda_backend/.venv/bin/python
2026-04-19 12:46:52.450 [info] Python API: Changed environment from sawda-marketplace (3.14.4) to sawda-marketplace (3.14.4) for: /home/yusof_0090/Projects/sawda_backend
2026-04-19 12:46:52.451 [info] Internal: Changed environment from sawda-marketplace (3.14.4) to sawda-marketplace (3.14.4) for: /home/yusof_0090/Projects/sawda_backend
2026-04-19 12:46:52.464 [info] Resolved Python Environment /home/yusof_0090/Projects/sawda_backend/.venv/bin/python
2026-04-19 12:46:52.465 [info] Python API: Changed environment from sawda-marketplace (3.14.4) to sawda-marketplace (3.14.4) for: /home/yusof_0090/Projects/sawda_backend
2026-04-19 12:46:52.466 [info] Internal: Changed environment from sawda-marketplace (3.14.4) to sawda-marketplace (3.14.4) for: /home/yusof_0090/Projects/sawda_backend
2026-04-19 12:46:52.474 [info] Found venv environment: cpython-3.12.12-linux-x86_64-gnu (3.12.12)
2026-04-19 12:46:52.485 [info] Discovered env: /home/yusof_0090/.local/share/uv/python/cpython-3.12.12-linux-x86_64-gnu/bin/python
2026-04-19 12:46:52.494 [info] Python API: Changed environment from sawda-marketplace (3.14.4) to sawda-marketplace (3.14.4) for: /home/yusof_0090/Projects/sawda_backend
2026-04-19 12:46:52.494 [info] Internal: Changed environment from sawda-marketplace (3.14.4) to sawda-marketplace (3.14.4) for: /home/yusof_0090/Projects/sawda_backend
2026-04-19 12:46:52.498 [info] Discovered env: /home/yusof_0090/Projects/sawda_backend/.venv/bin/python
2026-04-19 12:46:52.510 [info] Discovered env: /usr/bin/python
2026-04-19 12:46:52.515 [info] [pet] Telemetry:  {"event":"RefreshPerformance","data":{"refreshPerformance":{"total":81,"breakdown":{"GlobalVirtualEnvs":4,"Locators":70,"Path":81,"Workspaces":2},"locators":{"Conda":70,"Homebrew":0,"LinuxGlobal":68,"PipEnv":0,"Pixi":0,"Poetry":0,"PyEnv":0,"Uv":0,"Venv":0,"VirtualEnv":0,"VirtualEnvWrapper":0}}}}
2026-04-19 12:46:52.516 [info] Python API: Changed environment from sawda-marketplace (3.14.4) to sawda-marketplace (3.14.4) for: /home/yusof_0090/Projects/sawda_backend
2026-04-19 12:46:52.516 [info] Internal: Changed environment from sawda-marketplace (3.14.4) to sawda-marketplace (3.14.4) for: /home/yusof_0090/Projects/sawda_backend
2026-04-19 12:46:52.517 [info] Python API: Changed environment from sawda-marketplace (3.14.4) to sawda-marketplace (3.14.4) for: /home/yusof_0090/Projects/sawda_backend
2026-04-19 12:46:52.517 [info] Internal: Changed environment from sawda-marketplace (3.14.4) to sawda-marketplace (3.14.4) for: /home/yusof_0090/Projects/sawda_backend
2026-04-19 12:46:52.536 [info] Resolved Python Environment /home/yusof_0090/Projects/sawda_backend/.venv/bin/python
2026-04-19 12:46:52.536 [info] Python API: Changed environment from sawda-marketplace (3.14.4) to sawda-marketplace (3.14.4) for: /home/yusof_0090/Projects/sawda_backend
2026-04-19 12:46:52.536 [info] Internal: Changed environment from sawda-marketplace (3.14.4) to sawda-marketplace (3.14.4) for: /home/yusof_0090/Projects/sawda_backend
2026-04-19 12:46:52.537 [info] Python API: Changed environment from sawda-marketplace (3.14.4) to sawda-marketplace (3.14.4) for: /home/yusof_0090/Projects/sawda_backend
2026-04-19 12:46:52.538 [info] Internal: Changed environment from sawda-marketplace (3.14.4) to sawda-marketplace (3.14.4) for: /home/yusof_0090/Projects/sawda_backend
2026-04-19 12:46:52.542 [info] Resolved Python Environment /home/yusof_0090/Projects/sawda_backend/.venv/bin/python
2026-04-19 12:46:52.543 [info] Python API: Changed environment from sawda-marketplace (3.14.4) to sawda-marketplace (3.14.4) for: /home/yusof_0090/Projects/sawda_backend
2026-04-19 12:46:52.544 [info] Internal: Changed environment from sawda-marketplace (3.14.4) to sawda-marketplace (3.14.4) for: /home/yusof_0090/Projects/sawda_backend
2026-04-19 12:46:52.544 [info] Python API: Changed environment from sawda-marketplace (3.14.4) to sawda-marketplace (3.14.4) for: /home/yusof_0090/Projects/sawda_backend
2026-04-19 12:46:52.544 [info] Internal: Changed environment from sawda-marketplace (3.14.4) to sawda-marketplace (3.14.4) for: /home/yusof_0090/Projects/sawda_backend
2026-04-19 12:46:52.548 [info] Resolved Python Environment /home/yusof_0090/Projects/sawda_backend/.venv/bin/python
2026-04-19 12:46:52.574 [info] Python API: Changed environment from sawda-marketplace (3.14.4) to sawda-marketplace (3.14.4) for: /home/yusof_0090/Projects/sawda_backend
2026-04-19 12:46:52.574 [info] Internal: Changed environment from sawda-marketplace (3.14.4) to sawda-marketplace (3.14.4) for: /home/yusof_0090/Projects/sawda_backend
2026-04-19 12:46:52.607 [info] Resolved Python Environment /home/yusof_0090/Projects/sawda_backend/.venv/bin/python
2026-04-19 12:46:52.610 [info] Resolved Python Environment /home/yusof_0090/Projects/sawda_backend/.venv/bin/python
2026-04-19 12:46:52.610 [info] Found venv environment: cpython-3.12.12-linux-x86_64-gnu (3.12.12)
2026-04-19 12:46:52.611 [info] Discovered env: /home/yusof_0090/.local/share/uv/python/cpython-3.12.12-linux-x86_64-gnu/bin/python
2026-04-19 12:46:52.611 [info] Discovered env: /home/yusof_0090/Projects/sawda_backend/.venv/bin/python
2026-04-19 12:46:52.611 [info] Discovered env: /usr/bin/python
2026-04-19 12:46:52.612 [info] Python API: Changed environment from sawda-marketplace (3.14.4) to sawda-marketplace (3.14.4) for: /home/yusof_0090/Projects/sawda_backend
2026-04-19 12:46:52.612 [info] Internal: Changed environment from sawda-marketplace (3.14.4) to sawda-marketplace (3.14.4) for: /home/yusof_0090/Projects/sawda_backend
2026-04-19 12:46:52.613 [info] Python API: Changed environment from sawda-marketplace (3.14.4) to sawda-marketplace (3.14.4) for: /home/yusof_0090/Projects/sawda_backend
2026-04-19 12:46:52.613 [info] Internal: Changed environment from sawda-marketplace (3.14.4) to sawda-marketplace (3.14.4) for: /home/yusof_0090/Projects/sawda_backend
2026-04-19 12:46:52.614 [info] Python API: Changed environment from sawda-marketplace (3.14.4) to sawda-marketplace (3.14.4) for: /home/yusof_0090/Projects/sawda_backend
2026-04-19 12:46:52.614 [info] Internal: Changed environment from sawda-marketplace (3.14.4) to sawda-marketplace (3.14.4) for: /home/yusof_0090/Projects/sawda_backend
2026-04-19 12:46:52.614 [info] Python API: Changed environment from sawda-marketplace (3.14.4) to sawda-marketplace (3.14.4) for: /home/yusof_0090/Projects/sawda_backend
2026-04-19 12:46:52.614 [info] Internal: Changed environment from sawda-marketplace (3.14.4) to sawda-marketplace (3.14.4) for: /home/yusof_0090/Projects/sawda_backend
2026-04-19 12:46:52.615 [info] Python API: Changed environment from sawda-marketplace (3.14.4) to sawda-marketplace (3.14.4) for: /home/yusof_0090/Projects/sawda_backend
2026-04-19 12:46:52.615 [info] Internal: Changed environment from sawda-marketplace (3.14.4) to sawda-marketplace (3.14.4) for: /home/yusof_0090/Projects/sawda_backend
2026-04-19 12:46:52.615 [info] Python API: Changed environment from sawda-marketplace (3.14.4) to sawda-marketplace (3.14.4) for: /home/yusof_0090/Projects/sawda_backend
2026-04-19 12:46:52.615 [info] Internal: Changed environment from sawda-marketplace (3.14.4) to sawda-marketplace (3.14.4) for: /home/yusof_0090/Projects/sawda_backend
2026-04-19 12:46:52.618 [info] Python API: Changed environment from sawda-marketplace (3.14.4) to sawda-marketplace (3.14.4) for: /home/yusof_0090/Projects/sawda_backend
2026-04-19 12:46:52.618 [info] Internal: Changed environment from sawda-marketplace (3.14.4) to sawda-marketplace (3.14.4) for: /home/yusof_0090/Projects/sawda_backend
2026-04-19 12:46:52.619 [info] Python API: Changed environment from sawda-marketplace (3.14.4) to sawda-marketplace (3.14.4) for: /home/yusof_0090/Projects/sawda_backend
2026-04-19 12:46:52.619 [info] Internal: Changed environment from sawda-marketplace (3.14.4) to sawda-marketplace (3.14.4) for: /home/yusof_0090/Projects/sawda_backend
2026-04-19 12:46:52.619 [info] Found venv environment: sawda-marketplace (3.14.4)
2026-04-19 12:46:52.620 [info] Python API: Changed environment from sawda-marketplace (3.14.4) to sawda-marketplace (3.14.4) for: /home/yusof_0090/Projects/sawda_backend
2026-04-19 12:46:52.620 [info] Internal: Changed environment from sawda-marketplace (3.14.4) to sawda-marketplace (3.14.4) for: /home/yusof_0090/Projects/sawda_backend
2026-04-19 12:46:52.624 [info] Python API: Changed environment from sawda-marketplace (3.14.4) to Python 3.14.4 for: /home/yusof_0090/Projects/sawda_backend
2026-04-19 12:46:52.624 [info] Internal: Changed environment from sawda-marketplace (3.14.4) to Python 3.14.4 for: /home/yusof_0090/Projects/sawda_backend
2026-04-19 12:46:52.625 [info] Python API: Changed environment from Python 3.14.4 to sawda-marketplace (3.14.4) for: /home/yusof_0090/Projects/sawda_backend
2026-04-19 12:46:52.625 [info] Internal: Changed environment from Python 3.14.4 to sawda-marketplace (3.14.4) for: /home/yusof_0090/Projects/sawda_backend
2026-04-19 12:46:52.634 [info] [pet] Telemetry:  {"event":"RefreshPerformance","data":{"refreshPerformance":{"total":110,"breakdown":{"GlobalVirtualEnvs":7,"Locators":89,"Path":110,"Workspaces":6},"locators":{"Conda":89,"Homebrew":0,"LinuxGlobal":84,"PipEnv":0,"Pixi":0,"Poetry":0,"PyEnv":0,"Uv":3,"Venv":0,"VirtualEnv":0,"VirtualEnvWrapper":0}}}}
2026-04-19 12:46:52.651 [info] Discovered env: /home/yusof_0090/.local/share/uv/python/cpython-3.12.12-linux-x86_64-gnu/bin/python
2026-04-19 12:46:52.652 [info] Discovered env: /home/yusof_0090/Projects/sawda_backend/.venv/bin/python
2026-04-19 12:46:52.664 [info] Refreshing pyenv environments
2026-04-19 12:46:52.712 [info] Discovered env: /usr/bin/python
2026-04-19 12:46:52.755 [info] [pet] Telemetry:  {"event":"RefreshPerformance","data":{"refreshPerformance":{"total":90,"breakdown":{"GlobalVirtualEnvs":4,"Locators":78,"Path":90,"Workspaces":3},"locators":{"Conda":76,"Homebrew":0,"LinuxGlobal":73,"PipEnv":0,"Pixi":0,"Poetry":0,"PyEnv":0,"Uv":1,"Venv":0,"VirtualEnv":0,"VirtualEnvWrapper":0}}}}
2026-04-19 12:46:52.828 [info] Discovered env: /home/yusof_0090/.local/share/uv/python/cpython-3.12.12-linux-x86_64-gnu/bin/python
2026-04-19 12:46:52.829 [info] Discovered env: /home/yusof_0090/Projects/sawda_backend/.venv/bin/python
2026-04-19 12:46:52.842 [info] Pipenv not found via settings, cache, or PATH
2026-04-19 12:46:52.842 [info] Found 0 pipenv environments
2026-04-19 12:46:52.843 [info] Discovered env: /usr/bin/python
2026-04-19 12:46:52.979 [info] [pet] Telemetry:  {"event":"RefreshPerformance","data":{"refreshPerformance":{"total":92,"breakdown":{"GlobalVirtualEnvs":3,"Locators":75,"Path":92,"Workspaces":3},"locators":{"Conda":73,"Homebrew":0,"LinuxGlobal":73,"PipEnv":0,"Pixi":0,"Poetry":0,"PyEnv":0,"Uv":0,"Venv":0,"VirtualEnv":0,"VirtualEnvWrapper":0}}}}
2026-04-19 12:46:52.995 [info] Pipenv not found via settings, cache, or PATH
2026-04-19 12:46:52.996 [info] Refreshing pipenv environments
2026-04-19 12:46:53.016 [info] Discovered env: /home/yusof_0090/.local/share/uv/python/cpython-3.12.12-linux-x86_64-gnu/bin/python
2026-04-19 12:46:53.028 [info] Discovered env: /home/yusof_0090/Projects/sawda_backend/.venv/bin/python
2026-04-19 12:46:53.034 [info] Poetry executable not found
2026-04-19 12:46:53.072 [info] Pipenv not found via settings, cache, or PATH
2026-04-19 12:46:53.072 [info] Found 0 pipenv environments
2026-04-19 12:46:53.073 [info] Discovered env: /usr/bin/python
2026-04-19 12:46:53.074 [info] Refreshing poetry environments
2026-04-19 12:46:53.075 [info] Pipenv not found via settings, cache, or PATH
2026-04-19 12:46:53.079 [info] Poetry executable not found
2026-04-19 12:46:53.081 [info] Conda not found, turning off conda features. Error: Conda not found
    at F (/home/yusof_0090/.vscode/extensions/ms-python.vscode-python-envs-1.28.0-linux-x64/dist/extension.js:2:598008)
    at runNextTicks (node:internal/process/task_queues:64:5)
    at processImmediate (node:internal/timers:452:9)
    at L (/home/yusof_0090/.vscode/extensions/ms-python.vscode-python-envs-1.28.0-linux-x64/dist/extension.js:2:598133)
    at t.registerCondaFeatures (/home/yusof_0090/.vscode/extensions/ms-python.vscode-python-envs-1.28.0-linux-x64/dist/extension.js:2:618030)
    at t.safeRegister (/home/yusof_0090/.vscode/extensions/ms-python.vscode-python-envs-1.28.0-linux-x64/dist/extension.js:2:282183)
    at async Promise.all (index 1)
    at Immediate.<anonymous> (/home/yusof_0090/.vscode/extensions/ms-python.vscode-python-envs-1.28.0-linux-x64/dist/extension.js:2:743851)
2026-04-19 12:46:53.084 [info] [interpreterSelection] Applying initial environment selection for 1 workspace folder(s)
2026-04-19 12:46:53.089 [info] [pet] Telemetry:  {"event":"RefreshPerformance","data":{"refreshPerformance":{"total":100,"breakdown":{"GlobalVirtualEnvs":9,"Locators":86,"Path":100,"Workspaces":10},"locators":{"Conda":86,"Homebrew":0,"LinuxGlobal":67,"PipEnv":0,"Pixi":0,"Poetry":0,"PyEnv":0,"Uv":0,"Venv":0,"VirtualEnv":0,"VirtualEnvWrapper":0}}}}
2026-04-19 12:46:53.108 [info] [interpreterSelection] sawda_backend: sawda-marketplace (3.14.4) (source: autoDiscovery)
2026-04-19 12:46:53.116 [info] [interpreterSelection] global: Python 3.14.4 (source: autoDiscovery)
2026-04-19 12:46:53.120 [info] Python API: Changed environment from undefined to Python 3.14.4 for: global
2026-04-19 12:46:53.120 [info] Internal: Changed environment from undefined to Python 3.14.4 for: global
2026-04-19 12:46:53.394 [info] Terminal is activated: /home/yusof_0090/Projects/sawda_backend/.venv/bin/python
2026-04-19 12:46:53.402 [info] Terminal is activated: /home/yusof_0090/Projects/sawda_backend/.venv/bin/python
2026-04-19 12:46:53.417 [info] Terminal is activated: /home/yusof_0090/Projects/sawda_backend/.venv/bin/python
2026-04-19 12:46:53.422 [info] Environment discovery complete: 3 environments found (Global: 1, venv: 2)
2026-04-19 12:50:24.670 [error] Shell execution timed out:  source /home/yusof_0090/Projects/sawda_backend/.venv/bin/activate
2026-04-19 12:50:24.670 [info] Terminal is activated: /home/yusof_0090/Projects/sawda_backend/.venv/bin/python
2026-04-19 12:50:24.671 [info] runInTerminal: executeCommand /home/yusof_0090/Projects/sawda_backend/.venv/bin/python /home/yusof_0090/Projects/sawda_backend/app/logger.py
2026-04-19 12:51:52.876 [error] Shell execution timed out:  source /home/yusof_0090/Projects/sawda_backend/.venv/bin/activate
2026-04-19 12:51:52.876 [info] Terminal is activated: /home/yusof_0090/Projects/sawda_backend/.venv/bin/python
2026-04-19 13:30:11.732 [error] Shell execution timed out:  source /home/yusof_0090/Projects/sawda_backend/.venv/bin/activate
2026-04-19 13:30:11.732 [info] Terminal is activated: /home/yusof_0090/Projects/sawda_backend/.venv/bin/python
2026-04-19 14:39:55.644 [error] Shell execution timed out:  source /home/yusof_0090/Projects/sawda_backend/.venv/bin/activate
2026-04-19 14:39:55.644 [info] Terminal is activated: /home/yusof_0090/Projects/sawda_backend/.venv/bin/python
