2026-04-06 17:45:09.777 [info] Reading sessions from keychain...
2026-04-06 17:45:09.777 [info] Getting sessions for all scopes...
2026-04-06 17:45:10.804 [info] Got stored sessions!
2026-04-06 17:45:10.804 [info] Got 3 verified sessions.
2026-04-06 17:45:10.804 [info] Got 3 sessions for ...
2026-04-06 17:45:10.805 [info] Getting sessions for all scopes...
2026-04-06 17:45:10.805 [info] Got 3 sessions for ...
2026-04-06 17:45:10.805 [info] Getting sessions for all scopes...
2026-04-06 17:45:10.805 [info] Got 3 sessions for ...
2026-04-06 17:45:11.040 [info] Getting sessions for all scopes...
2026-04-06 17:45:11.040 [info] Got 3 sessions for ...
2026-04-06 17:45:11.903 [info] Getting sessions for all scopes...
2026-04-06 17:45:11.903 [info] Got 3 sessions for ...
2026-04-06 17:45:12.409 [info] Getting sessions for user:email...
2026-04-06 17:45:12.410 [info] Got 1 sessions for user:email...
2026-04-06 17:45:13.214 [info] FetcherService: Node fetch failed with status: 429 Too Many Requests
2026-04-06 17:45:13.219 [info] Unable to resolve optional EDU details. Status: 429 Too Many Requests
2026-04-06 17:45:13.224 [info] Getting sessions for read:user,repo,user:email,workflow...
2026-04-06 17:45:13.224 [info] Got 1 sessions for read:user,repo,user:email,workflow...
2026-04-06 17:45:16.488 [info] Getting sessions for all scopes...
2026-04-06 17:45:16.488 [info] Got 3 sessions for ...
2026-04-06 17:45:16.914 [info] Getting sessions for all scopes...
2026-04-06 17:45:16.914 [info] Got 3 sessions for ...
2026-04-06 17:45:16.914 [info] Getting sessions for all scopes...
2026-04-06 17:45:16.914 [info] Got 3 sessions for ...
2026-04-06 17:45:17.408 [info] Getting sessions for all scopes...
2026-04-06 17:45:17.408 [info] Got 3 sessions for ...
2026-04-06 17:45:18.088 [info] Getting sessions for read:user,repo,user:email,workflow...
2026-04-06 17:45:18.088 [info] Got 1 sessions for read:user,repo,user:email,workflow...
2026-04-06 17:45:19.444 [info] Getting sessions for all scopes...
2026-04-06 17:45:19.444 [info] Got 3 sessions for ...
2026-04-06 17:45:19.444 [info] Getting sessions for all scopes...
2026-04-06 17:45:19.444 [info] Got 3 sessions for ...
2026-04-06 17:45:19.527 [info] Getting sessions for user:email...
2026-04-06 17:45:19.527 [info] Got 1 sessions for user:email...
2026-04-06 17:45:19.779 [info] Getting sessions for read:user,repo,user:email,workflow...
2026-04-06 17:45:19.779 [info] Got 1 sessions for read:user,repo,user:email,workflow...
2026-04-06 17:45:19.957 [info] Getting sessions for all scopes...
2026-04-06 17:45:19.957 [info] Got 3 sessions for ...
2026-04-06 17:45:19.958 [info] Getting sessions for all scopes...
2026-04-06 17:45:19.958 [info] Got 3 sessions for ...
2026-04-06 17:45:19.958 [info] Getting sessions for all scopes...
2026-04-06 17:45:19.958 [info] Got 3 sessions for ...
2026-04-06 17:45:20.008 [info] Getting sessions for read:user,repo,user:email,workflow...
2026-04-06 17:45:20.008 [info] Got 1 sessions for read:user,repo,user:email,workflow...
2026-04-06 17:45:20.023 [info] Getting sessions for all scopes...
2026-04-06 17:45:20.023 [info] Got 3 sessions for ...
2026-04-06 17:45:20.035 [info] Getting sessions for all scopes...
2026-04-06 17:45:20.035 [info] Got 3 sessions for ...
2026-04-06 17:45:20.371 [info] Getting sessions for all scopes...
2026-04-06 17:45:20.371 [info] Got 3 sessions for ...
2026-04-06 17:45:20.374 [info] Getting sessions for read:user,repo,user:email,workflow...
2026-04-06 17:45:20.374 [info] Got 1 sessions for read:user,repo,user:email,workflow...
2026-04-06 17:45:20.404 [info] Getting sessions for all scopes...
2026-04-06 17:45:20.404 [info] Got 3 sessions for ...
2026-04-06 17:45:20.407 [info] Getting sessions for read:user,repo,user:email,workflow...
2026-04-06 17:45:20.407 [info] Got 1 sessions for read:user,repo,user:email,workflow...
2026-04-06 17:45:20.433 [info] Getting sessions for all scopes...
2026-04-06 17:45:20.433 [info] Got 3 sessions for ...
2026-04-06 17:45:20.468 [info] Getting sessions for read:user,repo,user:email,workflow...
2026-04-06 17:45:20.468 [info] Got 1 sessions for read:user,repo,user:email,workflow...
2026-04-06 17:45:20.544 [info] Getting sessions for all scopes...
2026-04-06 17:45:20.545 [info] Got 3 sessions for ...
2026-04-06 17:45:20.545 [info] Getting sessions for all scopes...
2026-04-06 17:45:20.545 [info] Got 3 sessions for ...
2026-04-06 17:45:20.551 [info] Getting sessions for read:user,repo,user:email,workflow...
2026-04-06 17:45:20.551 [info] Got 1 sessions for read:user,repo,user:email,workflow...
2026-04-06 17:45:20.577 [info] Getting sessions for all scopes...
2026-04-06 17:45:20.577 [info] Got 3 sessions for ...
2026-04-06 17:45:20.585 [info] Getting sessions for all scopes...
2026-04-06 17:45:20.585 [info] Got 3 sessions for ...
2026-04-06 17:45:20.601 [info] Getting sessions for read:user,repo,user:email,workflow...
2026-04-06 17:45:20.601 [info] Got 1 sessions for read:user,repo,user:email,workflow...
2026-04-06 17:45:20.619 [info] Getting sessions for all scopes...
2026-04-06 17:45:20.619 [info] Got 3 sessions for ...
2026-04-06 17:45:20.625 [info] Getting sessions for read:user,repo,user:email,workflow...
2026-04-06 17:45:20.625 [info] Got 1 sessions for read:user,repo,user:email,workflow...
2026-04-06 17:45:20.631 [info] Getting sessions for all scopes...
2026-04-06 17:45:20.631 [info] Got 3 sessions for ...
2026-04-06 17:45:20.633 [info] Getting sessions for read:user,repo,user:email,workflow...
2026-04-06 17:45:20.633 [info] Got 1 sessions for read:user,repo,user:email,workflow...
2026-04-06 17:45:21.061 [info] Getting sessions for all scopes...
2026-04-06 17:45:21.061 [info] Got 3 sessions for ...
2026-04-06 17:45:21.063 [info] Getting sessions for read:user,repo,user:email,workflow...
2026-04-06 17:45:21.063 [info] Got 1 sessions for read:user,repo,user:email,workflow...
2026-04-06 17:45:24.936 [info] Getting sessions for all scopes...
2026-04-06 17:45:24.936 [info] Got 3 sessions for ...
2026-04-06 17:45:24.937 [info] Getting sessions for all scopes...
2026-04-06 17:45:24.937 [info] Got 3 sessions for ...
2026-04-06 17:46:08.611 [info] Getting sessions for all scopes...
2026-04-06 17:46:08.611 [info] Got 3 sessions for ...
2026-04-06 17:46:08.613 [info] Getting sessions for all scopes...
2026-04-06 17:46:08.613 [info] Got 3 sessions for ...
2026-04-06 17:47:01.471 [info] Getting sessions for all scopes...
2026-04-06 17:47:01.471 [info] Got 3 sessions for ...
2026-04-06 17:47:01.472 [info] Getting sessions for all scopes...
2026-04-06 17:47:01.472 [info] Got 3 sessions for ...
2026-04-06 17:49:22.674 [info] Getting sessions for all scopes...
2026-04-06 17:49:22.674 [info] Got 3 sessions for ...
2026-04-06 17:49:22.675 [info] Getting sessions for all scopes...
2026-04-06 17:49:22.675 [info] Got 3 sessions for ...
2026-04-06 17:49:24.296 [info] Getting sessions for all scopes...
2026-04-06 17:49:24.296 [info] Got 3 sessions for ...
2026-04-06 17:49:24.298 [info] Getting sessions for read:user,repo,user:email,workflow...
2026-04-06 17:49:24.298 [info] Got 1 sessions for read:user,repo,user:email,workflow...
2026-04-06 17:49:24.646 [info] Getting sessions for all scopes...
2026-04-06 17:49:24.646 [info] Got 3 sessions for ...
2026-04-06 17:49:24.647 [info] Getting sessions for all scopes...
2026-04-06 17:49:24.647 [info] Got 3 sessions for ...
2026-04-06 17:49:24.883 [info] Getting sessions for all scopes...
2026-04-06 17:49:24.883 [info] Got 3 sessions for ...
2026-04-06 17:49:24.885 [info] Getting sessions for all scopes...
2026-04-06 17:49:24.885 [info] Got 3 sessions for ...
2026-04-06 17:49:25.141 [info] Getting sessions for all scopes...
2026-04-06 17:49:25.141 [info] Got 3 sessions for ...
2026-04-06 17:49:25.143 [info] Getting sessions for all scopes...
2026-04-06 17:49:25.143 [info] Got 3 sessions for ...
2026-04-06 17:50:02.810 [info] Getting sessions for all scopes...
2026-04-06 17:50:02.811 [info] Got 3 sessions for ...
2026-04-06 17:50:02.812 [info] Getting sessions for all scopes...
2026-04-06 17:50:02.812 [info] Got 3 sessions for ...
2026-04-06 17:50:33.932 [info] Getting sessions for all scopes...
2026-04-06 17:50:33.932 [info] Got 3 sessions for ...
2026-04-06 17:50:33.934 [info] Getting sessions for all scopes...
2026-04-06 17:50:33.934 [info] Got 3 sessions for ...
2026-04-06 17:50:39.311 [info] Getting sessions for all scopes...
2026-04-06 17:50:39.311 [info] Got 3 sessions for ...
2026-04-06 17:50:39.312 [info] Getting sessions for all scopes...
2026-04-06 17:50:39.312 [info] Got 3 sessions for ...
2026-04-06 17:57:40.965 [info] Getting sessions for all scopes...
2026-04-06 17:57:40.965 [info] Got 3 sessions for ...
2026-04-06 17:57:40.967 [info] Getting sessions for all scopes...
2026-04-06 17:57:40.967 [info] Got 3 sessions for ...
2026-04-06 18:53:12.089 [info] Getting sessions for all scopes...
2026-04-06 18:53:12.089 [info] Got 3 sessions for ...
2026-04-06 18:53:12.098 [info] Getting sessions for all scopes...
2026-04-06 18:53:12.098 [info] Got 3 sessions for ...
2026-04-07 00:04:10.764 [info] Getting sessions for all scopes...
2026-04-07 00:04:10.764 [info] Got 3 sessions for ...
2026-04-07 00:04:10.764 [info] Getting sessions for all scopes...
2026-04-07 00:04:10.764 [info] Got 3 sessions for ...
