["INFO" - 3:13:11 PM] Extension Name: esbenp.prettier-vscode.
["INFO" - 3:13:11 PM] Extension Version: 12.4.0.
["INFO" - 3:13:11 PM] Using config file at /home/yusof_0090/Projects/.prettierrc
["INFO" - 3:13:11 PM] EditorConfig support is enabled, checking for .editorconfig files
["INFO" - 3:13:11 PM] Resolved config:
{
  "semi": false,
  "singleQuote": true,
  "tabWidth": 2,
  "printWidth": 80,
  "jsxSingleQuote": false,
  "trailingComma": "all",
  "bracketSpacing": true,
  "endOfLine": "crlf",
  "useTabs": false,
  "singleAttributePerLine": true
}
["INFO" - 3:15:59 PM] Using config file at /home/yusof_0090/Projects/.prettierrc
["INFO" - 3:15:59 PM] EditorConfig support is enabled, checking for .editorconfig files
["INFO" - 3:15:59 PM] Resolved config:
{
  "semi": false,
  "singleQuote": true,
  "tabWidth": 2,
  "printWidth": 80,
  "jsxSingleQuote": false,
  "trailingComma": "all",
  "bracketSpacing": true,
  "endOfLine": "crlf",
  "useTabs": false,
  "singleAttributePerLine": true
}
