2026-04-18 12:24:52.676 [info] Reading sessions from keychain...
2026-04-18 12:24:52.676 [info] Getting sessions for all scopes...
2026-04-18 12:24:53.157 [info] Got stored sessions!
2026-04-18 12:24:53.157 [info] Got 3 verified sessions.
2026-04-18 12:24:53.157 [info] Got 3 sessions for ...
2026-04-18 12:24:53.158 [info] Getting sessions for all scopes...
2026-04-18 12:24:53.158 [info] Got 3 sessions for ...
2026-04-18 12:24:53.290 [info] Getting sessions for all scopes...
2026-04-18 12:24:53.290 [info] Got 3 sessions for ...
2026-04-18 12:24:54.085 [info] Getting sessions for all scopes...
2026-04-18 12:24:54.085 [info] Got 3 sessions for ...
2026-04-18 12:24:54.544 [info] Getting sessions for user:email...
2026-04-18 12:24:54.544 [info] Got 1 sessions for user:email...
2026-04-18 12:24:54.952 [info] Getting sessions for read:user,repo,user:email,workflow...
2026-04-18 12:24:54.952 [info] Got 1 sessions for read:user,repo,user:email,workflow...
2026-04-18 12:24:57.755 [info] FetcherService: Node fetch failed with status: 429 Too Many Requests
2026-04-18 12:24:57.764 [info] Unable to resolve optional EDU details. Status: 429 Too Many Requests
2026-04-18 12:24:58.109 [info] Getting sessions for all scopes...
2026-04-18 12:24:58.109 [info] Got 3 sessions for ...
2026-04-18 12:24:58.455 [info] Getting sessions for all scopes...
2026-04-18 12:24:58.455 [info] Got 3 sessions for ...
2026-04-18 12:24:58.456 [info] Getting sessions for all scopes...
2026-04-18 12:24:58.456 [info] Got 3 sessions for ...
2026-04-18 12:24:58.890 [info] Getting sessions for all scopes...
2026-04-18 12:24:58.890 [info] Got 3 sessions for ...
2026-04-18 12:24:59.310 [info] Getting sessions for read:user,repo,user:email,workflow...
2026-04-18 12:24:59.310 [info] Got 1 sessions for read:user,repo,user:email,workflow...
2026-04-18 12:25:00.200 [info] Getting sessions for user:email...
2026-04-18 12:25:00.200 [info] Got 1 sessions for user:email...
2026-04-18 12:25:00.968 [info] Getting sessions for all scopes...
2026-04-18 12:25:00.969 [info] Got 3 sessions for ...
2026-04-18 12:25:00.969 [info] Getting sessions for all scopes...
2026-04-18 12:25:00.969 [info] Got 3 sessions for ...
2026-04-18 12:25:01.032 [info] Getting sessions for read:user,repo,user:email,workflow...
2026-04-18 12:25:01.032 [info] Got 1 sessions for read:user,repo,user:email,workflow...
2026-04-18 12:25:01.367 [info] Getting sessions for all scopes...
2026-04-18 12:25:01.367 [info] Got 3 sessions for ...
2026-04-18 12:25:01.371 [info] Getting sessions for all scopes...
2026-04-18 12:25:01.371 [info] Got 3 sessions for ...
2026-04-18 12:25:01.371 [info] Getting sessions for all scopes...
2026-04-18 12:25:01.371 [info] Got 3 sessions for ...
2026-04-18 12:25:01.374 [info] Getting sessions for all scopes...
2026-04-18 12:25:01.374 [info] Got 3 sessions for ...
2026-04-18 12:25:01.434 [info] Getting sessions for read:user,repo,user:email,workflow...
2026-04-18 12:25:01.434 [info] Got 1 sessions for read:user,repo,user:email,workflow...
2026-04-18 12:25:01.609 [info] Getting sessions for all scopes...
2026-04-18 12:25:01.609 [info] Got 3 sessions for ...
2026-04-18 12:25:01.611 [info] Getting sessions for read:user,repo,user:email,workflow...
2026-04-18 12:25:01.611 [info] Got 1 sessions for read:user,repo,user:email,workflow...
2026-04-18 12:25:01.971 [info] Getting sessions for all scopes...
2026-04-18 12:25:01.971 [info] Got 3 sessions for ...
2026-04-18 12:25:01.985 [info] Getting sessions for all scopes...
2026-04-18 12:25:01.985 [info] Got 3 sessions for ...
2026-04-18 12:25:01.985 [info] Getting sessions for read:user,repo,user:email,workflow...
2026-04-18 12:25:01.985 [info] Got 1 sessions for read:user,repo,user:email,workflow...
2026-04-18 12:25:02.110 [info] Getting sessions for all scopes...
2026-04-18 12:25:02.110 [info] Got 3 sessions for ...
2026-04-18 12:25:02.143 [info] Getting sessions for read:user,repo,user:email,workflow...
2026-04-18 12:25:02.143 [info] Got 1 sessions for read:user,repo,user:email,workflow...
2026-04-18 12:25:02.267 [info] Getting sessions for all scopes...
2026-04-18 12:25:02.267 [info] Got 3 sessions for ...
2026-04-18 12:25:02.269 [info] Getting sessions for read:user,repo,user:email,workflow...
2026-04-18 12:25:02.269 [info] Got 1 sessions for read:user,repo,user:email,workflow...
2026-04-18 12:25:02.295 [info] Getting sessions for all scopes...
2026-04-18 12:25:02.295 [info] Got 3 sessions for ...
2026-04-18 12:25:02.296 [info] Getting sessions for read:user,repo,user:email,workflow...
2026-04-18 12:25:02.296 [info] Got 1 sessions for read:user,repo,user:email,workflow...
2026-04-18 12:25:06.583 [info] Getting sessions for all scopes...
2026-04-18 12:25:06.583 [info] Got 3 sessions for ...
2026-04-18 12:25:06.584 [info] Getting sessions for all scopes...
2026-04-18 12:25:06.584 [info] Got 3 sessions for ...
2026-04-18 12:25:10.356 [info] Getting sessions for all scopes...
2026-04-18 12:25:10.356 [info] Got 3 sessions for ...
2026-04-18 12:25:10.357 [info] Getting sessions for all scopes...
2026-04-18 12:25:10.357 [info] Got 3 sessions for ...
2026-04-18 12:25:14.115 [info] Getting sessions for all scopes...
2026-04-18 12:25:14.115 [info] Got 3 sessions for ...
2026-04-18 12:25:14.116 [info] Getting sessions for all scopes...
2026-04-18 12:25:14.116 [info] Got 3 sessions for ...
2026-04-18 12:25:16.459 [info] Getting sessions for all scopes...
2026-04-18 12:25:16.459 [info] Got 3 sessions for ...
2026-04-18 12:25:16.460 [info] Getting sessions for all scopes...
2026-04-18 12:25:16.460 [info] Got 3 sessions for ...
2026-04-18 12:25:47.741 [info] Getting sessions for all scopes...
2026-04-18 12:25:47.741 [info] Got 3 sessions for ...
2026-04-18 12:25:47.742 [info] Getting sessions for all scopes...
2026-04-18 12:25:47.742 [info] Got 3 sessions for ...
2026-04-18 12:32:13.097 [info] Getting sessions for all scopes...
2026-04-18 12:32:13.097 [info] Got 3 sessions for ...
2026-04-18 12:32:13.098 [info] Getting sessions for all scopes...
2026-04-18 12:32:13.098 [info] Got 3 sessions for ...
2026-04-18 12:32:38.102 [info] Getting sessions for all scopes...
2026-04-18 12:32:38.102 [info] Got 3 sessions for ...
2026-04-18 12:32:38.120 [info] Getting sessions for all scopes...
2026-04-18 12:32:38.120 [info] Got 3 sessions for ...
2026-04-18 12:32:39.054 [info] Getting sessions for all scopes...
2026-04-18 12:32:39.054 [info] Got 3 sessions for ...
2026-04-18 12:32:39.057 [info] Getting sessions for read:user,repo,user:email,workflow...
2026-04-18 12:32:39.057 [info] Got 1 sessions for read:user,repo,user:email,workflow...
2026-04-18 12:33:16.642 [info] Getting sessions for all scopes...
2026-04-18 12:33:16.643 [info] Got 3 sessions for ...
2026-04-18 12:33:16.643 [info] Getting sessions for all scopes...
2026-04-18 12:33:16.643 [info] Got 3 sessions for ...
2026-04-18 12:33:18.225 [info] Getting sessions for all scopes...
2026-04-18 12:33:18.225 [info] Got 3 sessions for ...
2026-04-18 12:33:18.226 [info] Getting sessions for all scopes...
2026-04-18 12:33:18.226 [info] Got 3 sessions for ...
2026-04-18 12:33:18.518 [info] Getting sessions for all scopes...
2026-04-18 12:33:18.518 [info] Got 3 sessions for ...
2026-04-18 12:33:18.519 [info] Getting sessions for all scopes...
2026-04-18 12:33:18.519 [info] Got 3 sessions for ...
2026-04-18 12:33:18.854 [info] Getting sessions for all scopes...
2026-04-18 12:33:18.854 [info] Got 3 sessions for ...
2026-04-18 12:33:18.856 [info] Getting sessions for all scopes...
2026-04-18 12:33:18.856 [info] Got 3 sessions for ...
2026-04-18 12:33:19.515 [info] Getting sessions for all scopes...
2026-04-18 12:33:19.515 [info] Got 3 sessions for ...
2026-04-18 12:33:19.515 [info] Getting sessions for all scopes...
2026-04-18 12:33:19.515 [info] Got 3 sessions for ...
2026-04-18 12:33:44.913 [info] Getting sessions for all scopes...
2026-04-18 12:33:44.913 [info] Got 3 sessions for ...
2026-04-18 12:33:44.914 [info] Getting sessions for all scopes...
2026-04-18 12:33:44.914 [info] Got 3 sessions for ...
2026-04-18 12:33:50.743 [info] Getting sessions for all scopes...
2026-04-18 12:33:50.743 [info] Got 3 sessions for ...
2026-04-18 12:33:50.778 [info] Getting sessions for all scopes...
2026-04-18 12:33:50.778 [info] Got 3 sessions for ...
2026-04-18 12:33:51.199 [info] Getting sessions for all scopes...
2026-04-18 12:33:51.199 [info] Got 3 sessions for ...
2026-04-18 12:33:51.200 [info] Getting sessions for all scopes...
2026-04-18 12:33:51.200 [info] Got 3 sessions for ...
2026-04-18 12:33:51.900 [info] Getting sessions for all scopes...
2026-04-18 12:33:51.900 [info] Got 3 sessions for ...
2026-04-18 12:33:51.900 [info] Getting sessions for all scopes...
2026-04-18 12:33:51.900 [info] Got 3 sessions for ...
2026-04-18 12:33:54.104 [info] Getting sessions for all scopes...
2026-04-18 12:33:54.104 [info] Got 3 sessions for ...
2026-04-18 12:33:54.104 [info] Getting sessions for all scopes...
2026-04-18 12:33:54.104 [info] Got 3 sessions for ...
2026-04-18 12:33:54.454 [info] Getting sessions for all scopes...
2026-04-18 12:33:54.454 [info] Got 3 sessions for ...
2026-04-18 12:33:54.455 [info] Getting sessions for all scopes...
2026-04-18 12:33:54.455 [info] Got 3 sessions for ...
2026-04-18 12:33:55.197 [info] Getting sessions for all scopes...
2026-04-18 12:33:55.197 [info] Got 3 sessions for ...
2026-04-18 12:33:55.198 [info] Getting sessions for all scopes...
2026-04-18 12:33:55.198 [info] Got 3 sessions for ...
2026-04-18 12:34:23.033 [info] Getting sessions for all scopes...
2026-04-18 12:34:23.033 [info] Got 3 sessions for ...
2026-04-18 12:34:23.034 [info] Getting sessions for all scopes...
2026-04-18 12:34:23.034 [info] Got 3 sessions for ...
2026-04-18 12:34:23.747 [info] Getting sessions for all scopes...
2026-04-18 12:34:23.747 [info] Got 3 sessions for ...
2026-04-18 12:34:23.752 [info] Getting sessions for all scopes...
2026-04-18 12:34:23.752 [info] Got 3 sessions for ...
2026-04-18 12:34:24.709 [info] Getting sessions for all scopes...
2026-04-18 12:34:24.709 [info] Got 3 sessions for ...
2026-04-18 12:34:24.710 [info] Getting sessions for all scopes...
2026-04-18 12:34:24.710 [info] Got 3 sessions for ...
2026-04-18 12:34:26.473 [info] Getting sessions for all scopes...
2026-04-18 12:34:26.473 [info] Got 3 sessions for ...
2026-04-18 12:34:26.474 [info] Getting sessions for all scopes...
2026-04-18 12:34:26.474 [info] Got 3 sessions for ...
2026-04-18 12:37:19.545 [info] Getting sessions for all scopes...
2026-04-18 12:37:19.545 [info] Got 3 sessions for ...
2026-04-18 12:37:19.546 [info] Getting sessions for all scopes...
2026-04-18 12:37:19.546 [info] Got 3 sessions for ...
2026-04-18 12:37:23.288 [info] Getting sessions for all scopes...
2026-04-18 12:37:23.288 [info] Got 3 sessions for ...
2026-04-18 12:37:23.289 [info] Getting sessions for all scopes...
2026-04-18 12:37:23.289 [info] Got 3 sessions for ...
2026-04-18 12:40:43.762 [info] Getting sessions for all scopes...
2026-04-18 12:40:43.762 [info] Got 3 sessions for ...
2026-04-18 12:40:43.763 [info] Getting sessions for all scopes...
2026-04-18 12:40:43.763 [info] Got 3 sessions for ...
2026-04-18 12:41:40.747 [info] Getting sessions for all scopes...
2026-04-18 12:41:40.747 [info] Got 3 sessions for ...
2026-04-18 12:41:40.750 [info] Getting sessions for all scopes...
2026-04-18 12:41:40.750 [info] Got 3 sessions for ...
2026-04-18 12:43:14.429 [info] Getting sessions for all scopes...
2026-04-18 12:43:14.429 [info] Got 3 sessions for ...
2026-04-18 12:43:14.430 [info] Getting sessions for all scopes...
2026-04-18 12:43:14.430 [info] Got 3 sessions for ...
2026-04-18 12:43:50.958 [info] Getting sessions for all scopes...
2026-04-18 12:43:50.958 [info] Got 3 sessions for ...
2026-04-18 12:43:50.959 [info] Getting sessions for all scopes...
2026-04-18 12:43:50.959 [info] Got 3 sessions for ...
2026-04-18 12:43:52.202 [info] Getting sessions for all scopes...
2026-04-18 12:43:52.202 [info] Got 3 sessions for ...
2026-04-18 12:43:52.206 [info] Getting sessions for read:user,repo,user:email,workflow...
2026-04-18 12:43:52.206 [info] Got 1 sessions for read:user,repo,user:email,workflow...
2026-04-18 13:05:22.743 [info] Getting sessions for all scopes...
2026-04-18 13:05:22.743 [info] Got 3 sessions for ...
2026-04-18 13:05:22.746 [info] Getting sessions for read:user,repo,user:email,workflow...
2026-04-18 13:05:22.746 [info] Got 1 sessions for read:user,repo,user:email,workflow...
2026-04-18 13:05:41.930 [info] Getting sessions for all scopes...
2026-04-18 13:05:41.930 [info] Got 3 sessions for ...
2026-04-18 13:05:41.931 [info] Getting sessions for all scopes...
2026-04-18 13:05:41.931 [info] Got 3 sessions for ...
2026-04-18 13:06:48.647 [info] Getting sessions for all scopes...
2026-04-18 13:06:48.647 [info] Got 3 sessions for ...
2026-04-18 13:06:48.648 [info] Getting sessions for all scopes...
2026-04-18 13:06:48.649 [info] Got 3 sessions for ...
2026-04-18 13:18:28.242 [info] Getting sessions for all scopes...
2026-04-18 13:18:28.242 [info] Got 3 sessions for ...
2026-04-18 13:18:28.243 [info] Getting sessions for all scopes...
2026-04-18 13:18:28.243 [info] Got 3 sessions for ...
2026-04-18 13:21:51.620 [info] Getting sessions for all scopes...
2026-04-18 13:21:51.620 [info] Got 3 sessions for ...
2026-04-18 13:21:51.622 [info] Getting sessions for all scopes...
2026-04-18 13:21:51.622 [info] Got 3 sessions for ...
2026-04-18 13:23:55.818 [info] Getting sessions for all scopes...
2026-04-18 13:23:55.818 [info] Got 3 sessions for ...
2026-04-18 13:23:55.819 [info] Getting sessions for all scopes...
2026-04-18 13:23:55.819 [info] Got 3 sessions for ...
2026-04-18 13:24:04.742 [info] Getting sessions for all scopes...
2026-04-18 13:24:04.742 [info] Got 3 sessions for ...
2026-04-18 13:24:04.743 [info] Getting sessions for all scopes...
2026-04-18 13:24:04.743 [info] Got 3 sessions for ...
2026-04-18 13:26:42.425 [info] Getting sessions for all scopes...
2026-04-18 13:26:42.425 [info] Got 3 sessions for ...
2026-04-18 13:26:42.425 [info] Getting sessions for all scopes...
2026-04-18 13:26:42.425 [info] Got 3 sessions for ...
2026-04-18 13:26:42.489 [info] Getting sessions for all scopes...
2026-04-18 13:26:42.489 [info] Got 3 sessions for ...
2026-04-18 13:26:42.503 [info] Getting sessions for all scopes...
2026-04-18 13:26:42.503 [info] Got 3 sessions for ...
2026-04-18 13:26:42.515 [info] Getting sessions for read:user,repo,user:email,workflow...
2026-04-18 13:26:42.515 [info] Got 1 sessions for read:user,repo,user:email,workflow...
2026-04-18 13:26:43.435 [info] Getting sessions for all scopes...
2026-04-18 13:26:43.435 [info] Got 3 sessions for ...
2026-04-18 13:26:43.436 [info] Getting sessions for all scopes...
2026-04-18 13:26:43.436 [info] Got 3 sessions for ...
2026-04-18 13:26:43.438 [info] Getting sessions for read:user,repo,user:email,workflow...
2026-04-18 13:26:43.438 [info] Got 1 sessions for read:user,repo,user:email,workflow...
2026-04-18 13:26:43.456 [info] Getting sessions for all scopes...
2026-04-18 13:26:43.456 [info] Got 3 sessions for ...
2026-04-18 13:26:43.459 [info] Getting sessions for read:user,repo,user:email,workflow...
2026-04-18 13:26:43.459 [info] Got 1 sessions for read:user,repo,user:email,workflow...
2026-04-18 13:26:43.949 [info] Getting sessions for all scopes...
2026-04-18 13:26:43.949 [info] Got 3 sessions for ...
2026-04-18 13:26:43.951 [info] Getting sessions for read:user,repo,user:email,workflow...
2026-04-18 13:26:43.951 [info] Got 1 sessions for read:user,repo,user:email,workflow...
2026-04-18 13:26:46.537 [info] Getting sessions for all scopes...
2026-04-18 13:26:46.537 [info] Got 3 sessions for ...
2026-04-18 13:26:46.538 [info] Getting sessions for all scopes...
2026-04-18 13:26:46.538 [info] Got 3 sessions for ...
2026-04-18 13:26:55.104 [info] Getting sessions for all scopes...
2026-04-18 13:26:55.104 [info] Got 3 sessions for ...
2026-04-18 13:26:55.112 [info] Getting sessions for all scopes...
2026-04-18 13:26:55.112 [info] Got 3 sessions for ...
2026-04-18 13:27:04.894 [info] Getting sessions for all scopes...
2026-04-18 13:27:04.894 [info] Got 3 sessions for ...
2026-04-18 13:27:04.896 [info] Getting sessions for all scopes...
2026-04-18 13:27:04.896 [info] Got 3 sessions for ...
2026-04-18 13:28:05.258 [info] Getting sessions for all scopes...
2026-04-18 13:28:05.258 [info] Got 3 sessions for ...
2026-04-18 13:28:05.259 [info] Getting sessions for all scopes...
2026-04-18 13:28:05.259 [info] Got 3 sessions for ...
2026-04-18 13:28:06.204 [info] Getting sessions for all scopes...
2026-04-18 13:28:06.204 [info] Got 3 sessions for ...
2026-04-18 13:28:06.211 [info] Getting sessions for all scopes...
2026-04-18 13:28:06.211 [info] Got 3 sessions for ...
2026-04-18 13:28:28.225 [info] Getting sessions for all scopes...
2026-04-18 13:28:28.225 [info] Got 3 sessions for ...
2026-04-18 13:28:28.271 [info] Getting sessions for all scopes...
2026-04-18 13:28:28.271 [info] Got 3 sessions for ...
2026-04-18 13:29:56.528 [info] Getting sessions for all scopes...
2026-04-18 13:29:56.528 [info] Got 3 sessions for ...
2026-04-18 13:29:56.529 [info] Getting sessions for all scopes...
2026-04-18 13:29:56.529 [info] Got 3 sessions for ...
2026-04-18 13:30:04.163 [info] Getting sessions for all scopes...
2026-04-18 13:30:04.164 [info] Got 3 sessions for ...
2026-04-18 13:30:04.191 [info] Getting sessions for all scopes...
2026-04-18 13:30:04.191 [info] Got 3 sessions for ...
2026-04-18 13:58:19.178 [info] Getting sessions for all scopes...
2026-04-18 13:58:19.178 [info] Got 3 sessions for ...
2026-04-18 13:58:19.250 [info] Getting sessions for all scopes...
2026-04-18 13:58:19.250 [info] Got 3 sessions for ...
2026-04-18 14:11:45.920 [info] Getting sessions for all scopes...
2026-04-18 14:11:45.921 [info] Got 3 sessions for ...
2026-04-18 14:11:45.923 [info] Getting sessions for all scopes...
2026-04-18 14:11:45.923 [info] Got 3 sessions for ...
2026-04-18 18:25:20.224 [info] Getting sessions for all scopes...
2026-04-18 18:25:20.224 [info] Got 3 sessions for ...
2026-04-18 18:25:20.225 [info] Getting sessions for all scopes...
2026-04-18 18:25:20.225 [info] Got 3 sessions for ...
2026-04-18 18:25:25.546 [info] Getting sessions for all scopes...
2026-04-18 18:25:25.546 [info] Got 3 sessions for ...
2026-04-18 18:25:25.547 [info] Getting sessions for all scopes...
2026-04-18 18:25:25.547 [info] Got 3 sessions for ...
2026-04-18 18:33:30.896 [info] Getting sessions for all scopes...
2026-04-18 18:33:30.896 [info] Got 3 sessions for ...
2026-04-18 18:33:30.897 [info] Getting sessions for all scopes...
2026-04-18 18:33:30.897 [info] Got 3 sessions for ...
2026-04-18 18:33:46.202 [info] Getting sessions for all scopes...
2026-04-18 18:33:46.202 [info] Got 3 sessions for ...
2026-04-18 18:33:46.203 [info] Getting sessions for all scopes...
2026-04-18 18:33:46.203 [info] Got 3 sessions for ...
2026-04-18 18:37:11.457 [info] Getting sessions for all scopes...
2026-04-18 18:37:11.457 [info] Got 3 sessions for ...
2026-04-18 18:37:11.458 [info] Getting sessions for all scopes...
2026-04-18 18:37:11.458 [info] Got 3 sessions for ...
2026-04-18 18:37:11.738 [info] Getting sessions for all scopes...
2026-04-18 18:37:11.738 [info] Got 3 sessions for ...
2026-04-18 18:37:11.739 [info] Getting sessions for all scopes...
2026-04-18 18:37:11.739 [info] Got 3 sessions for ...
2026-04-18 18:37:12.018 [info] Getting sessions for all scopes...
2026-04-18 18:37:12.018 [info] Got 3 sessions for ...
2026-04-18 18:37:12.024 [info] Getting sessions for all scopes...
2026-04-18 18:37:12.024 [info] Got 3 sessions for ...
2026-04-18 18:37:12.257 [info] Getting sessions for all scopes...
2026-04-18 18:37:12.257 [info] Got 3 sessions for ...
2026-04-18 18:37:12.258 [info] Getting sessions for all scopes...
2026-04-18 18:37:12.258 [info] Got 3 sessions for ...
2026-04-18 18:39:31.270 [info] Getting sessions for all scopes...
2026-04-18 18:39:31.270 [info] Got 3 sessions for ...
2026-04-18 18:39:31.271 [info] Getting sessions for all scopes...
2026-04-18 18:39:31.271 [info] Got 3 sessions for ...
2026-04-18 18:39:35.542 [info] Getting sessions for all scopes...
2026-04-18 18:39:35.542 [info] Got 3 sessions for ...
2026-04-18 18:39:35.543 [info] Getting sessions for all scopes...
2026-04-18 18:39:35.543 [info] Got 3 sessions for ...
2026-04-18 18:39:47.363 [info] Getting sessions for all scopes...
2026-04-18 18:39:47.363 [info] Got 3 sessions for ...
2026-04-18 18:39:47.364 [info] Getting sessions for all scopes...
2026-04-18 18:39:47.364 [info] Got 3 sessions for ...
2026-04-18 18:40:01.602 [info] Getting sessions for all scopes...
2026-04-18 18:40:01.602 [info] Got 3 sessions for ...
2026-04-18 18:40:01.604 [info] Getting sessions for all scopes...
2026-04-18 18:40:01.604 [info] Got 3 sessions for ...
