Initializing document watcher...
Document watcher initialized
hypr/hyprlock.conf: {"tabSize":4,"indentSize":4,"insertSpaces":true,"cursorStyle":1,"lineNumbers":1}
hypr/hyprlock.conf: Using EditorConfig core...
hyprlock.conf: Target charset is not set
hypr/hyprlock.conf: Using EditorConfig core...
hypr/hyprlock.conf: Using EditorConfig core...
hyprlock.conf: Target charset is not set
hypr/hyprlock.conf: Using EditorConfig core...
hypr/hyprlock.conf: Using EditorConfig core...
hyprlock.conf: Target charset is not set
hypr/hyprlock.conf: Using EditorConfig core...
hypr/hyprlock.conf: Using EditorConfig core...
hyprlock.conf: Target charset is not set
hypr/hyprlock.conf: {"tabSize":4,"indentSize":4,"insertSpaces":true,"cursorStyle":1,"lineNumbers":1}
hypr/hyprlock.conf: Using EditorConfig core...
hypr/hyprlock.conf: Using EditorConfig core...
hyprlock.conf: Target charset is not set
hypr/hyprlock.conf: Using EditorConfig core...
hypr/hyprlock.conf: Using EditorConfig core...
hyprlock.conf: Target charset is not set
hypr/hyprlock.conf: Using EditorConfig core...
hypr/hyprlock.conf: Using EditorConfig core...
hyprlock.conf: Target charset is not set
hypr/hyprlock.conf: Using EditorConfig core...
hypr/hyprlock.conf: Using EditorConfig core...
hyprlock.conf: Target charset is not set
hypr/hyprlock.conf: {"tabSize":4,"indentSize":4,"insertSpaces":true,"cursorStyle":1,"lineNumbers":1}
hypr/hyprlock.conf: Using EditorConfig core...
hypr/hyprlock.conf: Using EditorConfig core...
hyprlock.conf: Target charset is not set
hypr/hyprlock.conf: Using EditorConfig core...
hypr/hyprlock.conf: Using EditorConfig core...
hyprlock.conf: Target charset is not set
hypr/hyprlock.conf: Using EditorConfig core...
hypr/hyprlock.conf: Using EditorConfig core...
hyprlock.conf: Target charset is not set
hypr/hyprlock.conf: {"tabSize":4,"indentSize":4,"insertSpaces":true,"cursorStyle":1,"lineNumbers":1}
hypr/hyprlock.conf: Using EditorConfig core...
hypr/hyprlock.conf: Using EditorConfig core...
hyprlock.conf: Target charset is not set
hypr/hyprlock.conf: {"tabSize":4,"indentSize":4,"insertSpaces":true,"cursorStyle":1,"lineNumbers":1}
hypr/hyprlock.conf: Using EditorConfig core...
hypr/hyprlock.conf: Using EditorConfig core...
hyprlock.conf: Target charset is not set
hypr/hyprlock.conf: {"tabSize":4,"indentSize":4,"insertSpaces":true,"cursorStyle":1,"lineNumbers":1}
hypr/hyprlock.conf: {"tabSize":4,"indentSize":4,"insertSpaces":true,"cursorStyle":1,"lineNumbers":1}
hypr/hyprlock.conf: {"tabSize":4,"indentSize":4,"insertSpaces":true,"cursorStyle":1,"lineNumbers":1}
hypr/hyprlock.conf: {"tabSize":4,"indentSize":4,"insertSpaces":true,"cursorStyle":1,"lineNumbers":1}
hypr/hyprlock.conf: {"tabSize":4,"indentSize":4,"insertSpaces":true,"cursorStyle":1,"lineNumbers":1}
hypr/hyprlock.conf: {"tabSize":4,"indentSize":4,"insertSpaces":true,"cursorStyle":1,"lineNumbers":1}
hypr/conf/custom.conf: {"tabSize":4,"indentSize":4,"insertSpaces":true,"cursorStyle":1,"lineNumbers":1}
hypr/conf/custom.conf: Using EditorConfig core...
conf/custom.conf: Target charset is not set
hypr/conf/custom.conf: Using EditorConfig core...
hypr/conf/custom.conf: Using EditorConfig core...
conf/custom.conf: Target charset is not set
hypr/conf/custom.conf: Using EditorConfig core...
hypr/conf/custom.conf: Using EditorConfig core...
conf/custom.conf: Target charset is not set
hypr/conf/custom.conf: Using EditorConfig core...
hypr/conf/custom.conf: Using EditorConfig core...
conf/custom.conf: Target charset is not set
hypr/conf/custom.conf: {"tabSize":4,"indentSize":4,"insertSpaces":true,"cursorStyle":1,"lineNumbers":1}
hypr/conf/custom.conf: {"tabSize":4,"indentSize":4,"insertSpaces":true,"cursorStyle":1,"lineNumbers":1}
hypr/conf/custom.conf: Using EditorConfig core...
hypr/conf/custom.conf: Using EditorConfig core...
conf/custom.conf: Target charset is not set
hypr/conf/custom.conf: Using EditorConfig core...
hypr/conf/custom.conf: Using EditorConfig core...
conf/custom.conf: Target charset is not set
hypr/conf/custom.conf: {"tabSize":4,"indentSize":4,"insertSpaces":true,"cursorStyle":1,"lineNumbers":1}
hypr/conf/custom.conf: {"tabSize":4,"indentSize":4,"insertSpaces":true,"cursorStyle":1,"lineNumbers":1}
hypr/conf/custom.conf: {"tabSize":4,"indentSize":4,"insertSpaces":true,"cursorStyle":1,"lineNumbers":1}
hypr/conf/custom.conf: {"tabSize":4,"indentSize":4,"insertSpaces":true,"cursorStyle":1,"lineNumbers":1}
hypr/conf/custom.conf: {"tabSize":4,"indentSize":4,"insertSpaces":true,"cursorStyle":1,"lineNumbers":1}
hypr/conf/custom.conf: {"tabSize":4,"indentSize":4,"insertSpaces":true,"cursorStyle":1,"lineNumbers":1}
hypr/conf/custom.conf: {"tabSize":4,"indentSize":4,"insertSpaces":true,"cursorStyle":1,"lineNumbers":1}
hypr/conf/custom.conf: {"tabSize":4,"indentSize":4,"insertSpaces":true,"cursorStyle":1,"lineNumbers":1}
hypr/conf/custom.conf: {"tabSize":4,"indentSize":4,"insertSpaces":true,"cursorStyle":1,"lineNumbers":1}
hypr/conf/custom.conf: {"tabSize":4,"indentSize":4,"insertSpaces":true,"cursorStyle":1,"lineNumbers":1}
hypr/conf/custom.conf: {"tabSize":4,"indentSize":4,"insertSpaces":true,"cursorStyle":1,"lineNumbers":1}
hypr/conf/custom.conf: Using EditorConfig core...
hypr/conf/custom.conf: Using EditorConfig core...
conf/custom.conf: Target charset is not set
hypr/conf/custom.conf: Using EditorConfig core...
hypr/conf/custom.conf: Using EditorConfig core...
conf/custom.conf: Target charset is not set
hypr/conf/custom.conf: Using EditorConfig core...
hypr/conf/custom.conf: Using EditorConfig core...
conf/custom.conf: Target charset is not set
hypr/conf/custom.conf: {"tabSize":4,"indentSize":4,"insertSpaces":true,"cursorStyle":1,"lineNumbers":1}
hypr/conf/custom.conf: Using EditorConfig core...
hypr/conf/custom.conf: Using EditorConfig core...
conf/custom.conf: Target charset is not set
hypr/conf/custom.conf: Using EditorConfig core...
hypr/conf/custom.conf: Using EditorConfig core...
conf/custom.conf: Target charset is not set
hypr/conf/custom.conf: {"tabSize":4,"indentSize":4,"insertSpaces":true,"cursorStyle":1,"lineNumbers":1}
hypr/conf/custom.conf: {"tabSize":4,"indentSize":4,"insertSpaces":true,"cursorStyle":1,"lineNumbers":1}
hypr/conf/custom.conf: {"tabSize":4,"indentSize":4,"insertSpaces":true,"cursorStyle":1,"lineNumbers":1}
hypr/conf/custom.conf: {"tabSize":4,"indentSize":4,"insertSpaces":true,"cursorStyle":1,"lineNumbers":1}
hypr/conf/custom.conf: {"tabSize":4,"indentSize":4,"insertSpaces":true,"cursorStyle":1,"lineNumbers":1}
hypr/conf/custom.conf: {"tabSize":4,"indentSize":4,"insertSpaces":true,"cursorStyle":1,"lineNumbers":1}
hypr/conf/custom.conf: {"tabSize":4,"indentSize":4,"insertSpaces":true,"cursorStyle":1,"lineNumbers":1}
hypr/conf/custom.conf: {"tabSize":4,"indentSize":4,"insertSpaces":true,"cursorStyle":1,"lineNumbers":1}
hypr/conf/custom.conf: {"tabSize":4,"indentSize":4,"insertSpaces":true,"cursorStyle":1,"lineNumbers":1}
hypr/conf/custom.conf: {"tabSize":4,"indentSize":4,"insertSpaces":true,"cursorStyle":1,"lineNumbers":1}
hypr/hyprlock.conf: {"tabSize":4,"indentSize":4,"insertSpaces":true,"cursorStyle":1,"lineNumbers":1}
hypr/hyprlock.conf: Using EditorConfig core...
hyprlock.conf: Target charset is not set
hypr/conf/custom.conf: {"tabSize":4,"indentSize":4,"insertSpaces":true,"cursorStyle":1,"lineNumbers":1}
hypr/conf/custom.conf: Using EditorConfig core...
conf/custom.conf: Target charset is not set
hypr/hyprlock.conf: {"tabSize":4,"indentSize":4,"insertSpaces":true,"cursorStyle":1,"lineNumbers":1}
hypr/hyprlock.conf: Using EditorConfig core...
hyprlock.conf: Target charset is not set
hypr/conf/custom.conf: {"tabSize":4,"indentSize":4,"insertSpaces":true,"cursorStyle":1,"lineNumbers":1}
hypr/conf/custom.conf: Using EditorConfig core...
conf/custom.conf: Target charset is not set
hypr/hyprlock.conf: {"tabSize":4,"indentSize":4,"insertSpaces":true,"cursorStyle":1,"lineNumbers":1}
hypr/hyprlock.conf: Using EditorConfig core...
hyprlock.conf: Target charset is not set
hypr/conf/custom.conf: {"tabSize":4,"indentSize":4,"insertSpaces":true,"cursorStyle":1,"lineNumbers":1}
hypr/conf/custom.conf: Using EditorConfig core...
conf/custom.conf: Target charset is not set
hypr/hyprlock.conf: {"tabSize":4,"indentSize":4,"insertSpaces":true,"cursorStyle":1,"lineNumbers":1}
hypr/hyprlock.conf: Using EditorConfig core...
hyprlock.conf: Target charset is not set
hypr/conf/custom.conf: {"tabSize":4,"indentSize":4,"insertSpaces":true,"cursorStyle":1,"lineNumbers":1}
hypr/conf/custom.conf: Using EditorConfig core...
conf/custom.conf: Target charset is not set
hypr/hyprlock.conf: {"tabSize":4,"indentSize":4,"insertSpaces":true,"cursorStyle":1,"lineNumbers":1}
hypr/hyprlock.conf: Using EditorConfig core...
hyprlock.conf: Target charset is not set
hypr/conf/custom.conf: {"tabSize":4,"indentSize":4,"insertSpaces":true,"cursorStyle":1,"lineNumbers":1}
hypr/conf/custom.conf: Using EditorConfig core...
conf/custom.conf: Target charset is not set
hypr/hyprlock.conf: {"tabSize":4,"indentSize":4,"insertSpaces":true,"cursorStyle":1,"lineNumbers":1}
hypr/hyprlock.conf: Using EditorConfig core...
hyprlock.conf: Target charset is not set
hypr/conf/custom.conf: {"tabSize":4,"indentSize":4,"insertSpaces":true,"cursorStyle":1,"lineNumbers":1}
hypr/conf/custom.conf: Using EditorConfig core...
conf/custom.conf: Target charset is not set
hypr/hyprlock.conf: {"tabSize":4,"indentSize":4,"insertSpaces":true,"cursorStyle":1,"lineNumbers":1}
hypr/hyprlock.conf: Using EditorConfig core...
hyprlock.conf: Target charset is not set
hypr/conf/custom.conf: {"tabSize":4,"indentSize":4,"insertSpaces":true,"cursorStyle":1,"lineNumbers":1}
hypr/conf/custom.conf: Using EditorConfig core...
conf/custom.conf: Target charset is not set
hypr/hyprlock.conf: {"tabSize":4,"indentSize":4,"insertSpaces":true,"cursorStyle":1,"lineNumbers":1}
hypr/hyprlock.conf: Using EditorConfig core...
hyprlock.conf: Target charset is not set
hypr/conf/custom.conf: {"tabSize":4,"indentSize":4,"insertSpaces":true,"cursorStyle":1,"lineNumbers":1}
hypr/conf/custom.conf: Using EditorConfig core...
conf/custom.conf: Target charset is not set
hypr/conf/custom.conf: {"tabSize":4,"indentSize":4,"insertSpaces":true,"cursorStyle":1,"lineNumbers":1}
hypr/conf/custom.conf: {"tabSize":4,"indentSize":4,"insertSpaces":true,"cursorStyle":1,"lineNumbers":1}
hypr/conf/custom.conf: {"tabSize":4,"indentSize":4,"insertSpaces":true,"cursorStyle":1,"lineNumbers":1}
hypr/conf/custom.conf: {"tabSize":4,"indentSize":4,"insertSpaces":true,"cursorStyle":1,"lineNumbers":1}
hypr/conf/custom.conf: {"tabSize":4,"indentSize":4,"insertSpaces":true,"cursorStyle":1,"lineNumbers":1}
hypr/conf/custom.conf: Using EditorConfig core...
hypr/conf/custom.conf: Using EditorConfig core...
conf/custom.conf: Target charset is not set
hypr/conf/custom.conf: {"tabSize":4,"indentSize":4,"insertSpaces":true,"cursorStyle":1,"lineNumbers":1}
hypr/conf/custom.conf: Using EditorConfig core...
hypr/conf/custom.conf: Using EditorConfig core...
conf/custom.conf: Target charset is not set
hypr/conf/custom.conf: Using EditorConfig core...
hypr/conf/custom.conf: Using EditorConfig core...
conf/custom.conf: Target charset is not set
hypr/conf/custom.conf: Using EditorConfig core...
hypr/conf/custom.conf: Using EditorConfig core...
conf/custom.conf: Target charset is not set
hypr/conf/custom.conf: Using EditorConfig core...
hypr/conf/custom.conf: Using EditorConfig core...
conf/custom.conf: Target charset is not set
hypr/conf/custom.conf: Using EditorConfig core...
hypr/conf/custom.conf: Using EditorConfig core...
conf/custom.conf: Target charset is not set
hypr/conf/custom.conf: Using EditorConfig core...
hypr/conf/custom.conf: Using EditorConfig core...
conf/custom.conf: Target charset is not set
hypr/conf/custom.conf: Using EditorConfig core...
hypr/conf/custom.conf: Using EditorConfig core...
conf/custom.conf: Target charset is not set
hypr/conf/custom.conf: Using EditorConfig core...
hypr/conf/custom.conf: Using EditorConfig core...
conf/custom.conf: Target charset is not set
hypr/conf/custom.conf: Using EditorConfig core...
hypr/conf/custom.conf: Using EditorConfig core...
conf/custom.conf: Target charset is not set
hypr/conf/custom.conf: Using EditorConfig core...
hypr/conf/custom.conf: Using EditorConfig core...
conf/custom.conf: Target charset is not set
hypr/conf/custom.conf: {"tabSize":4,"indentSize":4,"insertSpaces":true,"cursorStyle":1,"lineNumbers":1}
hypr/conf/custom.conf: {"tabSize":4,"indentSize":4,"insertSpaces":true,"cursorStyle":1,"lineNumbers":1}
hypr/conf/custom.conf: {"tabSize":4,"indentSize":4,"insertSpaces":true,"cursorStyle":1,"lineNumbers":1}
hypr/conf/custom.conf: {"tabSize":4,"indentSize":4,"insertSpaces":true,"cursorStyle":1,"lineNumbers":1}
hypr/conf/custom.conf: {"tabSize":4,"indentSize":4,"insertSpaces":true,"cursorStyle":1,"lineNumbers":1}
hypr/conf/custom.conf: {"tabSize":4,"indentSize":4,"insertSpaces":true,"cursorStyle":1,"lineNumbers":1}
hypr/conf/custom.conf: {"tabSize":4,"indentSize":4,"insertSpaces":true,"cursorStyle":1,"lineNumbers":1}
hypr/conf/custom.conf: {"tabSize":4,"indentSize":4,"insertSpaces":true,"cursorStyle":1,"lineNumbers":1}
hypr/conf/custom.conf: {"tabSize":4,"indentSize":4,"insertSpaces":true,"cursorStyle":1,"lineNumbers":1}
hypr/conf/custom.conf: {"tabSize":4,"indentSize":4,"insertSpaces":true,"cursorStyle":1,"lineNumbers":1}
hypr/conf/custom.conf: {"tabSize":4,"indentSize":4,"insertSpaces":true,"cursorStyle":1,"lineNumbers":1}
hypr/conf/custom.conf: {"tabSize":4,"indentSize":4,"insertSpaces":true,"cursorStyle":1,"lineNumbers":1}
hypr/conf/custom.conf: {"tabSize":4,"indentSize":4,"insertSpaces":true,"cursorStyle":1,"lineNumbers":1}
hypr/conf/custom.conf: {"tabSize":4,"indentSize":4,"insertSpaces":true,"cursorStyle":1,"lineNumbers":1}
hypr/conf/custom.conf: {"tabSize":4,"indentSize":4,"insertSpaces":true,"cursorStyle":1,"lineNumbers":1}
hypr/conf/custom.conf: {"tabSize":4,"indentSize":4,"insertSpaces":true,"cursorStyle":1,"lineNumbers":1}
hypr/conf/custom.conf: {"tabSize":4,"indentSize":4,"insertSpaces":true,"cursorStyle":1,"lineNumbers":1}
hypr/conf/custom.conf: {"tabSize":4,"indentSize":4,"insertSpaces":true,"cursorStyle":1,"lineNumbers":1}
hypr/conf/custom.conf: {"tabSize":4,"indentSize":4,"insertSpaces":true,"cursorStyle":1,"lineNumbers":1}
hypr/conf/custom.conf: {"tabSize":4,"indentSize":4,"insertSpaces":true,"cursorStyle":1,"lineNumbers":1}
hypr/conf/custom.conf: {"tabSize":4,"indentSize":4,"insertSpaces":true,"cursorStyle":1,"lineNumbers":1}
hypr/conf/custom.conf: Using EditorConfig core...
hypr/conf/custom.conf: Using EditorConfig core...
conf/custom.conf: Target charset is not set
hypr/conf/custom.conf: Using EditorConfig core...
hypr/conf/custom.conf: Using EditorConfig core...
conf/custom.conf: Target charset is not set
hypr/conf/custom.conf: {"tabSize":4,"indentSize":4,"insertSpaces":true,"cursorStyle":1,"lineNumbers":1}
hypr/conf/custom.conf: Using EditorConfig core...
hypr/conf/custom.conf: Using EditorConfig core...
conf/custom.conf: Target charset is not set
hypr/conf/custom.conf: {"tabSize":4,"indentSize":4,"insertSpaces":true,"cursorStyle":1,"lineNumbers":1}
hypr/conf/custom.conf: {"tabSize":4,"indentSize":4,"insertSpaces":true,"cursorStyle":1,"lineNumbers":1}
hypr/conf/custom.conf: {"tabSize":4,"indentSize":4,"insertSpaces":true,"cursorStyle":1,"lineNumbers":1}
hypr/conf/custom.conf: {"tabSize":4,"indentSize":4,"insertSpaces":true,"cursorStyle":1,"lineNumbers":1}
hypr/conf/custom.conf: Using EditorConfig core...
hypr/conf/custom.conf: Using EditorConfig core...
conf/custom.conf: Target charset is not set
hypr/conf/custom.conf: Using EditorConfig core...
hypr/conf/custom.conf: Using EditorConfig core...
conf/custom.conf: Target charset is not set
hypr/conf/custom.conf: {"tabSize":4,"indentSize":4,"insertSpaces":true,"cursorStyle":1,"lineNumbers":1}
hypr/conf/custom.conf: {"tabSize":4,"indentSize":4,"insertSpaces":true,"cursorStyle":1,"lineNumbers":1}
hypr/conf/custom.conf: {"tabSize":4,"indentSize":4,"insertSpaces":true,"cursorStyle":1,"lineNumbers":1}
hypr/conf/custom.conf: {"tabSize":4,"indentSize":4,"insertSpaces":true,"cursorStyle":1,"lineNumbers":1}
hypr/conf/custom.conf: {"tabSize":4,"indentSize":4,"insertSpaces":true,"cursorStyle":1,"lineNumbers":1}
hypr/conf/custom.conf: {"tabSize":4,"indentSize":4,"insertSpaces":true,"cursorStyle":1,"lineNumbers":1}
hypr/conf/custom.conf: {"tabSize":4,"indentSize":4,"insertSpaces":true,"cursorStyle":1,"lineNumbers":1}
hypr/conf/custom.conf: {"tabSize":4,"indentSize":4,"insertSpaces":true,"cursorStyle":1,"lineNumbers":1}
hypr/conf/custom.conf: {"tabSize":4,"indentSize":4,"insertSpaces":true,"cursorStyle":1,"lineNumbers":1}
hypr/conf/custom.conf: {"tabSize":4,"indentSize":4,"insertSpaces":true,"cursorStyle":1,"lineNumbers":1}
hypr/conf/custom.conf: {"tabSize":4,"indentSize":4,"insertSpaces":true,"cursorStyle":1,"lineNumbers":1}
hypr/conf/custom.conf: Using EditorConfig core...
hypr/conf/custom.conf: Using EditorConfig core...
conf/custom.conf: Target charset is not set
hypr/conf/custom.conf: {"tabSize":4,"indentSize":4,"insertSpaces":true,"cursorStyle":1,"lineNumbers":1}
hypr/conf/custom.conf: {"tabSize":4,"indentSize":4,"insertSpaces":true,"cursorStyle":1,"lineNumbers":1}
hypr/conf/custom.conf: {"tabSize":4,"indentSize":4,"insertSpaces":true,"cursorStyle":1,"lineNumbers":1}
hypr/conf/custom.conf: {"tabSize":4,"indentSize":4,"insertSpaces":true,"cursorStyle":1,"lineNumbers":1}
hypr/conf/custom.conf: {"tabSize":4,"indentSize":4,"insertSpaces":true,"cursorStyle":1,"lineNumbers":1}
hypr/conf/custom.conf: {"tabSize":4,"indentSize":4,"insertSpaces":true,"cursorStyle":1,"lineNumbers":1}
hypr/conf/custom.conf: {"tabSize":4,"indentSize":4,"insertSpaces":true,"cursorStyle":1,"lineNumbers":1}
hypr/conf/custom.conf: {"tabSize":4,"indentSize":4,"insertSpaces":true,"cursorStyle":1,"lineNumbers":1}
hypr/conf/custom.conf: {"tabSize":4,"indentSize":4,"insertSpaces":true,"cursorStyle":1,"lineNumbers":1}
hypr/conf/custom.conf: {"tabSize":4,"indentSize":4,"insertSpaces":true,"cursorStyle":1,"lineNumbers":1}
hypr/conf/custom.conf: {"tabSize":4,"indentSize":4,"insertSpaces":true,"cursorStyle":1,"lineNumbers":1}
hypr/conf/custom.conf: {"tabSize":4,"indentSize":4,"insertSpaces":true,"cursorStyle":1,"lineNumbers":1}
hypr/conf/custom.conf: {"tabSize":4,"indentSize":4,"insertSpaces":true,"cursorStyle":1,"lineNumbers":1}
hypr/conf/custom.conf: {"tabSize":4,"indentSize":4,"insertSpaces":true,"cursorStyle":1,"lineNumbers":1}
hypr/conf/custom.conf: {"tabSize":4,"indentSize":4,"insertSpaces":true,"cursorStyle":1,"lineNumbers":1}
hypr/conf/custom.conf: {"tabSize":4,"indentSize":4,"insertSpaces":true,"cursorStyle":1,"lineNumbers":1}
No more open editors.
hypr/conf/keybindings/fr.conf: {"tabSize":4,"indentSize":4,"insertSpaces":true,"cursorStyle":1,"lineNumbers":1}
hypr/conf/keybindings/fr.conf: Using EditorConfig core...
conf/keybindings/fr.conf: Target charset is not set
hypr/conf/keybindings/fr.conf: {"tabSize":4,"indentSize":4,"insertSpaces":true,"cursorStyle":1,"lineNumbers":1}
hypr/conf/keybindings/fr.conf: {"tabSize":4,"indentSize":4,"insertSpaces":true,"cursorStyle":1,"lineNumbers":1}
hypr/conf/keybindings/fr.conf: {"tabSize":4,"indentSize":4,"insertSpaces":true,"cursorStyle":1,"lineNumbers":1}
hypr/conf/keybindings/fr.conf: {"tabSize":4,"indentSize":4,"insertSpaces":true,"cursorStyle":1,"lineNumbers":1}
hypr/conf/keybindings/fr.conf: {"tabSize":4,"indentSize":4,"insertSpaces":true,"cursorStyle":1,"lineNumbers":1}
hypr/conf/custom.conf: {"tabSize":4,"indentSize":4,"insertSpaces":true,"cursorStyle":1,"lineNumbers":1}
hypr/conf/custom.conf: Using EditorConfig core...
conf/custom.conf: Target charset is not set
hypr/conf/custom.conf: Using EditorConfig core...
hypr/conf/custom.conf: Using EditorConfig core...
conf/custom.conf: Target charset is not set
hypr/conf/custom.conf: Using EditorConfig core...
hypr/conf/custom.conf: Using EditorConfig core...
conf/custom.conf: Target charset is not set
hypr/conf/custom.conf: Using EditorConfig core...
hypr/conf/custom.conf: Using EditorConfig core...
conf/custom.conf: Target charset is not set
hypr/conf/custom.conf: Using EditorConfig core...
hypr/conf/custom.conf: Using EditorConfig core...
conf/custom.conf: Target charset is not set
hypr/conf/custom.conf: {"tabSize":4,"indentSize":4,"insertSpaces":true,"cursorStyle":1,"lineNumbers":1}
hypr/conf/custom.conf: {"tabSize":4,"indentSize":4,"insertSpaces":true,"cursorStyle":1,"lineNumbers":1}
hypr/conf/custom.conf: {"tabSize":4,"indentSize":4,"insertSpaces":true,"cursorStyle":1,"lineNumbers":1}
hypr/conf/custom.conf: {"tabSize":4,"indentSize":4,"insertSpaces":true,"cursorStyle":1,"lineNumbers":1}
hypr/conf/custom.conf: {"tabSize":4,"indentSize":4,"insertSpaces":true,"cursorStyle":1,"lineNumbers":1}
hypr/conf/custom.conf: {"tabSize":4,"indentSize":4,"insertSpaces":true,"cursorStyle":1,"lineNumbers":1}
hypr/conf/custom.conf: {"tabSize":4,"indentSize":4,"insertSpaces":true,"cursorStyle":1,"lineNumbers":1}
hypr/conf/custom.conf: {"tabSize":4,"indentSize":4,"insertSpaces":true,"cursorStyle":1,"lineNumbers":1}
hypr/hyprlock.conf: {"tabSize":4,"indentSize":4,"insertSpaces":true,"cursorStyle":1,"lineNumbers":1}
hypr/hyprlock.conf: Using EditorConfig core...
hyprlock.conf: Target charset is not set
hypr/hyprlock.conf: {"tabSize":4,"indentSize":4,"insertSpaces":true,"cursorStyle":1,"lineNumbers":1}
hypr/hyprlock.conf: {"tabSize":4,"indentSize":4,"insertSpaces":true,"cursorStyle":1,"lineNumbers":1}
hypr/conf/keybindings/fr.conf: {"tabSize":4,"indentSize":4,"insertSpaces":true,"cursorStyle":1,"lineNumbers":1}
hypr/conf/keybindings/fr.conf: Using EditorConfig core...
conf/keybindings/fr.conf: Target charset is not set
hypr/conf/keybindings/fr.conf: {"tabSize":4,"indentSize":4,"insertSpaces":true,"cursorStyle":1,"lineNumbers":1}
hypr/hyprlock.conf: {"tabSize":4,"indentSize":4,"insertSpaces":true,"cursorStyle":1,"lineNumbers":1}
hypr/hyprlock.conf: Using EditorConfig core...
hyprlock.conf: Target charset is not set
hypr/hyprlock.conf: {"tabSize":4,"indentSize":4,"insertSpaces":true,"cursorStyle":1,"lineNumbers":1}
hypr/hyprlock.conf: {"tabSize":4,"indentSize":4,"insertSpaces":true,"cursorStyle":1,"lineNumbers":1}
hypr/hyprlock.conf: {"tabSize":4,"indentSize":4,"insertSpaces":true,"cursorStyle":1,"lineNumbers":1}
hypr/hyprlock.conf: {"tabSize":4,"indentSize":4,"insertSpaces":true,"cursorStyle":1,"lineNumbers":1}
hypr/hyprlock.conf: {"tabSize":4,"indentSize":4,"insertSpaces":true,"cursorStyle":1,"lineNumbers":1}
hypr/hyprlock.conf: {"tabSize":4,"indentSize":4,"insertSpaces":true,"cursorStyle":1,"lineNumbers":1}
hypr/hyprlock.conf: {"tabSize":4,"indentSize":4,"insertSpaces":true,"cursorStyle":1,"lineNumbers":1}
hypr/hyprlock.conf: {"tabSize":4,"indentSize":4,"insertSpaces":true,"cursorStyle":1,"lineNumbers":1}
hypr/hyprlock.conf: {"tabSize":4,"indentSize":4,"insertSpaces":true,"cursorStyle":1,"lineNumbers":1}
hypr/hyprlock.conf: {"tabSize":4,"indentSize":4,"insertSpaces":true,"cursorStyle":1,"lineNumbers":1}
hypr/conf/custom.conf: {"tabSize":4,"indentSize":4,"insertSpaces":true,"cursorStyle":1,"lineNumbers":1}
hypr/conf/custom.conf: Using EditorConfig core...
conf/custom.conf: Target charset is not set
hypr/conf/custom.conf: {"tabSize":4,"indentSize":4,"insertSpaces":true,"cursorStyle":1,"lineNumbers":1}
hypr/conf/custom.conf: {"tabSize":4,"indentSize":4,"insertSpaces":true,"cursorStyle":1,"lineNumbers":1}
hypr/conf/custom.conf: Using EditorConfig core...
hypr/conf/custom.conf: Using EditorConfig core...
conf/custom.conf: Target charset is not set
hypr/conf/custom.conf: Using EditorConfig core...
hypr/conf/custom.conf: Using EditorConfig core...
conf/custom.conf: Target charset is not set
hypr/conf/custom.conf: Using EditorConfig core...
hypr/conf/custom.conf: Using EditorConfig core...
conf/custom.conf: Target charset is not set
hypr/conf/custom.conf: {"tabSize":4,"indentSize":4,"insertSpaces":true,"cursorStyle":1,"lineNumbers":1}
hypr/conf/custom.conf: {"tabSize":4,"indentSize":4,"insertSpaces":true,"cursorStyle":1,"lineNumbers":1}
hypr/conf/custom.conf: {"tabSize":4,"indentSize":4,"insertSpaces":true,"cursorStyle":1,"lineNumbers":1}
hypr/conf/custom.conf: Using EditorConfig core...
hypr/conf/custom.conf: Using EditorConfig core...
conf/custom.conf: Target charset is not set
hypr/conf/custom.conf: {"tabSize":4,"indentSize":4,"insertSpaces":true,"cursorStyle":1,"lineNumbers":1}
hypr/conf/custom.conf: {"tabSize":4,"indentSize":4,"insertSpaces":true,"cursorStyle":1,"lineNumbers":1}
hypr/conf/custom.conf: Using EditorConfig core...
hypr/conf/custom.conf: Using EditorConfig core...
conf/custom.conf: Target charset is not set
hypr/conf/custom.conf: Using EditorConfig core...
hypr/conf/custom.conf: Using EditorConfig core...
conf/custom.conf: Target charset is not set
hypr/conf/custom.conf: {"tabSize":4,"indentSize":4,"insertSpaces":true,"cursorStyle":1,"lineNumbers":1}
hypr/conf/custom.conf: {"tabSize":4,"indentSize":4,"insertSpaces":true,"cursorStyle":1,"lineNumbers":1}
hypr/conf/custom.conf: {"tabSize":4,"indentSize":4,"insertSpaces":true,"cursorStyle":1,"lineNumbers":1}
hypr/conf/custom.conf: Using EditorConfig core...
hypr/conf/custom.conf: Using EditorConfig core...
conf/custom.conf: Target charset is not set
hypr/conf/custom.conf: Using EditorConfig core...
hypr/conf/custom.conf: Using EditorConfig core...
conf/custom.conf: Target charset is not set
hypr/conf/custom.conf: Using EditorConfig core...
hypr/conf/custom.conf: Using EditorConfig core...
conf/custom.conf: Target charset is not set
hypr/conf/custom.conf: Using EditorConfig core...
hypr/conf/custom.conf: Using EditorConfig core...
conf/custom.conf: Target charset is not set
hypr/conf/custom.conf: {"tabSize":4,"indentSize":4,"insertSpaces":true,"cursorStyle":1,"lineNumbers":1}
hypr/conf/custom.conf: {"tabSize":4,"indentSize":4,"insertSpaces":true,"cursorStyle":1,"lineNumbers":1}
hypr/conf/custom.conf: {"tabSize":4,"indentSize":4,"insertSpaces":true,"cursorStyle":1,"lineNumbers":1}
hypr/conf/custom.conf: Using EditorConfig core...
hypr/conf/custom.conf: Using EditorConfig core...
conf/custom.conf: Target charset is not set
hypr/conf/custom.conf: {"tabSize":4,"indentSize":4,"insertSpaces":true,"cursorStyle":1,"lineNumbers":1}
hypr/conf/custom.conf: {"tabSize":4,"indentSize":4,"insertSpaces":true,"cursorStyle":1,"lineNumbers":1}
hypr/conf/custom.conf: Using EditorConfig core...
hypr/conf/custom.conf: Using EditorConfig core...
conf/custom.conf: Target charset is not set
hypr/conf/custom.conf: {"tabSize":4,"indentSize":4,"insertSpaces":true,"cursorStyle":1,"lineNumbers":1}
hypr/conf/custom.conf: {"tabSize":4,"indentSize":4,"insertSpaces":true,"cursorStyle":1,"lineNumbers":1}
hypr/conf/custom.conf: {"tabSize":4,"indentSize":4,"insertSpaces":true,"cursorStyle":1,"lineNumbers":1}
hypr/conf/custom.conf: {"tabSize":4,"indentSize":4,"insertSpaces":true,"cursorStyle":1,"lineNumbers":1}
hypr/conf/custom.conf: {"tabSize":4,"indentSize":4,"insertSpaces":true,"cursorStyle":1,"lineNumbers":1}
hypr/conf/custom.conf: {"tabSize":4,"indentSize":4,"insertSpaces":true,"cursorStyle":1,"lineNumbers":1}
hypr/conf/custom.conf: {"tabSize":4,"indentSize":4,"insertSpaces":true,"cursorStyle":1,"lineNumbers":1}
hypr/conf/custom.conf: {"tabSize":4,"indentSize":4,"insertSpaces":true,"cursorStyle":1,"lineNumbers":1}
hypr/conf/custom.conf: {"tabSize":4,"indentSize":4,"insertSpaces":true,"cursorStyle":1,"lineNumbers":1}
hypr/conf/custom.conf: {"tabSize":4,"indentSize":4,"insertSpaces":true,"cursorStyle":1,"lineNumbers":1}
hypr/conf/custom.conf: {"tabSize":4,"indentSize":4,"insertSpaces":true,"cursorStyle":1,"lineNumbers":1}
hypr/conf/custom.conf: {"tabSize":4,"indentSize":4,"insertSpaces":true,"cursorStyle":1,"lineNumbers":1}
hypr/conf/custom.conf: Using EditorConfig core...
hypr/conf/custom.conf: Using EditorConfig core...
conf/custom.conf: Target charset is not set
hypr/conf/custom.conf: {"tabSize":4,"indentSize":4,"insertSpaces":true,"cursorStyle":1,"lineNumbers":1}
hypr/conf/custom.conf: {"tabSize":4,"indentSize":4,"insertSpaces":true,"cursorStyle":1,"lineNumbers":1}
hypr/conf/custom.conf: {"tabSize":4,"indentSize":4,"insertSpaces":true,"cursorStyle":1,"lineNumbers":1}
hypr/conf/custom.conf: {"tabSize":4,"indentSize":4,"insertSpaces":true,"cursorStyle":1,"lineNumbers":1}
hypr/conf/custom.conf: {"tabSize":4,"indentSize":4,"insertSpaces":true,"cursorStyle":1,"lineNumbers":1}
hypr/conf/custom.conf: {"tabSize":4,"indentSize":4,"insertSpaces":true,"cursorStyle":1,"lineNumbers":1}
hypr/conf/custom.conf: {"tabSize":4,"indentSize":4,"insertSpaces":true,"cursorStyle":1,"lineNumbers":1}
hypr/conf/custom.conf: {"tabSize":4,"indentSize":4,"insertSpaces":true,"cursorStyle":1,"lineNumbers":1}
hypr/conf/custom.conf: {"tabSize":4,"indentSize":4,"insertSpaces":true,"cursorStyle":1,"lineNumbers":1}
hypr/conf/custom.conf: {"tabSize":4,"indentSize":4,"insertSpaces":true,"cursorStyle":1,"lineNumbers":1}
hypr/conf/custom.conf: Using EditorConfig core...
hypr/conf/custom.conf: Using EditorConfig core...
conf/custom.conf: Target charset is not set
hypr/conf/custom.conf: Using EditorConfig core...
hypr/conf/custom.conf: Using EditorConfig core...
conf/custom.conf: Target charset is not set
hypr/conf/custom.conf: {"tabSize":4,"indentSize":4,"insertSpaces":true,"cursorStyle":1,"lineNumbers":1}
hypr/conf/custom.conf: Using EditorConfig core...
hypr/conf/custom.conf: Using EditorConfig core...
conf/custom.conf: Target charset is not set
hypr/conf/custom.conf: Using EditorConfig core...
hypr/conf/custom.conf: Using EditorConfig core...
conf/custom.conf: Target charset is not set
hypr/conf/custom.conf: {"tabSize":4,"indentSize":4,"insertSpaces":true,"cursorStyle":1,"lineNumbers":1}
hypr/conf/custom.conf: {"tabSize":4,"indentSize":4,"insertSpaces":true,"cursorStyle":1,"lineNumbers":1}
hypr/conf/custom.conf: {"tabSize":4,"indentSize":4,"insertSpaces":true,"cursorStyle":1,"lineNumbers":1}
hypr/conf/custom.conf: Using EditorConfig core...
hypr/conf/custom.conf: Using EditorConfig core...
conf/custom.conf: Target charset is not set
hypr/conf/custom.conf: Using EditorConfig core...
hypr/conf/custom.conf: Using EditorConfig core...
conf/custom.conf: Target charset is not set
hypr/conf/custom.conf: Using EditorConfig core...
hypr/conf/custom.conf: Using EditorConfig core...
conf/custom.conf: Target charset is not set
hypr/conf/custom.conf: Using EditorConfig core...
hypr/conf/custom.conf: Using EditorConfig core...
conf/custom.conf: Target charset is not set
hypr/conf/custom.conf: {"tabSize":4,"indentSize":4,"insertSpaces":true,"cursorStyle":1,"lineNumbers":1}
hypr/conf/custom.conf: {"tabSize":4,"indentSize":4,"insertSpaces":true,"cursorStyle":1,"lineNumbers":1}
hypr/conf/custom.conf: {"tabSize":4,"indentSize":4,"insertSpaces":true,"cursorStyle":1,"lineNumbers":1}
hypr/conf/custom.conf: {"tabSize":4,"indentSize":4,"insertSpaces":true,"cursorStyle":1,"lineNumbers":1}
hypr/conf/custom.conf: {"tabSize":4,"indentSize":4,"insertSpaces":true,"cursorStyle":1,"lineNumbers":1}
hypr/conf/custom.conf: Using EditorConfig core...
hypr/conf/custom.conf: Using EditorConfig core...
conf/custom.conf: Target charset is not set
hypr/conf/custom.conf: Using EditorConfig core...
hypr/conf/custom.conf: Using EditorConfig core...
conf/custom.conf: Target charset is not set
hypr/conf/custom.conf: Using EditorConfig core...
hypr/conf/custom.conf: Using EditorConfig core...
conf/custom.conf: Target charset is not set
