["INFO" - 10:57:26 PM] Extension Name: esbenp.prettier-vscode.
["INFO" - 10:57:26 PM] Extension Version: 12.4.0.
["INFO" - 10:57:27 PM] Using config file at /home/yusof_0090/Projects/.prettierrc
["INFO" - 10:57:27 PM] EditorConfig support is enabled, checking for .editorconfig files
["INFO" - 10:57:27 PM] Resolved config:
{
  "semi": false,
  "singleQuote": true,
  "tabWidth": 2,
  "printWidth": 80,
  "jsxSingleQuote": false,
  "trailingComma": "all",
  "bracketSpacing": true,
  "endOfLine": "crlf",
  "useTabs": false,
  "singleAttributePerLine": true
}
["INFO" - 11:06:32 PM] Using config file at /home/yusof_0090/Projects/.prettierrc
["INFO" - 11:06:32 PM] EditorConfig support is enabled, checking for .editorconfig files
["INFO" - 11:06:32 PM] Resolved config:
{
  "semi": false,
  "singleQuote": true,
  "tabWidth": 2,
  "printWidth": 80,
  "jsxSingleQuote": false,
  "trailingComma": "all",
  "bracketSpacing": true,
  "endOfLine": "crlf",
  "useTabs": false,
  "singleAttributePerLine": true
}
["INFO" - 11:08:13 PM] Using config file at /home/yusof_0090/Projects/.prettierrc
["INFO" - 11:08:13 PM] EditorConfig support is enabled, checking for .editorconfig files
["INFO" - 11:08:13 PM] Resolved config:
{
  "semi": false,
  "singleQuote": true,
  "tabWidth": 2,
  "printWidth": 80,
  "jsxSingleQuote": false,
  "trailingComma": "all",
  "bracketSpacing": true,
  "endOfLine": "crlf",
  "useTabs": false,
  "singleAttributePerLine": true
}
["INFO" - 11:08:15 PM] Using config file at /home/yusof_0090/Projects/.prettierrc
["INFO" - 11:08:15 PM] EditorConfig support is enabled, checking for .editorconfig files
["INFO" - 11:08:15 PM] Resolved config:
{
  "semi": false,
  "singleQuote": true,
  "tabWidth": 2,
  "printWidth": 80,
  "jsxSingleQuote": false,
  "trailingComma": "all",
  "bracketSpacing": true,
  "endOfLine": "crlf",
  "useTabs": false,
  "singleAttributePerLine": true
}
["INFO" - 11:08:20 PM] Using config file at /home/yusof_0090/Projects/.prettierrc
["INFO" - 11:08:20 PM] EditorConfig support is enabled, checking for .editorconfig files
["INFO" - 11:08:20 PM] Resolved config:
{
  "semi": false,
  "singleQuote": true,
  "tabWidth": 2,
  "printWidth": 80,
  "jsxSingleQuote": false,
  "trailingComma": "all",
  "bracketSpacing": true,
  "endOfLine": "crlf",
  "useTabs": false,
  "singleAttributePerLine": true
}
["INFO" - 11:12:38 PM] Using config file at /home/yusof_0090/Projects/.prettierrc
["INFO" - 11:12:38 PM] EditorConfig support is enabled, checking for .editorconfig files
["INFO" - 11:12:38 PM] Resolved config:
{
  "semi": false,
  "singleQuote": true,
  "tabWidth": 2,
  "printWidth": 80,
  "jsxSingleQuote": false,
  "trailingComma": "all",
  "bracketSpacing": true,
  "endOfLine": "crlf",
  "useTabs": false,
  "singleAttributePerLine": true
}
["INFO" - 11:12:41 PM] Using config file at /home/yusof_0090/Projects/.prettierrc
["INFO" - 11:12:41 PM] EditorConfig support is enabled, checking for .editorconfig files
["INFO" - 11:12:41 PM] Resolved config:
{
  "semi": false,
  "singleQuote": true,
  "tabWidth": 2,
  "printWidth": 80,
  "jsxSingleQuote": false,
  "trailingComma": "all",
  "bracketSpacing": true,
  "endOfLine": "crlf",
  "useTabs": false,
  "singleAttributePerLine": true
}
["INFO" - 11:17:56 PM] Using config file at /home/yusof_0090/Projects/.prettierrc
["INFO" - 11:17:56 PM] EditorConfig support is enabled, checking for .editorconfig files
["INFO" - 11:17:56 PM] Resolved config:
{
  "semi": false,
  "singleQuote": true,
  "tabWidth": 2,
  "printWidth": 80,
  "jsxSingleQuote": false,
  "trailingComma": "all",
  "bracketSpacing": true,
  "endOfLine": "crlf",
  "useTabs": false,
  "singleAttributePerLine": true
}
