2026-03-26 15:58:10.695 [info] [main] Log level: Info
2026-03-26 15:58:10.695 [info] [main] Validating found git in: "git"
2026-03-26 15:58:10.695 [info] [main] Using git "2.53.0" from "git"
2026-03-26 15:58:10.695 [info] [Model][doInitialScan] Initial repository scan started
2026-03-26 15:58:10.695 [info] > git rev-parse --show-toplevel [54ms]
2026-03-26 15:58:10.696 [info] > git rev-parse --git-dir --git-common-dir --show-superproject-working-tree [12ms]
2026-03-26 15:58:10.720 [info] [Model][openRepository] Opened repository (path): /home/yusof_0090/Projects/insurance-proj
2026-03-26 15:58:10.720 [info] [Model][openRepository] Opened repository (real path): /home/yusof_0090/Projects/insurance-proj
2026-03-26 15:58:10.720 [info] [Model][openRepository] Opened repository (kind): repository
2026-03-26 15:58:10.750 [info] > git rev-parse --show-toplevel [14ms]
2026-03-26 15:58:10.751 [info] > git config --get commit.template [21ms]
2026-03-26 15:58:10.772 [info] > git rev-parse --show-toplevel [12ms]
2026-03-26 15:58:10.859 [info] > git rev-parse --show-toplevel [79ms]
2026-03-26 15:58:10.860 [info] > git for-each-ref --format=%(refname)%00%(upstream:short)%00%(objectname)%00%(upstream:track)%00%(upstream:remotename)%00%(upstream:remoteref) refs/heads/main refs/remotes/main [90ms]
2026-03-26 15:58:11.005 [info] > git rev-parse --show-toplevel [64ms]
2026-03-26 15:58:11.007 [info] [Model][doInitialScan] Initial repository scan completed - repositories (1), closed repositories (0), parent repositories (0), unsafe repositories (0)
2026-03-26 15:58:11.211 [info] > git status -z -uall [178ms]
2026-03-26 15:58:11.212 [info] > git for-each-ref --sort -committerdate --format %(refname)%00%(objectname)%00%(*objectname) [170ms]
2026-03-26 15:58:11.268 [info] > git for-each-ref --format=%(refname)%00%(upstream:short)%00%(objectname)%00%(upstream:track)%00%(upstream:remotename)%00%(upstream:remoteref) refs/heads/main refs/remotes/main [20ms]
2026-03-26 15:58:12.018 [info] > git check-ignore -v -z --stdin [736ms]
2026-03-26 15:58:12.019 [info] > git config --get --local branch.main.vscode-merge-base [745ms]
2026-03-26 15:58:12.024 [info] > git config --get commit.template [761ms]
2026-03-26 15:58:12.124 [info] > git for-each-ref --format=%(refname)%00%(upstream:short)%00%(objectname)%00%(upstream:track)%00%(upstream:remotename)%00%(upstream:remoteref) refs/heads/origin/main refs/remotes/origin/main [100ms]
2026-03-26 15:58:12.572 [info] > git check-ignore -v -z --stdin [491ms]
2026-03-26 15:58:12.573 [info] > git merge-base refs/heads/main refs/remotes/origin/main [441ms]
2026-03-26 15:58:12.622 [info] > git diff --raw --numstat --diff-filter=ADMR -z --find-renames=50% 5b3827ebe5bfa94e7c27377833eee0371904e2cf...refs/remotes/origin/main -- [44ms]
2026-03-26 15:58:12.623 [info] > git for-each-ref --format=%(refname)%00%(upstream:short)%00%(objectname)%00%(upstream:track)%00%(upstream:remotename)%00%(upstream:remoteref) refs/heads/main refs/remotes/main [393ms]
2026-03-26 15:58:12.653 [info] > git show --textconv :src/app/pages/customer/OrderTracking.tsx [17ms]
2026-03-26 15:58:12.653 [info] > git ls-files --stage -- src/app/pages/customer/OrderTracking.tsx [12ms]
2026-03-26 15:58:12.726 [info] > git cat-file -s 31aec46fdd8730168e0a8600c779ccc0537de15e [68ms]
2026-03-26 15:58:13.004 [info] > git status -z -uall [167ms]
2026-03-26 15:58:13.013 [info] > git for-each-ref --sort -committerdate --format %(refname)%00%(objectname)%00%(*objectname) [168ms]
2026-03-26 15:58:13.374 [info] > git blame --root --incremental 5b3827ebe5bfa94e7c27377833eee0371904e2cf -- src/app/pages/customer/OrderTracking.tsx [99ms]
2026-03-26 15:58:13.876 [info] > git config --get commit.template [20ms]
2026-03-26 15:58:13.934 [info] > git for-each-ref --format=%(refname)%00%(upstream:short)%00%(objectname)%00%(upstream:track)%00%(upstream:remotename)%00%(upstream:remoteref) refs/heads/main refs/remotes/main [19ms]
2026-03-26 15:58:14.010 [info] > git status -z -uall [30ms]
2026-03-26 15:58:14.011 [info] > git for-each-ref --sort -committerdate --format %(refname)%00%(objectname)%00%(*objectname) [9ms]
2026-03-26 15:58:14.145 [info] > git check-ignore -v -z --stdin [1ms]
2026-03-26 15:58:14.552 [info] > git diff --name-status -z --diff-filter=ADMR 5b3827ebe5bfa94e7c27377833eee0371904e2cf -- [1ms]
2026-03-26 15:58:14.619 [info] > git fetch [1028ms]
2026-03-26 15:58:14.619 [info] Missing or invalid credentials.
Skip silent fetch commands
Missing or invalid credentials.
Skip silent fetch commands
remote: Repository not found.
fatal: Authentication failed for 'https://github.com/monir-shokohyan/insurance-proj/'
2026-03-26 15:58:14.658 [info] > git config --get commit.template [2ms]
2026-03-26 15:58:14.664 [info] > git for-each-ref --format=%(refname)%00%(upstream:short)%00%(objectname)%00%(upstream:track)%00%(upstream:remotename)%00%(upstream:remoteref) refs/heads/main refs/remotes/main [1ms]
2026-03-26 15:58:14.675 [info] > git status -z -uall [6ms]
2026-03-26 15:58:14.675 [info] > git for-each-ref --sort -committerdate --format %(refname)%00%(objectname)%00%(*objectname) [1ms]
2026-03-26 15:58:23.336 [info] [main] Log level: Info
2026-03-26 15:58:23.336 [info] [main] Validating found git in: "git"
2026-03-26 15:58:23.336 [info] [main] Using git "2.53.0" from "git"
2026-03-26 15:58:23.336 [info] [Model][doInitialScan] Initial repository scan started
2026-03-26 15:58:23.336 [info] > git rev-parse --show-toplevel [2ms]
2026-03-26 15:58:23.336 [info] fatal: not a git repository (or any of the parent directories): .git
2026-03-26 15:58:23.336 [info] > git rev-parse --show-toplevel [24ms]
2026-03-26 15:58:23.336 [info] fatal: not a git repository (or any of the parent directories): .git
2026-03-26 15:58:23.336 [info] > git rev-parse --show-toplevel [136ms]
2026-03-26 15:58:23.336 [info] fatal: not a git repository (or any of the parent directories): .git
2026-03-26 15:58:23.338 [info] > git rev-parse --show-toplevel [23ms]
2026-03-26 15:58:23.338 [info] fatal: not a git repository (or any of the parent directories): .git
2026-03-26 15:58:23.364 [info] > git rev-parse --show-toplevel [19ms]
2026-03-26 15:58:23.364 [info] fatal: not a git repository (or any of the parent directories): .git
2026-03-26 15:58:23.382 [info] > git rev-parse --show-toplevel [12ms]
2026-03-26 15:58:23.382 [info] fatal: not a git repository (or any of the parent directories): .git
2026-03-26 15:58:23.384 [info] [Model][doInitialScan] Initial repository scan completed - repositories (0), closed repositories (0), parent repositories (0), unsafe repositories (0)
2026-03-26 15:58:23.485 [info] > git rev-parse --show-toplevel [23ms]
2026-03-26 15:58:23.485 [info] fatal: not a git repository (or any of the parent directories): .git
2026-03-26 15:58:23.499 [info] > git rev-parse --show-toplevel [3ms]
2026-03-26 15:58:23.499 [info] fatal: not a git repository (or any of the parent directories): .git
2026-03-26 15:58:23.514 [info] > git rev-parse --show-toplevel [2ms]
2026-03-26 15:58:23.514 [info] fatal: not a git repository (or any of the parent directories): .git
2026-03-26 15:58:23.521 [info] > git rev-parse --show-toplevel [2ms]
2026-03-26 15:58:23.521 [info] fatal: not a git repository (or any of the parent directories): .git
2026-03-26 15:58:23.536 [info] > git rev-parse --show-toplevel [11ms]
2026-03-26 15:58:23.536 [info] fatal: not a git repository (or any of the parent directories): .git
2026-03-26 15:58:24.524 [info] > git rev-parse --show-toplevel [248ms]
2026-03-26 15:58:24.524 [info] fatal: not a git repository (or any of the parent directories): .git
2026-03-26 15:58:25.053 [info] > git rev-parse --show-toplevel [2ms]
2026-03-26 15:58:25.053 [info] fatal: not a git repository (or any of the parent directories): .git
2026-03-26 16:01:02.171 [info] [main] Log level: Info
2026-03-26 16:01:02.171 [info] [main] Validating found git in: "git"
2026-03-26 16:01:02.171 [info] [main] Using git "2.53.0" from "git"
2026-03-26 16:01:02.171 [info] [Model][doInitialScan] Initial repository scan started
2026-03-26 16:01:02.171 [info] > git rev-parse --show-toplevel [92ms]
2026-03-26 16:01:02.171 [info] > git rev-parse --git-dir --git-common-dir --show-superproject-working-tree [60ms]
2026-03-26 16:01:02.497 [info] [Model][openRepository] Opened repository (path): /home/yusof_0090/Projects/insurance-proj
2026-03-26 16:01:02.497 [info] [Model][openRepository] Opened repository (real path): /home/yusof_0090/Projects/insurance-proj
2026-03-26 16:01:02.497 [info] [Model][openRepository] Opened repository (kind): repository
2026-03-26 16:01:02.533 [info] > git config --get commit.template [23ms]
2026-03-26 16:01:02.534 [info] > git rev-parse --show-toplevel [17ms]
2026-03-26 16:01:02.551 [info] > git for-each-ref --format=%(refname)%00%(upstream:short)%00%(objectname)%00%(upstream:track)%00%(upstream:remotename)%00%(upstream:remoteref) refs/heads/main refs/remotes/main [10ms]
2026-03-26 16:01:02.552 [info] > git rev-parse --show-toplevel [2ms]
2026-03-26 16:01:02.582 [info] > git rev-parse --show-toplevel [0ms]
2026-03-26 16:01:02.665 [info] > git status -z -uall [61ms]
2026-03-26 16:01:02.665 [info] > git rev-parse --show-toplevel [34ms]
2026-03-26 16:01:02.672 [info] [Model][doInitialScan] Initial repository scan completed - repositories (1), closed repositories (0), parent repositories (0), unsafe repositories (0)
2026-03-26 16:01:02.674 [info] > git for-each-ref --sort -committerdate --format %(refname)%00%(objectname)%00%(*objectname) [58ms]
2026-03-26 16:01:02.872 [info] > git for-each-ref --format=%(refname)%00%(upstream:short)%00%(objectname)%00%(upstream:track)%00%(upstream:remotename)%00%(upstream:remoteref) refs/heads/main refs/remotes/main [165ms]
2026-03-26 16:01:02.887 [info] > git config --get --local branch.main.vscode-merge-base [7ms]
2026-03-26 16:01:02.899 [info] > git config --get commit.template [175ms]
2026-03-26 16:01:03.339 [info] > git for-each-ref --format=%(refname)%00%(upstream:short)%00%(objectname)%00%(upstream:track)%00%(upstream:remotename)%00%(upstream:remoteref) refs/heads/origin/main refs/remotes/origin/main [440ms]
2026-03-26 16:01:03.684 [info] > git merge-base refs/heads/main refs/remotes/origin/main [333ms]
2026-03-26 16:01:04.070 [info] > git diff --raw --numstat --diff-filter=ADMR -z --find-renames=50% 5b3827ebe5bfa94e7c27377833eee0371904e2cf...refs/remotes/origin/main -- [379ms]
2026-03-26 16:01:04.071 [info] > git for-each-ref --format=%(refname)%00%(upstream:short)%00%(objectname)%00%(upstream:track)%00%(upstream:remotename)%00%(upstream:remoteref) refs/heads/main refs/remotes/main [645ms]
2026-03-26 16:01:04.277 [info] > git check-ignore -v -z --stdin [196ms]
2026-03-26 16:01:04.278 [info] > git check-ignore -v -z --stdin [79ms]
2026-03-26 16:01:04.454 [info] > git show --textconv :src/app/pages/customer/OrderTracking.tsx [105ms]
2026-03-26 16:01:04.454 [info] > git status -z -uall [29ms]
2026-03-26 16:01:04.461 [info] > git ls-files --stage -- src/app/pages/customer/OrderTracking.tsx [105ms]
2026-03-26 16:01:04.478 [info] > git cat-file -s 31aec46fdd8730168e0a8600c779ccc0537de15e [13ms]
2026-03-26 16:01:04.479 [info] > git for-each-ref --sort -committerdate --format %(refname)%00%(objectname)%00%(*objectname) [47ms]
2026-03-26 16:01:04.644 [info] > git blame --root --incremental 5b3827ebe5bfa94e7c27377833eee0371904e2cf -- src/app/pages/customer/OrderTracking.tsx [12ms]
2026-03-26 16:01:05.269 [info] > git config --get commit.template [8ms]
2026-03-26 16:01:05.317 [info] > git for-each-ref --format=%(refname)%00%(upstream:short)%00%(objectname)%00%(upstream:track)%00%(upstream:remotename)%00%(upstream:remoteref) refs/heads/main refs/remotes/main [17ms]
2026-03-26 16:01:05.385 [info] > git status -z -uall [9ms]
2026-03-26 16:01:05.385 [info] > git for-each-ref --sort -committerdate --format %(refname)%00%(objectname)%00%(*objectname) [3ms]
2026-03-26 16:01:05.827 [info] > git diff --name-status -z --diff-filter=ADMR 5b3827ebe5bfa94e7c27377833eee0371904e2cf -- [2ms]
2026-03-26 16:01:22.562 [info] > git fetch [1053ms]
2026-03-26 16:01:22.562 [info] Missing or invalid credentials.
Skip silent fetch commands
Missing or invalid credentials.
Skip silent fetch commands
remote: Repository not found.
fatal: Authentication failed for 'https://github.com/monir-shokohyan/insurance-proj/'
2026-03-26 16:01:22.585 [info] > git config --get commit.template [13ms]
2026-03-26 16:01:22.586 [info] > git for-each-ref --format=%(refname)%00%(upstream:short)%00%(objectname)%00%(upstream:track)%00%(upstream:remotename)%00%(upstream:remoteref) refs/heads/main refs/remotes/main [2ms]
2026-03-26 16:01:22.606 [info] > git status -z -uall [10ms]
2026-03-26 16:01:22.607 [info] > git for-each-ref --sort -committerdate --format %(refname)%00%(objectname)%00%(*objectname) [2ms]
2026-03-26 16:01:22.701 [info] > git ls-files --stage -- src/app/pages/customer/OrderTracking.tsx [1ms]
2026-03-26 16:01:22.708 [info] > git cat-file -s 31aec46fdd8730168e0a8600c779ccc0537de15e [1ms]
2026-03-26 16:01:22.717 [info] > git show --textconv :src/app/pages/customer/OrderTracking.tsx [1ms]
2026-03-26 16:01:25.523 [info] > git check-ignore -v -z --stdin [2ms]
2026-03-26 16:01:31.628 [info] [main] Log level: Info
2026-03-26 16:01:31.628 [info] [main] Validating found git in: "git"
2026-03-26 16:01:31.628 [info] [main] Using git "2.53.0" from "git"
2026-03-26 16:01:31.628 [info] [Model][doInitialScan] Initial repository scan started
2026-03-26 16:01:31.628 [info] > git rev-parse --show-toplevel [55ms]
2026-03-26 16:01:31.628 [info] fatal: not a git repository (or any of the parent directories): .git
2026-03-26 16:01:31.847 [info] > git rev-parse --show-toplevel [214ms]
2026-03-26 16:01:31.847 [info] fatal: not a git repository (or any of the parent directories): .git
2026-03-26 16:01:31.895 [info] > git rev-parse --show-toplevel [10ms]
2026-03-26 16:01:31.895 [info] fatal: not a git repository (or any of the parent directories): .git
2026-03-26 16:01:31.919 [info] > git rev-parse --show-toplevel [18ms]
2026-03-26 16:01:31.919 [info] fatal: not a git repository (or any of the parent directories): .git
2026-03-26 16:01:31.953 [info] > git rev-parse --show-toplevel [24ms]
2026-03-26 16:01:31.953 [info] fatal: not a git repository (or any of the parent directories): .git
2026-03-26 16:01:32.042 [info] > git rev-parse --show-toplevel [82ms]
2026-03-26 16:01:32.042 [info] fatal: not a git repository (or any of the parent directories): .git
2026-03-26 16:01:32.058 [info] > git rev-parse --show-toplevel [6ms]
2026-03-26 16:01:32.058 [info] fatal: not a git repository (or any of the parent directories): .git
2026-03-26 16:01:32.060 [info] [Model][doInitialScan] Initial repository scan completed - repositories (0), closed repositories (0), parent repositories (0), unsafe repositories (0)
2026-03-26 16:01:32.955 [info] > git rev-parse --show-toplevel [252ms]
2026-03-26 16:01:32.955 [info] fatal: not a git repository (or any of the parent directories): .git
2026-03-26 16:01:33.511 [info] > git rev-parse --show-toplevel [1ms]
2026-03-26 16:01:33.511 [info] fatal: not a git repository (or any of the parent directories): .git
2026-03-26 16:03:43.433 [info] [main] Log level: Info
2026-03-26 16:03:43.433 [info] [main] Validating found git in: "git"
2026-03-26 16:03:43.433 [info] [main] Using git "2.53.0" from "git"
2026-03-26 16:03:43.433 [info] [Model][doInitialScan] Initial repository scan started
2026-03-26 16:03:43.433 [info] > git rev-parse --show-toplevel [109ms]
2026-03-26 16:03:43.481 [info] > git rev-parse --git-dir --git-common-dir --show-superproject-working-tree [6ms]
2026-03-26 16:03:43.733 [info] [Model][openRepository] Opened repository (path): /home/yusof_0090/Projects/insurance-proj
2026-03-26 16:03:43.733 [info] [Model][openRepository] Opened repository (real path): /home/yusof_0090/Projects/insurance-proj
2026-03-26 16:03:43.733 [info] [Model][openRepository] Opened repository (kind): repository
2026-03-26 16:03:44.018 [info] > git rev-parse --show-toplevel [266ms]
2026-03-26 16:03:44.019 [info] > git config --get commit.template [275ms]
2026-03-26 16:03:44.754 [info] > git rev-parse --show-toplevel [641ms]
2026-03-26 16:03:44.844 [info] > git for-each-ref --format=%(refname)%00%(upstream:short)%00%(objectname)%00%(upstream:track)%00%(upstream:remotename)%00%(upstream:remoteref) refs/heads/main refs/remotes/main [428ms]
2026-03-26 16:03:45.366 [info] > git check-ignore -v -z --stdin [602ms]
2026-03-26 16:03:45.367 [info] > git check-ignore -v -z --stdin [544ms]
2026-03-26 16:03:45.368 [info] > git rev-parse --show-toplevel [551ms]
2026-03-26 16:03:45.448 [info] > git rev-parse --show-toplevel [55ms]
2026-03-26 16:03:45.450 [info] [Model][doInitialScan] Initial repository scan completed - repositories (1), closed repositories (0), parent repositories (0), unsafe repositories (0)
2026-03-26 16:03:45.504 [info] > git show --textconv :src/app/pages/customer/OrderTracking.tsx [47ms]
2026-03-26 16:03:45.505 [info] > git status -z -uall [20ms]
2026-03-26 16:03:45.505 [info] > git ls-files --stage -- src/app/pages/customer/OrderTracking.tsx [41ms]
2026-03-26 16:03:45.541 [info] > git cat-file -s 31aec46fdd8730168e0a8600c779ccc0537de15e [27ms]
2026-03-26 16:03:45.541 [info] > git for-each-ref --sort -committerdate --format %(refname)%00%(objectname)%00%(*objectname) [44ms]
2026-03-26 16:03:45.665 [info] > git for-each-ref --format=%(refname)%00%(upstream:short)%00%(objectname)%00%(upstream:track)%00%(upstream:remotename)%00%(upstream:remoteref) refs/heads/main refs/remotes/main [108ms]
2026-03-26 16:03:45.761 [info] > git config --get --local branch.main.vscode-merge-base [91ms]
2026-03-26 16:03:45.768 [info] > git config --get commit.template [115ms]
2026-03-26 16:03:45.859 [info] > git for-each-ref --format=%(refname)%00%(upstream:short)%00%(objectname)%00%(upstream:track)%00%(upstream:remotename)%00%(upstream:remoteref) refs/heads/origin/main refs/remotes/origin/main [93ms]
2026-03-26 16:03:45.886 [info] > git check-ignore -v -z --stdin [29ms]
2026-03-26 16:03:45.889 [info] > git merge-base refs/heads/main refs/remotes/origin/main [25ms]
2026-03-26 16:03:45.971 [info] > git diff --raw --numstat --diff-filter=ADMR -z --find-renames=50% 5b3827ebe5bfa94e7c27377833eee0371904e2cf...refs/remotes/origin/main -- [76ms]
2026-03-26 16:03:45.971 [info] > git for-each-ref --format=%(refname)%00%(upstream:short)%00%(objectname)%00%(upstream:track)%00%(upstream:remotename)%00%(upstream:remoteref) refs/heads/main refs/remotes/main [86ms]
2026-03-26 16:03:46.021 [info] > git blame --root --incremental 5b3827ebe5bfa94e7c27377833eee0371904e2cf -- src/app/pages/customer/OrderTracking.tsx [28ms]
2026-03-26 16:03:46.037 [info] > git status -z -uall [8ms]
2026-03-26 16:03:46.037 [info] > git for-each-ref --sort -committerdate --format %(refname)%00%(objectname)%00%(*objectname) [1ms]
2026-03-26 16:03:46.616 [info] > git config --get commit.template [32ms]
2026-03-26 16:03:46.654 [info] > git for-each-ref --format=%(refname)%00%(upstream:short)%00%(objectname)%00%(upstream:track)%00%(upstream:remotename)%00%(upstream:remoteref) refs/heads/main refs/remotes/main [9ms]
2026-03-26 16:03:46.684 [info] > git status -z -uall [7ms]
2026-03-26 16:03:46.684 [info] > git for-each-ref --sort -committerdate --format %(refname)%00%(objectname)%00%(*objectname) [2ms]
2026-03-26 16:03:47.191 [info] > git diff --name-status -z --diff-filter=ADMR 5b3827ebe5bfa94e7c27377833eee0371904e2cf -- [3ms]
2026-03-26 16:03:48.185 [info] > git fetch [1071ms]
2026-03-26 16:03:48.185 [info] Missing or invalid credentials.
Skip silent fetch commands
Missing or invalid credentials.
Skip silent fetch commands
remote: Repository not found.
fatal: Authentication failed for 'https://github.com/monir-shokohyan/insurance-proj/'
2026-03-26 16:03:48.195 [info] > git config --get commit.template [2ms]
2026-03-26 16:03:48.202 [info] > git for-each-ref --format=%(refname)%00%(upstream:short)%00%(objectname)%00%(upstream:track)%00%(upstream:remotename)%00%(upstream:remoteref) refs/heads/main refs/remotes/main [1ms]
2026-03-26 16:03:48.214 [info] > git status -z -uall [6ms]
2026-03-26 16:03:48.217 [info] > git for-each-ref --sort -committerdate --format %(refname)%00%(objectname)%00%(*objectname) [4ms]
2026-03-26 16:03:48.312 [info] > git ls-files --stage -- src/app/pages/customer/OrderTracking.tsx [5ms]
2026-03-26 16:03:48.319 [info] > git cat-file -s 31aec46fdd8730168e0a8600c779ccc0537de15e [1ms]
2026-03-26 16:03:48.326 [info] > git show --textconv :src/app/pages/customer/OrderTracking.tsx [1ms]
2026-03-26 16:04:39.134 [info] > git check-ignore -v -z --stdin [0ms]
2026-03-26 16:05:47.190 [info] > git diff --name-status -z --diff-filter=ADMR 5b3827ebe5bfa94e7c27377833eee0371904e2cf -- [1ms]
2026-03-26 16:07:47.194 [info] > git diff --name-status -z --diff-filter=ADMR 5b3827ebe5bfa94e7c27377833eee0371904e2cf -- [3ms]
2026-03-26 16:09:47.194 [info] > git diff --name-status -z --diff-filter=ADMR 5b3827ebe5bfa94e7c27377833eee0371904e2cf -- [1ms]
2026-03-26 16:11:47.192 [info] > git diff --name-status -z --diff-filter=ADMR 5b3827ebe5bfa94e7c27377833eee0371904e2cf -- [1ms]
2026-03-26 16:13:47.196 [info] > git diff --name-status -z --diff-filter=ADMR 5b3827ebe5bfa94e7c27377833eee0371904e2cf -- [1ms]
