2026-03-26 12:07:28.694 [info] Reading sessions from keychain...
2026-03-26 12:07:28.694 [info] Getting sessions for all scopes...
2026-03-26 12:07:28.694 [info] Got stored sessions!
2026-03-26 12:07:28.694 [info] Got 3 verified sessions.
2026-03-26 12:07:28.694 [info] Got 3 sessions for ...
2026-03-26 12:07:28.694 [info] Getting sessions for all scopes...
2026-03-26 12:07:28.694 [info] Got 3 sessions for ...
2026-03-26 12:07:28.694 [info] Getting sessions for all scopes...
2026-03-26 12:07:28.694 [info] Got 3 sessions for ...
2026-03-26 12:07:28.694 [info] Getting sessions for user:email...
2026-03-26 12:07:28.694 [info] Got 1 sessions for user:email...
2026-03-26 12:07:28.694 [info] Getting sessions for all scopes...
2026-03-26 12:07:28.694 [info] Got 3 sessions for ...
2026-03-26 12:07:28.694 [info] Getting sessions for all scopes...
2026-03-26 12:07:28.694 [info] Got 3 sessions for ...
2026-03-26 12:07:28.694 [info] Getting sessions for all scopes...
2026-03-26 12:07:28.694 [info] Got 3 sessions for ...
2026-03-26 12:07:28.694 [info] Getting sessions for all scopes...
2026-03-26 12:07:28.694 [info] Got 3 sessions for ...
2026-03-26 12:07:28.724 [info] Getting sessions for read:user,repo,user:email,workflow...
2026-03-26 12:07:28.724 [info] Got 1 sessions for read:user,repo,user:email,workflow...
2026-03-26 12:07:28.963 [info] Getting sessions for user:email...
2026-03-26 12:07:28.963 [info] Got 1 sessions for user:email...
2026-03-26 12:07:29.428 [info] Getting sessions for read:user,repo,user:email,workflow...
2026-03-26 12:07:29.428 [info] Got 1 sessions for read:user,repo,user:email,workflow...
2026-03-26 12:07:29.783 [info] Getting sessions for all scopes...
2026-03-26 12:07:29.783 [info] Got 3 sessions for ...
2026-03-26 12:07:29.783 [info] Getting sessions for all scopes...
2026-03-26 12:07:29.783 [info] Got 3 sessions for ...
2026-03-26 12:07:29.784 [info] Getting sessions for all scopes...
2026-03-26 12:07:29.784 [info] Got 3 sessions for ...
2026-03-26 12:07:30.814 [info] FetcherService: Node fetch failed with status: 429 Too Many Requests
2026-03-26 12:07:30.816 [info] Unable to resolve optional EDU details. Status: 429 Too Many Requests
2026-03-26 12:07:30.857 [info] Getting sessions for read:user,repo,user:email,workflow...
2026-03-26 12:07:30.857 [info] Got 1 sessions for read:user,repo,user:email,workflow...
2026-03-26 12:07:32.025 [info] Getting sessions for all scopes...
2026-03-26 12:07:32.026 [info] Got 3 sessions for ...
2026-03-26 12:07:32.026 [info] Getting sessions for all scopes...
2026-03-26 12:07:32.026 [info] Got 3 sessions for ...
2026-03-26 12:07:32.087 [info] Getting sessions for read:user,repo,user:email,workflow...
2026-03-26 12:07:32.087 [info] Got 1 sessions for read:user,repo,user:email,workflow...
2026-03-26 12:07:32.270 [info] Getting sessions for all scopes...
2026-03-26 12:07:32.270 [info] Got 3 sessions for ...
2026-03-26 12:07:32.270 [info] Getting sessions for all scopes...
2026-03-26 12:07:32.270 [info] Got 3 sessions for ...
2026-03-26 12:07:32.313 [info] Getting sessions for all scopes...
2026-03-26 12:07:32.313 [info] Got 3 sessions for ...
2026-03-26 12:07:32.352 [info] Getting sessions for all scopes...
2026-03-26 12:07:32.352 [info] Got 3 sessions for ...
2026-03-26 12:07:32.356 [info] Getting sessions for read:user,repo,user:email,workflow...
2026-03-26 12:07:32.356 [info] Got 1 sessions for read:user,repo,user:email,workflow...
2026-03-26 12:07:32.404 [info] Getting sessions for all scopes...
2026-03-26 12:07:32.404 [info] Got 3 sessions for ...
2026-03-26 12:07:32.465 [info] Getting sessions for read:user,repo,user:email,workflow...
2026-03-26 12:07:32.466 [info] Got 1 sessions for read:user,repo,user:email,workflow...
2026-03-26 12:07:32.787 [info] Getting sessions for all scopes...
2026-03-26 12:07:32.787 [info] Got 3 sessions for ...
2026-03-26 12:07:32.792 [info] Getting sessions for read:user,repo,user:email,workflow...
2026-03-26 12:07:32.792 [info] Got 1 sessions for read:user,repo,user:email,workflow...
2026-03-26 12:07:49.255 [info] Getting sessions for all scopes...
2026-03-26 12:07:49.255 [info] Got 3 sessions for ...
2026-03-26 12:07:49.256 [info] Getting sessions for all scopes...
2026-03-26 12:07:49.256 [info] Got 3 sessions for ...
2026-03-26 12:07:51.441 [info] Reading sessions from keychain...
2026-03-26 12:07:51.441 [info] Getting sessions for all scopes...
2026-03-26 12:07:51.486 [info] Got stored sessions!
2026-03-26 12:07:51.486 [info] Got 3 verified sessions.
2026-03-26 12:07:51.486 [info] Got 3 sessions for ...
2026-03-26 12:07:51.486 [info] Getting sessions for all scopes...
2026-03-26 12:07:51.486 [info] Got 3 sessions for ...
2026-03-26 12:07:51.533 [info] Getting sessions for all scopes...
2026-03-26 12:07:51.533 [info] Got 3 sessions for ...
2026-03-26 12:07:51.567 [info] Getting sessions for all scopes...
2026-03-26 12:07:51.567 [info] Got 3 sessions for ...
2026-03-26 12:07:52.517 [info] Getting sessions for user:email...
2026-03-26 12:07:52.517 [info] Got 1 sessions for user:email...
2026-03-26 12:07:52.801 [info] Getting sessions for all scopes...
2026-03-26 12:07:52.801 [info] Got 3 sessions for ...
2026-03-26 12:07:52.801 [info] Getting sessions for all scopes...
2026-03-26 12:07:52.801 [info] Got 3 sessions for ...
2026-03-26 12:07:52.941 [info] Getting sessions for read:user,repo,user:email,workflow...
2026-03-26 12:07:52.941 [info] Got 1 sessions for read:user,repo,user:email,workflow...
2026-03-26 12:07:53.158 [info] Getting sessions for user:email...
2026-03-26 12:07:53.158 [info] Got 1 sessions for user:email...
2026-03-26 12:07:53.210 [info] Getting sessions for all scopes...
2026-03-26 12:07:53.210 [info] Got 3 sessions for ...
2026-03-26 12:07:53.214 [info] Getting sessions for all scopes...
2026-03-26 12:07:53.214 [info] Got 3 sessions for ...
2026-03-26 12:07:53.228 [info] Getting sessions for read:user,repo,user:email,workflow...
2026-03-26 12:07:53.228 [info] Got 1 sessions for read:user,repo,user:email,workflow...
2026-03-26 12:07:53.931 [info] FetcherService: Node fetch failed with status: 429 Too Many Requests
2026-03-26 12:07:53.934 [info] Unable to resolve optional EDU details. Status: 429 Too Many Requests
2026-03-26 12:07:53.936 [info] Getting sessions for all scopes...
2026-03-26 12:07:53.936 [info] Got 3 sessions for ...
2026-03-26 12:07:53.936 [info] Getting sessions for all scopes...
2026-03-26 12:07:53.936 [info] Got 3 sessions for ...
2026-03-26 12:07:54.260 [info] Getting sessions for read:user,repo,user:email,workflow...
2026-03-26 12:07:54.260 [info] Got 1 sessions for read:user,repo,user:email,workflow...
2026-03-26 12:07:54.363 [info] Getting sessions for all scopes...
2026-03-26 12:07:54.363 [info] Got 3 sessions for ...
2026-03-26 12:07:54.363 [info] Getting sessions for all scopes...
2026-03-26 12:07:54.363 [info] Got 3 sessions for ...
2026-03-26 12:07:54.365 [info] Getting sessions for read:user,repo,user:email,workflow...
2026-03-26 12:07:54.365 [info] Got 1 sessions for read:user,repo,user:email,workflow...
2026-03-26 12:07:54.424 [info] Getting sessions for all scopes...
2026-03-26 12:07:54.424 [info] Got 3 sessions for ...
2026-03-26 12:07:54.434 [info] Getting sessions for all scopes...
2026-03-26 12:07:54.434 [info] Got 3 sessions for ...
2026-03-26 12:07:54.545 [info] Getting sessions for all scopes...
2026-03-26 12:07:54.545 [info] Got 3 sessions for ...
2026-03-26 12:07:54.548 [info] Getting sessions for read:user,repo,user:email,workflow...
2026-03-26 12:07:54.548 [info] Got 1 sessions for read:user,repo,user:email,workflow...
2026-03-26 12:07:54.751 [info] Getting sessions for all scopes...
2026-03-26 12:07:54.751 [info] Got 3 sessions for ...
2026-03-26 12:07:54.753 [info] Getting sessions for read:user,repo,user:email,workflow...
2026-03-26 12:07:54.753 [info] Got 1 sessions for read:user,repo,user:email,workflow...
2026-03-26 12:08:07.864 [info] Getting sessions for all scopes...
2026-03-26 12:08:07.864 [info] Got 3 sessions for ...
2026-03-26 12:08:07.865 [info] Getting sessions for all scopes...
2026-03-26 12:08:07.865 [info] Got 3 sessions for ...
2026-03-26 12:08:13.296 [info] Getting sessions for all scopes...
2026-03-26 12:08:13.296 [info] Got 3 sessions for ...
2026-03-26 12:08:13.297 [info] Getting sessions for all scopes...
2026-03-26 12:08:13.297 [info] Got 3 sessions for ...
2026-03-26 12:08:14.226 [info] Getting sessions for all scopes...
2026-03-26 12:08:14.226 [info] Got 3 sessions for ...
2026-03-26 12:08:14.227 [info] Getting sessions for all scopes...
2026-03-26 12:08:14.227 [info] Got 3 sessions for ...
2026-03-26 12:08:24.642 [info] Getting sessions for all scopes...
2026-03-26 12:08:24.642 [info] Got 3 sessions for ...
2026-03-26 12:08:24.643 [info] Getting sessions for all scopes...
2026-03-26 12:08:24.643 [info] Got 3 sessions for ...
2026-03-26 12:08:52.819 [info] Getting sessions for all scopes...
2026-03-26 12:08:52.819 [info] Got 3 sessions for ...
2026-03-26 12:08:52.820 [info] Getting sessions for all scopes...
2026-03-26 12:08:52.820 [info] Got 3 sessions for ...
2026-03-26 12:09:08.215 [info] Getting sessions for all scopes...
2026-03-26 12:09:08.215 [info] Got 3 sessions for ...
2026-03-26 12:09:08.216 [info] Getting sessions for all scopes...
2026-03-26 12:09:08.216 [info] Got 3 sessions for ...
2026-03-26 12:09:27.567 [info] Getting sessions for all scopes...
2026-03-26 12:09:27.568 [info] Got 3 sessions for ...
2026-03-26 12:09:27.569 [info] Getting sessions for all scopes...
2026-03-26 12:09:27.569 [info] Got 3 sessions for ...
2026-03-26 12:09:42.223 [info] Getting sessions for all scopes...
2026-03-26 12:09:42.223 [info] Got 3 sessions for ...
2026-03-26 12:09:42.224 [info] Getting sessions for all scopes...
2026-03-26 12:09:42.224 [info] Got 3 sessions for ...
2026-03-26 12:10:11.059 [info] Getting sessions for all scopes...
2026-03-26 12:10:11.059 [info] Got 3 sessions for ...
2026-03-26 12:10:11.060 [info] Getting sessions for all scopes...
2026-03-26 12:10:11.060 [info] Got 3 sessions for ...
2026-03-26 12:10:32.064 [info] Getting sessions for all scopes...
2026-03-26 12:10:32.064 [info] Got 3 sessions for ...
2026-03-26 12:10:32.065 [info] Getting sessions for all scopes...
2026-03-26 12:10:32.065 [info] Got 3 sessions for ...
2026-03-26 13:26:35.843 [info] Getting sessions for all scopes...
2026-03-26 13:26:35.843 [info] Got 3 sessions for ...
2026-03-26 13:26:35.844 [info] Getting sessions for all scopes...
2026-03-26 13:26:35.844 [info] Got 3 sessions for ...
2026-03-26 13:26:37.387 [info] Getting sessions for all scopes...
2026-03-26 13:26:37.387 [info] Got 3 sessions for ...
2026-03-26 13:26:37.391 [info] Getting sessions for read:user,repo,user:email,workflow...
2026-03-26 13:26:37.391 [info] Got 1 sessions for read:user,repo,user:email,workflow...
2026-03-26 13:26:38.185 [info] Getting sessions for all scopes...
2026-03-26 13:26:38.185 [info] Got 3 sessions for ...
2026-03-26 13:26:38.185 [info] Getting sessions for all scopes...
2026-03-26 13:26:38.185 [info] Got 3 sessions for ...
2026-03-26 13:26:38.187 [info] Getting sessions for read:user,repo,user:email,workflow...
2026-03-26 13:26:38.187 [info] Got 1 sessions for read:user,repo,user:email,workflow...
2026-03-26 13:26:38.193 [info] Getting sessions for all scopes...
2026-03-26 13:26:38.193 [info] Got 3 sessions for ...
2026-03-26 13:26:38.194 [info] Getting sessions for read:user,repo,user:email,workflow...
2026-03-26 13:26:38.194 [info] Got 1 sessions for read:user,repo,user:email,workflow...
2026-03-26 13:26:39.238 [info] Getting sessions for all scopes...
2026-03-26 13:26:39.238 [info] Got 3 sessions for ...
2026-03-26 13:26:39.239 [info] Getting sessions for all scopes...
2026-03-26 13:26:39.239 [info] Got 3 sessions for ...
2026-03-26 13:35:23.468 [info] Getting sessions for all scopes...
2026-03-26 13:35:23.468 [info] Got 3 sessions for ...
2026-03-26 13:35:23.473 [info] Getting sessions for all scopes...
2026-03-26 13:35:23.473 [info] Got 3 sessions for ...
2026-03-26 13:35:23.710 [info] Getting sessions for all scopes...
2026-03-26 13:35:23.710 [info] Got 3 sessions for ...
2026-03-26 13:35:23.710 [info] Getting sessions for all scopes...
2026-03-26 13:35:23.710 [info] Got 3 sessions for ...
2026-03-26 13:35:23.891 [info] Getting sessions for all scopes...
2026-03-26 13:35:23.891 [info] Got 3 sessions for ...
2026-03-26 13:35:23.892 [info] Getting sessions for all scopes...
2026-03-26 13:35:23.892 [info] Got 3 sessions for ...
2026-03-26 13:35:24.110 [info] Getting sessions for all scopes...
2026-03-26 13:35:24.110 [info] Got 3 sessions for ...
2026-03-26 13:35:24.111 [info] Getting sessions for all scopes...
2026-03-26 13:35:24.111 [info] Got 3 sessions for ...
2026-03-26 13:35:24.714 [info] Getting sessions for all scopes...
2026-03-26 13:35:24.714 [info] Got 3 sessions for ...
2026-03-26 13:35:24.716 [info] Getting sessions for all scopes...
2026-03-26 13:35:24.716 [info] Got 3 sessions for ...
2026-03-26 13:35:24.918 [info] Getting sessions for all scopes...
2026-03-26 13:35:24.918 [info] Got 3 sessions for ...
2026-03-26 13:35:24.919 [info] Getting sessions for all scopes...
2026-03-26 13:35:24.919 [info] Got 3 sessions for ...
2026-03-26 13:35:41.378 [info] Getting sessions for all scopes...
2026-03-26 13:35:41.378 [info] Got 3 sessions for ...
2026-03-26 13:35:41.379 [info] Getting sessions for all scopes...
2026-03-26 13:35:41.379 [info] Got 3 sessions for ...
2026-03-26 13:35:54.510 [info] Getting sessions for all scopes...
2026-03-26 13:35:54.510 [info] Got 3 sessions for ...
2026-03-26 13:35:54.511 [info] Getting sessions for all scopes...
2026-03-26 13:35:54.511 [info] Got 3 sessions for ...
2026-03-26 13:35:59.931 [info] Getting sessions for all scopes...
2026-03-26 13:35:59.932 [info] Got 3 sessions for ...
2026-03-26 13:35:59.932 [info] Getting sessions for all scopes...
2026-03-26 13:35:59.932 [info] Got 3 sessions for ...
2026-03-26 13:36:00.147 [info] Getting sessions for all scopes...
2026-03-26 13:36:00.147 [info] Got 3 sessions for ...
2026-03-26 13:36:00.148 [info] Getting sessions for all scopes...
2026-03-26 13:36:00.148 [info] Got 3 sessions for ...
2026-03-26 13:36:00.363 [info] Getting sessions for all scopes...
2026-03-26 13:36:00.363 [info] Got 3 sessions for ...
2026-03-26 13:36:00.364 [info] Getting sessions for all scopes...
2026-03-26 13:36:00.364 [info] Got 3 sessions for ...
2026-03-26 13:36:01.635 [info] Getting sessions for all scopes...
2026-03-26 13:36:01.635 [info] Got 3 sessions for ...
2026-03-26 13:36:01.636 [info] Getting sessions for all scopes...
2026-03-26 13:36:01.636 [info] Got 3 sessions for ...
2026-03-26 13:38:11.728 [info] Getting sessions for all scopes...
2026-03-26 13:38:11.728 [info] Got 3 sessions for ...
2026-03-26 13:38:11.729 [info] Getting sessions for all scopes...
2026-03-26 13:38:11.729 [info] Got 3 sessions for ...
2026-03-26 13:38:11.931 [info] Getting sessions for all scopes...
2026-03-26 13:38:11.931 [info] Got 3 sessions for ...
2026-03-26 13:38:11.932 [info] Getting sessions for all scopes...
2026-03-26 13:38:11.932 [info] Got 3 sessions for ...
2026-03-26 13:38:12.124 [info] Getting sessions for all scopes...
2026-03-26 13:38:12.124 [info] Got 3 sessions for ...
2026-03-26 13:38:12.125 [info] Getting sessions for all scopes...
2026-03-26 13:38:12.125 [info] Got 3 sessions for ...
2026-03-26 13:38:12.840 [info] Getting sessions for all scopes...
2026-03-26 13:38:12.840 [info] Got 3 sessions for ...
2026-03-26 13:38:12.841 [info] Getting sessions for all scopes...
2026-03-26 13:38:12.841 [info] Got 3 sessions for ...
2026-03-26 13:38:14.062 [info] Getting sessions for all scopes...
2026-03-26 13:38:14.062 [info] Got 3 sessions for ...
2026-03-26 13:38:14.063 [info] Getting sessions for all scopes...
2026-03-26 13:38:14.063 [info] Got 3 sessions for ...
2026-03-26 13:46:05.034 [info] Getting sessions for all scopes...
2026-03-26 13:46:05.034 [info] Got 3 sessions for ...
2026-03-26 13:46:05.035 [info] Getting sessions for all scopes...
2026-03-26 13:46:05.035 [info] Got 3 sessions for ...
2026-03-26 13:46:21.164 [info] Getting sessions for all scopes...
2026-03-26 13:46:21.164 [info] Got 3 sessions for ...
2026-03-26 13:46:21.165 [info] Getting sessions for all scopes...
2026-03-26 13:46:21.165 [info] Got 3 sessions for ...
2026-03-26 13:46:21.378 [info] Getting sessions for all scopes...
2026-03-26 13:46:21.378 [info] Got 3 sessions for ...
2026-03-26 13:46:21.379 [info] Getting sessions for all scopes...
2026-03-26 13:46:21.379 [info] Got 3 sessions for ...
2026-03-26 13:46:21.561 [info] Getting sessions for all scopes...
2026-03-26 13:46:21.561 [info] Got 3 sessions for ...
2026-03-26 13:46:21.562 [info] Getting sessions for all scopes...
2026-03-26 13:46:21.562 [info] Got 3 sessions for ...
2026-03-26 13:46:42.945 [info] Getting sessions for all scopes...
2026-03-26 13:46:42.945 [info] Got 3 sessions for ...
2026-03-26 13:46:42.947 [info] Getting sessions for all scopes...
2026-03-26 13:46:42.947 [info] Got 3 sessions for ...
2026-03-26 13:47:33.066 [info] Getting sessions for all scopes...
2026-03-26 13:47:33.066 [info] Got 3 sessions for ...
2026-03-26 13:47:33.067 [info] Getting sessions for all scopes...
2026-03-26 13:47:33.067 [info] Got 3 sessions for ...
2026-03-26 13:47:33.303 [info] Getting sessions for all scopes...
2026-03-26 13:47:33.303 [info] Got 3 sessions for ...
2026-03-26 13:47:33.304 [info] Getting sessions for all scopes...
2026-03-26 13:47:33.304 [info] Got 3 sessions for ...
2026-03-26 13:47:33.513 [info] Getting sessions for all scopes...
2026-03-26 13:47:33.513 [info] Got 3 sessions for ...
2026-03-26 13:47:33.514 [info] Getting sessions for all scopes...
2026-03-26 13:47:33.514 [info] Got 3 sessions for ...
2026-03-26 13:47:34.732 [info] Getting sessions for all scopes...
2026-03-26 13:47:34.732 [info] Got 3 sessions for ...
2026-03-26 13:47:34.733 [info] Getting sessions for all scopes...
2026-03-26 13:47:34.733 [info] Got 3 sessions for ...
2026-03-26 13:47:36.529 [info] Getting sessions for all scopes...
2026-03-26 13:47:36.529 [info] Got 3 sessions for ...
2026-03-26 13:47:36.532 [info] Getting sessions for all scopes...
2026-03-26 13:47:36.532 [info] Got 3 sessions for ...
2026-03-26 13:47:36.773 [info] Getting sessions for all scopes...
2026-03-26 13:47:36.773 [info] Got 3 sessions for ...
2026-03-26 13:47:36.774 [info] Getting sessions for all scopes...
2026-03-26 13:47:36.774 [info] Got 3 sessions for ...
2026-03-26 13:47:37.059 [info] Getting sessions for all scopes...
2026-03-26 13:47:37.059 [info] Got 3 sessions for ...
2026-03-26 13:47:37.060 [info] Getting sessions for all scopes...
2026-03-26 13:47:37.060 [info] Got 3 sessions for ...
2026-03-26 13:47:37.662 [info] Getting sessions for all scopes...
2026-03-26 13:47:37.662 [info] Got 3 sessions for ...
2026-03-26 13:47:37.663 [info] Getting sessions for all scopes...
2026-03-26 13:47:37.663 [info] Got 3 sessions for ...
2026-03-26 13:47:39.463 [info] Getting sessions for all scopes...
2026-03-26 13:47:39.463 [info] Got 3 sessions for ...
2026-03-26 13:47:39.464 [info] Getting sessions for all scopes...
2026-03-26 13:47:39.464 [info] Got 3 sessions for ...
2026-03-26 13:47:42.425 [info] Getting sessions for all scopes...
2026-03-26 13:47:42.425 [info] Got 3 sessions for ...
2026-03-26 13:47:42.426 [info] Getting sessions for all scopes...
2026-03-26 13:47:42.426 [info] Got 3 sessions for ...
2026-03-26 13:47:43.139 [info] Getting sessions for all scopes...
2026-03-26 13:47:43.139 [info] Got 3 sessions for ...
2026-03-26 13:47:43.140 [info] Getting sessions for all scopes...
2026-03-26 13:47:43.140 [info] Got 3 sessions for ...
2026-03-26 13:47:43.987 [info] Getting sessions for all scopes...
2026-03-26 13:47:43.987 [info] Got 3 sessions for ...
2026-03-26 13:47:43.988 [info] Getting sessions for all scopes...
2026-03-26 13:47:43.988 [info] Got 3 sessions for ...
2026-03-26 13:47:45.021 [info] Getting sessions for all scopes...
2026-03-26 13:47:45.021 [info] Got 3 sessions for ...
2026-03-26 13:47:45.022 [info] Getting sessions for all scopes...
2026-03-26 13:47:45.022 [info] Got 3 sessions for ...
2026-03-26 13:47:45.256 [info] Getting sessions for all scopes...
2026-03-26 13:47:45.256 [info] Got 3 sessions for ...
2026-03-26 13:47:45.261 [info] Getting sessions for all scopes...
2026-03-26 13:47:45.261 [info] Got 3 sessions for ...
2026-03-26 13:47:45.421 [info] Getting sessions for all scopes...
2026-03-26 13:47:45.421 [info] Got 3 sessions for ...
2026-03-26 13:47:45.422 [info] Getting sessions for all scopes...
2026-03-26 13:47:45.422 [info] Got 3 sessions for ...
2026-03-26 13:47:54.676 [info] Getting sessions for all scopes...
2026-03-26 13:47:54.676 [info] Got 3 sessions for ...
2026-03-26 13:47:54.677 [info] Getting sessions for all scopes...
2026-03-26 13:47:54.677 [info] Got 3 sessions for ...
2026-03-26 13:48:32.630 [info] Getting sessions for all scopes...
2026-03-26 13:48:32.630 [info] Got 3 sessions for ...
2026-03-26 13:48:32.632 [info] Getting sessions for all scopes...
2026-03-26 13:48:32.632 [info] Got 3 sessions for ...
2026-03-26 13:48:33.341 [info] Getting sessions for all scopes...
2026-03-26 13:48:33.341 [info] Got 3 sessions for ...
2026-03-26 13:48:33.342 [info] Getting sessions for all scopes...
2026-03-26 13:48:33.342 [info] Got 3 sessions for ...
2026-03-26 13:48:34.233 [info] Getting sessions for all scopes...
2026-03-26 13:48:34.234 [info] Got 3 sessions for ...
2026-03-26 13:48:34.235 [info] Getting sessions for all scopes...
2026-03-26 13:48:34.235 [info] Got 3 sessions for ...
2026-03-26 13:49:56.991 [info] Getting sessions for all scopes...
2026-03-26 13:49:56.991 [info] Got 3 sessions for ...
2026-03-26 13:49:56.993 [info] Getting sessions for all scopes...
2026-03-26 13:49:56.993 [info] Got 3 sessions for ...
2026-03-26 13:51:16.952 [info] Getting sessions for all scopes...
2026-03-26 13:51:16.952 [info] Got 3 sessions for ...
2026-03-26 13:51:16.953 [info] Getting sessions for all scopes...
2026-03-26 13:51:16.953 [info] Got 3 sessions for ...
2026-03-26 13:51:23.805 [info] Getting sessions for all scopes...
2026-03-26 13:51:23.805 [info] Got 3 sessions for ...
2026-03-26 13:51:23.806 [info] Getting sessions for all scopes...
2026-03-26 13:51:23.806 [info] Got 3 sessions for ...
2026-03-26 13:51:24.284 [info] Getting sessions for all scopes...
2026-03-26 13:51:24.285 [info] Got 3 sessions for ...
2026-03-26 13:51:24.286 [info] Getting sessions for all scopes...
2026-03-26 13:51:24.286 [info] Got 3 sessions for ...
2026-03-26 13:51:24.518 [info] Getting sessions for all scopes...
2026-03-26 13:51:24.518 [info] Got 3 sessions for ...
2026-03-26 13:51:24.519 [info] Getting sessions for all scopes...
2026-03-26 13:51:24.520 [info] Got 3 sessions for ...
2026-03-26 13:51:24.748 [info] Getting sessions for all scopes...
2026-03-26 13:51:24.748 [info] Got 3 sessions for ...
2026-03-26 13:51:24.749 [info] Getting sessions for all scopes...
2026-03-26 13:51:24.749 [info] Got 3 sessions for ...
2026-03-26 13:51:37.911 [info] Getting sessions for all scopes...
2026-03-26 13:51:37.911 [info] Got 3 sessions for ...
2026-03-26 13:51:37.912 [info] Getting sessions for all scopes...
2026-03-26 13:51:37.912 [info] Got 3 sessions for ...
2026-03-26 13:51:42.899 [info] Getting sessions for all scopes...
2026-03-26 13:51:42.899 [info] Got 3 sessions for ...
2026-03-26 13:51:42.900 [info] Getting sessions for all scopes...
2026-03-26 13:51:42.900 [info] Got 3 sessions for ...
2026-03-26 13:51:43.643 [info] Getting sessions for all scopes...
2026-03-26 13:51:43.643 [info] Got 3 sessions for ...
2026-03-26 13:51:43.644 [info] Getting sessions for all scopes...
2026-03-26 13:51:43.644 [info] Got 3 sessions for ...
2026-03-26 13:51:44.060 [info] Getting sessions for all scopes...
2026-03-26 13:51:44.060 [info] Got 3 sessions for ...
2026-03-26 13:51:44.061 [info] Getting sessions for all scopes...
2026-03-26 13:51:44.061 [info] Got 3 sessions for ...
2026-03-26 13:51:44.387 [info] Getting sessions for all scopes...
2026-03-26 13:51:44.387 [info] Got 3 sessions for ...
2026-03-26 13:51:44.388 [info] Getting sessions for all scopes...
2026-03-26 13:51:44.388 [info] Got 3 sessions for ...
2026-03-26 13:51:44.722 [info] Getting sessions for all scopes...
2026-03-26 13:51:44.722 [info] Got 3 sessions for ...
2026-03-26 13:51:44.723 [info] Getting sessions for all scopes...
2026-03-26 13:51:44.723 [info] Got 3 sessions for ...
2026-03-26 13:51:45.946 [info] Getting sessions for all scopes...
2026-03-26 13:51:45.946 [info] Got 3 sessions for ...
2026-03-26 13:51:45.947 [info] Getting sessions for all scopes...
2026-03-26 13:51:45.947 [info] Got 3 sessions for ...
2026-03-26 13:52:12.153 [info] Getting sessions for all scopes...
2026-03-26 13:52:12.153 [info] Got 3 sessions for ...
2026-03-26 13:52:12.154 [info] Getting sessions for all scopes...
2026-03-26 13:52:12.154 [info] Got 3 sessions for ...
2026-03-26 13:52:12.486 [info] Getting sessions for all scopes...
2026-03-26 13:52:12.486 [info] Got 3 sessions for ...
2026-03-26 13:52:12.497 [info] Getting sessions for all scopes...
2026-03-26 13:52:12.497 [info] Got 3 sessions for ...
2026-03-26 13:52:12.713 [info] Getting sessions for all scopes...
2026-03-26 13:52:12.713 [info] Got 3 sessions for ...
2026-03-26 13:52:12.714 [info] Getting sessions for all scopes...
2026-03-26 13:52:12.714 [info] Got 3 sessions for ...
2026-03-26 13:52:14.829 [info] Getting sessions for all scopes...
2026-03-26 13:52:14.829 [info] Got 3 sessions for ...
2026-03-26 13:52:14.830 [info] Getting sessions for all scopes...
2026-03-26 13:52:14.830 [info] Got 3 sessions for ...
2026-03-26 13:52:43.317 [info] Getting sessions for all scopes...
2026-03-26 13:52:43.317 [info] Got 3 sessions for ...
2026-03-26 13:52:43.318 [info] Getting sessions for all scopes...
2026-03-26 13:52:43.318 [info] Got 3 sessions for ...
2026-03-26 13:53:17.498 [info] Getting sessions for all scopes...
2026-03-26 13:53:17.498 [info] Got 3 sessions for ...
2026-03-26 13:53:17.499 [info] Getting sessions for all scopes...
2026-03-26 13:53:17.499 [info] Got 3 sessions for ...
2026-03-26 13:53:17.934 [info] Getting sessions for all scopes...
2026-03-26 13:53:17.934 [info] Got 3 sessions for ...
2026-03-26 13:53:17.935 [info] Getting sessions for all scopes...
2026-03-26 13:53:17.935 [info] Got 3 sessions for ...
2026-03-26 13:53:18.981 [info] Getting sessions for all scopes...
2026-03-26 13:53:18.981 [info] Got 3 sessions for ...
2026-03-26 13:53:18.982 [info] Getting sessions for all scopes...
2026-03-26 13:53:18.982 [info] Got 3 sessions for ...
2026-03-26 13:53:30.099 [info] Getting sessions for all scopes...
2026-03-26 13:53:30.099 [info] Got 3 sessions for ...
2026-03-26 13:53:30.100 [info] Getting sessions for all scopes...
2026-03-26 13:53:30.100 [info] Got 3 sessions for ...
2026-03-26 13:53:30.930 [info] Getting sessions for all scopes...
2026-03-26 13:53:30.930 [info] Got 3 sessions for ...
2026-03-26 13:53:30.931 [info] Getting sessions for all scopes...
2026-03-26 13:53:30.931 [info] Got 3 sessions for ...
2026-03-26 13:53:32.233 [info] Getting sessions for all scopes...
2026-03-26 13:53:32.233 [info] Got 3 sessions for ...
2026-03-26 13:53:32.234 [info] Getting sessions for all scopes...
2026-03-26 13:53:32.234 [info] Got 3 sessions for ...
2026-03-26 13:53:34.228 [info] Getting sessions for all scopes...
2026-03-26 13:53:34.228 [info] Got 3 sessions for ...
2026-03-26 13:53:34.229 [info] Getting sessions for all scopes...
2026-03-26 13:53:34.229 [info] Got 3 sessions for ...
2026-03-26 13:53:46.307 [info] Getting sessions for all scopes...
2026-03-26 13:53:46.307 [info] Got 3 sessions for ...
2026-03-26 13:53:46.308 [info] Getting sessions for all scopes...
2026-03-26 13:53:46.308 [info] Got 3 sessions for ...
2026-03-26 13:53:59.814 [info] Getting sessions for all scopes...
2026-03-26 13:53:59.814 [info] Got 3 sessions for ...
2026-03-26 13:53:59.818 [info] Getting sessions for all scopes...
2026-03-26 13:53:59.818 [info] Got 3 sessions for ...
2026-03-26 13:54:13.222 [info] Getting sessions for all scopes...
2026-03-26 13:54:13.222 [info] Got 3 sessions for ...
2026-03-26 13:54:13.223 [info] Getting sessions for all scopes...
2026-03-26 13:54:13.223 [info] Got 3 sessions for ...
2026-03-26 13:57:04.005 [info] Getting sessions for all scopes...
2026-03-26 13:57:04.005 [info] Got 3 sessions for ...
2026-03-26 13:57:04.006 [info] Getting sessions for all scopes...
2026-03-26 13:57:04.006 [info] Got 3 sessions for ...
2026-03-26 13:57:16.179 [info] Getting sessions for all scopes...
2026-03-26 13:57:16.179 [info] Got 3 sessions for ...
2026-03-26 13:57:16.181 [info] Getting sessions for all scopes...
2026-03-26 13:57:16.181 [info] Got 3 sessions for ...
2026-03-26 13:57:28.308 [info] Getting sessions for all scopes...
2026-03-26 13:57:28.308 [info] Got 3 sessions for ...
2026-03-26 13:57:28.310 [info] Getting sessions for all scopes...
2026-03-26 13:57:28.310 [info] Got 3 sessions for ...
2026-03-26 13:57:37.390 [info] Getting sessions for all scopes...
2026-03-26 13:57:37.390 [info] Got 3 sessions for ...
2026-03-26 13:57:37.391 [info] Getting sessions for all scopes...
2026-03-26 13:57:37.391 [info] Got 3 sessions for ...
2026-03-26 13:57:42.396 [info] Getting sessions for all scopes...
2026-03-26 13:57:42.396 [info] Got 3 sessions for ...
2026-03-26 13:57:42.402 [info] Getting sessions for all scopes...
2026-03-26 13:57:42.402 [info] Got 3 sessions for ...
2026-03-26 13:57:49.296 [info] Getting sessions for all scopes...
2026-03-26 13:57:49.296 [info] Got 3 sessions for ...
2026-03-26 13:57:49.297 [info] Getting sessions for all scopes...
2026-03-26 13:57:49.297 [info] Got 3 sessions for ...
2026-03-26 13:58:45.718 [info] Getting sessions for all scopes...
2026-03-26 13:58:45.718 [info] Got 3 sessions for ...
2026-03-26 13:58:45.719 [info] Getting sessions for all scopes...
2026-03-26 13:58:45.719 [info] Got 3 sessions for ...
2026-03-26 14:00:17.175 [info] Getting sessions for all scopes...
2026-03-26 14:00:17.175 [info] Got 3 sessions for ...
2026-03-26 14:00:17.176 [info] Getting sessions for all scopes...
2026-03-26 14:00:17.176 [info] Got 3 sessions for ...
2026-03-26 14:00:33.435 [info] Getting sessions for all scopes...
2026-03-26 14:00:33.435 [info] Got 3 sessions for ...
2026-03-26 14:00:33.439 [info] Getting sessions for all scopes...
2026-03-26 14:00:33.439 [info] Got 3 sessions for ...
2026-03-26 14:00:34.162 [info] Getting sessions for all scopes...
2026-03-26 14:00:34.162 [info] Got 3 sessions for ...
2026-03-26 14:00:34.163 [info] Getting sessions for all scopes...
2026-03-26 14:00:34.163 [info] Got 3 sessions for ...
2026-03-26 14:00:34.402 [info] Getting sessions for all scopes...
2026-03-26 14:00:34.403 [info] Got 3 sessions for ...
2026-03-26 14:00:34.404 [info] Getting sessions for all scopes...
2026-03-26 14:00:34.404 [info] Got 3 sessions for ...
2026-03-26 14:00:34.667 [info] Getting sessions for all scopes...
2026-03-26 14:00:34.667 [info] Got 3 sessions for ...
2026-03-26 14:00:34.668 [info] Getting sessions for all scopes...
2026-03-26 14:00:34.668 [info] Got 3 sessions for ...
2026-03-26 14:00:37.666 [info] Getting sessions for all scopes...
2026-03-26 14:00:37.666 [info] Got 3 sessions for ...
2026-03-26 14:00:37.667 [info] Getting sessions for all scopes...
2026-03-26 14:00:37.667 [info] Got 3 sessions for ...
2026-03-26 14:00:38.571 [info] Getting sessions for all scopes...
2026-03-26 14:00:38.571 [info] Got 3 sessions for ...
2026-03-26 14:00:38.572 [info] Getting sessions for all scopes...
2026-03-26 14:00:38.572 [info] Got 3 sessions for ...
2026-03-26 14:00:39.288 [info] Getting sessions for all scopes...
2026-03-26 14:00:39.288 [info] Got 3 sessions for ...
2026-03-26 14:00:39.289 [info] Getting sessions for all scopes...
2026-03-26 14:00:39.289 [info] Got 3 sessions for ...
2026-03-26 14:00:46.977 [info] Getting sessions for all scopes...
2026-03-26 14:00:46.977 [info] Got 3 sessions for ...
2026-03-26 14:00:46.978 [info] Getting sessions for all scopes...
2026-03-26 14:00:46.979 [info] Got 3 sessions for ...
2026-03-26 14:00:55.957 [info] Getting sessions for all scopes...
2026-03-26 14:00:55.957 [info] Got 3 sessions for ...
2026-03-26 14:00:55.962 [info] Getting sessions for all scopes...
2026-03-26 14:00:55.962 [info] Got 3 sessions for ...
2026-03-26 14:01:07.258 [info] Getting sessions for all scopes...
2026-03-26 14:01:07.258 [info] Got 3 sessions for ...
2026-03-26 14:01:07.260 [info] Getting sessions for all scopes...
2026-03-26 14:01:07.260 [info] Got 3 sessions for ...
2026-03-26 14:01:14.092 [info] Getting sessions for all scopes...
2026-03-26 14:01:14.092 [info] Got 3 sessions for ...
2026-03-26 14:01:14.092 [info] Getting sessions for all scopes...
2026-03-26 14:01:14.092 [info] Got 3 sessions for ...
2026-03-26 14:01:17.476 [info] Getting sessions for all scopes...
2026-03-26 14:01:17.476 [info] Got 3 sessions for ...
2026-03-26 14:01:17.477 [info] Getting sessions for all scopes...
2026-03-26 14:01:17.477 [info] Got 3 sessions for ...
2026-03-26 14:01:25.234 [info] Getting sessions for all scopes...
2026-03-26 14:01:25.234 [info] Got 3 sessions for ...
2026-03-26 14:01:25.235 [info] Getting sessions for all scopes...
2026-03-26 14:01:25.235 [info] Got 3 sessions for ...
2026-03-26 14:01:25.566 [info] Getting sessions for all scopes...
2026-03-26 14:01:25.566 [info] Got 3 sessions for ...
2026-03-26 14:01:25.568 [info] Getting sessions for all scopes...
2026-03-26 14:01:25.568 [info] Got 3 sessions for ...
2026-03-26 14:01:26.566 [info] Getting sessions for all scopes...
2026-03-26 14:01:26.566 [info] Got 3 sessions for ...
2026-03-26 14:01:26.567 [info] Getting sessions for all scopes...
2026-03-26 14:01:26.567 [info] Got 3 sessions for ...
2026-03-26 14:01:30.078 [info] Getting sessions for all scopes...
2026-03-26 14:01:30.078 [info] Got 3 sessions for ...
2026-03-26 14:01:30.079 [info] Getting sessions for all scopes...
2026-03-26 14:01:30.079 [info] Got 3 sessions for ...
2026-03-26 14:01:32.390 [info] Getting sessions for all scopes...
2026-03-26 14:01:32.390 [info] Got 3 sessions for ...
2026-03-26 14:01:32.391 [info] Getting sessions for all scopes...
2026-03-26 14:01:32.391 [info] Got 3 sessions for ...
2026-03-26 14:01:33.783 [info] Getting sessions for all scopes...
2026-03-26 14:01:33.783 [info] Got 3 sessions for ...
2026-03-26 14:01:33.784 [info] Getting sessions for all scopes...
2026-03-26 14:01:33.784 [info] Got 3 sessions for ...
2026-03-26 14:01:35.378 [info] Getting sessions for all scopes...
2026-03-26 14:01:35.378 [info] Got 3 sessions for ...
2026-03-26 14:01:35.379 [info] Getting sessions for all scopes...
2026-03-26 14:01:35.379 [info] Got 3 sessions for ...
2026-03-26 14:01:36.568 [info] Getting sessions for all scopes...
2026-03-26 14:01:36.568 [info] Got 3 sessions for ...
2026-03-26 14:01:36.568 [info] Getting sessions for all scopes...
2026-03-26 14:01:36.569 [info] Got 3 sessions for ...
2026-03-26 14:04:32.135 [info] Getting sessions for all scopes...
2026-03-26 14:04:32.135 [info] Got 3 sessions for ...
2026-03-26 14:04:32.136 [info] Getting sessions for all scopes...
2026-03-26 14:04:32.136 [info] Got 3 sessions for ...
2026-03-26 14:04:37.857 [info] Getting sessions for all scopes...
2026-03-26 14:04:37.857 [info] Got 3 sessions for ...
2026-03-26 14:04:37.858 [info] Getting sessions for all scopes...
2026-03-26 14:04:37.858 [info] Got 3 sessions for ...
2026-03-26 14:04:41.282 [info] Getting sessions for all scopes...
2026-03-26 14:04:41.283 [info] Got 3 sessions for ...
2026-03-26 14:04:41.283 [info] Getting sessions for all scopes...
2026-03-26 14:04:41.283 [info] Got 3 sessions for ...
2026-03-26 14:05:04.902 [info] Getting sessions for all scopes...
2026-03-26 14:05:04.902 [info] Got 3 sessions for ...
2026-03-26 14:05:04.904 [info] Getting sessions for all scopes...
2026-03-26 14:05:04.904 [info] Got 3 sessions for ...
2026-03-26 14:05:05.452 [info] Getting sessions for all scopes...
2026-03-26 14:05:05.452 [info] Got 3 sessions for ...
2026-03-26 14:05:05.453 [info] Getting sessions for all scopes...
2026-03-26 14:05:05.453 [info] Got 3 sessions for ...
2026-03-26 14:05:16.790 [info] Getting sessions for all scopes...
2026-03-26 14:05:16.790 [info] Got 3 sessions for ...
2026-03-26 14:05:16.792 [info] Getting sessions for all scopes...
2026-03-26 14:05:16.792 [info] Got 3 sessions for ...
2026-03-26 14:05:24.134 [info] Getting sessions for all scopes...
2026-03-26 14:05:24.134 [info] Got 3 sessions for ...
2026-03-26 14:05:24.135 [info] Getting sessions for all scopes...
2026-03-26 14:05:24.135 [info] Got 3 sessions for ...
2026-03-26 14:05:32.895 [info] Getting sessions for all scopes...
2026-03-26 14:05:32.895 [info] Got 3 sessions for ...
2026-03-26 14:05:32.896 [info] Getting sessions for all scopes...
2026-03-26 14:05:32.896 [info] Got 3 sessions for ...
2026-03-26 14:11:48.958 [info] Getting sessions for all scopes...
2026-03-26 14:11:48.958 [info] Got 3 sessions for ...
2026-03-26 14:11:48.959 [info] Getting sessions for all scopes...
2026-03-26 14:11:48.959 [info] Got 3 sessions for ...
2026-03-26 14:11:52.307 [info] Getting sessions for all scopes...
2026-03-26 14:11:52.307 [info] Got 3 sessions for ...
2026-03-26 14:11:52.308 [info] Getting sessions for all scopes...
2026-03-26 14:11:52.308 [info] Got 3 sessions for ...
2026-03-26 14:16:22.280 [info] Getting sessions for all scopes...
2026-03-26 14:16:22.280 [info] Got 3 sessions for ...
2026-03-26 14:16:22.281 [info] Getting sessions for all scopes...
2026-03-26 14:16:22.281 [info] Got 3 sessions for ...
2026-03-26 14:16:25.191 [info] Getting sessions for all scopes...
2026-03-26 14:16:25.191 [info] Got 3 sessions for ...
2026-03-26 14:16:25.192 [info] Getting sessions for all scopes...
2026-03-26 14:16:25.192 [info] Got 3 sessions for ...
2026-03-26 14:19:05.334 [info] Getting sessions for all scopes...
2026-03-26 14:19:05.334 [info] Got 3 sessions for ...
2026-03-26 14:19:05.335 [info] Getting sessions for all scopes...
2026-03-26 14:19:05.335 [info] Got 3 sessions for ...
2026-03-26 14:23:14.799 [info] Getting sessions for all scopes...
2026-03-26 14:23:14.799 [info] Got 3 sessions for ...
2026-03-26 14:23:14.800 [info] Getting sessions for all scopes...
2026-03-26 14:23:14.800 [info] Got 3 sessions for ...
2026-03-26 14:23:15.084 [info] Getting sessions for all scopes...
2026-03-26 14:23:15.084 [info] Got 3 sessions for ...
2026-03-26 14:23:15.084 [info] Getting sessions for all scopes...
2026-03-26 14:23:15.084 [info] Got 3 sessions for ...
2026-03-26 14:23:15.329 [info] Getting sessions for all scopes...
2026-03-26 14:23:15.329 [info] Got 3 sessions for ...
2026-03-26 14:23:15.332 [info] Getting sessions for all scopes...
2026-03-26 14:23:15.332 [info] Got 3 sessions for ...
2026-03-26 14:23:35.122 [info] Getting sessions for all scopes...
2026-03-26 14:23:35.122 [info] Got 3 sessions for ...
2026-03-26 14:23:35.123 [info] Getting sessions for all scopes...
2026-03-26 14:23:35.123 [info] Got 3 sessions for ...
2026-03-26 14:23:35.388 [info] Getting sessions for all scopes...
2026-03-26 14:23:35.388 [info] Got 3 sessions for ...
2026-03-26 14:23:35.389 [info] Getting sessions for all scopes...
2026-03-26 14:23:35.389 [info] Got 3 sessions for ...
2026-03-26 14:23:35.704 [info] Getting sessions for all scopes...
2026-03-26 14:23:35.704 [info] Got 3 sessions for ...
2026-03-26 14:23:35.705 [info] Getting sessions for all scopes...
2026-03-26 14:23:35.705 [info] Got 3 sessions for ...
2026-03-26 14:23:41.016 [info] Getting sessions for all scopes...
2026-03-26 14:23:41.016 [info] Got 3 sessions for ...
2026-03-26 14:23:41.017 [info] Getting sessions for all scopes...
2026-03-26 14:23:41.017 [info] Got 3 sessions for ...
2026-03-26 14:23:41.293 [info] Getting sessions for all scopes...
2026-03-26 14:23:41.293 [info] Got 3 sessions for ...
2026-03-26 14:23:41.294 [info] Getting sessions for all scopes...
2026-03-26 14:23:41.294 [info] Got 3 sessions for ...
2026-03-26 14:23:41.538 [info] Getting sessions for all scopes...
2026-03-26 14:23:41.538 [info] Got 3 sessions for ...
2026-03-26 14:23:41.541 [info] Getting sessions for all scopes...
2026-03-26 14:23:41.541 [info] Got 3 sessions for ...
2026-03-26 14:30:32.768 [info] Getting sessions for all scopes...
2026-03-26 14:30:32.768 [info] Got 3 sessions for ...
2026-03-26 14:30:32.769 [info] Getting sessions for all scopes...
2026-03-26 14:30:32.769 [info] Got 3 sessions for ...
2026-03-26 14:30:52.477 [info] Getting sessions for all scopes...
2026-03-26 14:30:52.477 [info] Got 3 sessions for ...
2026-03-26 14:30:52.478 [info] Getting sessions for all scopes...
2026-03-26 14:30:52.478 [info] Got 3 sessions for ...
2026-03-26 14:31:07.939 [info] Getting sessions for all scopes...
2026-03-26 14:31:07.939 [info] Got 3 sessions for ...
2026-03-26 14:31:07.941 [info] Getting sessions for all scopes...
2026-03-26 14:31:07.941 [info] Got 3 sessions for ...
2026-03-26 14:31:09.284 [info] Getting sessions for all scopes...
2026-03-26 14:31:09.284 [info] Got 3 sessions for ...
2026-03-26 14:31:09.285 [info] Getting sessions for all scopes...
2026-03-26 14:31:09.286 [info] Got 3 sessions for ...
2026-03-26 14:33:33.467 [info] Getting sessions for all scopes...
2026-03-26 14:33:33.467 [info] Got 3 sessions for ...
2026-03-26 14:33:33.468 [info] Getting sessions for all scopes...
2026-03-26 14:33:33.468 [info] Got 3 sessions for ...
2026-03-26 14:34:19.685 [info] Getting sessions for all scopes...
2026-03-26 14:34:19.685 [info] Got 3 sessions for ...
2026-03-26 14:34:19.686 [info] Getting sessions for all scopes...
2026-03-26 14:34:19.686 [info] Got 3 sessions for ...
2026-03-26 14:34:22.687 [info] Getting sessions for all scopes...
2026-03-26 14:34:22.687 [info] Got 3 sessions for ...
2026-03-26 14:34:22.688 [info] Getting sessions for all scopes...
2026-03-26 14:34:22.688 [info] Got 3 sessions for ...
2026-03-26 14:34:24.637 [info] Getting sessions for all scopes...
2026-03-26 14:34:24.637 [info] Got 3 sessions for ...
2026-03-26 14:34:24.638 [info] Getting sessions for all scopes...
2026-03-26 14:34:24.638 [info] Got 3 sessions for ...
2026-03-26 14:35:16.901 [info] Getting sessions for all scopes...
2026-03-26 14:35:16.901 [info] Got 3 sessions for ...
2026-03-26 14:35:16.902 [info] Getting sessions for all scopes...
2026-03-26 14:35:16.902 [info] Got 3 sessions for ...
2026-03-26 14:36:19.063 [info] Getting sessions for all scopes...
2026-03-26 14:36:19.063 [info] Got 3 sessions for ...
2026-03-26 14:36:19.064 [info] Getting sessions for all scopes...
2026-03-26 14:36:19.064 [info] Got 3 sessions for ...
2026-03-26 14:37:45.211 [info] Getting sessions for all scopes...
2026-03-26 14:37:45.211 [info] Got 3 sessions for ...
2026-03-26 14:37:45.212 [info] Getting sessions for all scopes...
2026-03-26 14:37:45.212 [info] Got 3 sessions for ...
2026-03-26 14:38:41.156 [info] Getting sessions for all scopes...
2026-03-26 14:38:41.156 [info] Got 3 sessions for ...
2026-03-26 14:38:41.157 [info] Getting sessions for all scopes...
2026-03-26 14:38:41.157 [info] Got 3 sessions for ...
2026-03-26 14:40:35.501 [info] Getting sessions for all scopes...
2026-03-26 14:40:35.501 [info] Got 3 sessions for ...
2026-03-26 14:40:35.502 [info] Getting sessions for all scopes...
2026-03-26 14:40:35.503 [info] Got 3 sessions for ...
2026-03-26 14:40:53.649 [info] Getting sessions for all scopes...
2026-03-26 14:40:53.649 [info] Got 3 sessions for ...
2026-03-26 14:40:53.651 [info] Getting sessions for all scopes...
2026-03-26 14:40:53.651 [info] Got 3 sessions for ...
2026-03-26 14:41:36.876 [info] Getting sessions for all scopes...
2026-03-26 14:41:36.876 [info] Got 3 sessions for ...
2026-03-26 14:41:36.877 [info] Getting sessions for all scopes...
2026-03-26 14:41:36.877 [info] Got 3 sessions for ...
2026-03-26 14:57:17.544 [info] Getting sessions for all scopes...
2026-03-26 14:57:17.544 [info] Got 3 sessions for ...
2026-03-26 14:57:17.545 [info] Getting sessions for all scopes...
2026-03-26 14:57:17.546 [info] Got 3 sessions for ...
