["INFO" - 12:24:58 PM] Extension Name: esbenp.prettier-vscode.
["INFO" - 12:24:58 PM] Extension Version: 12.4.0.
["INFO" - 12:25:00 PM] Using config file at /home/yusof_0090/Projects/.prettierrc
["INFO" - 12:25:00 PM] EditorConfig support is enabled, checking for .editorconfig files
["INFO" - 12:25:00 PM] Resolved config:
{
  "semi": false,
  "singleQuote": true,
  "tabWidth": 2,
  "printWidth": 80,
  "jsxSingleQuote": false,
  "trailingComma": "all",
  "bracketSpacing": true,
  "endOfLine": "crlf",
  "useTabs": false,
  "singleAttributePerLine": true
}
["INFO" - 1:06:51 PM] Using config file at /home/yusof_0090/Projects/.prettierrc
["INFO" - 1:06:51 PM] EditorConfig support is enabled, checking for .editorconfig files
["INFO" - 1:06:51 PM] Resolved config:
{
  "semi": false,
  "singleQuote": true,
  "tabWidth": 2,
  "printWidth": 80,
  "jsxSingleQuote": false,
  "trailingComma": "all",
  "bracketSpacing": true,
  "endOfLine": "crlf",
  "useTabs": false,
  "singleAttributePerLine": true
}
["INFO" - 1:06:59 PM] Using config file at /home/yusof_0090/Projects/.prettierrc
["INFO" - 1:06:59 PM] EditorConfig support is enabled, checking for .editorconfig files
["INFO" - 1:06:59 PM] Resolved config:
{
  "semi": false,
  "singleQuote": true,
  "tabWidth": 2,
  "printWidth": 80,
  "jsxSingleQuote": false,
  "trailingComma": "all",
  "bracketSpacing": true,
  "endOfLine": "crlf",
  "useTabs": false,
  "singleAttributePerLine": true
}
["INFO" - 1:26:42 PM] Using config file at /home/yusof_0090/Projects/.prettierrc
["INFO" - 1:26:42 PM] EditorConfig support is enabled, checking for .editorconfig files
["INFO" - 1:26:42 PM] Resolved config:
{
  "semi": false,
  "singleQuote": true,
  "tabWidth": 2,
  "printWidth": 80,
  "jsxSingleQuote": false,
  "trailingComma": "all",
  "bracketSpacing": true,
  "endOfLine": "crlf",
  "useTabs": false,
  "singleAttributePerLine": true
}
["INFO" - 1:26:46 PM] Using config file at /home/yusof_0090/Projects/.prettierrc
["INFO" - 1:26:46 PM] EditorConfig support is enabled, checking for .editorconfig files
["INFO" - 1:26:46 PM] Resolved config:
{
  "semi": false,
  "singleQuote": true,
  "tabWidth": 2,
  "printWidth": 80,
  "jsxSingleQuote": false,
  "trailingComma": "all",
  "bracketSpacing": true,
  "endOfLine": "crlf",
  "useTabs": false,
  "singleAttributePerLine": true
}
["INFO" - 1:28:28 PM] Using config file at /home/yusof_0090/Projects/.prettierrc
["INFO" - 1:28:28 PM] EditorConfig support is enabled, checking for .editorconfig files
["INFO" - 1:28:28 PM] Resolved config:
{
  "semi": false,
  "singleQuote": true,
  "tabWidth": 2,
  "printWidth": 80,
  "jsxSingleQuote": false,
  "trailingComma": "all",
  "bracketSpacing": true,
  "endOfLine": "crlf",
  "useTabs": false,
  "singleAttributePerLine": true
}
["INFO" - 1:28:34 PM] Using config file at /home/yusof_0090/Projects/.prettierrc
["INFO" - 1:28:34 PM] EditorConfig support is enabled, checking for .editorconfig files
["INFO" - 1:28:34 PM] Resolved config:
{
  "semi": false,
  "singleQuote": true,
  "tabWidth": 2,
  "printWidth": 80,
  "jsxSingleQuote": false,
  "trailingComma": "all",
  "bracketSpacing": true,
  "endOfLine": "crlf",
  "useTabs": false,
  "singleAttributePerLine": true
}
["INFO" - 1:28:46 PM] Using config file at /home/yusof_0090/Projects/.prettierrc
["INFO" - 1:28:46 PM] EditorConfig support is enabled, checking for .editorconfig files
["INFO" - 1:28:46 PM] Resolved config:
{
  "semi": false,
  "singleQuote": true,
  "tabWidth": 2,
  "printWidth": 80,
  "jsxSingleQuote": false,
  "trailingComma": "all",
  "bracketSpacing": true,
  "endOfLine": "crlf",
  "useTabs": false,
  "singleAttributePerLine": true
}
