2026-03-22 19:45:25.373 [info] Name: Ruff
2026-03-22 19:45:25.375 [info] Module: ruff
2026-03-22 19:45:25.375 [info] Python extension loading
2026-03-22 19:45:25.375 [info] Waiting for interpreter from python extension.
2026-03-22 19:45:25.375 [info] Python extension loaded
2026-03-22 19:45:25.375 [info] Using interpreter: /usr/bin/python
2026-03-22 19:45:25.375 [info] Workspace settings for /home/yusof_0090/Projects/insurance-proj: {
    "nativeServer": "auto",
    "cwd": "/home/yusof_0090/Projects/insurance-proj",
    "workspace": "file:///home/yusof_0090/Projects/insurance-proj",
    "path": [],
    "ignoreStandardLibrary": true,
    "interpreter": [
        "/usr/bin/python"
    ],
    "configuration": null,
    "importStrategy": "fromEnvironment",
    "codeAction": {
        "fixViolation": {
            "enable": true
        },
        "disableRuleComment": {
            "enable": true
        }
    },
    "lint": {
        "enable": true,
        "run": "onType",
        "args": [],
        "preview": null,
        "select": null,
        "extendSelect": null,
        "ignore": null
    },
    "format": {
        "args": [],
        "preview": null,
        "backend": "internal"
    },
    "enable": true,
    "organizeImports": true,
    "fixAll": true,
    "showNotifications": "off",
    "exclude": null,
    "lineLength": null,
    "configurationPreference": "editorFirst",
    "showSyntaxErrors": true,
    "logLevel": null,
    "logFile": null
}
2026-03-22 19:45:25.375 [info] Global settings: {
    "nativeServer": "auto",
    "cwd": "/home/yusof_0090",
    "workspace": "/home/yusof_0090",
    "path": [],
    "ignoreStandardLibrary": true,
    "interpreter": [],
    "configuration": null,
    "importStrategy": "fromEnvironment",
    "codeAction": {
        "fixViolation": {
            "enable": true
        },
        "disableRuleComment": {
            "enable": true
        }
    },
    "lint": {
        "enable": true,
        "run": "onType",
        "args": []
    },
    "format": {
        "args": [],
        "backend": "internal"
    },
    "enable": true,
    "organizeImports": true,
    "fixAll": true,
    "showNotifications": "off",
    "configurationPreference": "editorFirst",
    "showSyntaxErrors": true
}
2026-03-22 19:45:25.426 [info] Falling back to bundled executable: /home/yusof_0090/.vscode/extensions/charliermarsh.ruff-2026.38.0-linux-x64/bundled/libs/bin/ruff
2026-03-22 19:45:25.476 [info] Resolved 'ruff.nativeServer: auto' to use the native server
2026-03-22 19:45:25.484 [info] Found Ruff 0.15.7 at /home/yusof_0090/.vscode/extensions/charliermarsh.ruff-2026.38.0-linux-x64/bundled/libs/bin/ruff
2026-03-22 19:45:25.484 [info] Server run command: /home/yusof_0090/.vscode/extensions/charliermarsh.ruff-2026.38.0-linux-x64/bundled/libs/bin/ruff server
2026-03-22 19:45:25.486 [info] Server: Start requested.
