2026-04-10 09:49:53.142 [info] Reading sessions from keychain...
2026-04-10 09:49:53.142 [info] Getting sessions for all scopes...
2026-04-10 09:49:53.142 [info] Got stored sessions!
2026-04-10 09:49:53.142 [info] Got 3 verified sessions.
2026-04-10 09:49:53.142 [info] Got 3 sessions for ...
2026-04-10 09:49:53.142 [info] Getting sessions for all scopes...
2026-04-10 09:49:53.142 [info] Got 3 sessions for ...
2026-04-10 09:49:53.155 [info] Getting sessions for all scopes...
2026-04-10 09:49:53.155 [info] Got 3 sessions for ...
2026-04-10 09:49:53.263 [info] Getting sessions for all scopes...
2026-04-10 09:49:53.264 [info] Got 3 sessions for ...
2026-04-10 09:49:53.605 [info] Getting sessions for all scopes...
2026-04-10 09:49:53.605 [info] Got 3 sessions for ...
2026-04-10 09:49:56.431 [info] Getting sessions for user:email...
2026-04-10 09:49:56.432 [info] Got 1 sessions for user:email...
2026-04-10 09:49:56.533 [info] Getting sessions for all scopes...
2026-04-10 09:49:56.533 [info] Got 3 sessions for ...
2026-04-10 09:49:57.188 [info] Getting sessions for all scopes...
2026-04-10 09:49:57.188 [info] Got 3 sessions for ...
2026-04-10 09:49:57.188 [info] Getting sessions for all scopes...
2026-04-10 09:49:57.188 [info] Got 3 sessions for ...
2026-04-10 09:49:57.556 [info] Getting sessions for read:user,repo,user:email,workflow...
2026-04-10 09:49:57.556 [info] Got 1 sessions for read:user,repo,user:email,workflow...
2026-04-10 09:49:57.816 [info] Getting sessions for user:email...
2026-04-10 09:49:57.816 [info] Got 1 sessions for user:email...
2026-04-10 09:49:57.823 [info] Getting sessions for all scopes...
2026-04-10 09:49:57.823 [info] Got 3 sessions for ...
2026-04-10 09:49:57.824 [info] Getting sessions for read:user,repo,user:email,workflow...
2026-04-10 09:49:57.824 [info] Got 1 sessions for read:user,repo,user:email,workflow...
2026-04-10 09:49:58.248 [info] FetcherService: Node fetch failed with status: 429 Too Many Requests
2026-04-10 09:49:58.252 [info] Unable to resolve optional EDU details. Status: 429 Too Many Requests
2026-04-10 09:49:58.337 [info] Getting sessions for all scopes...
2026-04-10 09:49:58.337 [info] Got 3 sessions for ...
2026-04-10 09:49:58.338 [info] Getting sessions for all scopes...
2026-04-10 09:49:58.338 [info] Got 3 sessions for ...
2026-04-10 09:49:59.133 [info] Getting sessions for read:user,repo,user:email,workflow...
2026-04-10 09:49:59.133 [info] Got 1 sessions for read:user,repo,user:email,workflow...
2026-04-10 09:49:59.414 [info] Getting sessions for all scopes...
2026-04-10 09:49:59.414 [info] Got 3 sessions for ...
2026-04-10 09:49:59.414 [info] Getting sessions for all scopes...
2026-04-10 09:49:59.414 [info] Got 3 sessions for ...
2026-04-10 09:49:59.417 [info] Getting sessions for read:user,repo,user:email,workflow...
2026-04-10 09:49:59.417 [info] Got 1 sessions for read:user,repo,user:email,workflow...
2026-04-10 09:49:59.449 [info] Getting sessions for all scopes...
2026-04-10 09:49:59.449 [info] Got 3 sessions for ...
2026-04-10 09:49:59.450 [info] Getting sessions for all scopes...
2026-04-10 09:49:59.450 [info] Got 3 sessions for ...
2026-04-10 09:49:59.855 [info] Getting sessions for all scopes...
2026-04-10 09:49:59.855 [info] Got 3 sessions for ...
2026-04-10 09:49:59.864 [info] Getting sessions for read:user,repo,user:email,workflow...
2026-04-10 09:49:59.864 [info] Got 1 sessions for read:user,repo,user:email,workflow...
2026-04-10 09:50:00.171 [info] Getting sessions for all scopes...
2026-04-10 09:50:00.171 [info] Got 3 sessions for ...
2026-04-10 09:50:00.173 [info] Getting sessions for all scopes...
2026-04-10 09:50:00.173 [info] Got 3 sessions for ...
2026-04-10 09:50:07.565 [info] Reading sessions from keychain...
2026-04-10 09:50:07.565 [info] Getting sessions for all scopes...
2026-04-10 09:50:07.565 [info] Got stored sessions!
2026-04-10 09:50:07.565 [info] Got 3 verified sessions.
2026-04-10 09:50:07.565 [info] Got 3 sessions for ...
2026-04-10 09:50:07.565 [info] Getting sessions for all scopes...
2026-04-10 09:50:07.565 [info] Got 3 sessions for ...
2026-04-10 09:50:07.605 [info] Getting sessions for all scopes...
2026-04-10 09:50:07.606 [info] Got 3 sessions for ...
2026-04-10 09:50:11.459 [info] Getting sessions for all scopes...
2026-04-10 09:50:11.459 [info] Got 3 sessions for ...
2026-04-10 09:50:11.459 [info] Getting sessions for all scopes...
2026-04-10 09:50:11.459 [info] Got 3 sessions for ...
2026-04-10 09:50:11.635 [info] FetcherService: Node fetch failed with status: 429 Too Many Requests
2026-04-10 09:50:11.639 [info] Unable to resolve optional EDU details. Status: 429 Too Many Requests
2026-04-10 09:50:11.881 [info] Getting sessions for all scopes...
2026-04-10 09:50:11.881 [info] Got 3 sessions for ...
2026-04-10 09:50:12.395 [info] Getting sessions for read:user,repo,user:email,workflow...
2026-04-10 09:50:12.396 [info] Got 1 sessions for read:user,repo,user:email,workflow...
2026-04-10 09:50:12.404 [info] Getting sessions for read:user,repo,user:email,workflow...
2026-04-10 09:50:12.404 [info] Got 1 sessions for read:user,repo,user:email,workflow...
2026-04-10 09:50:13.674 [info] Getting sessions for all scopes...
2026-04-10 09:50:13.674 [info] Got 3 sessions for ...
2026-04-10 09:50:13.674 [info] Getting sessions for all scopes...
2026-04-10 09:50:13.674 [info] Got 3 sessions for ...
2026-04-10 09:50:13.827 [info] Getting sessions for read:user,repo,user:email,workflow...
2026-04-10 09:50:13.827 [info] Got 1 sessions for read:user,repo,user:email,workflow...
2026-04-10 09:50:14.115 [info] Getting sessions for all scopes...
2026-04-10 09:50:14.115 [info] Got 3 sessions for ...
2026-04-10 09:50:14.115 [info] Getting sessions for all scopes...
2026-04-10 09:50:14.115 [info] Got 3 sessions for ...
2026-04-10 09:50:14.115 [info] Getting sessions for all scopes...
2026-04-10 09:50:14.116 [info] Got 3 sessions for ...
2026-04-10 09:50:14.140 [info] Getting sessions for all scopes...
2026-04-10 09:50:14.140 [info] Got 3 sessions for ...
2026-04-10 09:50:14.356 [info] Getting sessions for read:user,repo,user:email,workflow...
2026-04-10 09:50:14.356 [info] Got 1 sessions for read:user,repo,user:email,workflow...
2026-04-10 09:50:14.556 [info] Getting sessions for all scopes...
2026-04-10 09:50:14.556 [info] Got 3 sessions for ...
2026-04-10 09:50:14.559 [info] Getting sessions for read:user,repo,user:email,workflow...
2026-04-10 09:50:14.559 [info] Got 1 sessions for read:user,repo,user:email,workflow...
2026-04-10 09:50:14.813 [info] Getting sessions for all scopes...
2026-04-10 09:50:14.814 [info] Got 3 sessions for ...
2026-04-10 09:50:14.824 [info] Getting sessions for read:user,repo,user:email,workflow...
2026-04-10 09:50:14.824 [info] Got 1 sessions for read:user,repo,user:email,workflow...
2026-04-10 09:50:14.824 [info] Getting sessions for all scopes...
2026-04-10 09:50:14.824 [info] Got 3 sessions for ...
2026-04-10 09:50:14.830 [info] Getting sessions for read:user,repo,user:email,workflow...
2026-04-10 09:50:14.830 [info] Got 1 sessions for read:user,repo,user:email,workflow...
2026-04-10 09:50:15.061 [info] Getting sessions for all scopes...
2026-04-10 09:50:15.061 [info] Got 3 sessions for ...
2026-04-10 09:50:15.063 [info] Getting sessions for read:user,repo,user:email,workflow...
2026-04-10 09:50:15.063 [info] Got 1 sessions for read:user,repo,user:email,workflow...
2026-04-10 09:50:15.171 [info] Getting sessions for all scopes...
2026-04-10 09:50:15.171 [info] Got 3 sessions for ...
2026-04-10 09:50:15.183 [info] Getting sessions for read:user,repo,user:email,workflow...
2026-04-10 09:50:15.183 [info] Got 1 sessions for read:user,repo,user:email,workflow...
2026-04-10 09:50:15.188 [info] Getting sessions for all scopes...
2026-04-10 09:50:15.188 [info] Got 3 sessions for ...
2026-04-10 09:50:15.189 [info] Getting sessions for read:user,repo,user:email,workflow...
2026-04-10 09:50:15.189 [info] Got 1 sessions for read:user,repo,user:email,workflow...
2026-04-10 09:50:20.304 [info] Getting sessions for all scopes...
2026-04-10 09:50:20.304 [info] Got 3 sessions for ...
2026-04-10 09:50:20.308 [info] Getting sessions for read:user,repo,user:email,workflow...
2026-04-10 09:50:20.308 [info] Got 1 sessions for read:user,repo,user:email,workflow...
2026-04-10 09:50:44.258 [info] Getting sessions for user:email...
2026-04-10 09:50:44.258 [info] Got 1 sessions for user:email...
2026-04-10 09:50:58.542 [info] Getting sessions for all scopes...
2026-04-10 09:50:58.542 [info] Got 3 sessions for ...
2026-04-10 09:50:58.543 [info] Getting sessions for read:user,repo,user:email,workflow...
2026-04-10 09:50:58.543 [info] Got 1 sessions for read:user,repo,user:email,workflow...
2026-04-10 09:51:07.204 [info] Getting sessions for all scopes...
2026-04-10 09:51:07.204 [info] Got 3 sessions for ...
2026-04-10 09:51:07.251 [info] Getting sessions for all scopes...
2026-04-10 09:51:07.251 [info] Got 3 sessions for ...
2026-04-10 09:51:07.252 [info] Getting sessions for all scopes...
2026-04-10 09:51:07.252 [info] Got 3 sessions for ...
2026-04-10 09:51:07.606 [info] Getting sessions for all scopes...
2026-04-10 09:51:07.606 [info] Got 3 sessions for ...
2026-04-10 09:51:07.609 [info] Getting sessions for read:user,repo,user:email,workflow...
2026-04-10 09:51:07.609 [info] Got 1 sessions for read:user,repo,user:email,workflow...
2026-04-10 09:51:13.536 [info] Getting sessions for all scopes...
2026-04-10 09:51:13.536 [info] Got 3 sessions for ...
2026-04-10 09:51:13.537 [info] Getting sessions for read:user,repo,user:email,workflow...
2026-04-10 09:51:13.537 [info] Got 1 sessions for read:user,repo,user:email,workflow...
2026-04-10 09:51:18.456 [info] Getting sessions for all scopes...
2026-04-10 09:51:18.456 [info] Got 3 sessions for ...
2026-04-10 09:51:18.460 [info] Getting sessions for all scopes...
2026-04-10 09:51:18.460 [info] Got 3 sessions for ...
2026-04-10 09:51:18.546 [info] Getting sessions for all scopes...
2026-04-10 09:51:18.546 [info] Got 3 sessions for ...
