2026-03-27 15:06:22.364 [info] [main] Log level: Info
2026-03-27 15:06:22.364 [info] [main] Validating found git in: "git"
2026-03-27 15:06:22.364 [info] [main] Using git "2.53.0" from "git"
2026-03-27 15:06:22.364 [info] [Model][doInitialScan] Initial repository scan started
2026-03-27 15:06:22.364 [info] > git rev-parse --show-toplevel [227ms]
2026-03-27 15:06:22.364 [info] fatal: not a git repository (or any of the parent directories): .git
2026-03-27 15:06:22.364 [info] > git rev-parse --show-toplevel [8ms]
2026-03-27 15:06:22.364 [info] fatal: not a git repository (or any of the parent directories): .git
2026-03-27 15:06:22.380 [info] > git rev-parse --show-toplevel [16ms]
2026-03-27 15:06:22.380 [info] fatal: not a git repository (or any of the parent directories): .git
2026-03-27 15:06:22.399 [info] > git rev-parse --show-toplevel [14ms]
2026-03-27 15:06:22.400 [info] fatal: not a git repository (or any of the parent directories): .git
2026-03-27 15:06:22.465 [info] > git rev-parse --show-toplevel [16ms]
2026-03-27 15:06:22.465 [info] fatal: not a git repository (or any of the parent directories): .git
2026-03-27 15:06:22.472 [info] > git rev-parse --show-toplevel [1ms]
2026-03-27 15:06:22.472 [info] fatal: not a git repository (or any of the parent directories): .git
2026-03-27 15:06:22.491 [info] > git rev-parse --show-toplevel [2ms]
2026-03-27 15:06:22.491 [info] fatal: not a git repository (or any of the parent directories): .git
2026-03-27 15:06:22.493 [info] [Model][doInitialScan] Initial repository scan completed - repositories (0), closed repositories (0), parent repositories (0), unsafe repositories (0)
2026-03-27 15:06:23.269 [info] > git rev-parse --show-toplevel [222ms]
2026-03-27 15:06:23.269 [info] fatal: not a git repository (or any of the parent directories): .git
2026-03-27 15:06:24.118 [info] > git rev-parse --show-toplevel [3ms]
2026-03-27 15:06:24.118 [info] fatal: not a git repository (or any of the parent directories): .git
2026-03-27 15:09:58.568 [info] > git rev-parse --show-toplevel [1ms]
2026-03-27 15:09:58.568 [info] fatal: not a git repository (or any of the parent directories): .git
2026-03-27 15:09:58.953 [info] > git rev-parse --show-toplevel [7ms]
2026-03-27 15:09:58.953 [info] fatal: not a git repository (or any of the parent directories): .git
2026-03-27 15:11:12.178 [info] > git rev-parse --show-toplevel [2ms]
2026-03-27 15:11:12.178 [info] fatal: not a git repository (or any of the parent directories): .git
2026-03-27 15:14:56.620 [info] > git rev-parse --show-toplevel [2ms]
2026-03-27 15:14:56.620 [info] fatal: not a git repository (or any of the parent directories): .git
2026-03-27 15:15:10.759 [info] > git rev-parse --show-toplevel [2ms]
2026-03-27 15:15:10.759 [info] fatal: not a git repository (or any of the parent directories): .git
2026-03-27 15:15:13.863 [info] > git rev-parse --show-toplevel [2ms]
2026-03-27 15:15:13.863 [info] fatal: not a git repository (or any of the parent directories): .git
