2026-04-20 15:29:16.717 [info] Name: Ruff
2026-04-20 15:29:16.717 [info] Module: ruff
2026-04-20 15:29:16.717 [info] Python extension loading
2026-04-20 15:29:16.717 [info] Waiting for interpreter from python extension.
2026-04-20 15:29:18.854 [info] Python extension loaded
2026-04-20 15:29:18.858 [info] Using interpreter: /home/yusof_0090/Projects/sawda_backend/.venv/bin/python
2026-04-20 15:29:18.864 [info] Workspace settings for /home/yusof_0090/Projects/sawda_backend: {
    "nativeServer": "auto",
    "cwd": "/home/yusof_0090/Projects/sawda_backend",
    "workspace": "file:///home/yusof_0090/Projects/sawda_backend",
    "path": [],
    "ignoreStandardLibrary": true,
    "interpreter": [
        "/home/yusof_0090/Projects/sawda_backend/.venv/bin/python"
    ],
    "configuration": null,
    "importStrategy": "fromEnvironment",
    "codeAction": {
        "fixViolation": {
            "enable": true
        },
        "disableRuleComment": {
            "enable": true
        }
    },
    "lint": {
        "enable": true,
        "run": "onType",
        "args": [],
        "preview": null,
        "select": null,
        "extendSelect": null,
        "ignore": null
    },
    "format": {
        "args": [],
        "preview": null,
        "backend": "internal"
    },
    "enable": true,
    "organizeImports": true,
    "fixAll": true,
    "showNotifications": "off",
    "exclude": null,
    "lineLength": null,
    "configurationPreference": "editorFirst",
    "showSyntaxErrors": true,
    "logLevel": null,
    "logFile": null
}
2026-04-20 15:29:18.873 [info] Global settings: {
    "nativeServer": "auto",
    "cwd": "/home/yusof_0090",
    "workspace": "/home/yusof_0090",
    "path": [],
    "ignoreStandardLibrary": true,
    "interpreter": [],
    "configuration": null,
    "importStrategy": "fromEnvironment",
    "codeAction": {
        "fixViolation": {
            "enable": true
        },
        "disableRuleComment": {
            "enable": true
        }
    },
    "lint": {
        "enable": true,
        "run": "onType",
        "args": []
    },
    "format": {
        "args": [],
        "backend": "internal"
    },
    "enable": true,
    "organizeImports": true,
    "fixAll": true,
    "showNotifications": "off",
    "configurationPreference": "editorFirst",
    "showSyntaxErrors": true
}
2026-04-20 15:29:18.996 [info] Triggered Ruff restart while restart is in progress; queuing a restart.
2026-04-20 15:29:19.027 [info] Falling back to bundled executable: /home/yusof_0090/.vscode/extensions/charliermarsh.ruff-2026.40.0-linux-x64/bundled/libs/bin/ruff
2026-04-20 15:29:19.070 [info] Resolved 'ruff.nativeServer: auto' to use the native server
2026-04-20 15:29:19.075 [info] Found Ruff 0.15.10 at /home/yusof_0090/.vscode/extensions/charliermarsh.ruff-2026.40.0-linux-x64/bundled/libs/bin/ruff
2026-04-20 15:29:19.075 [info] Server run command: /home/yusof_0090/.vscode/extensions/charliermarsh.ruff-2026.40.0-linux-x64/bundled/libs/bin/ruff server
2026-04-20 15:29:19.076 [info] Server: Start requested.
2026-04-20 15:29:19.232 [info] Server: Stop requested
2026-04-20 15:29:19.264 [info] Using interpreter: /home/yusof_0090/Projects/sawda_backend/.venv/bin/python
2026-04-20 15:29:19.276 [info] Workspace settings for /home/yusof_0090/Projects/sawda_backend: {
    "nativeServer": "auto",
    "cwd": "/home/yusof_0090/Projects/sawda_backend",
    "workspace": "file:///home/yusof_0090/Projects/sawda_backend",
    "path": [],
    "ignoreStandardLibrary": true,
    "interpreter": [
        "/home/yusof_0090/Projects/sawda_backend/.venv/bin/python"
    ],
    "configuration": null,
    "importStrategy": "fromEnvironment",
    "codeAction": {
        "fixViolation": {
            "enable": true
        },
        "disableRuleComment": {
            "enable": true
        }
    },
    "lint": {
        "enable": true,
        "run": "onType",
        "args": [],
        "preview": null,
        "select": null,
        "extendSelect": null,
        "ignore": null
    },
    "format": {
        "args": [],
        "preview": null,
        "backend": "internal"
    },
    "enable": true,
    "organizeImports": true,
    "fixAll": true,
    "showNotifications": "off",
    "exclude": null,
    "lineLength": null,
    "configurationPreference": "editorFirst",
    "showSyntaxErrors": true,
    "logLevel": null,
    "logFile": null
}
2026-04-20 15:29:19.293 [info] Global settings: {
    "nativeServer": "auto",
    "cwd": "/home/yusof_0090",
    "workspace": "/home/yusof_0090",
    "path": [],
    "ignoreStandardLibrary": true,
    "interpreter": [],
    "configuration": null,
    "importStrategy": "fromEnvironment",
    "codeAction": {
        "fixViolation": {
            "enable": true
        },
        "disableRuleComment": {
            "enable": true
        }
    },
    "lint": {
        "enable": true,
        "run": "onType",
        "args": []
    },
    "format": {
        "args": [],
        "backend": "internal"
    },
    "enable": true,
    "organizeImports": true,
    "fixAll": true,
    "showNotifications": "off",
    "configurationPreference": "editorFirst",
    "showSyntaxErrors": true
}
2026-04-20 15:29:19.365 [info] Falling back to bundled executable: /home/yusof_0090/.vscode/extensions/charliermarsh.ruff-2026.40.0-linux-x64/bundled/libs/bin/ruff
2026-04-20 15:29:19.382 [info] Resolved 'ruff.nativeServer: auto' to use the native server
2026-04-20 15:29:19.383 [info] Found Ruff 0.15.10 at /home/yusof_0090/.vscode/extensions/charliermarsh.ruff-2026.40.0-linux-x64/bundled/libs/bin/ruff
2026-04-20 15:29:19.383 [info] Server run command: /home/yusof_0090/.vscode/extensions/charliermarsh.ruff-2026.40.0-linux-x64/bundled/libs/bin/ruff server
2026-04-20 15:29:19.383 [info] Server: Start requested.
