2026-04-10 09:49:53.664 [info] [main] Log level: Info
2026-04-10 09:49:53.664 [info] [main] Validating found git in: "git"
2026-04-10 09:49:53.664 [info] [main] Using git "2.53.0" from "git"
2026-04-10 09:49:53.664 [info] [Model][doInitialScan] Initial repository scan started
2026-04-10 09:49:53.664 [info] [Model][doInitialScan] Initial repository scan completed - repositories (0), closed repositories (0), parent repositories (0), unsafe repositories (0)
2026-04-10 09:50:08.536 [info] [main] Log level: Info
2026-04-10 09:50:08.536 [info] [main] Validating found git in: "git"
2026-04-10 09:50:08.536 [info] [main] Using git "2.53.0" from "git"
2026-04-10 09:50:08.536 [info] [Model][doInitialScan] Initial repository scan started
2026-04-10 09:50:08.536 [info] > git rev-parse --show-toplevel [25ms]
2026-04-10 09:50:08.655 [info] > git rev-parse --git-dir --git-common-dir --show-superproject-working-tree [105ms]
2026-04-10 09:50:08.844 [info] [Model][openRepository] Opened repository (path): /home/yusof_0090/Projects/insurance-proj
2026-04-10 09:50:08.844 [info] [Model][openRepository] Opened repository (real path): /home/yusof_0090/Projects/insurance-proj
2026-04-10 09:50:08.844 [info] [Model][openRepository] Opened repository (kind): repository
2026-04-10 09:50:08.865 [info] > git config --get commit.template [8ms]
2026-04-10 09:50:08.866 [info] > git rev-parse --show-toplevel [4ms]
2026-04-10 09:50:08.954 [info] > git rev-parse --show-toplevel [65ms]
2026-04-10 09:50:08.955 [info] > git for-each-ref --format=%(refname)%00%(upstream:short)%00%(objectname)%00%(upstream:track)%00%(upstream:remotename)%00%(upstream:remoteref) refs/heads/main refs/remotes/main [72ms]
2026-04-10 09:50:11.221 [info] > git rev-parse --show-toplevel [287ms]
2026-04-10 09:50:11.456 [info] > git check-ignore -v -z --stdin [463ms]
2026-04-10 09:50:11.641 [info] > git check-ignore -v -z --stdin [263ms]
2026-04-10 09:50:11.641 [info] > git status -z -uall [65ms]
2026-04-10 09:50:11.644 [info] > git rev-parse --show-toplevel [274ms]
2026-04-10 09:50:11.842 [info] > git for-each-ref --sort -committerdate --format %(refname)%00%(objectname)%00%(*objectname) [246ms]
2026-04-10 09:50:12.263 [info] > git for-each-ref --format=%(refname)%00%(upstream:short)%00%(objectname)%00%(upstream:track)%00%(upstream:remotename)%00%(upstream:remoteref) refs/heads/main refs/remotes/main [401ms]
2026-04-10 09:50:12.275 [info] > git rev-parse --show-toplevel [488ms]
2026-04-10 09:50:12.277 [info] [Model][doInitialScan] Initial repository scan completed - repositories (1), closed repositories (0), parent repositories (0), unsafe repositories (0)
2026-04-10 09:50:12.383 [info] > git config --get --local branch.main.vscode-merge-base [109ms]
2026-04-10 09:50:12.393 [info] > git config --get commit.template [478ms]
2026-04-10 09:50:12.893 [info] > git for-each-ref --format=%(refname)%00%(upstream:short)%00%(objectname)%00%(upstream:track)%00%(upstream:remotename)%00%(upstream:remoteref) refs/heads/origin/main refs/remotes/origin/main [501ms]
2026-04-10 09:50:13.036 [info] > git merge-base refs/heads/main refs/remotes/origin/main [135ms]
2026-04-10 09:50:13.109 [info] > git diff --raw --numstat --diff-filter=ADMR -z --find-renames=50% da95b64b020a851e0c70a7b55b7edaea32f97f40...refs/remotes/origin/main -- [63ms]
2026-04-10 09:50:13.113 [info] > git for-each-ref --format=%(refname)%00%(upstream:short)%00%(objectname)%00%(upstream:track)%00%(upstream:remotename)%00%(upstream:remoteref) refs/heads/main refs/remotes/main [109ms]
2026-04-10 09:50:13.256 [info] > git check-ignore -v -z --stdin [17ms]
2026-04-10 09:50:13.337 [info] > git status -z -uall [11ms]
2026-04-10 09:50:13.386 [info] > git for-each-ref --sort -committerdate --format %(refname)%00%(objectname)%00%(*objectname) [51ms]
2026-04-10 09:50:14.089 [info] > git config --get commit.template [89ms]
2026-04-10 09:50:14.199 [info] > git for-each-ref --format=%(refname)%00%(upstream:short)%00%(objectname)%00%(upstream:track)%00%(upstream:remotename)%00%(upstream:remoteref) refs/heads/main refs/remotes/main [43ms]
2026-04-10 09:50:14.523 [info] > git status -z -uall [36ms]
2026-04-10 09:50:14.523 [info] > git for-each-ref --sort -committerdate --format %(refname)%00%(objectname)%00%(*objectname) [22ms]
2026-04-10 09:51:07.169 [info] > git config --get commit.template [2ms]
2026-04-10 09:51:07.184 [info] > git for-each-ref --format=%(refname)%00%(upstream:short)%00%(objectname)%00%(upstream:track)%00%(upstream:remotename)%00%(upstream:remoteref) refs/heads/main refs/remotes/main [4ms]
2026-04-10 09:51:07.203 [info] > git status -z -uall [11ms]
2026-04-10 09:51:07.205 [info] > git for-each-ref --sort -committerdate --format %(refname)%00%(objectname)%00%(*objectname) [3ms]
2026-04-10 09:51:07.225 [info] > git merge-base refs/heads/main refs/remotes/origin/main [4ms]
2026-04-10 09:51:07.238 [info] > git diff --raw --numstat --diff-filter=ADMR -z --find-renames=50% cdcee82b2e1f361aff6950488aad0b522fad6a50...refs/remotes/origin/main -- [3ms]
2026-04-10 09:51:07.559 [info] > git check-ignore -v -z --stdin [2ms]
2026-04-10 09:51:08.800 [info] > git fetch [1644ms]
2026-04-10 09:51:08.831 [info] > git config --get commit.template [15ms]
2026-04-10 09:51:08.832 [info] > git for-each-ref --format=%(refname)%00%(upstream:short)%00%(objectname)%00%(upstream:track)%00%(upstream:remotename)%00%(upstream:remoteref) refs/heads/main refs/remotes/main [3ms]
2026-04-10 09:51:08.862 [info] > git status -z -uall [14ms]
2026-04-10 09:51:08.864 [info] > git for-each-ref --sort -committerdate --format %(refname)%00%(objectname)%00%(*objectname) [3ms]
2026-04-10 09:51:18.382 [info] > git config --get commit.template [15ms]
2026-04-10 09:51:18.382 [info] > git for-each-ref --format=%(refname)%00%(upstream:short)%00%(objectname)%00%(upstream:track)%00%(upstream:remotename)%00%(upstream:remoteref) refs/heads/main refs/remotes/main [3ms]
2026-04-10 09:51:18.413 [info] > git status -z -uall [21ms]
2026-04-10 09:51:18.414 [info] > git for-each-ref --sort -committerdate --format %(refname)%00%(objectname)%00%(*objectname) [10ms]
