2026-04-13 21:50:11.888 [info] Starting Python Locator /home/yusof_0090/.vscode/extensions/ms-python.python-2026.4.0-linux-x64/python-env-tools/bin/pet server
2026-04-13 21:50:11.888 [info] Discovered env: /usr/bin/python
2026-04-13 21:50:11.888 [info] Refresh completed in 293ms
2026-04-13 21:50:12.495 [info] Discovered env: /usr/bin/python
2026-04-13 21:50:12.505 [info] Resolved Python Environment /usr/bin/python
2026-04-13 21:50:12.508 [info] Refresh completed in 147ms
2026-04-14 12:08:29.278 [error] [2m12613.879220808s[0m [33m WARN[0m [2mpet_telemetry[0m[2m:[0m Inaccurate Python Environment Info for => 
Environment (LinuxGlobal)
   Executable  : /usr/bin/python
   Version     : 3.14.3.final.0
   Prefix      : /usr
   Architecture: x64
   Symlinks    : "/usr/bin/python"
               : "/usr/bin/python3"
               : "/usr/bin/python3.14"
.
Resolved as => 
Environment (LinuxGlobal)
   Executable  : /usr/bin/python
   Version     : 3.14.4.final.0
   Prefix      : /usr
   Architecture: x64
   Symlinks    : "/usr/bin/python"
               : "/usr/bin/python3"
               : "/usr/bin/python3.14"

Incorrect information => 
Environment Some(LinuxGlobal) incorrectly identified
   Version is incorrect


2026-04-14 12:08:29.280 [info] Resolved Python Environment /usr/bin/python
2026-04-14 12:10:01.383 [error] [2m12705.984295162s[0m [33m WARN[0m [2mpet_telemetry[0m[2m:[0m Inaccurate Python Environment Info for => 
Environment (LinuxGlobal)
   Executable  : /usr/bin/python
   Version     : 3.14.3.final.0
   Prefix      : /usr
   Architecture: x64
   Symlinks    : "/usr/bin/python"
               : "/usr/bin/python3"
               : "/usr/bin/python3.14"
.
Resolved as => 
Environment (LinuxGlobal)
   Executable  : /usr/bin/python
   Version     : 3.14.4.final.0
   Prefix      : /usr
   Architecture: x64
   Symlinks    : "/usr/bin/python"
               : "/usr/bin/python3"
               : "/usr/bin/python3.14"

Incorrect information => 
Environment Some(LinuxGlobal) incorrectly identified
   Version is incorrect


2026-04-14 12:10:01.384 [info] Resolved Python Environment /usr/bin/python
2026-04-14 13:19:24.522 [error] [2m16869.122638627s[0m [33m WARN[0m [2mpet_telemetry[0m[2m:[0m Inaccurate Python Environment Info for => 
Environment (LinuxGlobal)
   Executable  : /usr/bin/python
   Version     : 3.14.3.final.0
   Prefix      : /usr
   Architecture: x64
   Symlinks    : "/usr/bin/python"
               : "/usr/bin/python3"
               : "/usr/bin/python3.14"
.
Resolved as => 
Environment (LinuxGlobal)
   Executable  : /usr/bin/python
   Version     : 3.14.4.final.0
   Prefix      : /usr
   Architecture: x64
   Symlinks    : "/usr/bin/python"
               : "/usr/bin/python3"
               : "/usr/bin/python3.14"

Incorrect information => 
Environment Some(LinuxGlobal) incorrectly identified
   Version is incorrect


2026-04-14 13:19:24.522 [info] Resolved Python Environment /usr/bin/python
2026-04-17 13:54:47.656 [error] [2m65740.947785460s[0m [33m WARN[0m [2mpet_telemetry[0m[2m:[0m Inaccurate Python Environment Info for => 
Environment (LinuxGlobal)
   Executable  : /usr/bin/python
   Version     : 3.14.3.final.0
   Prefix      : /usr
   Architecture: x64
   Symlinks    : "/usr/bin/python"
               : "/usr/bin/python3"
               : "/usr/bin/python3.14"
.
Resolved as => 
Environment (LinuxGlobal)
   Executable  : /usr/bin/python
   Version     : 3.14.4.final.0
   Prefix      : /usr
   Architecture: x64
   Symlinks    : "/usr/bin/python"
               : "/usr/bin/python3"
               : "/usr/bin/python3.14"

Incorrect information => 
Environment Some(LinuxGlobal) incorrectly identified
   Version is incorrect


2026-04-17 13:54:47.657 [info] Resolved Python Environment /usr/bin/python
2026-04-17 13:56:22.964 [error] [2m65836.255963792s[0m [33m WARN[0m [2mpet_telemetry[0m[2m:[0m Inaccurate Python Environment Info for => 
Environment (LinuxGlobal)
   Executable  : /usr/bin/python
   Version     : 3.14.3.final.0
   Prefix      : /usr
   Architecture: x64
   Symlinks    : "/usr/bin/python"
               : "/usr/bin/python3"
               : "/usr/bin/python3.14"
.
Resolved as => 
Environment (LinuxGlobal)
   Executable  : /usr/bin/python
   Version     : 3.14.4.final.0
   Prefix      : /usr
   Architecture: x64
   Symlinks    : "/usr/bin/python"
               : "/usr/bin/python3"
               : "/usr/bin/python3.14"

Incorrect information => 
Environment Some(LinuxGlobal) incorrectly identified
   Version is incorrect


2026-04-17 13:56:22.965 [info] Resolved Python Environment /usr/bin/python
