2026-04-18 22:57:21.524 [info] Reading sessions from keychain...
2026-04-18 22:57:21.524 [info] Getting sessions for all scopes...
2026-04-18 22:57:21.748 [info] Got stored sessions!
2026-04-18 22:57:21.748 [info] Got 3 verified sessions.
2026-04-18 22:57:21.748 [info] Got 3 sessions for ...
2026-04-18 22:57:21.749 [info] Getting sessions for all scopes...
2026-04-18 22:57:21.749 [info] Got 3 sessions for ...
2026-04-18 22:57:21.749 [info] Getting sessions for all scopes...
2026-04-18 22:57:21.749 [info] Got 3 sessions for ...
2026-04-18 22:57:21.932 [info] Getting sessions for all scopes...
2026-04-18 22:57:21.932 [info] Got 3 sessions for ...
2026-04-18 22:57:22.286 [info] Getting sessions for all scopes...
2026-04-18 22:57:22.286 [info] Got 3 sessions for ...
2026-04-18 22:57:22.547 [info] Getting sessions for user:email...
2026-04-18 22:57:22.547 [info] Got 1 sessions for user:email...
2026-04-18 22:57:22.799 [info] Getting sessions for read:user,repo,user:email,workflow...
2026-04-18 22:57:22.799 [info] Got 1 sessions for read:user,repo,user:email,workflow...
2026-04-18 22:57:25.380 [info] Getting sessions for all scopes...
2026-04-18 22:57:25.380 [info] Got 3 sessions for ...
2026-04-18 22:57:25.670 [info] FetcherService: Node fetch failed with status: 429 Too Many Requests
2026-04-18 22:57:25.675 [info] Unable to resolve optional EDU details. Status: 429 Too Many Requests
2026-04-18 22:57:25.929 [info] Getting sessions for all scopes...
2026-04-18 22:57:25.929 [info] Got 3 sessions for ...
2026-04-18 22:57:25.930 [info] Getting sessions for all scopes...
2026-04-18 22:57:25.930 [info] Got 3 sessions for ...
2026-04-18 22:57:26.346 [info] Getting sessions for all scopes...
2026-04-18 22:57:26.346 [info] Got 3 sessions for ...
2026-04-18 22:57:26.750 [info] Getting sessions for read:user,repo,user:email,workflow...
2026-04-18 22:57:26.750 [info] Got 1 sessions for read:user,repo,user:email,workflow...
2026-04-18 22:57:27.557 [info] Getting sessions for user:email...
2026-04-18 22:57:27.557 [info] Got 1 sessions for user:email...
2026-04-18 22:57:27.995 [info] Getting sessions for all scopes...
2026-04-18 22:57:27.995 [info] Got 3 sessions for ...
2026-04-18 22:57:27.995 [info] Getting sessions for all scopes...
2026-04-18 22:57:27.995 [info] Got 3 sessions for ...
2026-04-18 22:57:28.035 [info] Getting sessions for read:user,repo,user:email,workflow...
2026-04-18 22:57:28.035 [info] Got 1 sessions for read:user,repo,user:email,workflow...
2026-04-18 22:57:28.160 [info] Getting sessions for all scopes...
2026-04-18 22:57:28.160 [info] Got 3 sessions for ...
2026-04-18 22:57:28.160 [info] Getting sessions for all scopes...
2026-04-18 22:57:28.160 [info] Got 3 sessions for ...
2026-04-18 22:57:28.189 [info] Getting sessions for read:user,repo,user:email,workflow...
2026-04-18 22:57:28.189 [info] Got 1 sessions for read:user,repo,user:email,workflow...
2026-04-18 22:57:28.205 [info] Getting sessions for all scopes...
2026-04-18 22:57:28.205 [info] Got 3 sessions for ...
2026-04-18 22:57:28.206 [info] Getting sessions for all scopes...
2026-04-18 22:57:28.206 [info] Got 3 sessions for ...
2026-04-18 22:57:28.565 [info] Getting sessions for all scopes...
2026-04-18 22:57:28.565 [info] Got 3 sessions for ...
2026-04-18 22:57:28.573 [info] Getting sessions for read:user,repo,user:email,workflow...
2026-04-18 22:57:28.573 [info] Got 1 sessions for read:user,repo,user:email,workflow...
2026-04-18 22:57:28.574 [info] Getting sessions for all scopes...
2026-04-18 22:57:28.574 [info] Got 3 sessions for ...
2026-04-18 22:57:28.577 [info] Getting sessions for read:user,repo,user:email,workflow...
2026-04-18 22:57:28.577 [info] Got 1 sessions for read:user,repo,user:email,workflow...
2026-04-18 22:57:28.633 [info] Getting sessions for all scopes...
2026-04-18 22:57:28.633 [info] Got 3 sessions for ...
2026-04-18 22:57:28.634 [info] Getting sessions for read:user,repo,user:email,workflow...
2026-04-18 22:57:28.634 [info] Got 1 sessions for read:user,repo,user:email,workflow...
2026-04-18 22:57:28.672 [info] Getting sessions for all scopes...
2026-04-18 22:57:28.672 [info] Got 3 sessions for ...
2026-04-18 22:57:28.673 [info] Getting sessions for read:user,repo,user:email,workflow...
2026-04-18 22:57:28.673 [info] Got 1 sessions for read:user,repo,user:email,workflow...
2026-04-18 22:57:28.695 [info] Getting sessions for all scopes...
2026-04-18 22:57:28.695 [info] Got 3 sessions for ...
2026-04-18 22:57:28.696 [info] Getting sessions for read:user,repo,user:email,workflow...
2026-04-18 22:57:28.696 [info] Got 1 sessions for read:user,repo,user:email,workflow...
2026-04-18 22:57:50.970 [info] Getting sessions for all scopes...
2026-04-18 22:57:50.970 [info] Got 3 sessions for ...
2026-04-18 22:57:50.971 [info] Getting sessions for all scopes...
2026-04-18 22:57:50.971 [info] Got 3 sessions for ...
2026-04-18 22:58:43.088 [info] Getting sessions for all scopes...
2026-04-18 22:58:43.088 [info] Got 3 sessions for ...
2026-04-18 22:58:43.089 [info] Getting sessions for all scopes...
2026-04-18 22:58:43.089 [info] Got 3 sessions for ...
2026-04-18 22:58:44.246 [info] Getting sessions for all scopes...
2026-04-18 22:58:44.246 [info] Got 3 sessions for ...
2026-04-18 22:58:44.247 [info] Getting sessions for all scopes...
2026-04-18 22:58:44.247 [info] Got 3 sessions for ...
2026-04-18 22:58:44.516 [info] Getting sessions for all scopes...
2026-04-18 22:58:44.516 [info] Got 3 sessions for ...
2026-04-18 22:58:44.517 [info] Getting sessions for all scopes...
2026-04-18 22:58:44.517 [info] Got 3 sessions for ...
2026-04-18 22:58:44.784 [info] Getting sessions for all scopes...
2026-04-18 22:58:44.784 [info] Got 3 sessions for ...
2026-04-18 22:58:44.785 [info] Getting sessions for all scopes...
2026-04-18 22:58:44.785 [info] Got 3 sessions for ...
2026-04-18 23:00:39.475 [info] Getting sessions for all scopes...
2026-04-18 23:00:39.475 [info] Got 3 sessions for ...
2026-04-18 23:00:39.475 [info] Getting sessions for all scopes...
2026-04-18 23:00:39.475 [info] Got 3 sessions for ...
2026-04-18 23:02:46.097 [info] Getting sessions for all scopes...
2026-04-18 23:02:46.097 [info] Got 3 sessions for ...
2026-04-18 23:02:46.098 [info] Getting sessions for all scopes...
2026-04-18 23:02:46.098 [info] Got 3 sessions for ...
2026-04-18 23:02:47.585 [info] Getting sessions for all scopes...
2026-04-18 23:02:47.585 [info] Got 3 sessions for ...
2026-04-18 23:02:47.587 [info] Getting sessions for read:user,repo,user:email,workflow...
2026-04-18 23:02:47.587 [info] Got 1 sessions for read:user,repo,user:email,workflow...
2026-04-18 23:03:41.794 [info] Getting sessions for all scopes...
2026-04-18 23:03:41.794 [info] Got 3 sessions for ...
2026-04-18 23:03:41.795 [info] Getting sessions for all scopes...
2026-04-18 23:03:41.795 [info] Got 3 sessions for ...
2026-04-18 23:03:47.127 [info] Getting sessions for all scopes...
2026-04-18 23:03:47.127 [info] Got 3 sessions for ...
2026-04-18 23:03:47.128 [info] Getting sessions for all scopes...
2026-04-18 23:03:47.128 [info] Got 3 sessions for ...
2026-04-18 23:04:07.533 [info] Getting sessions for all scopes...
2026-04-18 23:04:07.533 [info] Got 3 sessions for ...
2026-04-18 23:04:07.534 [info] Getting sessions for all scopes...
2026-04-18 23:04:07.534 [info] Got 3 sessions for ...
2026-04-18 23:04:09.598 [info] Getting sessions for all scopes...
2026-04-18 23:04:09.599 [info] Got 3 sessions for ...
2026-04-18 23:04:09.600 [info] Getting sessions for all scopes...
2026-04-18 23:04:09.600 [info] Got 3 sessions for ...
2026-04-18 23:04:10.681 [info] Getting sessions for all scopes...
2026-04-18 23:04:10.681 [info] Got 3 sessions for ...
2026-04-18 23:04:10.682 [info] Getting sessions for all scopes...
2026-04-18 23:04:10.682 [info] Got 3 sessions for ...
2026-04-18 23:06:31.978 [info] Getting sessions for all scopes...
2026-04-18 23:06:31.978 [info] Got 3 sessions for ...
2026-04-18 23:06:32.166 [info] Getting sessions for all scopes...
2026-04-18 23:06:32.166 [info] Got 3 sessions for ...
2026-04-18 23:07:42.449 [info] Getting sessions for all scopes...
2026-04-18 23:07:42.449 [info] Got 3 sessions for ...
2026-04-18 23:07:42.450 [info] Getting sessions for all scopes...
2026-04-18 23:07:42.450 [info] Got 3 sessions for ...
2026-04-18 23:07:47.495 [info] Getting sessions for all scopes...
2026-04-18 23:07:47.495 [info] Got 3 sessions for ...
2026-04-18 23:07:47.496 [info] Getting sessions for read:user,repo,user:email,workflow...
2026-04-18 23:07:47.496 [info] Got 1 sessions for read:user,repo,user:email,workflow...
2026-04-18 23:07:55.088 [info] Getting sessions for all scopes...
2026-04-18 23:07:55.088 [info] Got 3 sessions for ...
2026-04-18 23:07:55.089 [info] Getting sessions for all scopes...
2026-04-18 23:07:55.089 [info] Got 3 sessions for ...
2026-04-18 23:08:11.506 [info] Getting sessions for all scopes...
2026-04-18 23:08:11.506 [info] Got 3 sessions for ...
2026-04-18 23:08:11.510 [info] Getting sessions for all scopes...
2026-04-18 23:08:11.510 [info] Got 3 sessions for ...
2026-04-18 23:08:29.662 [info] Getting sessions for all scopes...
2026-04-18 23:08:29.662 [info] Got 3 sessions for ...
2026-04-18 23:08:29.664 [info] Getting sessions for all scopes...
2026-04-18 23:08:29.664 [info] Got 3 sessions for ...
2026-04-18 23:08:43.099 [info] Getting sessions for all scopes...
2026-04-18 23:08:43.099 [info] Got 3 sessions for ...
2026-04-18 23:08:43.100 [info] Getting sessions for all scopes...
2026-04-18 23:08:43.100 [info] Got 3 sessions for ...
2026-04-18 23:09:26.212 [info] Getting sessions for all scopes...
2026-04-18 23:09:26.213 [info] Got 3 sessions for ...
2026-04-18 23:09:26.214 [info] Getting sessions for all scopes...
2026-04-18 23:09:26.214 [info] Got 3 sessions for ...
2026-04-18 23:10:55.781 [info] Getting sessions for all scopes...
2026-04-18 23:10:55.781 [info] Got 3 sessions for ...
2026-04-18 23:10:55.824 [info] Getting sessions for all scopes...
2026-04-18 23:10:55.824 [info] Got 3 sessions for ...
2026-04-18 23:12:33.139 [info] Getting sessions for all scopes...
2026-04-18 23:12:33.139 [info] Got 3 sessions for ...
2026-04-18 23:12:33.141 [info] Getting sessions for all scopes...
2026-04-18 23:12:33.142 [info] Got 3 sessions for ...
2026-04-18 23:12:47.579 [info] Getting sessions for all scopes...
2026-04-18 23:12:47.579 [info] Got 3 sessions for ...
2026-04-18 23:12:47.581 [info] Getting sessions for read:user,repo,user:email,workflow...
2026-04-18 23:12:47.581 [info] Got 1 sessions for read:user,repo,user:email,workflow...
2026-04-18 23:17:48.885 [info] Getting sessions for all scopes...
2026-04-18 23:17:48.886 [info] Got 3 sessions for ...
2026-04-18 23:17:48.887 [info] Getting sessions for all scopes...
2026-04-18 23:17:48.887 [info] Got 3 sessions for ...
2026-04-18 23:17:49.715 [info] Getting sessions for all scopes...
2026-04-18 23:17:49.715 [info] Got 3 sessions for ...
2026-04-18 23:17:49.716 [info] Getting sessions for all scopes...
2026-04-18 23:17:49.716 [info] Got 3 sessions for ...
2026-04-18 23:18:59.807 [info] Getting sessions for all scopes...
2026-04-18 23:18:59.807 [info] Got 3 sessions for ...
2026-04-18 23:18:59.809 [info] Getting sessions for all scopes...
2026-04-18 23:18:59.809 [info] Got 3 sessions for ...
2026-04-18 23:42:28.970 [info] Getting sessions for all scopes...
2026-04-18 23:42:28.970 [info] Got 3 sessions for ...
2026-04-18 23:42:28.971 [info] Getting sessions for all scopes...
2026-04-18 23:42:28.971 [info] Got 3 sessions for ...
2026-04-18 23:42:29.216 [info] Getting sessions for all scopes...
2026-04-18 23:42:29.216 [info] Got 3 sessions for ...
2026-04-18 23:42:29.217 [info] Getting sessions for all scopes...
2026-04-18 23:42:29.217 [info] Got 3 sessions for ...
2026-04-18 23:42:29.480 [info] Getting sessions for all scopes...
2026-04-18 23:42:29.480 [info] Got 3 sessions for ...
2026-04-18 23:42:29.481 [info] Getting sessions for all scopes...
2026-04-18 23:42:29.481 [info] Got 3 sessions for ...
2026-04-18 23:42:30.030 [info] Getting sessions for all scopes...
2026-04-18 23:42:30.030 [info] Got 3 sessions for ...
2026-04-18 23:42:30.031 [info] Getting sessions for all scopes...
2026-04-18 23:42:30.031 [info] Got 3 sessions for ...
2026-04-18 23:42:32.119 [info] Getting sessions for all scopes...
2026-04-18 23:42:32.119 [info] Got 3 sessions for ...
2026-04-18 23:42:32.126 [info] Getting sessions for read:user,repo,user:email,workflow...
2026-04-18 23:42:32.126 [info] Got 1 sessions for read:user,repo,user:email,workflow...
2026-04-18 23:43:56.834 [info] Getting sessions for all scopes...
2026-04-18 23:43:56.834 [info] Got 3 sessions for ...
2026-04-18 23:43:56.838 [info] Getting sessions for all scopes...
2026-04-18 23:43:56.839 [info] Got 3 sessions for ...
2026-04-19 11:54:42.950 [info] Getting sessions for all scopes...
2026-04-19 11:54:42.950 [info] Got 3 sessions for ...
2026-04-19 11:54:42.952 [info] Getting sessions for all scopes...
2026-04-19 11:54:42.952 [info] Got 3 sessions for ...
2026-04-19 11:54:50.360 [info] Getting sessions for all scopes...
2026-04-19 11:54:50.360 [info] Got 3 sessions for ...
2026-04-19 11:54:50.361 [info] Getting sessions for all scopes...
2026-04-19 11:54:50.361 [info] Got 3 sessions for ...
2026-04-19 11:55:00.381 [info] Getting sessions for all scopes...
2026-04-19 11:55:00.381 [info] Got 3 sessions for ...
2026-04-19 11:55:00.381 [info] Getting sessions for all scopes...
2026-04-19 11:55:00.381 [info] Got 3 sessions for ...
2026-04-19 11:55:00.384 [info] Getting sessions for read:user,repo,user:email,workflow...
2026-04-19 11:55:00.384 [info] Got 1 sessions for read:user,repo,user:email,workflow...
2026-04-19 11:55:01.735 [info] Getting sessions for all scopes...
2026-04-19 11:55:01.735 [info] Got 3 sessions for ...
2026-04-19 11:55:01.736 [info] Getting sessions for all scopes...
2026-04-19 11:55:01.736 [info] Got 3 sessions for ...
2026-04-19 11:55:01.739 [info] Getting sessions for read:user,repo,user:email,workflow...
2026-04-19 11:55:01.739 [info] Got 1 sessions for read:user,repo,user:email,workflow...
2026-04-19 11:55:01.760 [info] Getting sessions for all scopes...
2026-04-19 11:55:01.760 [info] Got 3 sessions for ...
2026-04-19 11:55:01.762 [info] Getting sessions for read:user,repo,user:email,workflow...
2026-04-19 11:55:01.762 [info] Got 1 sessions for read:user,repo,user:email,workflow...
2026-04-19 11:55:02.256 [info] Getting sessions for all scopes...
2026-04-19 11:55:02.256 [info] Got 3 sessions for ...
2026-04-19 11:55:02.258 [info] Getting sessions for read:user,repo,user:email,workflow...
2026-04-19 11:55:02.258 [info] Got 1 sessions for read:user,repo,user:email,workflow...
2026-04-19 11:55:02.286 [info] Getting sessions for all scopes...
2026-04-19 11:55:02.286 [info] Got 3 sessions for ...
2026-04-19 11:55:02.287 [info] Getting sessions for all scopes...
2026-04-19 11:55:02.287 [info] Got 3 sessions for ...
2026-04-19 11:55:04.495 [info] Getting sessions for all scopes...
2026-04-19 11:55:04.496 [info] Got 3 sessions for ...
2026-04-19 11:55:04.497 [info] Getting sessions for all scopes...
2026-04-19 11:55:04.497 [info] Got 3 sessions for ...
2026-04-19 11:55:15.678 [info] Getting sessions for all scopes...
2026-04-19 11:55:15.678 [info] Got 3 sessions for ...
2026-04-19 11:55:15.679 [info] Getting sessions for all scopes...
2026-04-19 11:55:15.680 [info] Got 3 sessions for ...
2026-04-19 11:55:16.209 [info] Getting sessions for all scopes...
2026-04-19 11:55:16.209 [info] Got 3 sessions for ...
2026-04-19 11:55:16.210 [info] Getting sessions for all scopes...
2026-04-19 11:55:16.210 [info] Got 3 sessions for ...
2026-04-19 11:55:16.454 [info] Getting sessions for all scopes...
2026-04-19 11:55:16.454 [info] Got 3 sessions for ...
2026-04-19 11:55:16.455 [info] Getting sessions for all scopes...
2026-04-19 11:55:16.455 [info] Got 3 sessions for ...
2026-04-19 11:55:16.739 [info] Getting sessions for all scopes...
2026-04-19 11:55:16.739 [info] Got 3 sessions for ...
2026-04-19 11:55:16.740 [info] Getting sessions for all scopes...
2026-04-19 11:55:16.741 [info] Got 3 sessions for ...
2026-04-19 11:55:16.966 [info] Getting sessions for all scopes...
2026-04-19 11:55:16.966 [info] Got 3 sessions for ...
2026-04-19 11:55:16.967 [info] Getting sessions for all scopes...
2026-04-19 11:55:16.967 [info] Got 3 sessions for ...
2026-04-19 11:55:17.519 [info] Getting sessions for all scopes...
2026-04-19 11:55:17.519 [info] Got 3 sessions for ...
2026-04-19 11:55:17.520 [info] Getting sessions for all scopes...
2026-04-19 11:55:17.521 [info] Got 3 sessions for ...
2026-04-19 11:55:29.706 [info] Getting sessions for all scopes...
2026-04-19 11:55:29.706 [info] Got 3 sessions for ...
2026-04-19 11:55:29.707 [info] Getting sessions for all scopes...
2026-04-19 11:55:29.707 [info] Got 3 sessions for ...
2026-04-19 11:55:30.555 [info] Getting sessions for all scopes...
2026-04-19 11:55:30.555 [info] Got 3 sessions for ...
2026-04-19 11:55:30.556 [info] Getting sessions for all scopes...
2026-04-19 11:55:30.556 [info] Got 3 sessions for ...
2026-04-19 11:55:53.677 [info] Getting sessions for all scopes...
2026-04-19 11:55:53.677 [info] Got 3 sessions for ...
2026-04-19 11:55:53.678 [info] Getting sessions for all scopes...
2026-04-19 11:55:53.678 [info] Got 3 sessions for ...
2026-04-19 11:58:06.952 [info] Getting sessions for all scopes...
2026-04-19 11:58:06.952 [info] Got 3 sessions for ...
2026-04-19 11:58:06.953 [info] Getting sessions for all scopes...
2026-04-19 11:58:06.953 [info] Got 3 sessions for ...
2026-04-19 11:58:35.677 [info] Getting sessions for all scopes...
2026-04-19 11:58:35.677 [info] Got 3 sessions for ...
2026-04-19 11:58:35.677 [info] Getting sessions for all scopes...
2026-04-19 11:58:35.677 [info] Got 3 sessions for ...
2026-04-19 11:58:40.644 [info] Reading sessions from keychain...
2026-04-19 11:58:40.644 [info] Getting sessions for all scopes...
2026-04-19 11:58:41.476 [info] Got stored sessions!
2026-04-19 11:58:41.476 [info] Got 3 verified sessions.
2026-04-19 11:58:41.476 [info] Got 3 sessions for ...
2026-04-19 11:58:41.476 [info] Getting sessions for all scopes...
2026-04-19 11:58:41.476 [info] Got 3 sessions for ...
2026-04-19 11:58:41.538 [info] Getting sessions for all scopes...
2026-04-19 11:58:41.538 [info] Got 3 sessions for ...
2026-04-19 11:58:41.547 [info] Getting sessions for user:email...
2026-04-19 11:58:41.547 [info] Got 1 sessions for user:email...
2026-04-19 11:58:41.604 [info] Getting sessions for all scopes...
2026-04-19 11:58:41.604 [info] Got 3 sessions for ...
2026-04-19 11:58:42.022 [info] Getting sessions for all scopes...
2026-04-19 11:58:42.022 [info] Got 3 sessions for ...
2026-04-19 11:58:42.553 [info] Getting sessions for read:user,repo,user:email,workflow...
2026-04-19 11:58:42.554 [info] Got 1 sessions for read:user,repo,user:email,workflow...
2026-04-19 11:58:45.261 [info] Getting sessions for all scopes...
2026-04-19 11:58:45.261 [info] Got 3 sessions for ...
2026-04-19 11:58:45.261 [info] Getting sessions for all scopes...
2026-04-19 11:58:45.261 [info] Got 3 sessions for ...
2026-04-19 11:58:45.504 [info] Getting sessions for all scopes...
2026-04-19 11:58:45.504 [info] Got 3 sessions for ...
2026-04-19 11:58:46.109 [info] Getting sessions for read:user,repo,user:email,workflow...
2026-04-19 11:58:46.109 [info] Got 1 sessions for read:user,repo,user:email,workflow...
2026-04-19 11:58:46.849 [info] FetcherService: Node fetch failed with status: 429 Too Many Requests
2026-04-19 11:58:46.852 [info] Unable to resolve optional EDU details. Status: 429 Too Many Requests
2026-04-19 11:58:46.918 [info] Getting sessions for user:email...
2026-04-19 11:58:46.918 [info] Got 1 sessions for user:email...
2026-04-19 11:58:47.492 [info] Getting sessions for all scopes...
2026-04-19 11:58:47.492 [info] Got 3 sessions for ...
2026-04-19 11:58:47.492 [info] Getting sessions for all scopes...
2026-04-19 11:58:47.492 [info] Got 3 sessions for ...
2026-04-19 11:58:47.543 [info] Getting sessions for read:user,repo,user:email,workflow...
2026-04-19 11:58:47.543 [info] Got 1 sessions for read:user,repo,user:email,workflow...
2026-04-19 11:58:47.738 [info] Getting sessions for all scopes...
2026-04-19 11:58:47.738 [info] Got 3 sessions for ...
2026-04-19 11:58:47.739 [info] Getting sessions for all scopes...
2026-04-19 11:58:47.739 [info] Got 3 sessions for ...
2026-04-19 11:58:47.739 [info] Getting sessions for all scopes...
2026-04-19 11:58:47.739 [info] Got 3 sessions for ...
2026-04-19 11:58:47.744 [info] Getting sessions for all scopes...
2026-04-19 11:58:47.744 [info] Got 3 sessions for ...
2026-04-19 11:58:47.755 [info] Getting sessions for read:user,repo,user:email,workflow...
2026-04-19 11:58:47.755 [info] Got 1 sessions for read:user,repo,user:email,workflow...
2026-04-19 11:58:47.781 [info] Getting sessions for all scopes...
2026-04-19 11:58:47.781 [info] Got 3 sessions for ...
2026-04-19 11:58:47.782 [info] Getting sessions for read:user,repo,user:email,workflow...
2026-04-19 11:58:47.782 [info] Got 1 sessions for read:user,repo,user:email,workflow...
2026-04-19 11:58:48.146 [info] Getting sessions for all scopes...
2026-04-19 11:58:48.146 [info] Got 3 sessions for ...
2026-04-19 11:58:48.151 [info] Getting sessions for read:user,repo,user:email,workflow...
2026-04-19 11:58:48.151 [info] Got 1 sessions for read:user,repo,user:email,workflow...
2026-04-19 11:58:48.151 [info] Getting sessions for all scopes...
2026-04-19 11:58:48.151 [info] Got 3 sessions for ...
2026-04-19 11:58:48.154 [info] Getting sessions for read:user,repo,user:email,workflow...
2026-04-19 11:58:48.154 [info] Got 1 sessions for read:user,repo,user:email,workflow...
2026-04-19 11:58:48.184 [info] Getting sessions for all scopes...
2026-04-19 11:58:48.184 [info] Got 3 sessions for ...
2026-04-19 11:58:48.185 [info] Getting sessions for read:user,repo,user:email,workflow...
2026-04-19 11:58:48.185 [info] Got 1 sessions for read:user,repo,user:email,workflow...
2026-04-19 11:58:48.203 [info] Getting sessions for all scopes...
2026-04-19 11:58:48.203 [info] Got 3 sessions for ...
2026-04-19 11:58:48.205 [info] Getting sessions for read:user,repo,user:email,workflow...
2026-04-19 11:58:48.205 [info] Got 1 sessions for read:user,repo,user:email,workflow...
2026-04-19 11:58:48.218 [info] Getting sessions for all scopes...
2026-04-19 11:58:48.218 [info] Got 3 sessions for ...
2026-04-19 11:58:48.220 [info] Getting sessions for read:user,repo,user:email,workflow...
2026-04-19 11:58:48.220 [info] Got 1 sessions for read:user,repo,user:email,workflow...
2026-04-19 12:01:14.530 [info] Getting sessions for all scopes...
2026-04-19 12:01:14.530 [info] Got 3 sessions for ...
2026-04-19 12:01:14.531 [info] Getting sessions for all scopes...
2026-04-19 12:01:14.531 [info] Got 3 sessions for ...
2026-04-19 12:04:35.531 [info] Getting sessions for all scopes...
2026-04-19 12:04:35.531 [info] Got 3 sessions for ...
2026-04-19 12:04:35.532 [info] Getting sessions for all scopes...
2026-04-19 12:04:35.532 [info] Got 3 sessions for ...
2026-04-19 12:04:35.553 [info] Getting sessions for all scopes...
2026-04-19 12:04:35.553 [info] Got 3 sessions for ...
2026-04-19 12:04:35.555 [info] Getting sessions for read:user,repo,user:email,workflow...
2026-04-19 12:04:35.555 [info] Got 1 sessions for read:user,repo,user:email,workflow...
2026-04-19 12:04:46.251 [info] Getting sessions for all scopes...
2026-04-19 12:04:46.251 [info] Got 3 sessions for ...
2026-04-19 12:04:46.252 [info] Getting sessions for all scopes...
2026-04-19 12:04:46.252 [info] Got 3 sessions for ...
2026-04-19 12:04:48.333 [info] Getting sessions for all scopes...
2026-04-19 12:04:48.333 [info] Got 3 sessions for ...
2026-04-19 12:04:48.334 [info] Getting sessions for all scopes...
2026-04-19 12:04:48.334 [info] Got 3 sessions for ...
2026-04-19 12:05:22.133 [info] Getting sessions for all scopes...
2026-04-19 12:05:22.133 [info] Got 3 sessions for ...
2026-04-19 12:05:22.134 [info] Getting sessions for all scopes...
2026-04-19 12:05:22.134 [info] Got 3 sessions for ...
2026-04-19 12:08:53.910 [info] Getting sessions for all scopes...
2026-04-19 12:08:53.910 [info] Got 3 sessions for ...
2026-04-19 12:08:53.910 [info] Getting sessions for all scopes...
2026-04-19 12:08:53.910 [info] Got 3 sessions for ...
2026-04-19 12:09:11.677 [info] Getting sessions for all scopes...
2026-04-19 12:09:11.677 [info] Got 3 sessions for ...
2026-04-19 12:09:11.678 [info] Getting sessions for all scopes...
2026-04-19 12:09:11.678 [info] Got 3 sessions for ...
2026-04-19 12:09:13.208 [info] Getting sessions for all scopes...
2026-04-19 12:09:13.208 [info] Got 3 sessions for ...
2026-04-19 12:09:13.209 [info] Getting sessions for all scopes...
2026-04-19 12:09:13.209 [info] Got 3 sessions for ...
2026-04-19 12:09:38.073 [info] Getting sessions for all scopes...
2026-04-19 12:09:38.073 [info] Got 3 sessions for ...
2026-04-19 12:09:38.074 [info] Getting sessions for all scopes...
2026-04-19 12:09:38.074 [info] Got 3 sessions for ...
2026-04-19 12:20:40.882 [info] Getting sessions for all scopes...
2026-04-19 12:20:40.882 [info] Got 3 sessions for ...
2026-04-19 12:20:40.882 [info] Getting sessions for all scopes...
2026-04-19 12:20:40.882 [info] Got 3 sessions for ...
2026-04-19 12:26:04.021 [info] Getting sessions for all scopes...
2026-04-19 12:26:04.021 [info] Got 3 sessions for ...
2026-04-19 12:26:04.022 [info] Getting sessions for all scopes...
2026-04-19 12:26:04.022 [info] Got 3 sessions for ...
2026-04-19 12:27:42.684 [info] Getting sessions for all scopes...
2026-04-19 12:27:42.684 [info] Got 3 sessions for ...
2026-04-19 12:27:42.686 [info] Getting sessions for all scopes...
2026-04-19 12:27:42.686 [info] Got 3 sessions for ...
2026-04-19 12:27:44.469 [info] Getting sessions for all scopes...
2026-04-19 12:27:44.469 [info] Got 3 sessions for ...
2026-04-19 12:27:44.470 [info] Getting sessions for all scopes...
2026-04-19 12:27:44.470 [info] Got 3 sessions for ...
2026-04-19 12:27:44.859 [info] Getting sessions for all scopes...
2026-04-19 12:27:44.859 [info] Got 3 sessions for ...
2026-04-19 12:27:44.861 [info] Getting sessions for read:user,repo,user:email,workflow...
2026-04-19 12:27:44.862 [info] Got 1 sessions for read:user,repo,user:email,workflow...
2026-04-19 12:27:46.059 [info] Getting sessions for all scopes...
2026-04-19 12:27:46.059 [info] Got 3 sessions for ...
2026-04-19 12:27:46.060 [info] Getting sessions for all scopes...
2026-04-19 12:27:46.060 [info] Got 3 sessions for ...
2026-04-19 12:27:49.017 [info] Getting sessions for all scopes...
2026-04-19 12:27:49.017 [info] Got 3 sessions for ...
2026-04-19 12:27:49.018 [info] Getting sessions for all scopes...
2026-04-19 12:27:49.018 [info] Got 3 sessions for ...
2026-04-19 12:28:07.987 [info] Getting sessions for all scopes...
2026-04-19 12:28:07.987 [info] Got 3 sessions for ...
2026-04-19 12:28:07.988 [info] Getting sessions for all scopes...
2026-04-19 12:28:07.988 [info] Got 3 sessions for ...
2026-04-19 12:32:26.178 [info] Getting sessions for all scopes...
2026-04-19 12:32:26.178 [info] Got 3 sessions for ...
2026-04-19 12:32:26.179 [info] Getting sessions for all scopes...
2026-04-19 12:32:26.179 [info] Got 3 sessions for ...
2026-04-19 12:34:17.325 [info] Getting sessions for all scopes...
2026-04-19 12:34:17.326 [info] Got 3 sessions for ...
2026-04-19 12:34:17.326 [info] Getting sessions for all scopes...
2026-04-19 12:34:17.326 [info] Got 3 sessions for ...
2026-04-19 12:35:00.038 [info] Getting sessions for all scopes...
2026-04-19 12:35:00.038 [info] Got 3 sessions for ...
2026-04-19 12:35:00.039 [info] Getting sessions for all scopes...
2026-04-19 12:35:00.039 [info] Got 3 sessions for ...
2026-04-19 12:35:01.168 [info] Getting sessions for all scopes...
2026-04-19 12:35:01.168 [info] Got 3 sessions for ...
2026-04-19 12:35:01.171 [info] Getting sessions for all scopes...
2026-04-19 12:35:01.171 [info] Got 3 sessions for ...
2026-04-19 12:35:24.183 [info] Getting sessions for all scopes...
2026-04-19 12:35:24.183 [info] Got 3 sessions for ...
2026-04-19 12:35:24.184 [info] Getting sessions for all scopes...
2026-04-19 12:35:24.184 [info] Got 3 sessions for ...
2026-04-19 12:35:30.159 [info] Getting sessions for all scopes...
2026-04-19 12:35:30.159 [info] Got 3 sessions for ...
2026-04-19 12:35:30.160 [info] Getting sessions for all scopes...
2026-04-19 12:35:30.160 [info] Got 3 sessions for ...
2026-04-19 12:35:36.211 [info] Getting sessions for all scopes...
2026-04-19 12:35:36.211 [info] Got 3 sessions for ...
2026-04-19 12:35:36.211 [info] Getting sessions for all scopes...
2026-04-19 12:35:36.212 [info] Got 3 sessions for ...
2026-04-19 12:36:09.833 [info] Getting sessions for all scopes...
2026-04-19 12:36:09.833 [info] Got 3 sessions for ...
2026-04-19 12:36:09.833 [info] Getting sessions for all scopes...
2026-04-19 12:36:09.833 [info] Got 3 sessions for ...
2026-04-19 12:36:14.433 [info] Getting sessions for all scopes...
2026-04-19 12:36:14.433 [info] Got 3 sessions for ...
2026-04-19 12:36:14.434 [info] Getting sessions for all scopes...
2026-04-19 12:36:14.434 [info] Got 3 sessions for ...
2026-04-19 12:36:14.681 [info] Getting sessions for all scopes...
2026-04-19 12:36:14.681 [info] Got 3 sessions for ...
2026-04-19 12:36:14.682 [info] Getting sessions for all scopes...
2026-04-19 12:36:14.682 [info] Got 3 sessions for ...
2026-04-19 12:36:21.161 [info] Getting sessions for all scopes...
2026-04-19 12:36:21.161 [info] Got 3 sessions for ...
2026-04-19 12:36:21.163 [info] Getting sessions for all scopes...
2026-04-19 12:36:21.163 [info] Got 3 sessions for ...
2026-04-19 12:40:02.044 [info] Getting sessions for all scopes...
2026-04-19 12:40:02.044 [info] Got 3 sessions for ...
2026-04-19 12:40:02.045 [info] Getting sessions for read:user,repo,user:email,workflow...
2026-04-19 12:40:02.045 [info] Got 1 sessions for read:user,repo,user:email,workflow...
2026-04-19 12:40:51.494 [info] Getting sessions for all scopes...
2026-04-19 12:40:51.494 [info] Got 3 sessions for ...
2026-04-19 12:40:51.495 [info] Getting sessions for read:user,repo,user:email,workflow...
2026-04-19 12:40:51.495 [info] Got 1 sessions for read:user,repo,user:email,workflow...
2026-04-19 12:41:45.889 [info] Getting sessions for all scopes...
2026-04-19 12:41:45.889 [info] Got 3 sessions for ...
2026-04-19 12:41:45.890 [info] Getting sessions for all scopes...
2026-04-19 12:41:45.890 [info] Got 3 sessions for ...
2026-04-19 12:41:48.052 [info] Getting sessions for all scopes...
2026-04-19 12:41:48.052 [info] Got 3 sessions for ...
2026-04-19 12:41:48.053 [info] Getting sessions for all scopes...
2026-04-19 12:41:48.053 [info] Got 3 sessions for ...
2026-04-19 12:42:03.661 [info] Getting sessions for all scopes...
2026-04-19 12:42:03.661 [info] Got 3 sessions for ...
2026-04-19 12:42:03.663 [info] Getting sessions for all scopes...
2026-04-19 12:42:03.663 [info] Got 3 sessions for ...
2026-04-19 12:42:07.965 [info] Getting sessions for all scopes...
2026-04-19 12:42:07.965 [info] Got 3 sessions for ...
2026-04-19 12:42:07.975 [info] Getting sessions for read:user,repo,user:email,workflow...
2026-04-19 12:42:07.975 [info] Got 1 sessions for read:user,repo,user:email,workflow...
2026-04-19 12:42:31.547 [info] Getting sessions for all scopes...
2026-04-19 12:42:31.547 [info] Got 3 sessions for ...
2026-04-19 12:42:31.548 [info] Getting sessions for all scopes...
2026-04-19 12:42:31.548 [info] Got 3 sessions for ...
2026-04-19 12:44:06.778 [info] Getting sessions for all scopes...
2026-04-19 12:44:06.778 [info] Got 3 sessions for ...
2026-04-19 12:44:06.779 [info] Getting sessions for all scopes...
2026-04-19 12:44:06.779 [info] Got 3 sessions for ...
2026-04-19 12:45:22.924 [info] Getting sessions for all scopes...
2026-04-19 12:45:22.924 [info] Got 3 sessions for ...
2026-04-19 12:45:22.926 [info] Getting sessions for all scopes...
2026-04-19 12:45:22.926 [info] Got 3 sessions for ...
2026-04-19 12:46:49.490 [info] Reading sessions from keychain...
2026-04-19 12:46:49.490 [info] Got stored sessions!
2026-04-19 12:46:49.490 [info] Got 3 verified sessions.
2026-04-19 12:46:49.490 [info] Getting sessions for all scopes...
2026-04-19 12:46:49.490 [info] Got 3 sessions for ...
2026-04-19 12:46:49.490 [info] Getting sessions for all scopes...
2026-04-19 12:46:49.490 [info] Got 3 sessions for ...
2026-04-19 12:46:49.490 [info] Getting sessions for all scopes...
2026-04-19 12:46:49.490 [info] Got 3 sessions for ...
2026-04-19 12:46:49.490 [info] Getting sessions for user:email...
2026-04-19 12:46:49.490 [info] Got 1 sessions for user:email...
2026-04-19 12:46:49.490 [info] Getting sessions for all scopes...
2026-04-19 12:46:49.490 [info] Got 3 sessions for ...
2026-04-19 12:46:49.490 [info] Getting sessions for all scopes...
2026-04-19 12:46:49.490 [info] Got 3 sessions for ...
2026-04-19 12:46:49.490 [info] Getting sessions for all scopes...
2026-04-19 12:46:49.490 [info] Got 3 sessions for ...
2026-04-19 12:46:49.490 [info] Getting sessions for all scopes...
2026-04-19 12:46:49.490 [info] Got 3 sessions for ...
2026-04-19 12:46:49.551 [info] Getting sessions for read:user,repo,user:email,workflow...
2026-04-19 12:46:49.551 [info] Got 1 sessions for read:user,repo,user:email,workflow...
2026-04-19 12:46:49.931 [info] Getting sessions for user:email...
2026-04-19 12:46:49.931 [info] Got 1 sessions for user:email...
2026-04-19 12:46:49.940 [info] Getting sessions for all scopes...
2026-04-19 12:46:49.940 [info] Got 3 sessions for ...
2026-04-19 12:46:50.817 [info] Getting sessions for read:user,repo,user:email,workflow...
2026-04-19 12:46:50.817 [info] Got 1 sessions for read:user,repo,user:email,workflow...
2026-04-19 12:46:51.111 [info] Getting sessions for all scopes...
2026-04-19 12:46:51.111 [info] Got 3 sessions for ...
2026-04-19 12:46:51.111 [info] Getting sessions for all scopes...
2026-04-19 12:46:51.111 [info] Got 3 sessions for ...
2026-04-19 12:46:51.700 [info] Getting sessions for read:user,repo,user:email,workflow...
2026-04-19 12:46:51.700 [info] Got 1 sessions for read:user,repo,user:email,workflow...
2026-04-19 12:46:52.257 [info] Getting sessions for read:user,repo,user:email,workflow...
2026-04-19 12:46:52.257 [info] Got 1 sessions for read:user,repo,user:email,workflow...
2026-04-19 12:46:52.447 [info] FetcherService: Node fetch failed with status: 429 Too Many Requests
2026-04-19 12:46:52.448 [info] Unable to resolve optional EDU details. Status: 429 Too Many Requests
2026-04-19 12:46:52.452 [info] Getting sessions for all scopes...
2026-04-19 12:46:52.452 [info] Got 3 sessions for ...
2026-04-19 12:46:52.517 [info] Getting sessions for read:user,repo,user:email,workflow...
2026-04-19 12:46:52.517 [info] Got 1 sessions for read:user,repo,user:email,workflow...
2026-04-19 12:46:52.821 [info] Getting sessions for all scopes...
2026-04-19 12:46:52.821 [info] Got 3 sessions for ...
2026-04-19 12:46:52.821 [info] Getting sessions for all scopes...
2026-04-19 12:46:52.821 [info] Got 3 sessions for ...
2026-04-19 12:46:52.843 [info] Getting sessions for read:user,repo,user:email,workflow...
2026-04-19 12:46:52.843 [info] Got 1 sessions for read:user,repo,user:email,workflow...
2026-04-19 12:46:52.970 [info] Getting sessions for all scopes...
2026-04-19 12:46:52.970 [info] Got 3 sessions for ...
2026-04-19 12:46:52.971 [info] Getting sessions for all scopes...
2026-04-19 12:46:52.971 [info] Got 3 sessions for ...
2026-04-19 12:46:53.029 [info] Getting sessions for read:user,repo,user:email,workflow...
2026-04-19 12:46:53.029 [info] Got 1 sessions for read:user,repo,user:email,workflow...
2026-04-19 12:46:53.089 [info] Getting sessions for all scopes...
2026-04-19 12:46:53.089 [info] Got 3 sessions for ...
2026-04-19 12:46:53.120 [info] Getting sessions for read:user,repo,user:email,workflow...
2026-04-19 12:46:53.120 [info] Got 1 sessions for read:user,repo,user:email,workflow...
2026-04-19 12:46:53.429 [info] Getting sessions for all scopes...
2026-04-19 12:46:53.429 [info] Got 3 sessions for ...
2026-04-19 12:46:53.433 [info] Getting sessions for read:user,repo,user:email,workflow...
2026-04-19 12:46:53.433 [info] Got 1 sessions for read:user,repo,user:email,workflow...
2026-04-19 12:46:53.433 [info] Getting sessions for all scopes...
2026-04-19 12:46:53.433 [info] Got 3 sessions for ...
2026-04-19 12:46:53.436 [info] Getting sessions for read:user,repo,user:email,workflow...
2026-04-19 12:46:53.436 [info] Got 1 sessions for read:user,repo,user:email,workflow...
2026-04-19 12:46:53.461 [info] Getting sessions for all scopes...
2026-04-19 12:46:53.461 [info] Got 3 sessions for ...
2026-04-19 12:46:53.464 [info] Getting sessions for read:user,repo,user:email,workflow...
2026-04-19 12:46:53.464 [info] Got 1 sessions for read:user,repo,user:email,workflow...
2026-04-19 12:46:53.503 [info] Getting sessions for all scopes...
2026-04-19 12:46:53.503 [info] Got 3 sessions for ...
2026-04-19 12:46:53.507 [info] Getting sessions for read:user,repo,user:email,workflow...
2026-04-19 12:46:53.507 [info] Got 1 sessions for read:user,repo,user:email,workflow...
2026-04-19 12:46:53.519 [info] Getting sessions for all scopes...
2026-04-19 12:46:53.519 [info] Got 3 sessions for ...
2026-04-19 12:46:53.519 [info] Getting sessions for read:user,repo,user:email,workflow...
2026-04-19 12:46:53.519 [info] Got 1 sessions for read:user,repo,user:email,workflow...
2026-04-19 12:49:19.320 [info] Getting sessions for all scopes...
2026-04-19 12:49:19.321 [info] Got 3 sessions for ...
2026-04-19 12:49:19.321 [info] Getting sessions for all scopes...
2026-04-19 12:49:19.322 [info] Got 3 sessions for ...
2026-04-19 12:49:40.319 [info] Getting sessions for all scopes...
2026-04-19 12:49:40.319 [info] Got 3 sessions for ...
2026-04-19 12:49:40.320 [info] Getting sessions for all scopes...
2026-04-19 12:49:40.320 [info] Got 3 sessions for ...
2026-04-19 12:49:55.038 [info] Getting sessions for all scopes...
2026-04-19 12:49:55.038 [info] Got 3 sessions for ...
2026-04-19 12:49:55.039 [info] Getting sessions for all scopes...
2026-04-19 12:49:55.039 [info] Got 3 sessions for ...
2026-04-19 12:50:02.539 [info] Getting sessions for all scopes...
2026-04-19 12:50:02.539 [info] Got 3 sessions for ...
2026-04-19 12:50:02.540 [info] Getting sessions for all scopes...
2026-04-19 12:50:02.540 [info] Got 3 sessions for ...
2026-04-19 12:51:53.322 [info] Getting sessions for all scopes...
2026-04-19 12:51:53.322 [info] Got 3 sessions for ...
2026-04-19 12:51:53.324 [info] Getting sessions for read:user,repo,user:email,workflow...
2026-04-19 12:51:53.324 [info] Got 1 sessions for read:user,repo,user:email,workflow...
2026-04-19 12:52:22.556 [info] Getting sessions for all scopes...
2026-04-19 12:52:22.556 [info] Got 3 sessions for ...
2026-04-19 12:52:22.557 [info] Getting sessions for read:user,repo,user:email,workflow...
2026-04-19 12:52:22.557 [info] Got 1 sessions for read:user,repo,user:email,workflow...
2026-04-19 12:52:37.557 [info] Getting sessions for all scopes...
2026-04-19 12:52:37.557 [info] Got 3 sessions for ...
2026-04-19 12:52:37.558 [info] Getting sessions for read:user,repo,user:email,workflow...
2026-04-19 12:52:37.558 [info] Got 1 sessions for read:user,repo,user:email,workflow...
2026-04-19 12:54:32.893 [info] Getting sessions for all scopes...
2026-04-19 12:54:32.893 [info] Got 3 sessions for ...
2026-04-19 12:54:32.895 [info] Getting sessions for all scopes...
2026-04-19 12:54:32.895 [info] Got 3 sessions for ...
2026-04-19 12:54:39.718 [info] Getting sessions for all scopes...
2026-04-19 12:54:39.718 [info] Got 3 sessions for ...
2026-04-19 12:54:39.719 [info] Getting sessions for all scopes...
2026-04-19 12:54:39.719 [info] Got 3 sessions for ...
2026-04-19 12:56:54.012 [info] Getting sessions for all scopes...
2026-04-19 12:56:54.012 [info] Got 3 sessions for ...
2026-04-19 12:56:54.015 [info] Getting sessions for read:user,repo,user:email,workflow...
2026-04-19 12:56:54.015 [info] Got 1 sessions for read:user,repo,user:email,workflow...
2026-04-19 12:57:54.623 [info] Getting sessions for all scopes...
2026-04-19 12:57:54.623 [info] Got 3 sessions for ...
2026-04-19 12:57:54.625 [info] Getting sessions for all scopes...
2026-04-19 12:57:54.625 [info] Got 3 sessions for ...
2026-04-19 12:57:58.634 [info] Getting sessions for all scopes...
2026-04-19 12:57:58.634 [info] Got 3 sessions for ...
2026-04-19 12:57:58.635 [info] Getting sessions for all scopes...
2026-04-19 12:57:58.635 [info] Got 3 sessions for ...
2026-04-19 13:06:55.059 [info] Getting sessions for all scopes...
2026-04-19 13:06:55.059 [info] Got 3 sessions for ...
2026-04-19 13:06:55.061 [info] Getting sessions for read:user,repo,user:email,workflow...
2026-04-19 13:06:55.061 [info] Got 1 sessions for read:user,repo,user:email,workflow...
2026-04-19 13:16:50.112 [info] Getting sessions for all scopes...
2026-04-19 13:16:50.113 [info] Got 3 sessions for ...
2026-04-19 13:16:50.113 [info] Getting sessions for all scopes...
2026-04-19 13:16:50.113 [info] Got 3 sessions for ...
2026-04-19 13:16:56.152 [info] Getting sessions for all scopes...
2026-04-19 13:16:56.152 [info] Got 3 sessions for ...
2026-04-19 13:16:56.155 [info] Getting sessions for read:user,repo,user:email,workflow...
2026-04-19 13:16:56.155 [info] Got 1 sessions for read:user,repo,user:email,workflow...
2026-04-19 13:26:57.156 [info] Getting sessions for all scopes...
2026-04-19 13:26:57.156 [info] Got 3 sessions for ...
2026-04-19 13:26:57.157 [info] Getting sessions for read:user,repo,user:email,workflow...
2026-04-19 13:26:57.157 [info] Got 1 sessions for read:user,repo,user:email,workflow...
2026-04-19 13:29:47.635 [info] Getting sessions for all scopes...
2026-04-19 13:29:47.635 [info] Got 3 sessions for ...
2026-04-19 13:29:47.636 [info] Getting sessions for all scopes...
2026-04-19 13:29:47.636 [info] Got 3 sessions for ...
2026-04-19 13:29:49.850 [info] Getting sessions for all scopes...
2026-04-19 13:29:49.850 [info] Got 3 sessions for ...
2026-04-19 13:29:49.851 [info] Getting sessions for all scopes...
2026-04-19 13:29:49.852 [info] Got 3 sessions for ...
2026-04-19 13:29:51.062 [info] Getting sessions for all scopes...
2026-04-19 13:29:51.062 [info] Got 3 sessions for ...
2026-04-19 13:29:51.063 [info] Getting sessions for all scopes...
2026-04-19 13:29:51.063 [info] Got 3 sessions for ...
2026-04-19 13:30:01.744 [info] Getting sessions for all scopes...
2026-04-19 13:30:01.744 [info] Got 3 sessions for ...
2026-04-19 13:30:01.745 [info] Getting sessions for all scopes...
2026-04-19 13:30:01.745 [info] Got 3 sessions for ...
2026-04-19 13:30:14.160 [info] Getting sessions for all scopes...
2026-04-19 13:30:14.160 [info] Got 3 sessions for ...
2026-04-19 13:30:14.161 [info] Getting sessions for all scopes...
2026-04-19 13:30:14.161 [info] Got 3 sessions for ...
2026-04-19 13:30:55.405 [info] Getting sessions for all scopes...
2026-04-19 13:30:55.405 [info] Got 3 sessions for ...
2026-04-19 13:30:55.405 [info] Getting sessions for all scopes...
2026-04-19 13:30:55.405 [info] Got 3 sessions for ...
2026-04-19 13:32:01.025 [info] Getting sessions for all scopes...
2026-04-19 13:32:01.025 [info] Got 3 sessions for ...
2026-04-19 13:32:01.028 [info] Getting sessions for all scopes...
2026-04-19 13:32:01.028 [info] Got 3 sessions for ...
2026-04-19 13:36:58.982 [info] Getting sessions for all scopes...
2026-04-19 13:36:58.982 [info] Got 3 sessions for ...
2026-04-19 13:36:58.982 [info] Getting sessions for read:user,repo,user:email,workflow...
2026-04-19 13:36:58.982 [info] Got 1 sessions for read:user,repo,user:email,workflow...
2026-04-19 13:41:54.004 [info] Getting sessions for all scopes...
2026-04-19 13:41:54.004 [info] Got 3 sessions for ...
2026-04-19 13:41:54.008 [info] Getting sessions for read:user,repo,user:email,workflow...
2026-04-19 13:41:54.008 [info] Got 1 sessions for read:user,repo,user:email,workflow...
2026-04-19 13:41:55.085 [info] Getting sessions for all scopes...
2026-04-19 13:41:55.085 [info] Got 3 sessions for ...
2026-04-19 13:41:55.085 [info] Getting sessions for all scopes...
2026-04-19 13:41:55.085 [info] Got 3 sessions for ...
2026-04-19 13:41:55.086 [info] Getting sessions for read:user,repo,user:email,workflow...
2026-04-19 13:41:55.086 [info] Got 1 sessions for read:user,repo,user:email,workflow...
2026-04-19 13:41:55.092 [info] Getting sessions for all scopes...
2026-04-19 13:41:55.092 [info] Got 3 sessions for ...
2026-04-19 13:41:55.093 [info] Getting sessions for read:user,repo,user:email,workflow...
2026-04-19 13:41:55.093 [info] Got 1 sessions for read:user,repo,user:email,workflow...
2026-04-19 13:41:55.592 [info] Getting sessions for all scopes...
2026-04-19 13:41:55.592 [info] Got 3 sessions for ...
2026-04-19 13:41:55.594 [info] Getting sessions for read:user,repo,user:email,workflow...
2026-04-19 13:41:55.594 [info] Got 1 sessions for read:user,repo,user:email,workflow...
2026-04-19 13:46:46.406 [info] Getting sessions for all scopes...
2026-04-19 13:46:46.406 [info] Got 3 sessions for ...
2026-04-19 13:46:46.407 [info] Getting sessions for all scopes...
2026-04-19 13:46:46.407 [info] Got 3 sessions for ...
2026-04-19 13:47:00.862 [info] Getting sessions for all scopes...
2026-04-19 13:47:00.862 [info] Got 3 sessions for ...
2026-04-19 13:47:00.865 [info] Getting sessions for read:user,repo,user:email,workflow...
2026-04-19 13:47:00.865 [info] Got 1 sessions for read:user,repo,user:email,workflow...
2026-04-19 13:47:15.558 [info] Getting sessions for all scopes...
2026-04-19 13:47:15.558 [info] Got 3 sessions for ...
2026-04-19 13:47:15.560 [info] Getting sessions for read:user,repo,user:email,workflow...
2026-04-19 13:47:15.560 [info] Got 1 sessions for read:user,repo,user:email,workflow...
2026-04-19 13:47:16.721 [info] Getting sessions for all scopes...
2026-04-19 13:47:16.721 [info] Got 3 sessions for ...
2026-04-19 13:47:16.722 [info] Getting sessions for read:user,repo,user:email,workflow...
2026-04-19 13:47:16.722 [info] Got 1 sessions for read:user,repo,user:email,workflow...
2026-04-19 13:53:24.465 [info] Getting sessions for all scopes...
2026-04-19 13:53:24.466 [info] Got 3 sessions for ...
2026-04-19 13:53:24.467 [info] Getting sessions for all scopes...
2026-04-19 13:53:24.467 [info] Got 3 sessions for ...
2026-04-19 13:53:35.291 [info] Getting sessions for all scopes...
2026-04-19 13:53:35.291 [info] Got 3 sessions for ...
2026-04-19 13:53:35.292 [info] Getting sessions for all scopes...
2026-04-19 13:53:35.292 [info] Got 3 sessions for ...
2026-04-19 13:54:02.678 [info] Getting sessions for all scopes...
2026-04-19 13:54:02.679 [info] Got 3 sessions for ...
2026-04-19 13:54:02.680 [info] Getting sessions for all scopes...
2026-04-19 13:54:02.680 [info] Got 3 sessions for ...
2026-04-19 13:54:06.750 [info] Getting sessions for all scopes...
2026-04-19 13:54:06.750 [info] Got 3 sessions for ...
2026-04-19 13:54:06.752 [info] Getting sessions for all scopes...
2026-04-19 13:54:06.752 [info] Got 3 sessions for ...
2026-04-19 13:57:02.062 [info] Getting sessions for all scopes...
2026-04-19 13:57:02.063 [info] Got 3 sessions for ...
2026-04-19 13:57:02.065 [info] Getting sessions for read:user,repo,user:email,workflow...
2026-04-19 13:57:02.065 [info] Got 1 sessions for read:user,repo,user:email,workflow...
2026-04-19 13:57:51.267 [info] Getting sessions for all scopes...
2026-04-19 13:57:51.267 [info] Got 3 sessions for ...
2026-04-19 13:57:51.268 [info] Getting sessions for all scopes...
2026-04-19 13:57:51.268 [info] Got 3 sessions for ...
2026-04-19 13:57:53.388 [info] Getting sessions for all scopes...
2026-04-19 13:57:53.388 [info] Got 3 sessions for ...
2026-04-19 13:57:53.394 [info] Getting sessions for all scopes...
2026-04-19 13:57:53.394 [info] Got 3 sessions for ...
2026-04-19 14:07:03.269 [info] Getting sessions for all scopes...
2026-04-19 14:07:03.269 [info] Got 3 sessions for ...
2026-04-19 14:07:03.272 [info] Getting sessions for read:user,repo,user:email,workflow...
2026-04-19 14:07:03.272 [info] Got 1 sessions for read:user,repo,user:email,workflow...
2026-04-19 14:17:05.186 [info] Getting sessions for all scopes...
2026-04-19 14:17:05.186 [info] Got 3 sessions for ...
2026-04-19 14:17:05.189 [info] Getting sessions for read:user,repo,user:email,workflow...
2026-04-19 14:17:05.189 [info] Got 1 sessions for read:user,repo,user:email,workflow...
2026-04-19 14:27:06.382 [info] Getting sessions for all scopes...
2026-04-19 14:27:06.382 [info] Got 3 sessions for ...
2026-04-19 14:27:06.385 [info] Getting sessions for read:user,repo,user:email,workflow...
2026-04-19 14:27:06.385 [info] Got 1 sessions for read:user,repo,user:email,workflow...
2026-04-19 14:31:52.630 [info] Getting sessions for all scopes...
2026-04-19 14:31:52.630 [info] Got 3 sessions for ...
2026-04-19 14:31:52.631 [info] Getting sessions for all scopes...
2026-04-19 14:31:52.631 [info] Got 3 sessions for ...
2026-04-19 14:36:50.831 [info] Getting sessions for all scopes...
2026-04-19 14:36:50.831 [info] Got 3 sessions for ...
2026-04-19 14:36:50.832 [info] Getting sessions for all scopes...
2026-04-19 14:36:50.832 [info] Got 3 sessions for ...
2026-04-19 14:36:56.003 [info] Getting sessions for all scopes...
2026-04-19 14:36:56.004 [info] Got 3 sessions for ...
2026-04-19 14:36:56.006 [info] Getting sessions for read:user,repo,user:email,workflow...
2026-04-19 14:36:56.006 [info] Got 1 sessions for read:user,repo,user:email,workflow...
2026-04-19 14:36:57.228 [info] Getting sessions for all scopes...
2026-04-19 14:36:57.228 [info] Got 3 sessions for ...
2026-04-19 14:36:57.228 [info] Getting sessions for all scopes...
2026-04-19 14:36:57.228 [info] Got 3 sessions for ...
2026-04-19 14:36:57.229 [info] Getting sessions for read:user,repo,user:email,workflow...
2026-04-19 14:36:57.229 [info] Got 1 sessions for read:user,repo,user:email,workflow...
2026-04-19 14:36:57.236 [info] Getting sessions for all scopes...
2026-04-19 14:36:57.236 [info] Got 3 sessions for ...
2026-04-19 14:36:57.236 [info] Getting sessions for read:user,repo,user:email,workflow...
2026-04-19 14:36:57.236 [info] Got 1 sessions for read:user,repo,user:email,workflow...
2026-04-19 14:36:57.457 [info] Getting sessions for all scopes...
2026-04-19 14:36:57.457 [info] Got 3 sessions for ...
2026-04-19 14:36:57.458 [info] Getting sessions for all scopes...
2026-04-19 14:36:57.459 [info] Got 3 sessions for ...
2026-04-19 14:36:57.734 [info] Getting sessions for all scopes...
2026-04-19 14:36:57.734 [info] Got 3 sessions for ...
2026-04-19 14:36:57.736 [info] Getting sessions for read:user,repo,user:email,workflow...
2026-04-19 14:36:57.736 [info] Got 1 sessions for read:user,repo,user:email,workflow...
2026-04-19 14:37:01.148 [info] Getting sessions for all scopes...
2026-04-19 14:37:01.148 [info] Got 3 sessions for ...
2026-04-19 14:37:01.149 [info] Getting sessions for all scopes...
2026-04-19 14:37:01.149 [info] Got 3 sessions for ...
2026-04-19 14:37:07.476 [info] Getting sessions for all scopes...
2026-04-19 14:37:07.476 [info] Got 3 sessions for ...
2026-04-19 14:37:07.478 [info] Getting sessions for read:user,repo,user:email,workflow...
2026-04-19 14:37:07.478 [info] Got 1 sessions for read:user,repo,user:email,workflow...
2026-04-19 14:37:52.404 [info] Getting sessions for all scopes...
2026-04-19 14:37:52.404 [info] Got 3 sessions for ...
2026-04-19 14:37:52.408 [info] Getting sessions for read:user,repo,user:email,workflow...
2026-04-19 14:37:52.408 [info] Got 1 sessions for read:user,repo,user:email,workflow...
2026-04-19 14:37:53.533 [info] Getting sessions for all scopes...
2026-04-19 14:37:53.533 [info] Got 3 sessions for ...
2026-04-19 14:37:53.535 [info] Getting sessions for read:user,repo,user:email,workflow...
2026-04-19 14:37:53.535 [info] Got 1 sessions for read:user,repo,user:email,workflow...
2026-04-19 14:38:04.774 [info] Getting sessions for all scopes...
2026-04-19 14:38:04.774 [info] Got 3 sessions for ...
2026-04-19 14:38:04.775 [info] Getting sessions for all scopes...
2026-04-19 14:38:04.775 [info] Got 3 sessions for ...
2026-04-19 14:38:05.751 [info] Getting sessions for all scopes...
2026-04-19 14:38:05.751 [info] Got 3 sessions for ...
2026-04-19 14:38:05.752 [info] Getting sessions for all scopes...
2026-04-19 14:38:05.752 [info] Got 3 sessions for ...
2026-04-19 14:39:23.338 [info] Getting sessions for all scopes...
2026-04-19 14:39:23.339 [info] Got 3 sessions for ...
2026-04-19 14:39:23.344 [info] Getting sessions for all scopes...
2026-04-19 14:39:23.344 [info] Got 3 sessions for ...
2026-04-19 14:40:19.941 [info] Getting sessions for all scopes...
2026-04-19 14:40:19.941 [info] Got 3 sessions for ...
2026-04-19 14:40:19.941 [info] Getting sessions for all scopes...
2026-04-19 14:40:19.941 [info] Got 3 sessions for ...
2026-04-19 14:40:51.990 [info] Getting sessions for all scopes...
2026-04-19 14:40:51.990 [info] Got 3 sessions for ...
2026-04-19 14:40:51.991 [info] Getting sessions for all scopes...
2026-04-19 14:40:51.991 [info] Got 3 sessions for ...
2026-04-19 14:41:23.612 [info] Getting sessions for all scopes...
2026-04-19 14:41:23.612 [info] Got 3 sessions for ...
2026-04-19 14:41:23.612 [info] Getting sessions for read:user,repo,user:email,workflow...
2026-04-19 14:41:23.612 [info] Got 1 sessions for read:user,repo,user:email,workflow...
2026-04-19 14:41:35.574 [info] Getting sessions for all scopes...
2026-04-19 14:41:35.574 [info] Got 3 sessions for ...
2026-04-19 14:41:35.576 [info] Getting sessions for all scopes...
2026-04-19 14:41:35.576 [info] Got 3 sessions for ...
2026-04-19 14:41:37.866 [info] Getting sessions for all scopes...
2026-04-19 14:41:37.867 [info] Got 3 sessions for ...
2026-04-19 14:41:37.867 [info] Getting sessions for all scopes...
2026-04-19 14:41:37.867 [info] Got 3 sessions for ...
2026-04-19 14:42:26.527 [info] Getting sessions for all scopes...
2026-04-19 14:42:26.527 [info] Got 3 sessions for ...
2026-04-19 14:42:26.528 [info] Getting sessions for all scopes...
2026-04-19 14:42:26.528 [info] Got 3 sessions for ...
2026-04-19 14:42:56.944 [info] Getting sessions for all scopes...
2026-04-19 14:42:56.944 [info] Got 3 sessions for ...
2026-04-19 14:42:56.977 [info] Getting sessions for read:user,repo,user:email,workflow...
2026-04-19 14:42:56.977 [info] Got 1 sessions for read:user,repo,user:email,workflow...
2026-04-19 14:43:23.008 [info] Getting sessions for all scopes...
2026-04-19 14:43:23.008 [info] Got 3 sessions for ...
2026-04-19 14:43:23.010 [info] Getting sessions for all scopes...
2026-04-19 14:43:23.010 [info] Got 3 sessions for ...
2026-04-19 14:43:24.913 [info] Getting sessions for all scopes...
2026-04-19 14:43:24.913 [info] Got 3 sessions for ...
2026-04-19 14:43:24.914 [info] Getting sessions for all scopes...
2026-04-19 14:43:24.914 [info] Got 3 sessions for ...
2026-04-19 14:43:33.000 [info] Getting sessions for all scopes...
2026-04-19 14:43:33.000 [info] Got 3 sessions for ...
2026-04-19 14:43:33.001 [info] Getting sessions for all scopes...
2026-04-19 14:43:33.001 [info] Got 3 sessions for ...
2026-04-19 14:47:08.073 [info] Getting sessions for all scopes...
2026-04-19 14:47:08.073 [info] Got 3 sessions for ...
2026-04-19 14:47:08.076 [info] Getting sessions for read:user,repo,user:email,workflow...
2026-04-19 14:47:08.076 [info] Got 1 sessions for read:user,repo,user:email,workflow...
2026-04-19 14:57:09.664 [info] Getting sessions for all scopes...
2026-04-19 14:57:09.664 [info] Got 3 sessions for ...
2026-04-19 14:57:09.667 [info] Getting sessions for read:user,repo,user:email,workflow...
2026-04-19 14:57:09.667 [info] Got 1 sessions for read:user,repo,user:email,workflow...
2026-04-19 15:07:11.266 [info] Getting sessions for all scopes...
2026-04-19 15:07:11.266 [info] Got 3 sessions for ...
2026-04-19 15:07:11.268 [info] Getting sessions for read:user,repo,user:email,workflow...
2026-04-19 15:07:11.268 [info] Got 1 sessions for read:user,repo,user:email,workflow...
2026-04-19 15:17:12.462 [info] Getting sessions for all scopes...
2026-04-19 15:17:12.462 [info] Got 3 sessions for ...
2026-04-19 15:17:12.465 [info] Getting sessions for read:user,repo,user:email,workflow...
2026-04-19 15:17:12.465 [info] Got 1 sessions for read:user,repo,user:email,workflow...
2026-04-19 15:27:13.511 [info] Getting sessions for all scopes...
2026-04-19 15:27:13.511 [info] Got 3 sessions for ...
2026-04-19 15:27:13.514 [info] Getting sessions for read:user,repo,user:email,workflow...
2026-04-19 15:27:13.514 [info] Got 1 sessions for read:user,repo,user:email,workflow...
2026-04-19 15:31:58.003 [info] Getting sessions for all scopes...
2026-04-19 15:31:58.003 [info] Got 3 sessions for ...
2026-04-19 15:31:58.006 [info] Getting sessions for read:user,repo,user:email,workflow...
2026-04-19 15:31:58.006 [info] Got 1 sessions for read:user,repo,user:email,workflow...
2026-04-19 15:31:59.014 [info] Getting sessions for all scopes...
2026-04-19 15:31:59.014 [info] Got 3 sessions for ...
2026-04-19 15:31:59.014 [info] Getting sessions for all scopes...
2026-04-19 15:31:59.014 [info] Got 3 sessions for ...
2026-04-19 15:31:59.023 [info] Getting sessions for read:user,repo,user:email,workflow...
2026-04-19 15:31:59.023 [info] Got 1 sessions for read:user,repo,user:email,workflow...
2026-04-19 15:31:59.029 [info] Getting sessions for all scopes...
2026-04-19 15:31:59.029 [info] Got 3 sessions for ...
2026-04-19 15:31:59.029 [info] Getting sessions for read:user,repo,user:email,workflow...
2026-04-19 15:31:59.029 [info] Got 1 sessions for read:user,repo,user:email,workflow...
2026-04-19 15:31:59.529 [info] Getting sessions for all scopes...
2026-04-19 15:31:59.529 [info] Got 3 sessions for ...
2026-04-19 15:31:59.531 [info] Getting sessions for read:user,repo,user:email,workflow...
2026-04-19 15:31:59.531 [info] Got 1 sessions for read:user,repo,user:email,workflow...
2026-04-19 15:37:14.660 [info] Getting sessions for all scopes...
2026-04-19 15:37:14.660 [info] Got 3 sessions for ...
2026-04-19 15:37:14.663 [info] Getting sessions for read:user,repo,user:email,workflow...
2026-04-19 15:37:14.663 [info] Got 1 sessions for read:user,repo,user:email,workflow...
2026-04-19 15:47:15.732 [info] Getting sessions for all scopes...
2026-04-19 15:47:15.732 [info] Got 3 sessions for ...
2026-04-19 15:47:15.734 [info] Getting sessions for read:user,repo,user:email,workflow...
2026-04-19 15:47:15.735 [info] Got 1 sessions for read:user,repo,user:email,workflow...
2026-04-19 15:57:16.843 [info] Getting sessions for all scopes...
2026-04-19 15:57:16.843 [info] Got 3 sessions for ...
2026-04-19 15:57:16.846 [info] Getting sessions for read:user,repo,user:email,workflow...
2026-04-19 15:57:16.846 [info] Got 1 sessions for read:user,repo,user:email,workflow...
2026-04-19 16:07:17.933 [info] Getting sessions for all scopes...
2026-04-19 16:07:17.933 [info] Got 3 sessions for ...
2026-04-19 16:07:17.935 [info] Getting sessions for read:user,repo,user:email,workflow...
2026-04-19 16:07:17.935 [info] Got 1 sessions for read:user,repo,user:email,workflow...
2026-04-19 16:17:19.156 [info] Getting sessions for all scopes...
2026-04-19 16:17:19.156 [info] Got 3 sessions for ...
2026-04-19 16:17:19.159 [info] Getting sessions for read:user,repo,user:email,workflow...
2026-04-19 16:17:19.159 [info] Got 1 sessions for read:user,repo,user:email,workflow...
2026-04-19 16:26:59.006 [info] Getting sessions for all scopes...
2026-04-19 16:26:59.006 [info] Got 3 sessions for ...
2026-04-19 16:26:59.009 [info] Getting sessions for read:user,repo,user:email,workflow...
2026-04-19 16:26:59.009 [info] Got 1 sessions for read:user,repo,user:email,workflow...
2026-04-19 16:27:00.008 [info] Getting sessions for all scopes...
2026-04-19 16:27:00.008 [info] Got 3 sessions for ...
2026-04-19 16:27:00.008 [info] Getting sessions for all scopes...
2026-04-19 16:27:00.008 [info] Got 3 sessions for ...
2026-04-19 16:27:00.009 [info] Getting sessions for read:user,repo,user:email,workflow...
2026-04-19 16:27:00.009 [info] Got 1 sessions for read:user,repo,user:email,workflow...
2026-04-19 16:27:00.014 [info] Getting sessions for all scopes...
2026-04-19 16:27:00.014 [info] Got 3 sessions for ...
2026-04-19 16:27:00.014 [info] Getting sessions for read:user,repo,user:email,workflow...
2026-04-19 16:27:00.015 [info] Got 1 sessions for read:user,repo,user:email,workflow...
2026-04-19 16:27:00.514 [info] Getting sessions for all scopes...
2026-04-19 16:27:00.514 [info] Got 3 sessions for ...
2026-04-19 16:27:00.516 [info] Getting sessions for read:user,repo,user:email,workflow...
2026-04-19 16:27:00.516 [info] Got 1 sessions for read:user,repo,user:email,workflow...
2026-04-19 16:27:20.338 [info] Getting sessions for all scopes...
2026-04-19 16:27:20.338 [info] Got 3 sessions for ...
2026-04-19 16:27:20.340 [info] Getting sessions for read:user,repo,user:email,workflow...
2026-04-19 16:27:20.340 [info] Got 1 sessions for read:user,repo,user:email,workflow...
2026-04-19 16:37:20.721 [info] Getting sessions for all scopes...
2026-04-19 16:37:20.721 [info] Got 3 sessions for ...
2026-04-19 16:37:20.724 [info] Getting sessions for read:user,repo,user:email,workflow...
2026-04-19 16:37:20.724 [info] Got 1 sessions for read:user,repo,user:email,workflow...
2026-04-19 16:38:33.985 [info] Getting sessions for all scopes...
2026-04-19 16:38:33.985 [info] Got 3 sessions for ...
2026-04-19 16:38:33.986 [info] Getting sessions for all scopes...
2026-04-19 16:38:33.986 [info] Got 3 sessions for ...
2026-04-19 16:38:39.225 [info] Getting sessions for all scopes...
2026-04-19 16:38:39.225 [info] Got 3 sessions for ...
2026-04-19 16:38:39.227 [info] Getting sessions for all scopes...
2026-04-19 16:38:39.227 [info] Got 3 sessions for ...
2026-04-19 16:38:41.807 [info] Getting sessions for all scopes...
2026-04-19 16:38:41.807 [info] Got 3 sessions for ...
2026-04-19 16:38:41.809 [info] Getting sessions for all scopes...
2026-04-19 16:38:41.809 [info] Got 3 sessions for ...
2026-04-19 16:39:56.550 [info] Getting sessions for all scopes...
2026-04-19 16:39:56.550 [info] Got 3 sessions for ...
2026-04-19 16:39:56.551 [info] Getting sessions for all scopes...
2026-04-19 16:39:56.551 [info] Got 3 sessions for ...
2026-04-19 16:40:16.189 [info] Getting sessions for all scopes...
2026-04-19 16:40:16.189 [info] Got 3 sessions for ...
2026-04-19 16:40:16.190 [info] Getting sessions for all scopes...
2026-04-19 16:40:16.190 [info] Got 3 sessions for ...
2026-04-19 16:40:18.972 [info] Getting sessions for all scopes...
2026-04-19 16:40:18.972 [info] Got 3 sessions for ...
2026-04-19 16:40:18.974 [info] Getting sessions for all scopes...
2026-04-19 16:40:18.974 [info] Got 3 sessions for ...
2026-04-19 16:40:32.229 [info] Getting sessions for all scopes...
2026-04-19 16:40:32.229 [info] Got 3 sessions for ...
2026-04-19 16:40:32.230 [info] Getting sessions for all scopes...
2026-04-19 16:40:32.231 [info] Got 3 sessions for ...
2026-04-19 16:40:34.733 [info] Getting sessions for all scopes...
2026-04-19 16:40:34.733 [info] Got 3 sessions for ...
2026-04-19 16:40:34.734 [info] Getting sessions for all scopes...
2026-04-19 16:40:34.734 [info] Got 3 sessions for ...
2026-04-19 16:40:57.285 [info] Getting sessions for all scopes...
2026-04-19 16:40:57.285 [info] Got 3 sessions for ...
2026-04-19 16:40:57.286 [info] Getting sessions for all scopes...
2026-04-19 16:40:57.286 [info] Got 3 sessions for ...
2026-04-19 16:41:11.105 [info] Getting sessions for all scopes...
2026-04-19 16:41:11.106 [info] Got 3 sessions for ...
2026-04-19 16:41:11.106 [info] Getting sessions for all scopes...
2026-04-19 16:41:11.106 [info] Got 3 sessions for ...
2026-04-19 16:41:18.947 [info] Getting sessions for all scopes...
2026-04-19 16:41:18.947 [info] Got 3 sessions for ...
2026-04-19 16:41:18.948 [info] Getting sessions for all scopes...
2026-04-19 16:41:18.948 [info] Got 3 sessions for ...
2026-04-19 16:41:31.282 [info] Getting sessions for all scopes...
2026-04-19 16:41:31.282 [info] Got 3 sessions for ...
2026-04-19 16:41:31.283 [info] Getting sessions for all scopes...
2026-04-19 16:41:31.283 [info] Got 3 sessions for ...
2026-04-19 16:45:33.112 [info] Getting sessions for all scopes...
2026-04-19 16:45:33.112 [info] Got 3 sessions for ...
2026-04-19 16:45:33.113 [info] Getting sessions for all scopes...
2026-04-19 16:45:33.113 [info] Got 3 sessions for ...
2026-04-19 16:46:16.980 [info] Getting sessions for all scopes...
2026-04-19 16:46:16.980 [info] Got 3 sessions for ...
2026-04-19 16:46:16.981 [info] Getting sessions for all scopes...
2026-04-19 16:46:16.981 [info] Got 3 sessions for ...
2026-04-19 16:46:19.131 [info] Getting sessions for all scopes...
2026-04-19 16:46:19.131 [info] Got 3 sessions for ...
2026-04-19 16:46:19.132 [info] Getting sessions for all scopes...
2026-04-19 16:46:19.132 [info] Got 3 sessions for ...
2026-04-19 16:46:20.616 [info] Getting sessions for all scopes...
2026-04-19 16:46:20.616 [info] Got 3 sessions for ...
2026-04-19 16:46:20.617 [info] Getting sessions for all scopes...
2026-04-19 16:46:20.617 [info] Got 3 sessions for ...
2026-04-19 16:46:52.261 [info] Getting sessions for all scopes...
2026-04-19 16:46:52.261 [info] Got 3 sessions for ...
2026-04-19 16:46:52.262 [info] Getting sessions for all scopes...
2026-04-19 16:46:52.262 [info] Got 3 sessions for ...
2026-04-19 16:46:56.808 [info] Getting sessions for all scopes...
2026-04-19 16:46:56.808 [info] Got 3 sessions for ...
2026-04-19 16:46:56.810 [info] Getting sessions for all scopes...
2026-04-19 16:46:56.810 [info] Got 3 sessions for ...
2026-04-19 16:47:21.773 [info] Getting sessions for all scopes...
2026-04-19 16:47:21.773 [info] Got 3 sessions for ...
2026-04-19 16:47:21.775 [info] Getting sessions for read:user,repo,user:email,workflow...
2026-04-19 16:47:21.775 [info] Got 1 sessions for read:user,repo,user:email,workflow...
2026-04-19 16:48:29.575 [info] Getting sessions for all scopes...
2026-04-19 16:48:29.575 [info] Got 3 sessions for ...
2026-04-19 16:48:29.576 [info] Getting sessions for all scopes...
2026-04-19 16:48:29.576 [info] Got 3 sessions for ...
2026-04-19 16:49:46.677 [info] Getting sessions for all scopes...
2026-04-19 16:49:46.678 [info] Got 3 sessions for ...
2026-04-19 16:49:46.678 [info] Getting sessions for all scopes...
2026-04-19 16:49:46.678 [info] Got 3 sessions for ...
2026-04-19 16:53:30.896 [info] Getting sessions for all scopes...
2026-04-19 16:53:30.896 [info] Got 3 sessions for ...
2026-04-19 16:53:30.910 [info] Getting sessions for all scopes...
2026-04-19 16:53:30.910 [info] Got 3 sessions for ...
2026-04-19 16:53:33.112 [info] Getting sessions for all scopes...
2026-04-19 16:53:33.112 [info] Got 3 sessions for ...
2026-04-19 16:53:33.114 [info] Getting sessions for all scopes...
2026-04-19 16:53:33.114 [info] Got 3 sessions for ...
2026-04-19 16:53:34.036 [info] Getting sessions for all scopes...
2026-04-19 16:53:34.036 [info] Got 3 sessions for ...
2026-04-19 16:53:34.036 [info] Getting sessions for all scopes...
2026-04-19 16:53:34.036 [info] Got 3 sessions for ...
2026-04-19 16:53:35.155 [info] Getting sessions for all scopes...
2026-04-19 16:53:35.155 [info] Got 3 sessions for ...
2026-04-19 16:53:35.156 [info] Getting sessions for all scopes...
2026-04-19 16:53:35.156 [info] Got 3 sessions for ...
2026-04-19 16:54:00.786 [info] Getting sessions for all scopes...
2026-04-19 16:54:00.786 [info] Got 3 sessions for ...
2026-04-19 16:54:00.787 [info] Getting sessions for all scopes...
2026-04-19 16:54:00.787 [info] Got 3 sessions for ...
2026-04-19 16:54:17.599 [info] Getting sessions for all scopes...
2026-04-19 16:54:17.599 [info] Got 3 sessions for ...
2026-04-19 16:54:17.600 [info] Getting sessions for all scopes...
2026-04-19 16:54:17.600 [info] Got 3 sessions for ...
2026-04-19 16:57:08.531 [info] Getting sessions for all scopes...
2026-04-19 16:57:08.531 [info] Got 3 sessions for ...
2026-04-19 16:57:08.532 [info] Getting sessions for all scopes...
2026-04-19 16:57:08.533 [info] Got 3 sessions for ...
2026-04-19 16:57:10.655 [info] Getting sessions for all scopes...
2026-04-19 16:57:10.655 [info] Got 3 sessions for ...
2026-04-19 16:57:10.656 [info] Getting sessions for all scopes...
2026-04-19 16:57:10.656 [info] Got 3 sessions for ...
2026-04-19 16:57:22.776 [info] Getting sessions for all scopes...
2026-04-19 16:57:22.776 [info] Got 3 sessions for ...
2026-04-19 16:57:22.778 [info] Getting sessions for read:user,repo,user:email,workflow...
2026-04-19 16:57:22.778 [info] Got 1 sessions for read:user,repo,user:email,workflow...
2026-04-19 17:05:00.267 [info] Getting sessions for all scopes...
2026-04-19 17:05:00.267 [info] Got 3 sessions for ...
2026-04-19 17:05:00.268 [info] Getting sessions for all scopes...
2026-04-19 17:05:00.268 [info] Got 3 sessions for ...
2026-04-19 17:05:16.587 [info] Getting sessions for all scopes...
2026-04-19 17:05:16.587 [info] Got 3 sessions for ...
2026-04-19 17:05:16.587 [info] Getting sessions for all scopes...
2026-04-19 17:05:16.588 [info] Got 3 sessions for ...
2026-04-19 17:07:23.879 [info] Getting sessions for all scopes...
2026-04-19 17:07:23.879 [info] Got 3 sessions for ...
2026-04-19 17:07:23.881 [info] Getting sessions for read:user,repo,user:email,workflow...
2026-04-19 17:07:23.881 [info] Got 1 sessions for read:user,repo,user:email,workflow...
2026-04-19 17:12:49.799 [info] Getting sessions for all scopes...
2026-04-19 17:12:49.799 [info] Got 3 sessions for ...
2026-04-19 17:12:49.800 [info] Getting sessions for all scopes...
2026-04-19 17:12:49.800 [info] Got 3 sessions for ...
2026-04-19 17:17:24.986 [info] Getting sessions for all scopes...
2026-04-19 17:17:24.986 [info] Got 3 sessions for ...
2026-04-19 17:17:24.989 [info] Getting sessions for read:user,repo,user:email,workflow...
2026-04-19 17:17:24.989 [info] Got 1 sessions for read:user,repo,user:email,workflow...
2026-04-19 17:22:00.019 [info] Getting sessions for all scopes...
2026-04-19 17:22:00.019 [info] Got 3 sessions for ...
2026-04-19 17:22:00.021 [info] Getting sessions for read:user,repo,user:email,workflow...
2026-04-19 17:22:00.022 [info] Got 1 sessions for read:user,repo,user:email,workflow...
2026-04-19 17:22:00.957 [info] Getting sessions for all scopes...
2026-04-19 17:22:00.957 [info] Got 3 sessions for ...
2026-04-19 17:22:00.957 [info] Getting sessions for all scopes...
2026-04-19 17:22:00.957 [info] Got 3 sessions for ...
2026-04-19 17:22:00.966 [info] Getting sessions for read:user,repo,user:email,workflow...
2026-04-19 17:22:00.966 [info] Got 1 sessions for read:user,repo,user:email,workflow...
2026-04-19 17:22:00.971 [info] Getting sessions for all scopes...
2026-04-19 17:22:00.971 [info] Got 3 sessions for ...
2026-04-19 17:22:00.972 [info] Getting sessions for read:user,repo,user:email,workflow...
2026-04-19 17:22:00.972 [info] Got 1 sessions for read:user,repo,user:email,workflow...
2026-04-19 17:22:01.474 [info] Getting sessions for all scopes...
2026-04-19 17:22:01.474 [info] Got 3 sessions for ...
2026-04-19 17:22:01.476 [info] Getting sessions for read:user,repo,user:email,workflow...
2026-04-19 17:22:01.476 [info] Got 1 sessions for read:user,repo,user:email,workflow...
2026-04-19 17:22:21.295 [info] Getting sessions for all scopes...
2026-04-19 17:22:21.295 [info] Got 3 sessions for ...
2026-04-19 17:22:21.299 [info] Getting sessions for all scopes...
2026-04-19 17:22:21.299 [info] Got 3 sessions for ...
2026-04-19 17:22:21.532 [info] Getting sessions for all scopes...
2026-04-19 17:22:21.532 [info] Got 3 sessions for ...
2026-04-19 17:22:21.540 [info] Getting sessions for all scopes...
2026-04-19 17:22:21.541 [info] Got 3 sessions for ...
2026-04-19 17:22:21.763 [info] Getting sessions for all scopes...
2026-04-19 17:22:21.763 [info] Got 3 sessions for ...
2026-04-19 17:22:21.763 [info] Getting sessions for all scopes...
2026-04-19 17:22:21.763 [info] Got 3 sessions for ...
2026-04-19 17:22:23.725 [info] Getting sessions for all scopes...
2026-04-19 17:22:23.725 [info] Got 3 sessions for ...
2026-04-19 17:22:23.726 [info] Getting sessions for all scopes...
2026-04-19 17:22:23.726 [info] Got 3 sessions for ...
2026-04-19 17:22:31.809 [info] Getting sessions for all scopes...
2026-04-19 17:22:31.809 [info] Got 3 sessions for ...
2026-04-19 17:22:31.810 [info] Getting sessions for all scopes...
2026-04-19 17:22:31.810 [info] Got 3 sessions for ...
2026-04-19 17:22:47.629 [info] Getting sessions for all scopes...
2026-04-19 17:22:47.629 [info] Got 3 sessions for ...
2026-04-19 17:22:47.630 [info] Getting sessions for all scopes...
2026-04-19 17:22:47.630 [info] Got 3 sessions for ...
2026-04-19 17:23:39.272 [info] Getting sessions for all scopes...
2026-04-19 17:23:39.272 [info] Got 3 sessions for ...
2026-04-19 17:23:39.274 [info] Getting sessions for all scopes...
2026-04-19 17:23:39.274 [info] Got 3 sessions for ...
2026-04-19 17:24:38.327 [info] Getting sessions for all scopes...
2026-04-19 17:24:38.327 [info] Got 3 sessions for ...
2026-04-19 17:24:38.328 [info] Getting sessions for all scopes...
2026-04-19 17:24:38.328 [info] Got 3 sessions for ...
2026-04-19 17:25:05.738 [info] Getting sessions for all scopes...
2026-04-19 17:25:05.738 [info] Got 3 sessions for ...
2026-04-19 17:25:05.740 [info] Getting sessions for all scopes...
2026-04-19 17:25:05.740 [info] Got 3 sessions for ...
2026-04-19 17:25:52.212 [info] Getting sessions for all scopes...
2026-04-19 17:25:52.212 [info] Got 3 sessions for ...
2026-04-19 17:25:52.213 [info] Getting sessions for all scopes...
2026-04-19 17:25:52.213 [info] Got 3 sessions for ...
2026-04-19 17:26:31.211 [info] Getting sessions for all scopes...
2026-04-19 17:26:31.211 [info] Got 3 sessions for ...
2026-04-19 17:26:31.213 [info] Getting sessions for all scopes...
2026-04-19 17:26:31.213 [info] Got 3 sessions for ...
2026-04-19 17:27:19.266 [info] Getting sessions for all scopes...
2026-04-19 17:27:19.266 [info] Got 3 sessions for ...
2026-04-19 17:27:19.268 [info] Getting sessions for all scopes...
2026-04-19 17:27:19.268 [info] Got 3 sessions for ...
2026-04-19 17:27:35.992 [info] Getting sessions for all scopes...
2026-04-19 17:27:35.992 [info] Got 3 sessions for ...
2026-04-19 17:27:35.994 [info] Getting sessions for read:user,repo,user:email,workflow...
2026-04-19 17:27:35.994 [info] Got 1 sessions for read:user,repo,user:email,workflow...
2026-04-19 17:27:38.044 [info] Getting sessions for all scopes...
2026-04-19 17:27:38.044 [info] Got 3 sessions for ...
2026-04-19 17:27:38.046 [info] Getting sessions for all scopes...
2026-04-19 17:27:38.046 [info] Got 3 sessions for ...
2026-04-19 17:28:18.926 [info] Getting sessions for all scopes...
2026-04-19 17:28:18.926 [info] Got 3 sessions for ...
2026-04-19 17:28:18.927 [info] Getting sessions for all scopes...
2026-04-19 17:28:18.927 [info] Got 3 sessions for ...
2026-04-19 17:32:18.564 [info] Getting sessions for all scopes...
2026-04-19 17:32:18.564 [info] Got 3 sessions for ...
2026-04-19 17:32:18.564 [info] Getting sessions for all scopes...
2026-04-19 17:32:18.564 [info] Got 3 sessions for ...
2026-04-19 17:32:35.449 [info] Getting sessions for all scopes...
2026-04-19 17:32:35.449 [info] Got 3 sessions for ...
2026-04-19 17:32:35.450 [info] Getting sessions for all scopes...
2026-04-19 17:32:35.450 [info] Got 3 sessions for ...
2026-04-19 17:33:13.766 [info] Getting sessions for all scopes...
2026-04-19 17:33:13.766 [info] Got 3 sessions for ...
2026-04-19 17:33:13.767 [info] Getting sessions for all scopes...
2026-04-19 17:33:13.767 [info] Got 3 sessions for ...
2026-04-19 17:34:00.373 [info] Getting sessions for all scopes...
2026-04-19 17:34:00.373 [info] Got 3 sessions for ...
2026-04-19 17:34:00.374 [info] Getting sessions for all scopes...
2026-04-19 17:34:00.374 [info] Got 3 sessions for ...
2026-04-19 17:36:12.047 [info] Getting sessions for all scopes...
2026-04-19 17:36:12.047 [info] Got 3 sessions for ...
2026-04-19 17:36:12.047 [info] Getting sessions for all scopes...
2026-04-19 17:36:12.047 [info] Got 3 sessions for ...
2026-04-19 17:37:37.189 [info] Getting sessions for all scopes...
2026-04-19 17:37:37.189 [info] Got 3 sessions for ...
2026-04-19 17:37:37.191 [info] Getting sessions for read:user,repo,user:email,workflow...
2026-04-19 17:37:37.191 [info] Got 1 sessions for read:user,repo,user:email,workflow...
2026-04-19 17:44:52.266 [info] Getting sessions for all scopes...
2026-04-19 17:44:52.266 [info] Got 3 sessions for ...
2026-04-19 17:44:52.267 [info] Getting sessions for all scopes...
2026-04-19 17:44:52.267 [info] Got 3 sessions for ...
2026-04-19 17:45:01.797 [info] Getting sessions for all scopes...
2026-04-19 17:45:01.797 [info] Got 3 sessions for ...
2026-04-19 17:45:01.798 [info] Getting sessions for all scopes...
2026-04-19 17:45:01.798 [info] Got 3 sessions for ...
2026-04-19 17:45:55.368 [info] Getting sessions for all scopes...
2026-04-19 17:45:55.368 [info] Got 3 sessions for ...
2026-04-19 17:45:55.370 [info] Getting sessions for all scopes...
2026-04-19 17:45:55.370 [info] Got 3 sessions for ...
2026-04-19 17:47:38.391 [info] Getting sessions for all scopes...
2026-04-19 17:47:38.391 [info] Got 3 sessions for ...
2026-04-19 17:47:38.393 [info] Getting sessions for read:user,repo,user:email,workflow...
2026-04-19 17:47:38.393 [info] Got 1 sessions for read:user,repo,user:email,workflow...
2026-04-19 17:48:10.969 [info] Getting sessions for all scopes...
2026-04-19 17:48:10.969 [info] Got 3 sessions for ...
2026-04-19 17:48:10.970 [info] Getting sessions for all scopes...
2026-04-19 17:48:10.970 [info] Got 3 sessions for ...
2026-04-19 17:48:14.827 [info] Getting sessions for all scopes...
2026-04-19 17:48:14.828 [info] Got 3 sessions for ...
2026-04-19 17:48:14.828 [info] Getting sessions for all scopes...
2026-04-19 17:48:14.828 [info] Got 3 sessions for ...
2026-04-19 17:48:22.497 [info] Getting sessions for all scopes...
2026-04-19 17:48:22.497 [info] Got 3 sessions for ...
2026-04-19 17:48:22.498 [info] Getting sessions for all scopes...
2026-04-19 17:48:22.498 [info] Got 3 sessions for ...
2026-04-19 17:48:25.701 [info] Getting sessions for all scopes...
2026-04-19 17:48:25.701 [info] Got 3 sessions for ...
2026-04-19 17:48:25.702 [info] Getting sessions for all scopes...
2026-04-19 17:48:25.702 [info] Got 3 sessions for ...
2026-04-19 18:56:40.626 [info] Getting sessions for all scopes...
2026-04-19 18:56:40.626 [info] Got 3 sessions for ...
2026-04-19 18:56:40.633 [info] Getting sessions for read:user,repo,user:email,workflow...
2026-04-19 18:56:40.633 [info] Got 1 sessions for read:user,repo,user:email,workflow...
2026-04-19 18:56:40.714 [info] Getting sessions for all scopes...
2026-04-19 18:56:40.714 [info] Got 3 sessions for ...
2026-04-19 18:56:40.715 [info] Getting sessions for all scopes...
2026-04-19 18:56:40.715 [info] Got 3 sessions for ...
2026-04-19 18:56:41.522 [info] Getting sessions for all scopes...
2026-04-19 18:56:41.522 [info] Got 3 sessions for ...
2026-04-19 18:56:41.522 [info] Getting sessions for all scopes...
2026-04-19 18:56:41.522 [info] Got 3 sessions for ...
2026-04-19 18:56:41.523 [info] Getting sessions for read:user,repo,user:email,workflow...
2026-04-19 18:56:41.523 [info] Got 1 sessions for read:user,repo,user:email,workflow...
2026-04-19 18:56:41.530 [info] Getting sessions for all scopes...
2026-04-19 18:56:41.530 [info] Got 3 sessions for ...
2026-04-19 18:56:41.531 [info] Getting sessions for read:user,repo,user:email,workflow...
2026-04-19 18:56:41.531 [info] Got 1 sessions for read:user,repo,user:email,workflow...
2026-04-19 18:56:42.031 [info] Getting sessions for all scopes...
2026-04-19 18:56:42.031 [info] Got 3 sessions for ...
2026-04-19 18:56:42.033 [info] Getting sessions for read:user,repo,user:email,workflow...
2026-04-19 18:56:42.033 [info] Got 1 sessions for read:user,repo,user:email,workflow...
2026-04-19 19:04:50.376 [info] Getting sessions for all scopes...
2026-04-19 19:04:50.376 [info] Got 3 sessions for ...
2026-04-19 19:04:50.378 [info] Getting sessions for read:user,repo,user:email,workflow...
2026-04-19 19:04:50.378 [info] Got 1 sessions for read:user,repo,user:email,workflow...
2026-04-19 19:14:51.401 [info] Getting sessions for all scopes...
2026-04-19 19:14:51.401 [info] Got 3 sessions for ...
2026-04-19 19:14:51.403 [info] Getting sessions for read:user,repo,user:email,workflow...
2026-04-19 19:14:51.403 [info] Got 1 sessions for read:user,repo,user:email,workflow...
2026-04-19 19:24:53.052 [info] Getting sessions for all scopes...
2026-04-19 19:24:53.053 [info] Got 3 sessions for ...
2026-04-19 19:24:53.055 [info] Getting sessions for read:user,repo,user:email,workflow...
2026-04-19 19:24:53.055 [info] Got 1 sessions for read:user,repo,user:email,workflow...
2026-04-19 19:32:24.018 [info] Getting sessions for all scopes...
2026-04-19 19:32:24.018 [info] Got 3 sessions for ...
2026-04-19 19:32:24.019 [info] Getting sessions for all scopes...
2026-04-19 19:32:24.019 [info] Got 3 sessions for ...
2026-04-19 19:32:25.345 [info] Getting sessions for all scopes...
2026-04-19 19:32:25.345 [info] Got 3 sessions for ...
2026-04-19 19:32:25.346 [info] Getting sessions for all scopes...
2026-04-19 19:32:25.346 [info] Got 3 sessions for ...
2026-04-19 19:34:09.878 [info] Getting sessions for all scopes...
2026-04-19 19:34:09.878 [info] Got 3 sessions for ...
2026-04-19 19:34:09.879 [info] Getting sessions for all scopes...
2026-04-19 19:34:09.879 [info] Got 3 sessions for ...
2026-04-19 19:34:11.668 [info] Getting sessions for all scopes...
2026-04-19 19:34:11.668 [info] Got 3 sessions for ...
2026-04-19 19:34:11.669 [info] Getting sessions for all scopes...
2026-04-19 19:34:11.669 [info] Got 3 sessions for ...
2026-04-19 19:34:54.706 [info] Getting sessions for all scopes...
2026-04-19 19:34:54.706 [info] Got 3 sessions for ...
2026-04-19 19:34:54.708 [info] Getting sessions for read:user,repo,user:email,workflow...
2026-04-19 19:34:54.709 [info] Got 1 sessions for read:user,repo,user:email,workflow...
2026-04-19 19:44:55.826 [info] Getting sessions for all scopes...
2026-04-19 19:44:55.826 [info] Got 3 sessions for ...
2026-04-19 19:44:55.829 [info] Getting sessions for read:user,repo,user:email,workflow...
2026-04-19 19:44:55.829 [info] Got 1 sessions for read:user,repo,user:email,workflow...
2026-04-19 19:51:42.003 [info] Getting sessions for all scopes...
2026-04-19 19:51:42.003 [info] Got 3 sessions for ...
2026-04-19 19:51:42.005 [info] Getting sessions for read:user,repo,user:email,workflow...
2026-04-19 19:51:42.005 [info] Got 1 sessions for read:user,repo,user:email,workflow...
2026-04-19 19:51:43.354 [info] Getting sessions for all scopes...
2026-04-19 19:51:43.354 [info] Got 3 sessions for ...
2026-04-19 19:51:43.355 [info] Getting sessions for all scopes...
2026-04-19 19:51:43.355 [info] Got 3 sessions for ...
2026-04-19 19:51:43.365 [info] Getting sessions for read:user,repo,user:email,workflow...
2026-04-19 19:51:43.365 [info] Got 1 sessions for read:user,repo,user:email,workflow...
2026-04-19 19:51:43.375 [info] Getting sessions for all scopes...
2026-04-19 19:51:43.375 [info] Got 3 sessions for ...
2026-04-19 19:51:43.377 [info] Getting sessions for read:user,repo,user:email,workflow...
2026-04-19 19:51:43.377 [info] Got 1 sessions for read:user,repo,user:email,workflow...
2026-04-19 19:51:43.874 [info] Getting sessions for all scopes...
2026-04-19 19:51:43.874 [info] Got 3 sessions for ...
2026-04-19 19:51:43.877 [info] Getting sessions for read:user,repo,user:email,workflow...
2026-04-19 19:51:43.877 [info] Got 1 sessions for read:user,repo,user:email,workflow...
2026-04-19 19:54:57.751 [info] Getting sessions for all scopes...
2026-04-19 19:54:57.751 [info] Got 3 sessions for ...
2026-04-19 19:54:57.754 [info] Getting sessions for read:user,repo,user:email,workflow...
2026-04-19 19:54:57.754 [info] Got 1 sessions for read:user,repo,user:email,workflow...
2026-04-19 20:05:00.224 [info] Getting sessions for all scopes...
2026-04-19 20:05:00.224 [info] Got 3 sessions for ...
2026-04-19 20:05:00.226 [info] Getting sessions for read:user,repo,user:email,workflow...
2026-04-19 20:05:00.226 [info] Got 1 sessions for read:user,repo,user:email,workflow...
2026-04-19 20:15:01.292 [info] Getting sessions for all scopes...
2026-04-19 20:15:01.292 [info] Got 3 sessions for ...
2026-04-19 20:15:01.299 [info] Getting sessions for read:user,repo,user:email,workflow...
2026-04-19 20:15:01.299 [info] Got 1 sessions for read:user,repo,user:email,workflow...
2026-04-19 20:25:02.469 [info] Getting sessions for all scopes...
2026-04-19 20:25:02.469 [info] Got 3 sessions for ...
2026-04-19 20:25:02.472 [info] Getting sessions for read:user,repo,user:email,workflow...
2026-04-19 20:25:02.472 [info] Got 1 sessions for read:user,repo,user:email,workflow...
2026-04-19 23:18:33.037 [info] Getting sessions for all scopes...
2026-04-19 23:18:33.037 [info] Got 3 sessions for ...
2026-04-19 23:18:33.042 [info] Getting sessions for read:user,repo,user:email,workflow...
2026-04-19 23:18:33.042 [info] Got 1 sessions for read:user,repo,user:email,workflow...
2026-04-19 23:18:33.120 [info] Getting sessions for all scopes...
2026-04-19 23:18:33.120 [info] Got 3 sessions for ...
2026-04-19 23:18:33.121 [info] Getting sessions for all scopes...
2026-04-19 23:18:33.121 [info] Got 3 sessions for ...
2026-04-19 23:18:33.914 [info] Getting sessions for all scopes...
2026-04-19 23:18:33.914 [info] Got 3 sessions for ...
2026-04-19 23:18:33.914 [info] Getting sessions for all scopes...
2026-04-19 23:18:33.914 [info] Got 3 sessions for ...
2026-04-19 23:18:33.915 [info] Getting sessions for read:user,repo,user:email,workflow...
2026-04-19 23:18:33.915 [info] Got 1 sessions for read:user,repo,user:email,workflow...
2026-04-19 23:18:33.921 [info] Getting sessions for all scopes...
2026-04-19 23:18:33.921 [info] Got 3 sessions for ...
2026-04-19 23:18:33.929 [info] Getting sessions for read:user,repo,user:email,workflow...
2026-04-19 23:18:33.929 [info] Got 1 sessions for read:user,repo,user:email,workflow...
2026-04-19 23:18:34.422 [info] Getting sessions for all scopes...
2026-04-19 23:18:34.422 [info] Got 3 sessions for ...
2026-04-19 23:18:34.425 [info] Getting sessions for read:user,repo,user:email,workflow...
2026-04-19 23:18:34.425 [info] Got 1 sessions for read:user,repo,user:email,workflow...
2026-04-19 23:18:44.546 [info] Getting sessions for all scopes...
2026-04-19 23:18:44.546 [info] Got 3 sessions for ...
2026-04-19 23:18:44.547 [info] Getting sessions for all scopes...
2026-04-19 23:18:44.547 [info] Got 3 sessions for ...
2026-04-19 23:24:54.256 [info] Getting sessions for all scopes...
2026-04-19 23:24:54.256 [info] Got 3 sessions for ...
2026-04-19 23:24:54.258 [info] Getting sessions for read:user,repo,user:email,workflow...
2026-04-19 23:24:54.258 [info] Got 1 sessions for read:user,repo,user:email,workflow...
2026-04-19 23:28:46.441 [info] Getting sessions for all scopes...
2026-04-19 23:28:46.441 [info] Got 3 sessions for ...
2026-04-19 23:28:46.442 [info] Getting sessions for all scopes...
2026-04-19 23:28:46.442 [info] Got 3 sessions for ...
2026-04-19 23:29:14.512 [info] Getting sessions for all scopes...
2026-04-19 23:29:14.512 [info] Got 3 sessions for ...
2026-04-19 23:29:14.513 [info] Getting sessions for all scopes...
2026-04-19 23:29:14.513 [info] Got 3 sessions for ...
2026-04-19 23:29:15.867 [info] Getting sessions for all scopes...
2026-04-19 23:29:15.867 [info] Got 3 sessions for ...
2026-04-19 23:29:15.868 [info] Getting sessions for all scopes...
2026-04-19 23:29:15.868 [info] Got 3 sessions for ...
2026-04-19 23:29:18.383 [info] Getting sessions for all scopes...
2026-04-19 23:29:18.383 [info] Got 3 sessions for ...
2026-04-19 23:29:18.384 [info] Getting sessions for all scopes...
2026-04-19 23:29:18.384 [info] Got 3 sessions for ...
2026-04-19 23:30:40.313 [info] Getting sessions for all scopes...
2026-04-19 23:30:40.313 [info] Got 3 sessions for ...
2026-04-19 23:30:40.314 [info] Getting sessions for all scopes...
2026-04-19 23:30:40.314 [info] Got 3 sessions for ...
2026-04-19 23:34:10.498 [info] Getting sessions for all scopes...
2026-04-19 23:34:10.498 [info] Got 3 sessions for ...
2026-04-19 23:34:10.499 [info] Getting sessions for all scopes...
2026-04-19 23:34:10.499 [info] Got 3 sessions for ...
2026-04-19 23:34:55.287 [info] Getting sessions for all scopes...
2026-04-19 23:34:55.288 [info] Got 3 sessions for ...
2026-04-19 23:34:55.291 [info] Getting sessions for read:user,repo,user:email,workflow...
2026-04-19 23:34:55.291 [info] Got 1 sessions for read:user,repo,user:email,workflow...
2026-04-20 12:41:09.095 [info] Getting sessions for all scopes...
2026-04-20 12:41:09.095 [info] Got 3 sessions for ...
2026-04-20 12:41:09.111 [info] Getting sessions for read:user,repo,user:email,workflow...
2026-04-20 12:41:09.111 [info] Got 1 sessions for read:user,repo,user:email,workflow...
2026-04-20 12:41:09.231 [info] Getting sessions for all scopes...
2026-04-20 12:41:09.231 [info] Got 3 sessions for ...
2026-04-20 12:41:09.274 [info] Getting sessions for all scopes...
2026-04-20 12:41:09.274 [info] Got 3 sessions for ...
2026-04-20 12:41:11.475 [info] Getting sessions for all scopes...
2026-04-20 12:41:11.475 [info] Got 3 sessions for ...
2026-04-20 12:41:11.475 [info] Getting sessions for all scopes...
2026-04-20 12:41:11.475 [info] Got 3 sessions for ...
2026-04-20 12:41:11.478 [info] Getting sessions for read:user,repo,user:email,workflow...
2026-04-20 12:41:11.478 [info] Got 1 sessions for read:user,repo,user:email,workflow...
2026-04-20 12:41:11.498 [info] Getting sessions for all scopes...
2026-04-20 12:41:11.498 [info] Got 3 sessions for ...
2026-04-20 12:41:11.500 [info] Getting sessions for read:user,repo,user:email,workflow...
2026-04-20 12:41:11.500 [info] Got 1 sessions for read:user,repo,user:email,workflow...
2026-04-20 12:41:11.992 [info] Getting sessions for all scopes...
2026-04-20 12:41:11.992 [info] Got 3 sessions for ...
2026-04-20 12:41:11.994 [info] Getting sessions for read:user,repo,user:email,workflow...
2026-04-20 12:41:11.994 [info] Got 1 sessions for read:user,repo,user:email,workflow...
