2026-03-26 15:58:07.806 [info] Reading sessions from keychain...
2026-03-26 15:58:07.806 [info] Getting sessions for all scopes...
2026-03-26 15:58:09.716 [info] Got stored sessions!
2026-03-26 15:58:09.716 [info] Got 3 verified sessions.
2026-03-26 15:58:09.717 [info] Got 3 sessions for ...
2026-03-26 15:58:09.717 [info] Getting sessions for all scopes...
2026-03-26 15:58:09.717 [info] Got 3 sessions for ...
2026-03-26 15:58:09.717 [info] Getting sessions for all scopes...
2026-03-26 15:58:09.717 [info] Got 3 sessions for ...
2026-03-26 15:58:09.902 [info] Getting sessions for all scopes...
2026-03-26 15:58:09.902 [info] Got 3 sessions for ...
2026-03-26 15:58:09.929 [info] Getting sessions for user:email...
2026-03-26 15:58:09.929 [info] Got 1 sessions for user:email...
2026-03-26 15:58:10.030 [info] Getting sessions for all scopes...
2026-03-26 15:58:10.030 [info] Got 3 sessions for ...
2026-03-26 15:58:10.110 [info] Getting sessions for all scopes...
2026-03-26 15:58:10.110 [info] Got 3 sessions for ...
2026-03-26 15:58:10.129 [info] Getting sessions for all scopes...
2026-03-26 15:58:10.129 [info] Got 3 sessions for ...
2026-03-26 15:58:10.129 [info] Getting sessions for all scopes...
2026-03-26 15:58:10.129 [info] Got 3 sessions for ...
2026-03-26 15:58:10.655 [info] Getting sessions for read:user,repo,user:email,workflow...
2026-03-26 15:58:10.655 [info] Got 1 sessions for read:user,repo,user:email,workflow...
2026-03-26 15:58:10.781 [info] Getting sessions for user:email...
2026-03-26 15:58:10.781 [info] Got 1 sessions for user:email...
2026-03-26 15:58:12.074 [info] Getting sessions for all scopes...
2026-03-26 15:58:12.074 [info] Got 3 sessions for ...
2026-03-26 15:58:12.074 [info] Getting sessions for all scopes...
2026-03-26 15:58:12.074 [info] Got 3 sessions for ...
2026-03-26 15:58:12.138 [info] Getting sessions for all scopes...
2026-03-26 15:58:12.138 [info] Got 3 sessions for ...
2026-03-26 15:58:12.215 [info] Getting sessions for read:user,repo,user:email,workflow...
2026-03-26 15:58:12.216 [info] Got 1 sessions for read:user,repo,user:email,workflow...
2026-03-26 15:58:12.727 [info] Getting sessions for read:user,repo,user:email,workflow...
2026-03-26 15:58:12.727 [info] Got 1 sessions for read:user,repo,user:email,workflow...
2026-03-26 15:58:12.998 [info] FetcherService: Node fetch failed with status: 429 Too Many Requests
2026-03-26 15:58:13.000 [info] Unable to resolve optional EDU details. Status: 429 Too Many Requests
2026-03-26 15:58:13.681 [info] Getting sessions for all scopes...
2026-03-26 15:58:13.681 [info] Got 3 sessions for ...
2026-03-26 15:58:13.681 [info] Getting sessions for all scopes...
2026-03-26 15:58:13.681 [info] Got 3 sessions for ...
2026-03-26 15:58:13.737 [info] Getting sessions for read:user,repo,user:email,workflow...
2026-03-26 15:58:13.737 [info] Got 1 sessions for read:user,repo,user:email,workflow...
2026-03-26 15:58:13.889 [info] Getting sessions for all scopes...
2026-03-26 15:58:13.889 [info] Got 3 sessions for ...
2026-03-26 15:58:13.890 [info] Getting sessions for all scopes...
2026-03-26 15:58:13.890 [info] Got 3 sessions for ...
2026-03-26 15:58:13.970 [info] Getting sessions for all scopes...
2026-03-26 15:58:13.970 [info] Got 3 sessions for ...
2026-03-26 15:58:14.007 [info] Getting sessions for read:user,repo,user:email,workflow...
2026-03-26 15:58:14.007 [info] Got 1 sessions for read:user,repo,user:email,workflow...
2026-03-26 15:58:14.008 [info] Getting sessions for all scopes...
2026-03-26 15:58:14.008 [info] Got 3 sessions for ...
2026-03-26 15:58:14.108 [info] Getting sessions for all scopes...
2026-03-26 15:58:14.108 [info] Got 3 sessions for ...
2026-03-26 15:58:14.109 [info] Getting sessions for read:user,repo,user:email,workflow...
2026-03-26 15:58:14.109 [info] Got 1 sessions for read:user,repo,user:email,workflow...
2026-03-26 15:58:14.386 [info] Getting sessions for all scopes...
2026-03-26 15:58:14.386 [info] Got 3 sessions for ...
2026-03-26 15:58:14.390 [info] Getting sessions for read:user,repo,user:email,workflow...
2026-03-26 15:58:14.390 [info] Got 1 sessions for read:user,repo,user:email,workflow...
2026-03-26 15:58:21.804 [info] Reading sessions from keychain...
2026-03-26 15:58:21.804 [info] Getting sessions for all scopes...
2026-03-26 15:58:21.832 [info] Got stored sessions!
2026-03-26 15:58:21.832 [info] Got 3 verified sessions.
2026-03-26 15:58:21.832 [info] Got 3 sessions for ...
2026-03-26 15:58:21.832 [info] Getting sessions for all scopes...
2026-03-26 15:58:21.832 [info] Got 3 sessions for ...
2026-03-26 15:58:21.909 [info] Getting sessions for all scopes...
2026-03-26 15:58:21.909 [info] Got 3 sessions for ...
2026-03-26 15:58:23.035 [info] Getting sessions for all scopes...
2026-03-26 15:58:23.035 [info] Got 3 sessions for ...
2026-03-26 15:58:23.048 [info] Getting sessions for user:email...
2026-03-26 15:58:23.048 [info] Got 1 sessions for user:email...
2026-03-26 15:58:23.227 [info] Getting sessions for all scopes...
2026-03-26 15:58:23.227 [info] Got 3 sessions for ...
2026-03-26 15:58:23.227 [info] Getting sessions for all scopes...
2026-03-26 15:58:23.227 [info] Got 3 sessions for ...
2026-03-26 15:58:23.490 [info] Getting sessions for all scopes...
2026-03-26 15:58:23.490 [info] Got 3 sessions for ...
2026-03-26 15:58:23.497 [info] Getting sessions for read:user,repo,user:email,workflow...
2026-03-26 15:58:23.497 [info] Got 1 sessions for read:user,repo,user:email,workflow...
2026-03-26 15:58:23.540 [info] Getting sessions for user:email...
2026-03-26 15:58:23.540 [info] Got 1 sessions for user:email...
2026-03-26 15:58:23.544 [info] Getting sessions for all scopes...
2026-03-26 15:58:23.544 [info] Got 3 sessions for ...
2026-03-26 15:58:23.545 [info] Getting sessions for read:user,repo,user:email,workflow...
2026-03-26 15:58:23.545 [info] Got 1 sessions for read:user,repo,user:email,workflow...
2026-03-26 15:58:24.061 [info] Getting sessions for all scopes...
2026-03-26 15:58:24.061 [info] Got 3 sessions for ...
2026-03-26 15:58:24.061 [info] Getting sessions for all scopes...
2026-03-26 15:58:24.061 [info] Got 3 sessions for ...
2026-03-26 15:58:24.062 [info] FetcherService: Node fetch failed with status: 429 Too Many Requests
2026-03-26 15:58:24.065 [info] Unable to resolve optional EDU details. Status: 429 Too Many Requests
2026-03-26 15:58:24.513 [info] Getting sessions for read:user,repo,user:email,workflow...
2026-03-26 15:58:24.513 [info] Got 1 sessions for read:user,repo,user:email,workflow...
2026-03-26 15:58:24.666 [info] Getting sessions for all scopes...
2026-03-26 15:58:24.666 [info] Got 3 sessions for ...
2026-03-26 15:58:24.666 [info] Getting sessions for all scopes...
2026-03-26 15:58:24.666 [info] Got 3 sessions for ...
2026-03-26 15:58:24.681 [info] Getting sessions for read:user,repo,user:email,workflow...
2026-03-26 15:58:24.681 [info] Got 1 sessions for read:user,repo,user:email,workflow...
2026-03-26 15:58:24.739 [info] Getting sessions for all scopes...
2026-03-26 15:58:24.739 [info] Got 3 sessions for ...
2026-03-26 15:58:24.745 [info] Getting sessions for all scopes...
2026-03-26 15:58:24.745 [info] Got 3 sessions for ...
2026-03-26 15:58:24.786 [info] Getting sessions for all scopes...
2026-03-26 15:58:24.786 [info] Got 3 sessions for ...
2026-03-26 15:58:24.789 [info] Getting sessions for read:user,repo,user:email,workflow...
2026-03-26 15:58:24.789 [info] Got 1 sessions for read:user,repo,user:email,workflow...
2026-03-26 15:58:24.828 [info] Getting sessions for all scopes...
2026-03-26 15:58:24.828 [info] Got 3 sessions for ...
2026-03-26 15:58:24.835 [info] Getting sessions for read:user,repo,user:email,workflow...
2026-03-26 15:58:24.835 [info] Got 1 sessions for read:user,repo,user:email,workflow...
2026-03-26 15:58:25.054 [info] Getting sessions for all scopes...
2026-03-26 15:58:25.054 [info] Got 3 sessions for ...
2026-03-26 15:58:25.054 [info] Getting sessions for read:user,repo,user:email,workflow...
2026-03-26 15:58:25.054 [info] Got 1 sessions for read:user,repo,user:email,workflow...
2026-03-26 15:58:27.125 [info] Getting sessions for all scopes...
2026-03-26 15:58:27.125 [info] Got 3 sessions for ...
2026-03-26 15:58:27.126 [info] Getting sessions for all scopes...
2026-03-26 15:58:27.126 [info] Got 3 sessions for ...
2026-03-26 15:58:27.801 [info] Getting sessions for all scopes...
2026-03-26 15:58:27.801 [info] Got 3 sessions for ...
2026-03-26 15:58:27.801 [info] Getting sessions for all scopes...
2026-03-26 15:58:27.801 [info] Got 3 sessions for ...
2026-03-26 16:00:30.649 [info] Getting sessions for all scopes...
2026-03-26 16:00:30.649 [info] Got 3 sessions for ...
2026-03-26 16:00:30.650 [info] Getting sessions for all scopes...
2026-03-26 16:00:30.650 [info] Got 3 sessions for ...
2026-03-26 16:00:32.388 [info] Getting sessions for all scopes...
2026-03-26 16:00:32.388 [info] Got 3 sessions for ...
2026-03-26 16:00:32.390 [info] Getting sessions for all scopes...
2026-03-26 16:00:32.390 [info] Got 3 sessions for ...
2026-03-26 16:00:32.605 [info] Getting sessions for all scopes...
2026-03-26 16:00:32.605 [info] Got 3 sessions for ...
2026-03-26 16:00:32.606 [info] Getting sessions for all scopes...
2026-03-26 16:00:32.606 [info] Got 3 sessions for ...
2026-03-26 16:00:32.846 [info] Getting sessions for all scopes...
2026-03-26 16:00:32.846 [info] Got 3 sessions for ...
2026-03-26 16:00:32.847 [info] Getting sessions for all scopes...
2026-03-26 16:00:32.847 [info] Got 3 sessions for ...
2026-03-26 16:00:33.116 [info] Getting sessions for all scopes...
2026-03-26 16:00:33.116 [info] Got 3 sessions for ...
2026-03-26 16:00:33.117 [info] Getting sessions for all scopes...
2026-03-26 16:00:33.117 [info] Got 3 sessions for ...
2026-03-26 16:00:35.333 [info] Getting sessions for all scopes...
2026-03-26 16:00:35.333 [info] Got 3 sessions for ...
2026-03-26 16:00:35.334 [info] Getting sessions for all scopes...
2026-03-26 16:00:35.334 [info] Got 3 sessions for ...
2026-03-26 16:00:47.412 [info] Getting sessions for all scopes...
2026-03-26 16:00:47.412 [info] Got 3 sessions for ...
2026-03-26 16:00:47.413 [info] Getting sessions for all scopes...
2026-03-26 16:00:47.413 [info] Got 3 sessions for ...
2026-03-26 16:00:51.254 [info] Getting sessions for all scopes...
2026-03-26 16:00:51.254 [info] Got 3 sessions for ...
2026-03-26 16:00:51.255 [info] Getting sessions for all scopes...
2026-03-26 16:00:51.255 [info] Got 3 sessions for ...
2026-03-26 16:00:54.309 [info] Getting sessions for all scopes...
2026-03-26 16:00:54.309 [info] Got 3 sessions for ...
2026-03-26 16:00:54.310 [info] Getting sessions for all scopes...
2026-03-26 16:00:54.310 [info] Got 3 sessions for ...
2026-03-26 16:00:59.066 [info] Reading sessions from keychain...
2026-03-26 16:00:59.066 [info] Getting sessions for all scopes...
2026-03-26 16:01:01.159 [info] Got stored sessions!
2026-03-26 16:01:01.159 [info] Got 3 verified sessions.
2026-03-26 16:01:01.159 [info] Got 3 sessions for ...
2026-03-26 16:01:01.159 [info] Getting sessions for all scopes...
2026-03-26 16:01:01.159 [info] Got 3 sessions for ...
2026-03-26 16:01:01.201 [info] Getting sessions for all scopes...
2026-03-26 16:01:01.201 [info] Got 3 sessions for ...
2026-03-26 16:01:01.222 [info] Getting sessions for user:email...
2026-03-26 16:01:01.222 [info] Got 1 sessions for user:email...
2026-03-26 16:01:01.279 [info] Getting sessions for all scopes...
2026-03-26 16:01:01.279 [info] Got 3 sessions for ...
2026-03-26 16:01:01.323 [info] Getting sessions for all scopes...
2026-03-26 16:01:01.323 [info] Got 3 sessions for ...
2026-03-26 16:01:01.393 [info] Getting sessions for all scopes...
2026-03-26 16:01:01.393 [info] Got 3 sessions for ...
2026-03-26 16:01:01.394 [info] Getting sessions for all scopes...
2026-03-26 16:01:01.394 [info] Got 3 sessions for ...
2026-03-26 16:01:02.033 [info] Getting sessions for read:user,repo,user:email,workflow...
2026-03-26 16:01:02.033 [info] Got 1 sessions for read:user,repo,user:email,workflow...
2026-03-26 16:01:03.411 [info] Getting sessions for read:user,repo,user:email,workflow...
2026-03-26 16:01:03.411 [info] Got 1 sessions for read:user,repo,user:email,workflow...
2026-03-26 16:01:03.411 [info] Getting sessions for all scopes...
2026-03-26 16:01:03.411 [info] Got 3 sessions for ...
2026-03-26 16:01:03.412 [info] Getting sessions for all scopes...
2026-03-26 16:01:03.412 [info] Got 3 sessions for ...
2026-03-26 16:01:03.412 [info] Getting sessions for all scopes...
2026-03-26 16:01:03.412 [info] Got 3 sessions for ...
2026-03-26 16:01:03.698 [info] Getting sessions for user:email...
2026-03-26 16:01:03.698 [info] Got 1 sessions for user:email...
2026-03-26 16:01:04.289 [info] Getting sessions for read:user,repo,user:email,workflow...
2026-03-26 16:01:04.289 [info] Got 1 sessions for read:user,repo,user:email,workflow...
2026-03-26 16:01:04.786 [info] FetcherService: Node fetch failed with status: 429 Too Many Requests
2026-03-26 16:01:04.788 [info] Unable to resolve optional EDU details. Status: 429 Too Many Requests
2026-03-26 16:01:05.177 [info] Getting sessions for all scopes...
2026-03-26 16:01:05.177 [info] Got 3 sessions for ...
2026-03-26 16:01:05.177 [info] Getting sessions for all scopes...
2026-03-26 16:01:05.177 [info] Got 3 sessions for ...
2026-03-26 16:01:05.203 [info] Getting sessions for read:user,repo,user:email,workflow...
2026-03-26 16:01:05.203 [info] Got 1 sessions for read:user,repo,user:email,workflow...
2026-03-26 16:01:05.277 [info] Getting sessions for all scopes...
2026-03-26 16:01:05.277 [info] Got 3 sessions for ...
2026-03-26 16:01:05.278 [info] Getting sessions for all scopes...
2026-03-26 16:01:05.278 [info] Got 3 sessions for ...
2026-03-26 16:01:05.341 [info] Getting sessions for read:user,repo,user:email,workflow...
2026-03-26 16:01:05.341 [info] Got 1 sessions for read:user,repo,user:email,workflow...
2026-03-26 16:01:05.384 [info] Getting sessions for all scopes...
2026-03-26 16:01:05.384 [info] Got 3 sessions for ...
2026-03-26 16:01:05.390 [info] Getting sessions for all scopes...
2026-03-26 16:01:05.390 [info] Got 3 sessions for ...
2026-03-26 16:01:05.391 [info] Getting sessions for all scopes...
2026-03-26 16:01:05.391 [info] Got 3 sessions for ...
2026-03-26 16:01:05.393 [info] Getting sessions for read:user,repo,user:email,workflow...
2026-03-26 16:01:05.393 [info] Got 1 sessions for read:user,repo,user:email,workflow...
2026-03-26 16:01:05.765 [info] Getting sessions for all scopes...
2026-03-26 16:01:05.765 [info] Got 3 sessions for ...
2026-03-26 16:01:05.773 [info] Getting sessions for read:user,repo,user:email,workflow...
2026-03-26 16:01:05.773 [info] Got 1 sessions for read:user,repo,user:email,workflow...
2026-03-26 16:01:21.602 [info] Getting sessions for all scopes...
2026-03-26 16:01:21.602 [info] Got 3 sessions for ...
2026-03-26 16:01:21.603 [info] Getting sessions for all scopes...
2026-03-26 16:01:21.603 [info] Got 3 sessions for ...
2026-03-26 16:01:25.094 [info] Getting sessions for all scopes...
2026-03-26 16:01:25.094 [info] Got 3 sessions for ...
2026-03-26 16:01:25.095 [info] Getting sessions for all scopes...
2026-03-26 16:01:25.095 [info] Got 3 sessions for ...
2026-03-26 16:01:30.327 [info] Reading sessions from keychain...
2026-03-26 16:01:30.327 [info] Getting sessions for all scopes...
2026-03-26 16:01:30.327 [info] Got stored sessions!
2026-03-26 16:01:30.327 [info] Got 3 verified sessions.
2026-03-26 16:01:30.327 [info] Got 3 sessions for ...
2026-03-26 16:01:30.327 [info] Getting sessions for all scopes...
2026-03-26 16:01:30.327 [info] Got 3 sessions for ...
2026-03-26 16:01:30.327 [info] Getting sessions for all scopes...
2026-03-26 16:01:30.327 [info] Got 3 sessions for ...
2026-03-26 16:01:30.354 [info] Getting sessions for all scopes...
2026-03-26 16:01:30.354 [info] Got 3 sessions for ...
2026-03-26 16:01:31.350 [info] Getting sessions for all scopes...
2026-03-26 16:01:31.350 [info] Got 3 sessions for ...
2026-03-26 16:01:31.359 [info] Getting sessions for user:email...
2026-03-26 16:01:31.359 [info] Got 1 sessions for user:email...
2026-03-26 16:01:31.505 [info] Getting sessions for all scopes...
2026-03-26 16:01:31.505 [info] Got 3 sessions for ...
2026-03-26 16:01:31.505 [info] Getting sessions for all scopes...
2026-03-26 16:01:31.505 [info] Got 3 sessions for ...
2026-03-26 16:01:31.848 [info] Getting sessions for read:user,repo,user:email,workflow...
2026-03-26 16:01:31.848 [info] Got 1 sessions for read:user,repo,user:email,workflow...
2026-03-26 16:01:32.043 [info] Getting sessions for all scopes...
2026-03-26 16:01:32.043 [info] Got 3 sessions for ...
2026-03-26 16:01:32.061 [info] Getting sessions for user:email...
2026-03-26 16:01:32.061 [info] Got 1 sessions for user:email...
2026-03-26 16:01:32.077 [info] Getting sessions for all scopes...
2026-03-26 16:01:32.077 [info] Got 3 sessions for ...
2026-03-26 16:01:32.090 [info] Getting sessions for read:user,repo,user:email,workflow...
2026-03-26 16:01:32.090 [info] Got 1 sessions for read:user,repo,user:email,workflow...
2026-03-26 16:01:32.450 [info] FetcherService: Node fetch failed with status: 429 Too Many Requests
2026-03-26 16:01:32.451 [info] Unable to resolve optional EDU details. Status: 429 Too Many Requests
2026-03-26 16:01:32.495 [info] Getting sessions for all scopes...
2026-03-26 16:01:32.495 [info] Got 3 sessions for ...
2026-03-26 16:01:32.495 [info] Getting sessions for all scopes...
2026-03-26 16:01:32.495 [info] Got 3 sessions for ...
2026-03-26 16:01:32.955 [info] Getting sessions for read:user,repo,user:email,workflow...
2026-03-26 16:01:32.956 [info] Got 1 sessions for read:user,repo,user:email,workflow...
2026-03-26 16:01:33.097 [info] Getting sessions for all scopes...
2026-03-26 16:01:33.097 [info] Got 3 sessions for ...
2026-03-26 16:01:33.097 [info] Getting sessions for all scopes...
2026-03-26 16:01:33.097 [info] Got 3 sessions for ...
2026-03-26 16:01:33.105 [info] Getting sessions for read:user,repo,user:email,workflow...
2026-03-26 16:01:33.105 [info] Got 1 sessions for read:user,repo,user:email,workflow...
2026-03-26 16:01:33.168 [info] Getting sessions for all scopes...
2026-03-26 16:01:33.168 [info] Got 3 sessions for ...
2026-03-26 16:01:33.168 [info] Getting sessions for all scopes...
2026-03-26 16:01:33.168 [info] Got 3 sessions for ...
2026-03-26 16:01:33.277 [info] Getting sessions for all scopes...
2026-03-26 16:01:33.277 [info] Got 3 sessions for ...
2026-03-26 16:01:33.279 [info] Getting sessions for read:user,repo,user:email,workflow...
2026-03-26 16:01:33.279 [info] Got 1 sessions for read:user,repo,user:email,workflow...
2026-03-26 16:01:33.287 [info] Getting sessions for all scopes...
2026-03-26 16:01:33.287 [info] Got 3 sessions for ...
2026-03-26 16:01:33.289 [info] Getting sessions for read:user,repo,user:email,workflow...
2026-03-26 16:01:33.289 [info] Got 1 sessions for read:user,repo,user:email,workflow...
2026-03-26 16:01:33.513 [info] Getting sessions for all scopes...
2026-03-26 16:01:33.513 [info] Got 3 sessions for ...
2026-03-26 16:01:33.514 [info] Getting sessions for read:user,repo,user:email,workflow...
2026-03-26 16:01:33.514 [info] Got 1 sessions for read:user,repo,user:email,workflow...
2026-03-26 16:02:07.030 [info] Getting sessions for all scopes...
2026-03-26 16:02:07.030 [info] Got 3 sessions for ...
2026-03-26 16:02:07.031 [info] Getting sessions for all scopes...
2026-03-26 16:02:07.031 [info] Got 3 sessions for ...
2026-03-26 16:02:11.113 [info] Getting sessions for all scopes...
2026-03-26 16:02:11.113 [info] Got 3 sessions for ...
2026-03-26 16:02:11.114 [info] Getting sessions for all scopes...
2026-03-26 16:02:11.115 [info] Got 3 sessions for ...
2026-03-26 16:03:23.690 [info] Getting sessions for all scopes...
2026-03-26 16:03:23.690 [info] Got 3 sessions for ...
2026-03-26 16:03:23.690 [info] Getting sessions for all scopes...
2026-03-26 16:03:23.690 [info] Got 3 sessions for ...
2026-03-26 16:03:24.421 [info] Getting sessions for all scopes...
2026-03-26 16:03:24.421 [info] Got 3 sessions for ...
2026-03-26 16:03:24.422 [info] Getting sessions for all scopes...
2026-03-26 16:03:24.422 [info] Got 3 sessions for ...
2026-03-26 16:03:31.333 [info] Getting sessions for all scopes...
2026-03-26 16:03:31.334 [info] Got 3 sessions for ...
2026-03-26 16:03:31.335 [info] Getting sessions for all scopes...
2026-03-26 16:03:31.335 [info] Got 3 sessions for ...
2026-03-26 16:03:40.562 [info] Reading sessions from keychain...
2026-03-26 16:03:40.562 [info] Getting sessions for all scopes...
2026-03-26 16:03:42.463 [info] Got stored sessions!
2026-03-26 16:03:42.464 [info] Got 3 verified sessions.
2026-03-26 16:03:42.464 [info] Got 3 sessions for ...
2026-03-26 16:03:42.464 [info] Getting sessions for all scopes...
2026-03-26 16:03:42.464 [info] Got 3 sessions for ...
2026-03-26 16:03:42.464 [info] Getting sessions for all scopes...
2026-03-26 16:03:42.464 [info] Got 3 sessions for ...
2026-03-26 16:03:42.610 [info] Getting sessions for all scopes...
2026-03-26 16:03:42.610 [info] Got 3 sessions for ...
2026-03-26 16:03:42.623 [info] Getting sessions for user:email...
2026-03-26 16:03:42.623 [info] Got 1 sessions for user:email...
2026-03-26 16:03:42.667 [info] Getting sessions for all scopes...
2026-03-26 16:03:42.667 [info] Got 3 sessions for ...
2026-03-26 16:03:42.733 [info] Getting sessions for all scopes...
2026-03-26 16:03:42.733 [info] Got 3 sessions for ...
2026-03-26 16:03:42.733 [info] Getting sessions for all scopes...
2026-03-26 16:03:42.733 [info] Got 3 sessions for ...
2026-03-26 16:03:43.396 [info] Getting sessions for read:user,repo,user:email,workflow...
2026-03-26 16:03:43.396 [info] Got 1 sessions for read:user,repo,user:email,workflow...
2026-03-26 16:03:43.977 [info] Getting sessions for user:email...
2026-03-26 16:03:43.977 [info] Got 1 sessions for user:email...
2026-03-26 16:03:44.764 [info] Getting sessions for all scopes...
2026-03-26 16:03:44.764 [info] Got 3 sessions for ...
2026-03-26 16:03:44.765 [info] Getting sessions for all scopes...
2026-03-26 16:03:44.765 [info] Got 3 sessions for ...
2026-03-26 16:03:44.765 [info] Getting sessions for all scopes...
2026-03-26 16:03:44.765 [info] Got 3 sessions for ...
2026-03-26 16:03:44.864 [info] Getting sessions for all scopes...
2026-03-26 16:03:44.864 [info] Got 3 sessions for ...
2026-03-26 16:03:44.868 [info] Getting sessions for all scopes...
2026-03-26 16:03:44.868 [info] Got 3 sessions for ...
2026-03-26 16:03:45.370 [info] Getting sessions for all scopes...
2026-03-26 16:03:45.370 [info] Got 3 sessions for ...
2026-03-26 16:03:45.412 [info] FetcherService: Node fetch failed with status: 429 Too Many Requests
2026-03-26 16:03:45.414 [info] Unable to resolve optional EDU details. Status: 429 Too Many Requests
2026-03-26 16:03:45.474 [info] Getting sessions for read:user,repo,user:email,workflow...
2026-03-26 16:03:45.474 [info] Got 1 sessions for read:user,repo,user:email,workflow...
2026-03-26 16:03:45.834 [info] Getting sessions for read:user,repo,user:email,workflow...
2026-03-26 16:03:45.834 [info] Got 1 sessions for read:user,repo,user:email,workflow...
2026-03-26 16:03:45.873 [info] Getting sessions for all scopes...
2026-03-26 16:03:45.873 [info] Got 3 sessions for ...
2026-03-26 16:03:45.944 [info] Getting sessions for all scopes...
2026-03-26 16:03:45.944 [info] Got 3 sessions for ...
2026-03-26 16:03:46.508 [info] Getting sessions for all scopes...
2026-03-26 16:03:46.508 [info] Got 3 sessions for ...
2026-03-26 16:03:46.508 [info] Getting sessions for all scopes...
2026-03-26 16:03:46.508 [info] Got 3 sessions for ...
2026-03-26 16:03:46.534 [info] Getting sessions for read:user,repo,user:email,workflow...
2026-03-26 16:03:46.534 [info] Got 1 sessions for read:user,repo,user:email,workflow...
2026-03-26 16:03:46.626 [info] Getting sessions for all scopes...
2026-03-26 16:03:46.626 [info] Got 3 sessions for ...
2026-03-26 16:03:46.626 [info] Getting sessions for all scopes...
2026-03-26 16:03:46.626 [info] Got 3 sessions for ...
2026-03-26 16:03:46.672 [info] Getting sessions for read:user,repo,user:email,workflow...
2026-03-26 16:03:46.672 [info] Got 1 sessions for read:user,repo,user:email,workflow...
2026-03-26 16:03:46.686 [info] Getting sessions for all scopes...
2026-03-26 16:03:46.686 [info] Got 3 sessions for ...
2026-03-26 16:03:46.688 [info] Getting sessions for all scopes...
2026-03-26 16:03:46.688 [info] Got 3 sessions for ...
2026-03-26 16:03:46.689 [info] Getting sessions for all scopes...
2026-03-26 16:03:46.689 [info] Got 3 sessions for ...
2026-03-26 16:03:46.690 [info] Getting sessions for read:user,repo,user:email,workflow...
2026-03-26 16:03:46.690 [info] Got 1 sessions for read:user,repo,user:email,workflow...
2026-03-26 16:03:47.120 [info] Getting sessions for all scopes...
2026-03-26 16:03:47.120 [info] Got 3 sessions for ...
2026-03-26 16:03:47.125 [info] Getting sessions for read:user,repo,user:email,workflow...
2026-03-26 16:03:47.125 [info] Got 1 sessions for read:user,repo,user:email,workflow...
2026-03-26 16:03:47.341 [info] Getting sessions for all scopes...
2026-03-26 16:03:47.341 [info] Got 3 sessions for ...
2026-03-26 16:03:47.342 [info] Getting sessions for all scopes...
2026-03-26 16:03:47.342 [info] Got 3 sessions for ...
2026-03-26 16:03:47.857 [info] Getting sessions for all scopes...
2026-03-26 16:03:47.857 [info] Got 3 sessions for ...
2026-03-26 16:03:47.857 [info] Getting sessions for all scopes...
2026-03-26 16:03:47.857 [info] Got 3 sessions for ...
2026-03-26 16:03:50.985 [info] Getting sessions for all scopes...
2026-03-26 16:03:50.985 [info] Got 3 sessions for ...
2026-03-26 16:03:50.987 [info] Getting sessions for all scopes...
2026-03-26 16:03:50.987 [info] Got 3 sessions for ...
2026-03-26 16:04:02.050 [info] Getting sessions for all scopes...
2026-03-26 16:04:02.050 [info] Got 3 sessions for ...
2026-03-26 16:04:02.051 [info] Getting sessions for all scopes...
2026-03-26 16:04:02.051 [info] Got 3 sessions for ...
