2026-03-26 12:07:28.845 [info] [aebc6443-996d-45c2-90f0-388ff96faa56] Native Broker enabled: false
2026-03-26 12:07:28.963 [info] [getSessions] [all] starting
2026-03-26 12:07:28.963 [info] [getSessions] [all] returned 0 session(s)
2026-03-26 12:07:28.964 [info] [getSessions] [all] starting
2026-03-26 12:07:28.964 [info] [getSessions] [all] returned 0 session(s)
2026-03-26 12:07:28.964 [info] [getSessions] [all] starting
2026-03-26 12:07:28.964 [info] [getSessions] [all] returned 0 session(s)
2026-03-26 12:07:28.988 [info] [getSessions] [499b84ac-1321-427f-aa17-267ca6975798/.default offline_access] starting
2026-03-26 12:07:28.988 [info] [aebc6443-996d-45c2-90f0-388ff96faa56] Native Broker enabled: false
2026-03-26 12:07:29.289 [info] [getSessions] [499b84ac-1321-427f-aa17-267ca6975798/.default offline_access] returned 0 session(s)
2026-03-26 12:07:32.026 [info] [getSessions] [499b84ac-1321-427f-aa17-267ca6975798/.default offline_access] starting
2026-03-26 12:07:32.026 [info] [getSessions] [499b84ac-1321-427f-aa17-267ca6975798/.default offline_access] returned 0 session(s)
2026-03-26 12:07:49.991 [info] Microsoft Authentication is deactivating...
2026-03-26 12:07:53.090 [info] [aebc6443-996d-45c2-90f0-388ff96faa56] Native Broker enabled: false
2026-03-26 12:07:53.159 [info] [getSessions] [all] starting
2026-03-26 12:07:53.159 [info] [getSessions] [all] returned 0 session(s)
2026-03-26 12:07:53.159 [info] [getSessions] [all] starting
2026-03-26 12:07:53.159 [info] [getSessions] [all] returned 0 session(s)
2026-03-26 12:07:53.159 [info] [getSessions] [all] starting
2026-03-26 12:07:53.159 [info] [getSessions] [all] returned 0 session(s)
2026-03-26 12:07:53.167 [info] [getSessions] [499b84ac-1321-427f-aa17-267ca6975798/.default offline_access] starting
2026-03-26 12:07:53.167 [info] [aebc6443-996d-45c2-90f0-388ff96faa56] Native Broker enabled: false
2026-03-26 12:07:53.184 [info] [getSessions] [499b84ac-1321-427f-aa17-267ca6975798/.default offline_access] returned 0 session(s)
2026-03-26 12:07:53.214 [info] [getSessions] [all] starting
2026-03-26 12:07:53.214 [info] [getSessions] [all] returned 0 session(s)
2026-03-26 12:07:54.259 [info] [getSessions] [499b84ac-1321-427f-aa17-267ca6975798/.default offline_access] starting
2026-03-26 12:07:54.259 [info] [getSessions] [499b84ac-1321-427f-aa17-267ca6975798/.default offline_access] returned 0 session(s)
2026-03-26 13:26:38.186 [info] [getSessions] [499b84ac-1321-427f-aa17-267ca6975798/.default offline_access] starting
2026-03-26 13:26:38.186 [info] [getSessions] [499b84ac-1321-427f-aa17-267ca6975798/.default offline_access] returned 0 session(s)
