2026-03-27 12:35:18.315 [info] Reading sessions from keychain...
2026-03-27 12:35:18.315 [info] Getting sessions for all scopes...
2026-03-27 12:35:18.315 [info] Got stored sessions!
2026-03-27 12:35:18.315 [info] Got 3 verified sessions.
2026-03-27 12:35:18.315 [info] Got 3 sessions for ...
2026-03-27 12:35:18.315 [info] Getting sessions for all scopes...
2026-03-27 12:35:18.315 [info] Got 3 sessions for ...
2026-03-27 12:35:18.315 [info] Getting sessions for all scopes...
2026-03-27 12:35:18.315 [info] Got 3 sessions for ...
2026-03-27 12:35:18.315 [info] Getting sessions for user:email...
2026-03-27 12:35:18.315 [info] Got 1 sessions for user:email...
2026-03-27 12:35:18.315 [info] Getting sessions for all scopes...
2026-03-27 12:35:18.315 [info] Got 3 sessions for ...
2026-03-27 12:35:18.315 [info] Getting sessions for all scopes...
2026-03-27 12:35:18.315 [info] Got 3 sessions for ...
2026-03-27 12:35:18.315 [info] Getting sessions for all scopes...
2026-03-27 12:35:18.315 [info] Got 3 sessions for ...
2026-03-27 12:35:18.315 [info] Getting sessions for all scopes...
2026-03-27 12:35:18.315 [info] Got 3 sessions for ...
2026-03-27 12:35:18.315 [info] Getting sessions for read:user,repo,user:email,workflow...
2026-03-27 12:35:18.315 [info] Got 1 sessions for read:user,repo,user:email,workflow...
2026-03-27 12:35:18.998 [info] Getting sessions for all scopes...
2026-03-27 12:35:18.998 [info] Got 3 sessions for ...
2026-03-27 12:35:20.463 [info] Getting sessions for read:user,repo,user:email,workflow...
2026-03-27 12:35:20.463 [info] Got 1 sessions for read:user,repo,user:email,workflow...
2026-03-27 12:35:20.547 [info] Getting sessions for user:email...
2026-03-27 12:35:20.547 [info] Got 1 sessions for user:email...
2026-03-27 12:35:20.564 [info] FetcherService: Node fetch failed with status: 429 Too Many Requests
2026-03-27 12:35:20.567 [info] Unable to resolve optional EDU details. Status: 429 Too Many Requests
2026-03-27 12:35:21.277 [info] Getting sessions for all scopes...
2026-03-27 12:35:21.277 [info] Got 3 sessions for ...
2026-03-27 12:35:21.278 [info] Getting sessions for all scopes...
2026-03-27 12:35:21.278 [info] Got 3 sessions for ...
2026-03-27 12:35:21.435 [info] Getting sessions for all scopes...
2026-03-27 12:35:21.435 [info] Got 3 sessions for ...
2026-03-27 12:35:21.612 [info] Getting sessions for read:user,repo,user:email,workflow...
2026-03-27 12:35:21.612 [info] Got 1 sessions for read:user,repo,user:email,workflow...
2026-03-27 12:35:21.677 [info] Getting sessions for all scopes...
2026-03-27 12:35:21.678 [info] Got 3 sessions for ...
2026-03-27 12:35:21.995 [info] Getting sessions for all scopes...
2026-03-27 12:35:21.995 [info] Got 3 sessions for ...
2026-03-27 12:35:22.055 [info] Getting sessions for read:user,repo,user:email,workflow...
2026-03-27 12:35:22.055 [info] Got 1 sessions for read:user,repo,user:email,workflow...
2026-03-27 12:35:22.141 [info] Getting sessions for all scopes...
2026-03-27 12:35:22.141 [info] Got 3 sessions for ...
2026-03-27 12:35:22.141 [info] Getting sessions for all scopes...
2026-03-27 12:35:22.141 [info] Got 3 sessions for ...
2026-03-27 12:35:22.570 [info] Getting sessions for read:user,repo,user:email,workflow...
2026-03-27 12:35:22.570 [info] Got 1 sessions for read:user,repo,user:email,workflow...
2026-03-27 12:35:22.669 [info] Getting sessions for all scopes...
2026-03-27 12:35:22.669 [info] Got 3 sessions for ...
2026-03-27 12:35:22.670 [info] Getting sessions for all scopes...
2026-03-27 12:35:22.670 [info] Got 3 sessions for ...
2026-03-27 12:35:22.677 [info] Getting sessions for all scopes...
2026-03-27 12:35:22.677 [info] Got 3 sessions for ...
2026-03-27 12:35:22.700 [info] Getting sessions for read:user,repo,user:email,workflow...
2026-03-27 12:35:22.700 [info] Got 1 sessions for read:user,repo,user:email,workflow...
2026-03-27 12:35:22.749 [info] Getting sessions for all scopes...
2026-03-27 12:35:22.749 [info] Got 3 sessions for ...
2026-03-27 12:35:22.752 [info] Getting sessions for read:user,repo,user:email,workflow...
2026-03-27 12:35:22.752 [info] Got 1 sessions for read:user,repo,user:email,workflow...
2026-03-27 12:35:22.998 [info] Getting sessions for all scopes...
2026-03-27 12:35:22.998 [info] Got 3 sessions for ...
2026-03-27 12:35:23.005 [info] Getting sessions for read:user,repo,user:email,workflow...
2026-03-27 12:35:23.005 [info] Got 1 sessions for read:user,repo,user:email,workflow...
2026-03-27 12:35:23.203 [info] Getting sessions for all scopes...
2026-03-27 12:35:23.203 [info] Got 3 sessions for ...
2026-03-27 12:35:23.240 [info] Getting sessions for read:user,repo,user:email,workflow...
2026-03-27 12:35:23.240 [info] Got 1 sessions for read:user,repo,user:email,workflow...
2026-03-27 12:35:23.486 [info] Getting sessions for all scopes...
2026-03-27 12:35:23.486 [info] Got 3 sessions for ...
2026-03-27 12:35:23.530 [info] Getting sessions for all scopes...
2026-03-27 12:35:23.530 [info] Got 3 sessions for ...
2026-03-27 12:35:27.356 [info] Getting sessions for all scopes...
2026-03-27 12:35:27.356 [info] Got 3 sessions for ...
2026-03-27 12:35:27.357 [info] Getting sessions for all scopes...
2026-03-27 12:35:27.357 [info] Got 3 sessions for ...
2026-03-27 12:35:29.989 [info] Getting sessions for all scopes...
2026-03-27 12:35:29.990 [info] Got 3 sessions for ...
2026-03-27 12:35:29.991 [info] Getting sessions for all scopes...
2026-03-27 12:35:29.991 [info] Got 3 sessions for ...
2026-03-27 12:35:38.909 [info] Reading sessions from keychain...
2026-03-27 12:35:38.909 [info] Getting sessions for all scopes...
2026-03-27 12:35:38.909 [info] Got stored sessions!
2026-03-27 12:35:38.909 [info] Got 3 verified sessions.
2026-03-27 12:35:38.909 [info] Got 3 sessions for ...
2026-03-27 12:35:38.909 [info] Getting sessions for all scopes...
2026-03-27 12:35:38.909 [info] Got 3 sessions for ...
2026-03-27 12:35:38.909 [info] Getting sessions for all scopes...
2026-03-27 12:35:38.909 [info] Got 3 sessions for ...
2026-03-27 12:35:38.909 [info] Getting sessions for all scopes...
2026-03-27 12:35:38.909 [info] Got 3 sessions for ...
2026-03-27 12:35:38.909 [info] Getting sessions for user:email...
2026-03-27 12:35:38.909 [info] Got 1 sessions for user:email...
2026-03-27 12:35:38.909 [info] Getting sessions for all scopes...
2026-03-27 12:35:38.909 [info] Got 3 sessions for ...
2026-03-27 12:35:38.909 [info] Getting sessions for all scopes...
2026-03-27 12:35:38.909 [info] Got 3 sessions for ...
2026-03-27 12:35:38.909 [info] Getting sessions for all scopes...
2026-03-27 12:35:38.909 [info] Got 3 sessions for ...
2026-03-27 12:35:38.909 [info] Getting sessions for all scopes...
2026-03-27 12:35:38.909 [info] Got 3 sessions for ...
2026-03-27 12:35:38.935 [info] Getting sessions for read:user,repo,user:email,workflow...
2026-03-27 12:35:38.935 [info] Got 1 sessions for read:user,repo,user:email,workflow...
2026-03-27 12:35:38.997 [info] Getting sessions for user:email...
2026-03-27 12:35:38.998 [info] Got 1 sessions for user:email...
2026-03-27 12:35:39.015 [info] Getting sessions for all scopes...
2026-03-27 12:35:39.015 [info] Got 3 sessions for ...
2026-03-27 12:35:39.017 [info] Getting sessions for read:user,repo,user:email,workflow...
2026-03-27 12:35:39.017 [info] Got 1 sessions for read:user,repo,user:email,workflow...
2026-03-27 12:35:39.709 [info] Getting sessions for all scopes...
2026-03-27 12:35:39.709 [info] Got 3 sessions for ...
2026-03-27 12:35:39.710 [info] Getting sessions for all scopes...
2026-03-27 12:35:39.710 [info] Got 3 sessions for ...
2026-03-27 12:35:40.064 [info] Getting sessions for read:user,repo,user:email,workflow...
2026-03-27 12:35:40.064 [info] Got 1 sessions for read:user,repo,user:email,workflow...
2026-03-27 12:35:40.942 [info] Getting sessions for all scopes...
2026-03-27 12:35:40.942 [info] Got 3 sessions for ...
2026-03-27 12:35:40.973 [info] Getting sessions for all scopes...
2026-03-27 12:35:40.973 [info] Got 3 sessions for ...
2026-03-27 12:35:41.026 [info] FetcherService: Node fetch failed with status: 429 Too Many Requests
2026-03-27 12:35:41.028 [info] Unable to resolve optional EDU details. Status: 429 Too Many Requests
2026-03-27 12:35:41.033 [info] Getting sessions for all scopes...
2026-03-27 12:35:41.033 [info] Got 3 sessions for ...
2026-03-27 12:35:41.170 [info] Getting sessions for read:user,repo,user:email,workflow...
2026-03-27 12:35:41.170 [info] Got 1 sessions for read:user,repo,user:email,workflow...
2026-03-27 12:35:42.125 [info] Getting sessions for all scopes...
2026-03-27 12:35:42.125 [info] Got 3 sessions for ...
2026-03-27 12:35:42.126 [info] Getting sessions for all scopes...
2026-03-27 12:35:42.126 [info] Got 3 sessions for ...
2026-03-27 12:38:50.135 [info] Getting sessions for all scopes...
2026-03-27 12:38:50.135 [info] Got 3 sessions for ...
2026-03-27 12:38:50.136 [info] Getting sessions for all scopes...
2026-03-27 12:38:50.136 [info] Got 3 sessions for ...
2026-03-27 12:38:54.355 [info] Getting sessions for all scopes...
2026-03-27 12:38:54.355 [info] Got 3 sessions for ...
2026-03-27 12:38:54.356 [info] Getting sessions for all scopes...
2026-03-27 12:38:54.356 [info] Got 3 sessions for ...
2026-03-27 12:38:59.197 [info] Getting sessions for all scopes...
2026-03-27 12:38:59.197 [info] Got 3 sessions for ...
2026-03-27 12:38:59.198 [info] Getting sessions for all scopes...
2026-03-27 12:38:59.198 [info] Got 3 sessions for ...
2026-03-27 12:39:02.506 [info] Getting sessions for all scopes...
2026-03-27 12:39:02.506 [info] Got 3 sessions for ...
2026-03-27 12:39:02.506 [info] Getting sessions for all scopes...
2026-03-27 12:39:02.506 [info] Got 3 sessions for ...
2026-03-27 12:39:03.522 [info] Getting sessions for all scopes...
2026-03-27 12:39:03.522 [info] Got 3 sessions for ...
2026-03-27 12:39:03.523 [info] Getting sessions for all scopes...
2026-03-27 12:39:03.523 [info] Got 3 sessions for ...
2026-03-27 12:39:07.978 [info] Getting sessions for all scopes...
2026-03-27 12:39:07.978 [info] Got 3 sessions for ...
2026-03-27 12:39:07.979 [info] Getting sessions for all scopes...
2026-03-27 12:39:07.979 [info] Got 3 sessions for ...
2026-03-27 12:39:15.360 [info] Getting sessions for all scopes...
2026-03-27 12:39:15.360 [info] Got 3 sessions for ...
2026-03-27 12:39:15.363 [info] Getting sessions for all scopes...
2026-03-27 12:39:15.364 [info] Got 3 sessions for ...
2026-03-27 12:39:32.709 [info] Getting sessions for all scopes...
2026-03-27 12:39:32.709 [info] Got 3 sessions for ...
2026-03-27 12:39:32.712 [info] Getting sessions for all scopes...
2026-03-27 12:39:32.713 [info] Got 3 sessions for ...
2026-03-27 12:39:32.950 [info] Getting sessions for all scopes...
2026-03-27 12:39:32.950 [info] Got 3 sessions for ...
2026-03-27 12:39:32.950 [info] Getting sessions for all scopes...
2026-03-27 12:39:32.950 [info] Got 3 sessions for ...
2026-03-27 12:39:47.077 [info] Getting sessions for all scopes...
2026-03-27 12:39:47.077 [info] Got 3 sessions for ...
2026-03-27 12:39:47.078 [info] Getting sessions for all scopes...
2026-03-27 12:39:47.078 [info] Got 3 sessions for ...
2026-03-27 12:46:53.502 [info] Getting sessions for all scopes...
2026-03-27 12:46:53.502 [info] Got 3 sessions for ...
2026-03-27 12:46:53.512 [info] Getting sessions for all scopes...
2026-03-27 12:46:53.512 [info] Got 3 sessions for ...
2026-03-27 12:47:12.903 [info] Getting sessions for all scopes...
2026-03-27 12:47:12.903 [info] Got 3 sessions for ...
2026-03-27 12:47:12.903 [info] Getting sessions for all scopes...
2026-03-27 12:47:12.904 [info] Got 3 sessions for ...
2026-03-27 12:47:13.966 [info] Getting sessions for all scopes...
2026-03-27 12:47:13.966 [info] Got 3 sessions for ...
2026-03-27 12:47:13.966 [info] Getting sessions for all scopes...
2026-03-27 12:47:13.966 [info] Got 3 sessions for ...
2026-03-27 12:48:58.736 [info] Getting sessions for all scopes...
2026-03-27 12:48:58.736 [info] Got 3 sessions for ...
2026-03-27 12:48:58.737 [info] Getting sessions for all scopes...
2026-03-27 12:48:58.737 [info] Got 3 sessions for ...
2026-03-27 12:48:59.535 [info] Getting sessions for all scopes...
2026-03-27 12:48:59.535 [info] Got 3 sessions for ...
2026-03-27 12:48:59.545 [info] Getting sessions for all scopes...
2026-03-27 12:48:59.545 [info] Got 3 sessions for ...
2026-03-27 12:49:03.307 [info] Getting sessions for all scopes...
2026-03-27 12:49:03.307 [info] Got 3 sessions for ...
2026-03-27 12:49:03.308 [info] Getting sessions for all scopes...
2026-03-27 12:49:03.308 [info] Got 3 sessions for ...
2026-03-27 12:51:02.377 [info] Getting sessions for all scopes...
2026-03-27 12:51:02.377 [info] Got 3 sessions for ...
2026-03-27 12:51:02.378 [info] Getting sessions for all scopes...
2026-03-27 12:51:02.378 [info] Got 3 sessions for ...
2026-03-27 12:51:29.566 [info] Getting sessions for all scopes...
2026-03-27 12:51:29.566 [info] Got 3 sessions for ...
2026-03-27 12:51:29.568 [info] Getting sessions for all scopes...
2026-03-27 12:51:29.568 [info] Got 3 sessions for ...
2026-03-27 12:53:30.347 [info] Getting sessions for all scopes...
2026-03-27 12:53:30.347 [info] Got 3 sessions for ...
2026-03-27 12:53:30.348 [info] Getting sessions for all scopes...
2026-03-27 12:53:30.348 [info] Got 3 sessions for ...
2026-03-27 12:54:14.236 [info] Getting sessions for all scopes...
2026-03-27 12:54:14.236 [info] Got 3 sessions for ...
2026-03-27 12:54:14.237 [info] Getting sessions for all scopes...
2026-03-27 12:54:14.237 [info] Got 3 sessions for ...
2026-03-27 12:57:54.033 [info] Getting sessions for all scopes...
2026-03-27 12:57:54.033 [info] Got 3 sessions for ...
2026-03-27 12:57:54.034 [info] Getting sessions for all scopes...
2026-03-27 12:57:54.034 [info] Got 3 sessions for ...
2026-03-27 12:59:49.624 [info] Getting sessions for all scopes...
2026-03-27 12:59:49.624 [info] Got 3 sessions for ...
2026-03-27 12:59:49.625 [info] Getting sessions for all scopes...
2026-03-27 12:59:49.625 [info] Got 3 sessions for ...
2026-03-27 13:00:15.715 [info] Getting sessions for all scopes...
2026-03-27 13:00:15.715 [info] Got 3 sessions for ...
2026-03-27 13:00:15.715 [info] Getting sessions for all scopes...
2026-03-27 13:00:15.715 [info] Got 3 sessions for ...
2026-03-27 13:01:55.022 [info] Getting sessions for all scopes...
2026-03-27 13:01:55.022 [info] Got 3 sessions for ...
2026-03-27 13:01:55.022 [info] Getting sessions for all scopes...
2026-03-27 13:01:55.022 [info] Got 3 sessions for ...
2026-03-27 13:02:09.090 [info] Getting sessions for all scopes...
2026-03-27 13:02:09.090 [info] Got 3 sessions for ...
2026-03-27 13:02:09.091 [info] Getting sessions for all scopes...
2026-03-27 13:02:09.091 [info] Got 3 sessions for ...
2026-03-27 13:02:10.715 [info] Getting sessions for all scopes...
2026-03-27 13:02:10.715 [info] Got 3 sessions for ...
2026-03-27 13:02:10.718 [info] Getting sessions for all scopes...
2026-03-27 13:02:10.718 [info] Got 3 sessions for ...
2026-03-27 13:02:12.865 [info] Getting sessions for all scopes...
2026-03-27 13:02:12.865 [info] Got 3 sessions for ...
2026-03-27 13:02:12.866 [info] Getting sessions for all scopes...
2026-03-27 13:02:12.866 [info] Got 3 sessions for ...
2026-03-27 13:06:24.948 [info] Getting sessions for all scopes...
2026-03-27 13:06:24.948 [info] Got 3 sessions for ...
2026-03-27 13:06:24.950 [info] Getting sessions for all scopes...
2026-03-27 13:06:24.950 [info] Got 3 sessions for ...
2026-03-27 13:09:39.530 [info] Getting sessions for all scopes...
2026-03-27 13:09:39.530 [info] Got 3 sessions for ...
2026-03-27 13:09:39.531 [info] Getting sessions for all scopes...
2026-03-27 13:09:39.531 [info] Got 3 sessions for ...
2026-03-27 13:17:00.710 [info] Getting sessions for all scopes...
2026-03-27 13:17:00.710 [info] Got 3 sessions for ...
2026-03-27 13:17:00.711 [info] Getting sessions for all scopes...
2026-03-27 13:17:00.711 [info] Got 3 sessions for ...
2026-03-27 13:18:19.441 [info] Getting sessions for all scopes...
2026-03-27 13:18:19.441 [info] Got 3 sessions for ...
2026-03-27 13:18:19.442 [info] Getting sessions for all scopes...
2026-03-27 13:18:19.442 [info] Got 3 sessions for ...
2026-03-27 13:24:19.605 [info] Getting sessions for all scopes...
2026-03-27 13:24:19.605 [info] Got 3 sessions for ...
2026-03-27 13:24:19.606 [info] Getting sessions for all scopes...
2026-03-27 13:24:19.606 [info] Got 3 sessions for ...
2026-03-27 13:24:23.576 [info] Getting sessions for all scopes...
2026-03-27 13:24:23.576 [info] Got 3 sessions for ...
2026-03-27 13:24:23.577 [info] Getting sessions for all scopes...
2026-03-27 13:24:23.577 [info] Got 3 sessions for ...
2026-03-27 13:24:26.449 [info] Getting sessions for all scopes...
2026-03-27 13:24:26.449 [info] Got 3 sessions for ...
2026-03-27 13:24:26.458 [info] Getting sessions for all scopes...
2026-03-27 13:24:26.458 [info] Got 3 sessions for ...
2026-03-27 13:28:56.158 [info] Getting sessions for all scopes...
2026-03-27 13:28:56.158 [info] Got 3 sessions for ...
2026-03-27 13:28:56.159 [info] Getting sessions for all scopes...
2026-03-27 13:28:56.159 [info] Got 3 sessions for ...
2026-03-27 13:28:59.646 [info] Getting sessions for all scopes...
2026-03-27 13:28:59.646 [info] Got 3 sessions for ...
2026-03-27 13:28:59.647 [info] Getting sessions for all scopes...
2026-03-27 13:28:59.647 [info] Got 3 sessions for ...
2026-03-27 13:31:25.009 [info] Getting sessions for all scopes...
2026-03-27 13:31:25.009 [info] Got 3 sessions for ...
2026-03-27 13:31:25.010 [info] Getting sessions for all scopes...
2026-03-27 13:31:25.010 [info] Got 3 sessions for ...
2026-03-27 13:31:47.176 [info] Getting sessions for all scopes...
2026-03-27 13:31:47.176 [info] Got 3 sessions for ...
2026-03-27 13:31:47.179 [info] Getting sessions for read:user,repo,user:email,workflow...
2026-03-27 13:31:47.179 [info] Got 1 sessions for read:user,repo,user:email,workflow...
2026-03-27 13:32:27.437 [info] Getting sessions for all scopes...
2026-03-27 13:32:27.437 [info] Got 3 sessions for ...
2026-03-27 13:32:27.437 [info] Getting sessions for all scopes...
2026-03-27 13:32:27.437 [info] Got 3 sessions for ...
2026-03-27 13:32:27.438 [info] Getting sessions for read:user,repo,user:email,workflow...
2026-03-27 13:32:27.438 [info] Got 1 sessions for read:user,repo,user:email,workflow...
2026-03-27 13:32:27.441 [info] Getting sessions for all scopes...
2026-03-27 13:32:27.441 [info] Got 3 sessions for ...
2026-03-27 13:32:27.442 [info] Getting sessions for read:user,repo,user:email,workflow...
2026-03-27 13:32:27.442 [info] Got 1 sessions for read:user,repo,user:email,workflow...
2026-03-27 13:32:37.127 [info] Getting sessions for all scopes...
2026-03-27 13:32:37.127 [info] Got 3 sessions for ...
2026-03-27 13:32:37.130 [info] Getting sessions for all scopes...
2026-03-27 13:32:37.130 [info] Got 3 sessions for ...
2026-03-27 13:32:47.624 [info] Getting sessions for all scopes...
2026-03-27 13:32:47.624 [info] Got 3 sessions for ...
2026-03-27 13:32:47.629 [info] Getting sessions for read:user,repo,user:email,workflow...
2026-03-27 13:32:47.629 [info] Got 1 sessions for read:user,repo,user:email,workflow...
2026-03-27 13:33:12.646 [info] Getting sessions for all scopes...
2026-03-27 13:33:12.646 [info] Got 3 sessions for ...
2026-03-27 13:33:12.647 [info] Getting sessions for all scopes...
2026-03-27 13:33:12.647 [info] Got 3 sessions for ...
2026-03-27 13:33:12.648 [info] Getting sessions for read:user,repo,user:email,workflow...
2026-03-27 13:33:12.648 [info] Got 1 sessions for read:user,repo,user:email,workflow...
2026-03-27 13:33:52.859 [info] Getting sessions for all scopes...
2026-03-27 13:33:52.859 [info] Got 3 sessions for ...
2026-03-27 13:33:52.861 [info] Getting sessions for read:user,repo,user:email,workflow...
2026-03-27 13:33:52.861 [info] Got 1 sessions for read:user,repo,user:email,workflow...
2026-03-27 13:33:52.956 [info] Getting sessions for all scopes...
2026-03-27 13:33:52.956 [info] Got 3 sessions for ...
2026-03-27 13:33:52.957 [info] Getting sessions for all scopes...
2026-03-27 13:33:52.957 [info] Got 3 sessions for ...
2026-03-27 13:34:07.076 [info] Getting sessions for all scopes...
2026-03-27 13:34:07.076 [info] Got 3 sessions for ...
2026-03-27 13:34:07.092 [info] Getting sessions for read:user,repo,user:email,workflow...
2026-03-27 13:34:07.092 [info] Got 1 sessions for read:user,repo,user:email,workflow...
2026-03-27 13:34:07.155 [info] Getting sessions for all scopes...
2026-03-27 13:34:07.155 [info] Got 3 sessions for ...
2026-03-27 13:34:07.156 [info] Getting sessions for all scopes...
2026-03-27 13:34:07.156 [info] Got 3 sessions for ...
2026-03-27 13:34:07.629 [info] Getting sessions for all scopes...
2026-03-27 13:34:07.629 [info] Got 3 sessions for ...
2026-03-27 13:34:07.629 [info] Getting sessions for all scopes...
2026-03-27 13:34:07.629 [info] Got 3 sessions for ...
2026-03-27 13:34:07.630 [info] Getting sessions for read:user,repo,user:email,workflow...
2026-03-27 13:34:07.630 [info] Got 1 sessions for read:user,repo,user:email,workflow...
2026-03-27 13:34:07.696 [info] Getting sessions for all scopes...
2026-03-27 13:34:07.696 [info] Got 3 sessions for ...
2026-03-27 13:34:07.697 [info] Getting sessions for all scopes...
2026-03-27 13:34:07.697 [info] Got 3 sessions for ...
2026-03-27 13:34:07.720 [info] Getting sessions for read:user,repo,user:email,workflow...
2026-03-27 13:34:07.720 [info] Got 1 sessions for read:user,repo,user:email,workflow...
2026-03-27 13:34:07.774 [info] Getting sessions for all scopes...
2026-03-27 13:34:07.774 [info] Got 3 sessions for ...
2026-03-27 13:34:07.775 [info] Getting sessions for all scopes...
2026-03-27 13:34:07.775 [info] Got 3 sessions for ...
2026-03-27 13:34:08.118 [info] Getting sessions for all scopes...
2026-03-27 13:34:08.118 [info] Got 3 sessions for ...
2026-03-27 13:34:08.134 [info] Getting sessions for read:user,repo,user:email,workflow...
2026-03-27 13:34:08.134 [info] Got 1 sessions for read:user,repo,user:email,workflow...
2026-03-27 13:34:08.736 [info] Getting sessions for all scopes...
2026-03-27 13:34:08.736 [info] Got 3 sessions for ...
2026-03-27 13:34:08.738 [info] Getting sessions for read:user,repo,user:email,workflow...
2026-03-27 13:34:08.738 [info] Got 1 sessions for read:user,repo,user:email,workflow...
2026-03-27 13:34:22.746 [info] Getting sessions for all scopes...
2026-03-27 13:34:22.746 [info] Got 3 sessions for ...
2026-03-27 13:34:22.748 [info] Getting sessions for all scopes...
2026-03-27 13:34:22.748 [info] Got 3 sessions for ...
2026-03-27 13:34:50.642 [info] Getting sessions for all scopes...
2026-03-27 13:34:50.642 [info] Got 3 sessions for ...
2026-03-27 13:34:50.644 [info] Getting sessions for all scopes...
2026-03-27 13:34:50.644 [info] Got 3 sessions for ...
2026-03-27 13:36:21.454 [info] Getting sessions for all scopes...
2026-03-27 13:36:21.454 [info] Got 3 sessions for ...
2026-03-27 13:36:21.455 [info] Getting sessions for all scopes...
2026-03-27 13:36:21.455 [info] Got 3 sessions for ...
2026-03-27 13:37:22.075 [info] Getting sessions for all scopes...
2026-03-27 13:37:22.075 [info] Got 3 sessions for ...
2026-03-27 13:37:22.078 [info] Getting sessions for all scopes...
2026-03-27 13:37:22.078 [info] Got 3 sessions for ...
2026-03-27 13:37:22.319 [info] Getting sessions for all scopes...
2026-03-27 13:37:22.319 [info] Got 3 sessions for ...
2026-03-27 13:37:22.322 [info] Getting sessions for all scopes...
2026-03-27 13:37:22.322 [info] Got 3 sessions for ...
2026-03-27 13:37:22.515 [info] Getting sessions for all scopes...
2026-03-27 13:37:22.515 [info] Got 3 sessions for ...
2026-03-27 13:37:22.535 [info] Getting sessions for all scopes...
2026-03-27 13:37:22.535 [info] Got 3 sessions for ...
2026-03-27 13:37:22.678 [info] Getting sessions for all scopes...
2026-03-27 13:37:22.678 [info] Got 3 sessions for ...
2026-03-27 13:37:22.679 [info] Getting sessions for all scopes...
2026-03-27 13:37:22.679 [info] Got 3 sessions for ...
2026-03-27 13:37:22.875 [info] Getting sessions for all scopes...
2026-03-27 13:37:22.875 [info] Got 3 sessions for ...
2026-03-27 13:37:22.876 [info] Getting sessions for all scopes...
2026-03-27 13:37:22.876 [info] Got 3 sessions for ...
2026-03-27 13:37:26.256 [info] Getting sessions for all scopes...
2026-03-27 13:37:26.256 [info] Got 3 sessions for ...
2026-03-27 13:37:26.257 [info] Getting sessions for all scopes...
2026-03-27 13:37:26.257 [info] Got 3 sessions for ...
2026-03-27 13:40:11.667 [info] Getting sessions for all scopes...
2026-03-27 13:40:11.667 [info] Got 3 sessions for ...
2026-03-27 13:40:11.669 [info] Getting sessions for all scopes...
2026-03-27 13:40:11.669 [info] Got 3 sessions for ...
2026-03-27 13:40:38.771 [info] Getting sessions for all scopes...
2026-03-27 13:40:38.771 [info] Got 3 sessions for ...
2026-03-27 13:40:38.772 [info] Getting sessions for all scopes...
2026-03-27 13:40:38.772 [info] Got 3 sessions for ...
2026-03-27 13:42:31.343 [info] Getting sessions for all scopes...
2026-03-27 13:42:31.343 [info] Got 3 sessions for ...
2026-03-27 13:42:31.346 [info] Getting sessions for all scopes...
2026-03-27 13:42:31.346 [info] Got 3 sessions for ...
2026-03-27 13:42:35.090 [info] Getting sessions for all scopes...
2026-03-27 13:42:35.091 [info] Got 3 sessions for ...
2026-03-27 13:42:35.092 [info] Getting sessions for all scopes...
2026-03-27 13:42:35.092 [info] Got 3 sessions for ...
2026-03-27 14:13:43.879 [info] Getting sessions for all scopes...
2026-03-27 14:13:43.880 [info] Got 3 sessions for ...
2026-03-27 14:13:43.881 [info] Getting sessions for all scopes...
2026-03-27 14:13:43.881 [info] Got 3 sessions for ...
2026-03-27 14:15:55.420 [info] Getting sessions for all scopes...
2026-03-27 14:15:55.420 [info] Got 3 sessions for ...
2026-03-27 14:15:55.421 [info] Getting sessions for all scopes...
2026-03-27 14:15:55.421 [info] Got 3 sessions for ...
2026-03-27 14:15:57.591 [info] Getting sessions for all scopes...
2026-03-27 14:15:57.591 [info] Got 3 sessions for ...
2026-03-27 14:15:57.592 [info] Getting sessions for all scopes...
2026-03-27 14:15:57.592 [info] Got 3 sessions for ...
2026-03-27 14:16:00.756 [info] Getting sessions for all scopes...
2026-03-27 14:16:00.756 [info] Got 3 sessions for ...
2026-03-27 14:16:00.757 [info] Getting sessions for all scopes...
2026-03-27 14:16:00.757 [info] Got 3 sessions for ...
2026-03-27 14:20:22.653 [info] Getting sessions for all scopes...
2026-03-27 14:20:22.653 [info] Got 3 sessions for ...
2026-03-27 14:20:22.658 [info] Getting sessions for all scopes...
2026-03-27 14:20:22.658 [info] Got 3 sessions for ...
2026-03-27 14:34:18.510 [info] Getting sessions for all scopes...
2026-03-27 14:34:18.510 [info] Got 3 sessions for ...
2026-03-27 14:34:18.511 [info] Getting sessions for all scopes...
2026-03-27 14:34:18.511 [info] Got 3 sessions for ...
2026-03-27 14:35:49.911 [info] Getting sessions for all scopes...
2026-03-27 14:35:49.911 [info] Got 3 sessions for ...
2026-03-27 14:35:49.912 [info] Getting sessions for all scopes...
2026-03-27 14:35:49.912 [info] Got 3 sessions for ...
2026-03-27 14:42:35.545 [info] Getting sessions for all scopes...
2026-03-27 14:42:35.545 [info] Got 3 sessions for ...
2026-03-27 14:42:35.546 [info] Getting sessions for all scopes...
2026-03-27 14:42:35.546 [info] Got 3 sessions for ...
2026-03-27 14:42:39.103 [info] Getting sessions for all scopes...
2026-03-27 14:42:39.103 [info] Got 3 sessions for ...
2026-03-27 14:42:39.104 [info] Getting sessions for all scopes...
2026-03-27 14:42:39.104 [info] Got 3 sessions for ...
2026-03-27 14:44:51.255 [info] Getting sessions for all scopes...
2026-03-27 14:44:51.255 [info] Got 3 sessions for ...
2026-03-27 14:44:51.256 [info] Getting sessions for all scopes...
2026-03-27 14:44:51.256 [info] Got 3 sessions for ...
2026-03-27 14:44:52.300 [info] Getting sessions for all scopes...
2026-03-27 14:44:52.300 [info] Got 3 sessions for ...
2026-03-27 14:44:52.300 [info] Getting sessions for all scopes...
2026-03-27 14:44:52.300 [info] Got 3 sessions for ...
