2026-04-18 12:24:54.547 [info] [main] Log level: Info
2026-04-18 12:24:54.547 [info] [main] Validating found git in: "git"
2026-04-18 12:24:54.547 [info] [main] Using git "2.53.0" from "git"
2026-04-18 12:24:54.547 [info] [Model][doInitialScan] Initial repository scan started
2026-04-18 12:24:54.547 [info] > git rev-parse --show-toplevel [276ms]
2026-04-18 12:24:54.547 [info] > git rev-parse --git-dir --git-common-dir --show-superproject-working-tree [8ms]
2026-04-18 12:24:54.685 [info] [Model][openRepository] Opened repository (path): /home/yusof_0090/Projects/insurance-proj
2026-04-18 12:24:54.685 [info] [Model][openRepository] Opened repository (real path): /home/yusof_0090/Projects/insurance-proj
2026-04-18 12:24:54.685 [info] [Model][openRepository] Opened repository (kind): repository
2026-04-18 12:24:54.707 [info] > git config --get commit.template [12ms]
2026-04-18 12:24:54.708 [info] > git rev-parse --show-toplevel [4ms]
2026-04-18 12:24:54.720 [info] > git rev-parse --show-toplevel [2ms]
2026-04-18 12:24:54.720 [info] > git for-each-ref --format=%(refname)%00%(upstream:short)%00%(objectname)%00%(upstream:track)%00%(upstream:remotename)%00%(upstream:remoteref) refs/heads/main refs/remotes/main [8ms]
2026-04-18 12:24:54.729 [info] > git rev-parse --show-toplevel [2ms]
2026-04-18 12:24:54.751 [info] > git status -z -uall [14ms]
2026-04-18 12:24:54.751 [info] > git rev-parse --show-toplevel [3ms]
2026-04-18 12:24:54.751 [info] > git for-each-ref --sort -committerdate --format %(refname)%00%(objectname)%00%(*objectname) [8ms]
2026-04-18 12:24:54.802 [info] > git for-each-ref --format=%(refname)%00%(upstream:short)%00%(objectname)%00%(upstream:track)%00%(upstream:remotename)%00%(upstream:remoteref) refs/heads/main refs/remotes/main [21ms]
2026-04-18 12:24:54.809 [info] > git config --get commit.template [8ms]
2026-04-18 12:24:54.809 [info] > git rev-parse --show-toplevel [13ms]
2026-04-18 12:24:54.812 [info] [Model][doInitialScan] Initial repository scan completed - repositories (1), closed repositories (0), parent repositories (0), unsafe repositories (0)
2026-04-18 12:24:54.812 [info] > git config --get --local branch.main.vscode-merge-base [4ms]
2026-04-18 12:24:54.824 [info] > git for-each-ref --format=%(refname)%00%(upstream:short)%00%(objectname)%00%(upstream:track)%00%(upstream:remotename)%00%(upstream:remoteref) refs/heads/origin/main refs/remotes/origin/main [7ms]
2026-04-18 12:24:54.833 [info] > git for-each-ref --format=%(refname)%00%(upstream:short)%00%(objectname)%00%(upstream:track)%00%(upstream:remotename)%00%(upstream:remoteref) refs/heads/main refs/remotes/main [10ms]
2026-04-18 12:24:54.834 [info] > git merge-base refs/heads/main refs/remotes/origin/main [2ms]
2026-04-18 12:24:54.850 [info] > git status -z -uall [5ms]
2026-04-18 12:24:54.851 [info] > git diff --raw --numstat --diff-filter=ADMR -z --find-renames=50% 0b17135e1a27db510ab691dabc212328b5b3642a...refs/remotes/origin/main -- [10ms]
2026-04-18 12:24:54.852 [info] > git for-each-ref --sort -committerdate --format %(refname)%00%(objectname)%00%(*objectname) [3ms]
2026-04-18 12:24:55.023 [info] > git check-ignore -v -z --stdin [66ms]
2026-04-18 12:24:55.197 [info] > git show --textconv :src/main.tsx [93ms]
2026-04-18 12:24:55.198 [info] > git ls-files --stage -- src/main.tsx [87ms]
2026-04-18 12:24:55.332 [info] > git cat-file -s 6454cbe937931cc68064ddfa445130ab5792cf48 [127ms]
2026-04-18 12:24:55.355 [info] > git check-ignore -v -z --stdin [18ms]
2026-04-18 12:24:57.768 [info] > git fetch [3084ms]
2026-04-18 12:24:58.448 [info] > git config --get commit.template [318ms]
2026-04-18 12:24:58.624 [info] > git check-ignore -v -z --stdin [306ms]
2026-04-18 12:24:59.209 [info] > git for-each-ref --format=%(refname)%00%(upstream:short)%00%(objectname)%00%(upstream:track)%00%(upstream:remotename)%00%(upstream:remoteref) refs/heads/main refs/remotes/main [530ms]
2026-04-18 12:24:59.306 [info] > git blame --root --incremental 0b17135e1a27db510ab691dabc212328b5b3642a -- src/main.tsx [404ms]
2026-04-18 12:25:00.046 [info] > git status -z -uall [41ms]
2026-04-18 12:25:00.108 [info] > git for-each-ref --sort -committerdate --format %(refname)%00%(objectname)%00%(*objectname) [95ms]
2026-04-18 12:25:00.647 [info] > git check-ignore -v -z --stdin [51ms]
2026-04-18 12:25:01.284 [info] > git config --get commit.template [79ms]
2026-04-18 12:25:01.398 [info] > git for-each-ref --format=%(refname)%00%(upstream:short)%00%(objectname)%00%(upstream:track)%00%(upstream:remotename)%00%(upstream:remoteref) refs/heads/main refs/remotes/main [15ms]
2026-04-18 12:25:01.434 [info] > git status -z -uall [13ms]
2026-04-18 12:25:01.435 [info] > git for-each-ref --sort -committerdate --format %(refname)%00%(objectname)%00%(*objectname) [2ms]
2026-04-18 12:25:01.788 [info] > git check-ignore -v -z --stdin [2ms]
2026-04-18 12:32:13.033 [info] > git config --get commit.template [3ms]
2026-04-18 12:32:13.048 [info] > git for-each-ref --format=%(refname)%00%(upstream:short)%00%(objectname)%00%(upstream:track)%00%(upstream:remotename)%00%(upstream:remoteref) refs/heads/main refs/remotes/main [3ms]
2026-04-18 12:32:13.067 [info] > git status -z -uall [10ms]
2026-04-18 12:32:13.068 [info] > git for-each-ref --sort -committerdate --format %(refname)%00%(objectname)%00%(*objectname) [2ms]
2026-04-18 12:32:13.395 [info] > git check-ignore -v -z --stdin [2ms]
2026-04-18 12:32:14.532 [info] > git fetch [1519ms]
2026-04-18 12:32:14.560 [info] > git config --get commit.template [14ms]
2026-04-18 12:32:14.561 [info] > git for-each-ref --format=%(refname)%00%(upstream:short)%00%(objectname)%00%(upstream:track)%00%(upstream:remotename)%00%(upstream:remoteref) refs/heads/main refs/remotes/main [3ms]
2026-04-18 12:32:14.588 [info] > git status -z -uall [15ms]
2026-04-18 12:32:14.589 [info] > git for-each-ref --sort -committerdate --format %(refname)%00%(objectname)%00%(*objectname) [2ms]
2026-04-18 12:32:14.917 [info] > git check-ignore -v -z --stdin [2ms]
2026-04-18 12:32:38.021 [info] > git config --get commit.template [18ms]
2026-04-18 12:32:38.037 [info] > git for-each-ref --format=%(refname)%00%(upstream:short)%00%(objectname)%00%(upstream:track)%00%(upstream:remotename)%00%(upstream:remoteref) refs/heads/main refs/remotes/main [19ms]
2026-04-18 12:32:38.046 [info] > git ls-files --stage -- src/main.tsx [11ms]
2026-04-18 12:32:38.060 [info] > git cat-file -s 6454cbe937931cc68064ddfa445130ab5792cf48 [2ms]
2026-04-18 12:32:38.082 [info] > git status -z -uall [12ms]
2026-04-18 12:32:38.096 [info] > git for-each-ref --sort -committerdate --format %(refname)%00%(objectname)%00%(*objectname) [15ms]
2026-04-18 12:32:38.102 [info] > git show --textconv :src/main.tsx [7ms]
2026-04-18 12:32:38.427 [info] > git check-ignore -v -z --stdin [2ms]
2026-04-18 12:32:38.575 [info] > git check-ignore -v -z --stdin [2ms]
2026-04-18 12:33:16.578 [info] > git config --get commit.template [18ms]
2026-04-18 12:33:16.582 [info] > git for-each-ref --format=%(refname)%00%(upstream:short)%00%(objectname)%00%(upstream:track)%00%(upstream:remotename)%00%(upstream:remoteref) refs/heads/main refs/remotes/main [6ms]
2026-04-18 12:33:16.607 [info] > git status -z -uall [11ms]
2026-04-18 12:33:16.608 [info] > git for-each-ref --sort -committerdate --format %(refname)%00%(objectname)%00%(*objectname) [2ms]
2026-04-18 12:33:16.934 [info] > git check-ignore -v -z --stdin [2ms]
2026-04-18 12:37:21.315 [info] > git fetch [1857ms]
2026-04-18 12:37:21.346 [info] > git config --get commit.template [16ms]
2026-04-18 12:37:21.347 [info] > git for-each-ref --format=%(refname)%00%(upstream:short)%00%(objectname)%00%(upstream:track)%00%(upstream:remotename)%00%(upstream:remoteref) refs/heads/main refs/remotes/main [2ms]
2026-04-18 12:37:21.374 [info] > git status -z -uall [14ms]
2026-04-18 12:37:21.376 [info] > git for-each-ref --sort -committerdate --format %(refname)%00%(objectname)%00%(*objectname) [3ms]
2026-04-18 12:37:21.697 [info] > git check-ignore -v -z --stdin [2ms]
2026-04-18 12:37:23.209 [info] > git for-each-ref --format=%(refname)%00%(upstream:short)%00%(objectname)%00%(upstream:track)%00%(upstream:remotename)%00%(upstream:remoteref) refs/heads/main refs/remotes/main [3ms]
2026-04-18 12:37:23.209 [info] > git config --get commit.template [12ms]
2026-04-18 12:37:23.221 [info] > git ls-files --stage -- src/main.tsx [2ms]
2026-04-18 12:37:23.247 [info] > git status -z -uall [9ms]
2026-04-18 12:37:23.247 [info] > git cat-file -s 6454cbe937931cc68064ddfa445130ab5792cf48 [18ms]
2026-04-18 12:37:23.258 [info] > git for-each-ref --sort -committerdate --format %(refname)%00%(objectname)%00%(*objectname) [13ms]
2026-04-18 12:37:23.260 [info] > git show --textconv :src/main.tsx [3ms]
2026-04-18 12:37:23.605 [info] > git check-ignore -v -z --stdin [2ms]
2026-04-18 12:40:43.707 [info] > git config --get commit.template [17ms]
2026-04-18 12:40:43.709 [info] > git for-each-ref --format=%(refname)%00%(upstream:short)%00%(objectname)%00%(upstream:track)%00%(upstream:remotename)%00%(upstream:remoteref) refs/heads/main refs/remotes/main [3ms]
2026-04-18 12:40:43.737 [info] > git status -z -uall [14ms]
2026-04-18 12:40:43.738 [info] > git for-each-ref --sort -committerdate --format %(refname)%00%(objectname)%00%(*objectname) [3ms]
2026-04-18 12:40:44.067 [info] > git check-ignore -v -z --stdin [2ms]
2026-04-18 12:40:45.239 [info] > git fetch [1564ms]
2026-04-18 12:40:45.267 [info] > git config --get commit.template [14ms]
2026-04-18 12:40:45.268 [info] > git for-each-ref --format=%(refname)%00%(upstream:short)%00%(objectname)%00%(upstream:track)%00%(upstream:remotename)%00%(upstream:remoteref) refs/heads/main refs/remotes/main [2ms]
2026-04-18 12:40:45.296 [info] > git status -z -uall [15ms]
2026-04-18 12:40:45.298 [info] > git for-each-ref --sort -committerdate --format %(refname)%00%(objectname)%00%(*objectname) [3ms]
2026-04-18 12:40:45.628 [info] > git check-ignore -v -z --stdin [2ms]
2026-04-18 12:41:40.675 [info] > git config --get commit.template [17ms]
2026-04-18 12:41:40.688 [info] > git ls-files --stage -- src/main.tsx [14ms]
2026-04-18 12:41:40.698 [info] > git for-each-ref --format=%(refname)%00%(upstream:short)%00%(objectname)%00%(upstream:track)%00%(upstream:remotename)%00%(upstream:remoteref) refs/heads/main refs/remotes/main [11ms]
2026-04-18 12:41:40.699 [info] > git cat-file -s 6454cbe937931cc68064ddfa445130ab5792cf48 [2ms]
2026-04-18 12:41:40.727 [info] > git status -z -uall [15ms]
2026-04-18 12:41:40.743 [info] > git for-each-ref --sort -committerdate --format %(refname)%00%(objectname)%00%(*objectname) [17ms]
2026-04-18 12:41:40.748 [info] > git show --textconv :src/main.tsx [7ms]
2026-04-18 12:41:41.069 [info] > git check-ignore -v -z --stdin [3ms]
2026-04-18 12:43:52.079 [info] > git ls-files --stage -- src/main.tsx [2ms]
2026-04-18 12:43:52.097 [info] > git cat-file -s 6454cbe937931cc68064ddfa445130ab5792cf48 [2ms]
2026-04-18 12:43:52.117 [info] > git show --textconv :src/main.tsx [3ms]
2026-04-18 12:43:52.485 [info] > git fetch [1608ms]
2026-04-18 12:43:52.500 [info] > git config --get commit.template [2ms]
2026-04-18 12:43:52.514 [info] > git for-each-ref --format=%(refname)%00%(upstream:short)%00%(objectname)%00%(upstream:track)%00%(upstream:remotename)%00%(upstream:remoteref) refs/heads/main refs/remotes/main [3ms]
2026-04-18 12:43:52.538 [info] > git status -z -uall [12ms]
2026-04-18 12:43:52.540 [info] > git for-each-ref --sort -committerdate --format %(refname)%00%(objectname)%00%(*objectname) [3ms]
2026-04-18 12:43:52.791 [info] > git check-ignore -v -z --stdin [2ms]
2026-04-18 12:43:52.872 [info] > git check-ignore -v -z --stdin [3ms]
2026-04-18 12:43:53.569 [info] > git config --get commit.template [1ms]
2026-04-18 12:43:53.584 [info] > git for-each-ref --format=%(refname)%00%(upstream:short)%00%(objectname)%00%(upstream:track)%00%(upstream:remotename)%00%(upstream:remoteref) refs/heads/main refs/remotes/main [3ms]
2026-04-18 12:43:53.612 [info] > git status -z -uall [15ms]
2026-04-18 12:43:53.614 [info] > git for-each-ref --sort -committerdate --format %(refname)%00%(objectname)%00%(*objectname) [3ms]
2026-04-18 12:43:53.673 [info] > git ls-files --stage -- src/main.tsx [2ms]
2026-04-18 12:43:53.686 [info] > git cat-file -s 6454cbe937931cc68064ddfa445130ab5792cf48 [2ms]
2026-04-18 12:43:53.703 [info] > git show --textconv :src/main.tsx [3ms]
2026-04-18 12:43:53.945 [info] > git check-ignore -v -z --stdin [2ms]
2026-04-18 12:46:53.749 [info] > git ls-files --stage -- src/main.tsx [1ms]
2026-04-18 12:46:53.757 [info] > git cat-file -s 6454cbe937931cc68064ddfa445130ab5792cf48 [1ms]
2026-04-18 12:46:53.768 [info] > git show --textconv :src/main.tsx [1ms]
2026-04-18 12:46:54.615 [info] > git fetch [2058ms]
2026-04-18 12:46:54.630 [info] > git config --get commit.template [3ms]
2026-04-18 12:46:54.643 [info] > git for-each-ref --format=%(refname)%00%(upstream:short)%00%(objectname)%00%(upstream:track)%00%(upstream:remotename)%00%(upstream:remoteref) refs/heads/main refs/remotes/main [2ms]
2026-04-18 12:46:54.667 [info] > git status -z -uall [13ms]
2026-04-18 12:46:54.669 [info] > git for-each-ref --sort -committerdate --format %(refname)%00%(objectname)%00%(*objectname) [2ms]
2026-04-18 12:46:54.999 [info] > git check-ignore -v -z --stdin [2ms]
2026-04-18 12:46:55.714 [info] > git config --get commit.template [14ms]
2026-04-18 12:46:55.715 [info] > git for-each-ref --format=%(refname)%00%(upstream:short)%00%(objectname)%00%(upstream:track)%00%(upstream:remotename)%00%(upstream:remoteref) refs/heads/main refs/remotes/main [2ms]
2026-04-18 12:46:55.741 [info] > git status -z -uall [13ms]
2026-04-18 12:46:55.743 [info] > git for-each-ref --sort -committerdate --format %(refname)%00%(objectname)%00%(*objectname) [3ms]
2026-04-18 12:46:55.802 [info] > git ls-files --stage -- src/main.tsx [2ms]
2026-04-18 12:46:55.816 [info] > git cat-file -s 6454cbe937931cc68064ddfa445130ab5792cf48 [3ms]
2026-04-18 12:46:55.838 [info] > git show --textconv :src/main.tsx [5ms]
2026-04-18 12:46:56.073 [info] > git check-ignore -v -z --stdin [2ms]
2026-04-18 12:49:55.890 [info] > git ls-files --stage -- src/main.tsx [2ms]
2026-04-18 12:49:55.904 [info] > git cat-file -s 6454cbe937931cc68064ddfa445130ab5792cf48 [1ms]
2026-04-18 12:49:55.917 [info] > git show --textconv :src/main.tsx [2ms]
2026-04-18 12:49:56.200 [info] > git fetch [1512ms]
2026-04-18 12:49:56.212 [info] > git config --get commit.template [2ms]
2026-04-18 12:49:56.222 [info] > git for-each-ref --format=%(refname)%00%(upstream:short)%00%(objectname)%00%(upstream:track)%00%(upstream:remotename)%00%(upstream:remoteref) refs/heads/main refs/remotes/main [1ms]
2026-04-18 12:49:56.239 [info] > git status -z -uall [8ms]
2026-04-18 12:49:56.240 [info] > git for-each-ref --sort -committerdate --format %(refname)%00%(objectname)%00%(*objectname) [1ms]
2026-04-18 12:49:56.566 [info] > git check-ignore -v -z --stdin [1ms]
2026-04-18 12:49:57.302 [info] > git config --get commit.template [14ms]
2026-04-18 12:49:57.303 [info] > git for-each-ref --format=%(refname)%00%(upstream:short)%00%(objectname)%00%(upstream:track)%00%(upstream:remotename)%00%(upstream:remoteref) refs/heads/main refs/remotes/main [2ms]
2026-04-18 12:49:57.329 [info] > git status -z -uall [13ms]
2026-04-18 12:49:57.330 [info] > git for-each-ref --sort -committerdate --format %(refname)%00%(objectname)%00%(*objectname) [2ms]
2026-04-18 12:49:57.391 [info] > git ls-files --stage -- src/main.tsx [2ms]
2026-04-18 12:49:57.405 [info] > git cat-file -s 6454cbe937931cc68064ddfa445130ab5792cf48 [2ms]
2026-04-18 12:49:57.422 [info] > git show --textconv :src/main.tsx [2ms]
2026-04-18 12:49:57.655 [info] > git check-ignore -v -z --stdin [2ms]
2026-04-18 12:52:57.463 [info] > git ls-files --stage -- src/main.tsx [3ms]
2026-04-18 12:52:57.478 [info] > git cat-file -s 6454cbe937931cc68064ddfa445130ab5792cf48 [2ms]
2026-04-18 12:52:57.496 [info] > git show --textconv :src/main.tsx [3ms]
2026-04-18 12:52:57.661 [info] > git fetch [1403ms]
2026-04-18 12:52:57.688 [info] > git config --get commit.template [12ms]
2026-04-18 12:52:57.689 [info] > git for-each-ref --format=%(refname)%00%(upstream:short)%00%(objectname)%00%(upstream:track)%00%(upstream:remotename)%00%(upstream:remoteref) refs/heads/main refs/remotes/main [2ms]
2026-04-18 12:52:57.715 [info] > git status -z -uall [13ms]
2026-04-18 12:52:57.717 [info] > git for-each-ref --sort -committerdate --format %(refname)%00%(objectname)%00%(*objectname) [3ms]
2026-04-18 12:52:58.044 [info] > git check-ignore -v -z --stdin [2ms]
2026-04-18 12:52:58.760 [info] > git config --get commit.template [14ms]
2026-04-18 12:52:58.762 [info] > git for-each-ref --format=%(refname)%00%(upstream:short)%00%(objectname)%00%(upstream:track)%00%(upstream:remotename)%00%(upstream:remoteref) refs/heads/main refs/remotes/main [2ms]
2026-04-18 12:52:58.787 [info] > git status -z -uall [13ms]
2026-04-18 12:52:58.789 [info] > git for-each-ref --sort -committerdate --format %(refname)%00%(objectname)%00%(*objectname) [2ms]
2026-04-18 12:52:58.849 [info] > git ls-files --stage -- src/main.tsx [2ms]
2026-04-18 12:52:58.862 [info] > git cat-file -s 6454cbe937931cc68064ddfa445130ab5792cf48 [2ms]
2026-04-18 12:52:58.879 [info] > git show --textconv :src/main.tsx [2ms]
2026-04-18 12:52:59.116 [info] > git check-ignore -v -z --stdin [2ms]
2026-04-18 12:55:58.936 [info] > git ls-files --stage -- src/main.tsx [1ms]
2026-04-18 12:55:58.945 [info] > git cat-file -s 6454cbe937931cc68064ddfa445130ab5792cf48 [2ms]
2026-04-18 12:55:58.959 [info] > git show --textconv :src/main.tsx [2ms]
2026-04-18 12:55:59.034 [info] > git fetch [1298ms]
2026-04-18 12:55:59.046 [info] > git config --get commit.template [1ms]
2026-04-18 12:55:59.057 [info] > git for-each-ref --format=%(refname)%00%(upstream:short)%00%(objectname)%00%(upstream:track)%00%(upstream:remotename)%00%(upstream:remoteref) refs/heads/main refs/remotes/main [1ms]
2026-04-18 12:55:59.078 [info] > git status -z -uall [11ms]
2026-04-18 12:55:59.079 [info] > git for-each-ref --sort -committerdate --format %(refname)%00%(objectname)%00%(*objectname) [2ms]
2026-04-18 12:55:59.407 [info] > git check-ignore -v -z --stdin [2ms]
2026-04-18 12:56:00.132 [info] > git config --get commit.template [13ms]
2026-04-18 12:56:00.133 [info] > git for-each-ref --format=%(refname)%00%(upstream:short)%00%(objectname)%00%(upstream:track)%00%(upstream:remotename)%00%(upstream:remoteref) refs/heads/main refs/remotes/main [2ms]
2026-04-18 12:56:00.160 [info] > git status -z -uall [14ms]
2026-04-18 12:56:00.162 [info] > git for-each-ref --sort -committerdate --format %(refname)%00%(objectname)%00%(*objectname) [4ms]
2026-04-18 12:56:00.221 [info] > git ls-files --stage -- src/main.tsx [2ms]
2026-04-18 12:56:00.235 [info] > git cat-file -s 6454cbe937931cc68064ddfa445130ab5792cf48 [2ms]
2026-04-18 12:56:00.252 [info] > git show --textconv :src/main.tsx [3ms]
2026-04-18 12:56:00.493 [info] > git check-ignore -v -z --stdin [2ms]
2026-04-18 12:59:00.293 [info] > git ls-files --stage -- src/main.tsx [2ms]
2026-04-18 12:59:00.307 [info] > git cat-file -s 6454cbe937931cc68064ddfa445130ab5792cf48 [3ms]
2026-04-18 12:59:00.324 [info] > git show --textconv :src/main.tsx [2ms]
2026-04-18 12:59:00.665 [info] > git fetch [1573ms]
2026-04-18 12:59:00.693 [info] > git config --get commit.template [13ms]
2026-04-18 12:59:00.694 [info] > git for-each-ref --format=%(refname)%00%(upstream:short)%00%(objectname)%00%(upstream:track)%00%(upstream:remotename)%00%(upstream:remoteref) refs/heads/main refs/remotes/main [3ms]
2026-04-18 12:59:00.718 [info] > git status -z -uall [13ms]
2026-04-18 12:59:00.719 [info] > git for-each-ref --sort -committerdate --format %(refname)%00%(objectname)%00%(*objectname) [2ms]
2026-04-18 12:59:01.051 [info] > git check-ignore -v -z --stdin [1ms]
2026-04-18 12:59:01.763 [info] > git config --get commit.template [14ms]
2026-04-18 12:59:01.764 [info] > git for-each-ref --format=%(refname)%00%(upstream:short)%00%(objectname)%00%(upstream:track)%00%(upstream:remotename)%00%(upstream:remoteref) refs/heads/main refs/remotes/main [2ms]
2026-04-18 12:59:01.790 [info] > git status -z -uall [13ms]
2026-04-18 12:59:01.792 [info] > git for-each-ref --sort -committerdate --format %(refname)%00%(objectname)%00%(*objectname) [2ms]
2026-04-18 12:59:01.853 [info] > git ls-files --stage -- src/main.tsx [2ms]
2026-04-18 12:59:01.866 [info] > git cat-file -s 6454cbe937931cc68064ddfa445130ab5792cf48 [2ms]
2026-04-18 12:59:01.883 [info] > git show --textconv :src/main.tsx [2ms]
2026-04-18 12:59:02.116 [info] > git check-ignore -v -z --stdin [2ms]
2026-04-18 13:02:01.934 [info] > git ls-files --stage -- src/main.tsx [2ms]
2026-04-18 13:02:01.949 [info] > git cat-file -s 6454cbe937931cc68064ddfa445130ab5792cf48 [2ms]
2026-04-18 13:02:01.967 [info] > git show --textconv :src/main.tsx [3ms]
2026-04-18 13:02:02.047 [info] > git fetch [1314ms]
2026-04-18 13:02:02.073 [info] > git config --get commit.template [13ms]
2026-04-18 13:02:02.074 [info] > git for-each-ref --format=%(refname)%00%(upstream:short)%00%(objectname)%00%(upstream:track)%00%(upstream:remotename)%00%(upstream:remoteref) refs/heads/main refs/remotes/main [2ms]
2026-04-18 13:02:02.100 [info] > git status -z -uall [14ms]
2026-04-18 13:02:02.101 [info] > git for-each-ref --sort -committerdate --format %(refname)%00%(objectname)%00%(*objectname) [3ms]
2026-04-18 13:02:02.429 [info] > git check-ignore -v -z --stdin [2ms]
2026-04-18 13:02:03.146 [info] > git config --get commit.template [13ms]
2026-04-18 13:02:03.147 [info] > git for-each-ref --format=%(refname)%00%(upstream:short)%00%(objectname)%00%(upstream:track)%00%(upstream:remotename)%00%(upstream:remoteref) refs/heads/main refs/remotes/main [2ms]
2026-04-18 13:02:03.172 [info] > git status -z -uall [13ms]
2026-04-18 13:02:03.174 [info] > git for-each-ref --sort -committerdate --format %(refname)%00%(objectname)%00%(*objectname) [3ms]
2026-04-18 13:02:03.235 [info] > git ls-files --stage -- src/main.tsx [2ms]
2026-04-18 13:02:03.249 [info] > git cat-file -s 6454cbe937931cc68064ddfa445130ab5792cf48 [3ms]
2026-04-18 13:02:03.266 [info] > git show --textconv :src/main.tsx [3ms]
2026-04-18 13:02:03.501 [info] > git check-ignore -v -z --stdin [2ms]
2026-04-18 13:05:03.324 [info] > git ls-files --stage -- src/main.tsx [3ms]
2026-04-18 13:05:03.338 [info] > git cat-file -s 6454cbe937931cc68064ddfa445130ab5792cf48 [3ms]
2026-04-18 13:05:03.353 [info] > git fetch [1231ms]
2026-04-18 13:05:03.367 [info] > git show --textconv :src/main.tsx [14ms]
2026-04-18 13:05:03.368 [info] > git config --get commit.template [2ms]
2026-04-18 13:05:03.383 [info] > git for-each-ref --format=%(refname)%00%(upstream:short)%00%(objectname)%00%(upstream:track)%00%(upstream:remotename)%00%(upstream:remoteref) refs/heads/main refs/remotes/main [2ms]
2026-04-18 13:05:03.410 [info] > git status -z -uall [15ms]
2026-04-18 13:05:03.411 [info] > git for-each-ref --sort -committerdate --format %(refname)%00%(objectname)%00%(*objectname) [3ms]
2026-04-18 13:05:03.739 [info] > git check-ignore -v -z --stdin [2ms]
2026-04-18 13:05:04.451 [info] > git config --get commit.template [13ms]
2026-04-18 13:05:04.453 [info] > git for-each-ref --format=%(refname)%00%(upstream:short)%00%(objectname)%00%(upstream:track)%00%(upstream:remotename)%00%(upstream:remoteref) refs/heads/main refs/remotes/main [3ms]
2026-04-18 13:05:04.478 [info] > git status -z -uall [13ms]
2026-04-18 13:05:04.479 [info] > git for-each-ref --sort -committerdate --format %(refname)%00%(objectname)%00%(*objectname) [2ms]
2026-04-18 13:05:04.540 [info] > git ls-files --stage -- src/main.tsx [3ms]
2026-04-18 13:05:04.554 [info] > git cat-file -s 6454cbe937931cc68064ddfa445130ab5792cf48 [2ms]
2026-04-18 13:05:04.573 [info] > git show --textconv :src/main.tsx [2ms]
2026-04-18 13:05:04.806 [info] > git check-ignore -v -z --stdin [3ms]
2026-04-18 13:05:39.069 [info] > git check-ignore -v -z --stdin [2ms]
2026-04-18 13:05:41.848 [info] > git config --get commit.template [9ms]
2026-04-18 13:05:41.849 [info] > git for-each-ref --format=%(refname)%00%(upstream:short)%00%(objectname)%00%(upstream:track)%00%(upstream:remotename)%00%(upstream:remoteref) refs/heads/main refs/remotes/main [2ms]
2026-04-18 13:05:41.866 [info] > git status -z -uall [8ms]
2026-04-18 13:05:41.867 [info] > git for-each-ref --sort -committerdate --format %(refname)%00%(objectname)%00%(*objectname) [1ms]
2026-04-18 13:05:42.192 [info] > git check-ignore -v -z --stdin [2ms]
2026-04-18 13:05:43.708 [info] > git check-ignore -v -z --stdin [2ms]
2026-04-18 13:06:48.566 [info] > git config --get commit.template [9ms]
2026-04-18 13:06:48.567 [info] > git for-each-ref --format=%(refname)%00%(upstream:short)%00%(objectname)%00%(upstream:track)%00%(upstream:remotename)%00%(upstream:remoteref) refs/heads/main refs/remotes/main [2ms]
2026-04-18 13:06:48.586 [info] > git status -z -uall [10ms]
2026-04-18 13:06:48.587 [info] > git for-each-ref --sort -committerdate --format %(refname)%00%(objectname)%00%(*objectname) [2ms]
2026-04-18 13:06:48.914 [info] > git check-ignore -v -z --stdin [2ms]
2026-04-18 13:06:49.995 [info] > git check-ignore -v -z --stdin [2ms]
2026-04-18 13:06:51.690 [info] > git check-ignore -v -z --stdin [1ms]
2026-04-18 13:06:59.225 [info] > git check-ignore -v -z --stdin [3ms]
2026-04-18 13:06:59.253 [info] > git show --textconv :src/main.tsx [11ms]
2026-04-18 13:06:59.256 [info] > git ls-files --stage -- src/main.tsx [4ms]
2026-04-18 13:06:59.266 [info] > git cat-file -s 6454cbe937931cc68064ddfa445130ab5792cf48 [1ms]
2026-04-18 13:14:24.543 [info] > git check-ignore -v -z --stdin [3ms]
2026-04-18 13:14:27.840 [info] > git check-ignore -v -z --stdin [1ms]
2026-04-18 13:18:28.164 [info] > git config --get commit.template [1ms]
2026-04-18 13:18:28.176 [info] > git for-each-ref --format=%(refname)%00%(upstream:short)%00%(objectname)%00%(upstream:track)%00%(upstream:remotename)%00%(upstream:remoteref) refs/heads/main refs/remotes/main [3ms]
2026-04-18 13:18:28.202 [info] > git status -z -uall [15ms]
2026-04-18 13:18:28.203 [info] > git for-each-ref --sort -committerdate --format %(refname)%00%(objectname)%00%(*objectname) [2ms]
2026-04-18 13:18:28.529 [info] > git check-ignore -v -z --stdin [1ms]
2026-04-18 13:18:29.786 [info] > git fetch [1633ms]
2026-04-18 13:18:29.815 [info] > git config --get commit.template [15ms]
2026-04-18 13:18:29.816 [info] > git for-each-ref --format=%(refname)%00%(upstream:short)%00%(objectname)%00%(upstream:track)%00%(upstream:remotename)%00%(upstream:remoteref) refs/heads/main refs/remotes/main [3ms]
2026-04-18 13:18:29.844 [info] > git status -z -uall [15ms]
2026-04-18 13:18:29.845 [info] > git for-each-ref --sort -committerdate --format %(refname)%00%(objectname)%00%(*objectname) [2ms]
2026-04-18 13:18:30.171 [info] > git check-ignore -v -z --stdin [2ms]
2026-04-18 13:21:51.552 [info] > git config --get commit.template [14ms]
2026-04-18 13:21:51.553 [info] > git ls-files --stage -- src/main.tsx [2ms]
2026-04-18 13:21:51.580 [info] > git cat-file -s 6454cbe937931cc68064ddfa445130ab5792cf48 [12ms]
2026-04-18 13:21:51.592 [info] > git for-each-ref --format=%(refname)%00%(upstream:short)%00%(objectname)%00%(upstream:track)%00%(upstream:remotename)%00%(upstream:remoteref) refs/heads/main refs/remotes/main [11ms]
2026-04-18 13:21:51.612 [info] > git show --textconv :src/main.tsx [21ms]
2026-04-18 13:21:51.612 [info] > git status -z -uall [11ms]
2026-04-18 13:21:51.616 [info] > git for-each-ref --sort -committerdate --format %(refname)%00%(objectname)%00%(*objectname) [3ms]
2026-04-18 13:21:51.980 [info] > git check-ignore -v -z --stdin [2ms]
2026-04-18 13:21:53.065 [info] > git fetch [1537ms]
2026-04-18 13:21:53.094 [info] > git config --get commit.template [15ms]
2026-04-18 13:21:53.095 [info] > git for-each-ref --format=%(refname)%00%(upstream:short)%00%(objectname)%00%(upstream:track)%00%(upstream:remotename)%00%(upstream:remoteref) refs/heads/main refs/remotes/main [3ms]
2026-04-18 13:21:53.126 [info] > git status -z -uall [16ms]
2026-04-18 13:21:53.127 [info] > git for-each-ref --sort -committerdate --format %(refname)%00%(objectname)%00%(*objectname) [3ms]
2026-04-18 13:21:53.504 [info] > git check-ignore -v -z --stdin [2ms]
2026-04-18 13:23:55.738 [info] > git config --get commit.template [11ms]
2026-04-18 13:23:55.747 [info] > git for-each-ref --format=%(refname)%00%(upstream:short)%00%(objectname)%00%(upstream:track)%00%(upstream:remotename)%00%(upstream:remoteref) refs/heads/main refs/remotes/main [10ms]
2026-04-18 13:23:55.748 [info] > git ls-files --stage -- src/main.tsx [1ms]
2026-04-18 13:23:55.773 [info] > git status -z -uall [8ms]
2026-04-18 13:23:55.774 [info] > git cat-file -s 6454cbe937931cc68064ddfa445130ab5792cf48 [18ms]
2026-04-18 13:23:55.775 [info] > git for-each-ref --sort -committerdate --format %(refname)%00%(objectname)%00%(*objectname) [2ms]
2026-04-18 13:23:55.788 [info] > git show --textconv :src/main.tsx [2ms]
2026-04-18 13:23:56.099 [info] > git check-ignore -v -z --stdin [2ms]
2026-04-18 13:24:04.665 [info] > git config --get commit.template [13ms]
2026-04-18 13:24:04.666 [info] > git for-each-ref --format=%(refname)%00%(upstream:short)%00%(objectname)%00%(upstream:track)%00%(upstream:remotename)%00%(upstream:remoteref) refs/heads/main refs/remotes/main [2ms]
2026-04-18 13:24:04.684 [info] > git status -z -uall [9ms]
2026-04-18 13:24:04.685 [info] > git for-each-ref --sort -committerdate --format %(refname)%00%(objectname)%00%(*objectname) [2ms]
2026-04-18 13:24:05.007 [info] > git check-ignore -v -z --stdin [2ms]
2026-04-18 13:26:42.386 [info] > git config --get commit.template [2ms]
2026-04-18 13:26:42.400 [info] > git for-each-ref --format=%(refname)%00%(upstream:short)%00%(objectname)%00%(upstream:track)%00%(upstream:remotename)%00%(upstream:remoteref) refs/heads/main refs/remotes/main [1ms]
2026-04-18 13:26:42.424 [info] > git status -z -uall [12ms]
2026-04-18 13:26:42.426 [info] > git for-each-ref --sort -committerdate --format %(refname)%00%(objectname)%00%(*objectname) [3ms]
2026-04-18 13:26:43.806 [info] > git fetch [1435ms]
2026-04-18 13:26:43.835 [info] > git config --get commit.template [14ms]
2026-04-18 13:26:43.836 [info] > git for-each-ref --format=%(refname)%00%(upstream:short)%00%(objectname)%00%(upstream:track)%00%(upstream:remotename)%00%(upstream:remoteref) refs/heads/main refs/remotes/main [2ms]
2026-04-18 13:26:43.862 [info] > git status -z -uall [13ms]
2026-04-18 13:26:43.864 [info] > git for-each-ref --sort -committerdate --format %(refname)%00%(objectname)%00%(*objectname) [3ms]
2026-04-18 13:26:46.604 [info] > git check-ignore -v -z --stdin [1ms]
2026-04-18 13:26:46.625 [info] > git show --textconv :src/main.tsx [9ms]
2026-04-18 13:26:46.626 [info] > git ls-files --stage -- src/main.tsx [2ms]
2026-04-18 13:26:46.648 [info] > git cat-file -s 6454cbe937931cc68064ddfa445130ab5792cf48 [13ms]
2026-04-18 13:26:55.031 [info] > git config --get commit.template [17ms]
2026-04-18 13:26:55.035 [info] > git for-each-ref --format=%(refname)%00%(upstream:short)%00%(objectname)%00%(upstream:track)%00%(upstream:remotename)%00%(upstream:remoteref) refs/heads/main refs/remotes/main [5ms]
2026-04-18 13:26:55.070 [info] > git status -z -uall [16ms]
2026-04-18 13:26:55.072 [info] > git for-each-ref --sort -committerdate --format %(refname)%00%(objectname)%00%(*objectname) [3ms]
2026-04-18 13:26:55.399 [info] > git check-ignore -v -z --stdin [2ms]
2026-04-18 13:28:28.459 [info] > git check-ignore -v -z --stdin [2ms]
2026-04-18 13:28:28.490 [info] > git show --textconv :.env [15ms]
2026-04-18 13:28:28.492 [info] > git ls-files --stage -- .env [3ms]
2026-04-18 13:28:28.508 [info] > git cat-file -s b1d583d356c560746bbf5962dc0ee8d8134419f0 [2ms]
2026-04-18 13:28:29.324 [info] > git blame --root --incremental 0b17135e1a27db510ab691dabc212328b5b3642a -- .env [7ms]
2026-04-18 13:28:46.605 [info] > git check-ignore -v -z --stdin [4ms]
2026-04-18 13:28:46.636 [info] > git show --textconv :.env [15ms]
2026-04-18 13:28:46.637 [info] > git ls-files --stage -- .env [2ms]
2026-04-18 13:28:46.654 [info] > git cat-file -s b1d583d356c560746bbf5962dc0ee8d8134419f0 [3ms]
2026-04-18 13:29:57.922 [info] > git fetch [1480ms]
2026-04-18 13:29:57.950 [info] > git config --get commit.template [14ms]
2026-04-18 13:29:57.951 [info] > git for-each-ref --format=%(refname)%00%(upstream:short)%00%(objectname)%00%(upstream:track)%00%(upstream:remotename)%00%(upstream:remoteref) refs/heads/main refs/remotes/main [2ms]
2026-04-18 13:29:57.980 [info] > git status -z -uall [16ms]
2026-04-18 13:29:57.983 [info] > git for-each-ref --sort -committerdate --format %(refname)%00%(objectname)%00%(*objectname) [4ms]
2026-04-18 13:29:58.309 [info] > git check-ignore -v -z --stdin [2ms]
2026-04-18 13:30:04.080 [info] > git config --get commit.template [2ms]
2026-04-18 13:30:04.109 [info] > git for-each-ref --format=%(refname)%00%(upstream:short)%00%(objectname)%00%(upstream:track)%00%(upstream:remotename)%00%(upstream:remoteref) refs/heads/main refs/remotes/main [15ms]
2026-04-18 13:30:04.110 [info] > git ls-files --stage -- .env [2ms]
2026-04-18 13:30:04.156 [info] > git status -z -uall [22ms]
2026-04-18 13:30:04.162 [info] > git cat-file -s b1d583d356c560746bbf5962dc0ee8d8134419f0 [40ms]
2026-04-18 13:30:04.165 [info] > git for-each-ref --sort -committerdate --format %(refname)%00%(objectname)%00%(*objectname) [12ms]
2026-04-18 13:30:04.193 [info] > git show --textconv :.env [3ms]
2026-04-18 13:30:04.489 [info] > git check-ignore -v -z --stdin [2ms]
2026-04-18 13:42:19.711 [info] > git check-ignore -v -z --stdin [2ms]
2026-04-18 13:42:32.538 [info] > git check-ignore -v -z --stdin [2ms]
2026-04-18 13:58:19.120 [info] > git config --get commit.template [18ms]
2026-04-18 13:58:19.136 [info] > git ls-files --stage -- .env [17ms]
2026-04-18 13:58:19.149 [info] > git for-each-ref --format=%(refname)%00%(upstream:short)%00%(objectname)%00%(upstream:track)%00%(upstream:remotename)%00%(upstream:remoteref) refs/heads/development refs/remotes/development [16ms]
2026-04-18 13:58:19.175 [info] > git status -z -uall [16ms]
2026-04-18 13:58:19.176 [info] > git cat-file -s 44162439dbc7cf01902afcb791be4c92cf94e44c [28ms]
2026-04-18 13:58:19.179 [info] > git for-each-ref --sort -committerdate --format %(refname)%00%(objectname)%00%(*objectname) [5ms]
2026-04-18 13:58:19.235 [info] > git for-each-ref --format=%(refname)%00%(upstream:short)%00%(objectname)%00%(upstream:track)%00%(upstream:remotename)%00%(upstream:remoteref) refs/heads/development refs/remotes/development [17ms]
2026-04-18 13:58:19.249 [info] > git blame --root --incremental c3dcebc6f5977d3eaf8a7ca89a595a7f643a11cf -- .env [49ms]
2026-04-18 13:58:19.252 [info] > git show --textconv :.env [19ms]
2026-04-18 13:58:19.252 [info] > git config --get --local branch.development.vscode-merge-base [3ms]
2026-04-18 13:58:19.253 [warning] [Git][config] git config failed: Failed to execute git
2026-04-18 13:58:19.286 [info] > git reflog development --grep-reflog=branch: Created from *. [20ms]
2026-04-18 13:58:19.353 [info] > git reflog HEAD --grep-reflog=checkout: moving from .* to development [46ms]
2026-04-18 13:58:19.383 [info] > git for-each-ref --format=%(refname)%00%(upstream:short)%00%(objectname)%00%(upstream:track)%00%(upstream:remotename)%00%(upstream:remoteref) refs/heads/main refs/remotes/main [2ms]
2026-04-18 13:58:19.396 [info] > git for-each-ref --format=%(refname)%00%(upstream:short)%00%(objectname)%00%(upstream:track)%00%(upstream:remotename)%00%(upstream:remoteref) refs/remotes/origin/main [2ms]
2026-04-18 13:58:19.408 [info] > git config --add --local branch.development.vscode-merge-base origin/main [2ms]
2026-04-18 13:58:19.429 [info] > git config --get commit.template [10ms]
2026-04-18 13:58:19.429 [info] > git for-each-ref --format=%(refname)%00%(upstream:short)%00%(objectname)%00%(upstream:track)%00%(upstream:remotename)%00%(upstream:remoteref) refs/heads/development refs/remotes/development [1ms]
2026-04-18 13:58:19.448 [info] > git status -z -uall [10ms]
2026-04-18 13:58:19.449 [info] > git for-each-ref --sort -committerdate --format %(refname)%00%(objectname)%00%(*objectname) [2ms]
2026-04-18 13:58:19.505 [info] > git check-ignore -v -z --stdin [2ms]
2026-04-18 13:58:19.772 [info] > git check-ignore -v -z --stdin [3ms]
2026-04-18 13:58:20.370 [info] > git fetch [1286ms]
2026-04-18 13:58:20.400 [info] > git config --get commit.template [16ms]
2026-04-18 13:58:20.401 [info] > git for-each-ref --format=%(refname)%00%(upstream:short)%00%(objectname)%00%(upstream:track)%00%(upstream:remotename)%00%(upstream:remoteref) refs/heads/development refs/remotes/development [2ms]
2026-04-18 13:58:20.431 [info] > git status -z -uall [16ms]
2026-04-18 13:58:20.432 [info] > git for-each-ref --sort -committerdate --format %(refname)%00%(objectname)%00%(*objectname) [2ms]
2026-04-18 13:58:20.757 [info] > git check-ignore -v -z --stdin [2ms]
2026-04-18 14:11:45.841 [info] > git config --get commit.template [12ms]
2026-04-18 14:11:45.850 [info] > git ls-files --stage -- .env [10ms]
2026-04-18 14:11:45.868 [info] > git cat-file -s 44162439dbc7cf01902afcb791be4c92cf94e44c [10ms]
2026-04-18 14:11:45.869 [info] > git for-each-ref --format=%(refname)%00%(upstream:short)%00%(objectname)%00%(upstream:track)%00%(upstream:remotename)%00%(upstream:remoteref) refs/heads/development refs/remotes/development [3ms]
2026-04-18 14:11:45.886 [info] > git status -z -uall [9ms]
2026-04-18 14:11:45.899 [info] > git for-each-ref --sort -committerdate --format %(refname)%00%(objectname)%00%(*objectname) [13ms]
2026-04-18 14:11:45.922 [info] > git show --textconv :.env [25ms]
2026-04-18 14:11:45.922 [info] > git blame --root --incremental a3a5f8e6b3cb9f0f294fb2fe437189905d319025 -- .env [5ms]
2026-04-18 14:11:46.217 [info] > git check-ignore -v -z --stdin [2ms]
2026-04-18 14:11:47.409 [info] > git fetch [1593ms]
2026-04-18 14:11:47.424 [info] > git config --get commit.template [7ms]
2026-04-18 14:11:47.425 [info] > git for-each-ref --format=%(refname)%00%(upstream:short)%00%(objectname)%00%(upstream:track)%00%(upstream:remotename)%00%(upstream:remoteref) refs/heads/development refs/remotes/development [1ms]
2026-04-18 14:11:47.441 [info] > git status -z -uall [8ms]
2026-04-18 14:11:47.442 [info] > git for-each-ref --sort -committerdate --format %(refname)%00%(objectname)%00%(*objectname) [1ms]
2026-04-18 18:25:20.145 [info] > git config --get commit.template [7ms]
2026-04-18 18:25:20.146 [info] > git ls-files --stage -- .env [2ms]
2026-04-18 18:25:20.160 [info] > git cat-file -s 44162439dbc7cf01902afcb791be4c92cf94e44c [8ms]
2026-04-18 18:25:20.160 [info] > git for-each-ref --format=%(refname)%00%(upstream:short)%00%(objectname)%00%(upstream:track)%00%(upstream:remotename)%00%(upstream:remoteref) refs/heads/development refs/remotes/development [2ms]
2026-04-18 18:25:20.174 [info] > git status -z -uall [7ms]
2026-04-18 18:25:20.181 [info] > git for-each-ref --sort -committerdate --format %(refname)%00%(objectname)%00%(*objectname) [8ms]
2026-04-18 18:25:20.190 [info] > git show --textconv :.env [9ms]
2026-04-18 18:25:20.191 [info] > git blame --root --incremental b8f0d0c204d9835bb3efdb8a3f721ac611a7d461 -- .env [2ms]
2026-04-18 18:25:20.491 [info] > git check-ignore -v -z --stdin [0ms]
2026-04-18 18:25:21.326 [info] > git ls-files --stage -- .env [2ms]
2026-04-18 18:25:21.333 [info] > git cat-file -s 44162439dbc7cf01902afcb791be4c92cf94e44c [1ms]
2026-04-18 18:25:21.341 [info] > git show --textconv :.env [1ms]
2026-04-18 18:25:21.740 [info] > git fetch [1610ms]
2026-04-18 18:25:21.767 [info] > git config --get commit.template [13ms]
2026-04-18 18:25:21.768 [info] > git for-each-ref --format=%(refname)%00%(upstream:short)%00%(objectname)%00%(upstream:track)%00%(upstream:remotename)%00%(upstream:remoteref) refs/heads/development refs/remotes/development [2ms]
2026-04-18 18:25:21.787 [info] > git status -z -uall [10ms]
2026-04-18 18:25:21.788 [info] > git for-each-ref --sort -committerdate --format %(refname)%00%(objectname)%00%(*objectname) [2ms]
2026-04-18 18:33:30.819 [info] > git config --get commit.template [8ms]
2026-04-18 18:33:30.827 [info] > git ls-files --stage -- .env [9ms]
2026-04-18 18:33:30.832 [info] > git for-each-ref --format=%(refname)%00%(upstream:short)%00%(objectname)%00%(upstream:track)%00%(upstream:remotename)%00%(upstream:remoteref) refs/heads/development refs/remotes/development [6ms]
2026-04-18 18:33:30.844 [info] > git status -z -uall [6ms]
2026-04-18 18:33:30.844 [info] > git cat-file -s 44162439dbc7cf01902afcb791be4c92cf94e44c [13ms]
2026-04-18 18:33:30.845 [info] > git for-each-ref --sort -committerdate --format %(refname)%00%(objectname)%00%(*objectname) [1ms]
2026-04-18 18:33:30.859 [info] > git blame --root --incremental 619fc51a6e8baba5796f0497d5b164caeb5c3c49 -- .env [7ms]
2026-04-18 18:33:30.860 [info] > git show --textconv :.env [2ms]
2026-04-18 18:33:31.158 [info] > git check-ignore -v -z --stdin [1ms]
2026-04-18 18:33:32.274 [info] > git fetch [1472ms]
2026-04-18 18:33:32.293 [info] > git config --get commit.template [7ms]
2026-04-18 18:33:32.294 [info] > git for-each-ref --format=%(refname)%00%(upstream:short)%00%(objectname)%00%(upstream:track)%00%(upstream:remotename)%00%(upstream:remoteref) refs/heads/development refs/remotes/development [1ms]
2026-04-18 18:33:32.305 [info] > git status -z -uall [7ms]
2026-04-18 18:33:32.306 [info] > git for-each-ref --sort -committerdate --format %(refname)%00%(objectname)%00%(*objectname) [2ms]
2026-04-18 18:33:46.113 [info] > git config --get commit.template [8ms]
2026-04-18 18:33:46.119 [info] > git for-each-ref --format=%(refname)%00%(upstream:short)%00%(objectname)%00%(upstream:track)%00%(upstream:remotename)%00%(upstream:remoteref) refs/heads/development refs/remotes/development [8ms]
2026-04-18 18:33:46.131 [info] > git status -z -uall [6ms]
2026-04-18 18:33:46.131 [info] > git ls-files --stage -- .env [12ms]
2026-04-18 18:33:46.137 [info] > git for-each-ref --sort -committerdate --format %(refname)%00%(objectname)%00%(*objectname) [7ms]
2026-04-18 18:33:46.138 [info] > git cat-file -s 44162439dbc7cf01902afcb791be4c92cf94e44c [2ms]
2026-04-18 18:33:46.145 [info] > git show --textconv :.env [1ms]
2026-04-18 18:37:12.835 [info] > git fetch [1466ms]
2026-04-18 18:37:12.853 [info] > git config --get commit.template [8ms]
2026-04-18 18:37:12.854 [info] > git for-each-ref --format=%(refname)%00%(upstream:short)%00%(objectname)%00%(upstream:track)%00%(upstream:remotename)%00%(upstream:remoteref) refs/heads/development refs/remotes/development [1ms]
2026-04-18 18:37:12.866 [info] > git status -z -uall [6ms]
2026-04-18 18:37:12.866 [info] > git for-each-ref --sort -committerdate --format %(refname)%00%(objectname)%00%(*objectname) [1ms]
2026-04-18 18:39:31.178 [info] > git config --get commit.template [1ms]
2026-04-18 18:39:31.192 [info] > git ls-files --stage -- .env [7ms]
2026-04-18 18:39:31.201 [info] > git for-each-ref --format=%(refname)%00%(upstream:short)%00%(objectname)%00%(upstream:track)%00%(upstream:remotename)%00%(upstream:remoteref) refs/heads/development refs/remotes/development [9ms]
2026-04-18 18:39:31.212 [info] > git status -z -uall [5ms]
2026-04-18 18:39:31.212 [info] > git cat-file -s 44162439dbc7cf01902afcb791be4c92cf94e44c [12ms]
2026-04-18 18:39:31.213 [info] > git for-each-ref --sort -committerdate --format %(refname)%00%(objectname)%00%(*objectname) [1ms]
2026-04-18 18:39:31.222 [info] > git show --textconv :.env [1ms]
2026-04-18 18:39:31.534 [info] > git check-ignore -v -z --stdin [2ms]
2026-04-18 18:39:47.281 [info] > git config --get commit.template [10ms]
2026-04-18 18:39:47.282 [info] > git for-each-ref --format=%(refname)%00%(upstream:short)%00%(objectname)%00%(upstream:track)%00%(upstream:remotename)%00%(upstream:remoteref) refs/heads/development refs/remotes/development [2ms]
2026-04-18 18:39:47.306 [info] > git status -z -uall [11ms]
2026-04-18 18:39:47.308 [info] > git for-each-ref --sort -committerdate --format %(refname)%00%(objectname)%00%(*objectname) [2ms]
