2026-03-26 15:58:07.838 [info] Starting TS Server
2026-03-26 15:58:07.838 [info] Using tsserver from: /opt/visual-studio-code/resources/app/extensions/node_modules/typescript/lib/tsserver.js
2026-03-26 15:58:07.838 [info] <syntax> Forking...
2026-03-26 15:58:07.838 [info] <syntax> Starting...
2026-03-26 15:58:07.838 [info] <semantic> Forking...
2026-03-26 15:58:07.838 [info] <semantic> Starting...
2026-03-26 15:58:20.238 [error] TSServer exited. Code: null. Signal: SIGTERM
2026-03-26 16:00:59.083 [info] Starting TS Server
2026-03-26 16:00:59.084 [info] Using tsserver from: /opt/visual-studio-code/resources/app/extensions/node_modules/typescript/lib/tsserver.js
2026-03-26 16:00:59.084 [info] <syntax> Forking...
2026-03-26 16:00:59.084 [info] <syntax> Starting...
2026-03-26 16:00:59.084 [info] <semantic> Forking...
2026-03-26 16:00:59.084 [info] <semantic> Starting...
2026-03-26 16:01:28.757 [error] TSServer exited. Code: null. Signal: SIGTERM
2026-03-26 16:03:40.585 [info] Starting TS Server
2026-03-26 16:03:40.585 [info] Using tsserver from: /opt/visual-studio-code/resources/app/extensions/node_modules/typescript/lib/tsserver.js
2026-03-26 16:03:40.585 [info] <syntax> Forking...
2026-03-26 16:03:40.585 [info] <syntax> Starting...
2026-03-26 16:03:40.585 [info] <semantic> Forking...
2026-03-26 16:03:40.585 [info] <semantic> Starting...
