2026-04-10 09:49:57.796 [info] [aebc6443-996d-45c2-90f0-388ff96faa56] Native Broker enabled: false
2026-04-10 09:49:57.816 [info] [getSessions] [all] starting
2026-04-10 09:49:57.816 [info] [getSessions] [all] returned 0 session(s)
2026-04-10 09:49:57.816 [info] [getSessions] [all] starting
2026-04-10 09:49:57.816 [info] [getSessions] [all] returned 0 session(s)
2026-04-10 09:49:57.817 [info] [getSessions] [all] starting
2026-04-10 09:49:57.817 [info] [getSessions] [all] returned 0 session(s)
2026-04-10 09:49:57.818 [info] [getSessions] [499b84ac-1321-427f-aa17-267ca6975798/.default offline_access] starting
2026-04-10 09:49:57.818 [info] [aebc6443-996d-45c2-90f0-388ff96faa56] Native Broker enabled: false
2026-04-10 09:49:57.821 [info] [getSessions] [499b84ac-1321-427f-aa17-267ca6975798/.default offline_access] returned 0 session(s)
2026-04-10 09:49:59.159 [info] [getSessions] [499b84ac-1321-427f-aa17-267ca6975798/.default offline_access] starting
2026-04-10 09:49:59.159 [info] [getSessions] [499b84ac-1321-427f-aa17-267ca6975798/.default offline_access] returned 0 session(s)
2026-04-10 09:50:04.358 [info] Microsoft Authentication is deactivating...
2026-04-10 09:50:13.164 [info] [aebc6443-996d-45c2-90f0-388ff96faa56] Native Broker enabled: false
2026-04-10 09:50:13.361 [info] [getSessions] [all] starting
2026-04-10 09:50:13.361 [info] [getSessions] [all] returned 0 session(s)
2026-04-10 09:50:13.361 [info] [getSessions] [all] starting
2026-04-10 09:50:13.361 [info] [getSessions] [all] returned 0 session(s)
2026-04-10 09:50:13.394 [info] [getSessions] [499b84ac-1321-427f-aa17-267ca6975798/.default offline_access] starting
2026-04-10 09:50:13.394 [info] [aebc6443-996d-45c2-90f0-388ff96faa56] Native Broker enabled: false
2026-04-10 09:50:13.451 [info] [getSessions] [499b84ac-1321-427f-aa17-267ca6975798/.default offline_access] returned 0 session(s)
2026-04-10 09:50:13.675 [info] [getSessions] [499b84ac-1321-427f-aa17-267ca6975798/.default offline_access] starting
2026-04-10 09:50:13.675 [info] [getSessions] [499b84ac-1321-427f-aa17-267ca6975798/.default offline_access] returned 0 session(s)
2026-04-10 09:51:07.204 [info] [getSessions] [all] starting
2026-04-10 09:51:07.204 [info] [getSessions] [all] returned 0 session(s)
2026-04-10 09:51:18.547 [info] [getSessions] [all] starting
2026-04-10 09:51:18.547 [info] [getSessions] [all] returned 0 session(s)
