Initializing document watcher...
Document watcher initialized
insurance-proj/vite.config.ts: {"tabSize":2,"indentSize":2,"insertSpaces":true,"cursorStyle":1,"lineNumbers":1}
insurance-proj/vite.config.ts: Using EditorConfig core...
vite.config.ts: Target charset is not set
insurance-proj/vite.config.ts: {"tabSize":2,"indentSize":2,"insertSpaces":true,"cursorStyle":1,"lineNumbers":1}
insurance-proj/vite.config.ts: {"tabSize":2,"indentSize":2,"insertSpaces":true,"cursorStyle":1,"lineNumbers":1}
insurance-proj/vite.config.ts: {"tabSize":2,"indentSize":2,"insertSpaces":true,"cursorStyle":1,"lineNumbers":1}
insurance-proj/vite.config.ts: {"tabSize":2,"indentSize":2,"insertSpaces":true,"cursorStyle":1,"lineNumbers":1}
insurance-proj/vite.config.ts: {"tabSize":2,"indentSize":2,"insertSpaces":true,"cursorStyle":1,"lineNumbers":1}
insurance-proj/vite.config.ts: {"tabSize":2,"indentSize":2,"insertSpaces":true,"cursorStyle":1,"lineNumbers":1}
insurance-proj/vite.config.ts: {"tabSize":2,"indentSize":2,"insertSpaces":true,"cursorStyle":1,"lineNumbers":1}
insurance-proj/vite.config.ts: {"tabSize":2,"indentSize":2,"insertSpaces":true,"cursorStyle":1,"lineNumbers":1}
insurance-proj/vite.config.ts: {"tabSize":2,"indentSize":2,"insertSpaces":true,"cursorStyle":1,"lineNumbers":1}
insurance-proj/vite.config.ts: {"tabSize":2,"indentSize":2,"insertSpaces":true,"cursorStyle":1,"lineNumbers":1}
insurance-proj/vite.config.ts: {"tabSize":2,"indentSize":2,"insertSpaces":true,"cursorStyle":1,"lineNumbers":1}
insurance-proj/vite.config.ts: {"tabSize":2,"indentSize":2,"insertSpaces":true,"cursorStyle":1,"lineNumbers":1}
insurance-proj/vite.config.ts: {"tabSize":2,"indentSize":2,"insertSpaces":true,"cursorStyle":1,"lineNumbers":1}
insurance-proj/vite.config.ts: {"tabSize":2,"indentSize":2,"insertSpaces":true,"cursorStyle":1,"lineNumbers":1}
insurance-proj/vite.config.ts: {"tabSize":2,"indentSize":2,"insertSpaces":true,"cursorStyle":1,"lineNumbers":1}
insurance-proj/vite.config.ts: {"tabSize":2,"indentSize":2,"insertSpaces":true,"cursorStyle":1,"lineNumbers":1}
insurance-proj/vite.config.ts: {"tabSize":2,"indentSize":2,"insertSpaces":true,"cursorStyle":1,"lineNumbers":1}
insurance-proj/vite.config.ts: {"tabSize":2,"indentSize":2,"insertSpaces":true,"cursorStyle":1,"lineNumbers":1}
insurance-proj/vite.config.ts: {"tabSize":2,"indentSize":2,"insertSpaces":true,"cursorStyle":1,"lineNumbers":1}
insurance-proj/vite.config.ts: {"tabSize":2,"indentSize":2,"insertSpaces":true,"cursorStyle":1,"lineNumbers":1}
insurance-proj/vite.config.ts: {"tabSize":2,"indentSize":2,"insertSpaces":true,"cursorStyle":1,"lineNumbers":1}
insurance-proj/vite.config.ts: {"tabSize":2,"indentSize":2,"insertSpaces":true,"cursorStyle":1,"lineNumbers":1}
insurance-proj/vite.config.ts: {"tabSize":2,"indentSize":2,"insertSpaces":true,"cursorStyle":1,"lineNumbers":1}
insurance-proj/vite.config.ts: {"tabSize":2,"indentSize":2,"insertSpaces":true,"cursorStyle":1,"lineNumbers":1}
insurance-proj/vite.config.ts: {"tabSize":2,"indentSize":2,"insertSpaces":true,"cursorStyle":1,"lineNumbers":1}
insurance-proj/vite.config.ts: {"tabSize":2,"indentSize":2,"insertSpaces":true,"cursorStyle":1,"lineNumbers":1}
insurance-proj/vite.config.ts: {"tabSize":2,"indentSize":2,"insertSpaces":true,"cursorStyle":1,"lineNumbers":1}
insurance-proj/vite.config.ts: {"tabSize":2,"indentSize":2,"insertSpaces":true,"cursorStyle":1,"lineNumbers":1}
insurance-proj/vite.config.ts: {"tabSize":2,"indentSize":2,"insertSpaces":true,"cursorStyle":1,"lineNumbers":1}
insurance-proj/vite.config.ts: {"tabSize":2,"indentSize":2,"insertSpaces":true,"cursorStyle":1,"lineNumbers":1}
insurance-proj/vite.config.ts: {"tabSize":2,"indentSize":2,"insertSpaces":true,"cursorStyle":1,"lineNumbers":1}
insurance-proj/vite.config.ts: {"tabSize":2,"indentSize":2,"insertSpaces":true,"cursorStyle":1,"lineNumbers":1}
insurance-proj/vite.config.ts: {"tabSize":2,"indentSize":2,"insertSpaces":true,"cursorStyle":1,"lineNumbers":1}
insurance-proj/vite.config.ts: {"tabSize":2,"indentSize":2,"insertSpaces":true,"cursorStyle":1,"lineNumbers":1}
insurance-proj/vite.config.ts: {"tabSize":2,"indentSize":2,"insertSpaces":true,"cursorStyle":1,"lineNumbers":1}
insurance-proj/vite.config.ts: {"tabSize":2,"indentSize":2,"insertSpaces":true,"cursorStyle":1,"lineNumbers":1}
insurance-proj/vite.config.ts: {"tabSize":2,"indentSize":2,"insertSpaces":true,"cursorStyle":1,"lineNumbers":1}
insurance-proj/vite.config.ts: {"tabSize":2,"indentSize":2,"insertSpaces":true,"cursorStyle":1,"lineNumbers":1}
insurance-proj/vite.config.ts: {"tabSize":2,"indentSize":2,"insertSpaces":true,"cursorStyle":1,"lineNumbers":1}
insurance-proj/vite.config.ts: {"tabSize":2,"indentSize":2,"insertSpaces":true,"cursorStyle":1,"lineNumbers":1}
insurance-proj/vite.config.ts: {"tabSize":2,"indentSize":2,"insertSpaces":true,"cursorStyle":1,"lineNumbers":1}
insurance-proj/vite.config.ts: {"tabSize":2,"indentSize":2,"insertSpaces":true,"cursorStyle":1,"lineNumbers":1}
insurance-proj/vite.config.ts: {"tabSize":2,"indentSize":2,"insertSpaces":true,"cursorStyle":1,"lineNumbers":1}
insurance-proj/vite.config.ts: {"tabSize":2,"indentSize":2,"insertSpaces":true,"cursorStyle":1,"lineNumbers":1}
insurance-proj/vite.config.ts: {"tabSize":2,"indentSize":2,"insertSpaces":true,"cursorStyle":1,"lineNumbers":1}
insurance-proj/vite.config.ts: {"tabSize":2,"indentSize":2,"insertSpaces":true,"cursorStyle":1,"lineNumbers":1}
insurance-proj/vite.config.ts: {"tabSize":2,"indentSize":2,"insertSpaces":true,"cursorStyle":1,"lineNumbers":1}
insurance-proj/vite.config.ts: {"tabSize":2,"indentSize":2,"insertSpaces":true,"cursorStyle":1,"lineNumbers":1}
insurance-proj/vite.config.ts: {"tabSize":2,"indentSize":2,"insertSpaces":true,"cursorStyle":1,"lineNumbers":1}
insurance-proj/vite.config.ts: {"tabSize":2,"indentSize":2,"insertSpaces":true,"cursorStyle":1,"lineNumbers":1}
insurance-proj/vite.config.ts: {"tabSize":2,"indentSize":2,"insertSpaces":true,"cursorStyle":1,"lineNumbers":1}
insurance-proj/vite.config.ts: {"tabSize":2,"indentSize":2,"insertSpaces":true,"cursorStyle":1,"lineNumbers":1}
insurance-proj/vite.config.ts: {"tabSize":2,"indentSize":2,"insertSpaces":true,"cursorStyle":1,"lineNumbers":1}
insurance-proj/src/app/pages/customer/Dashboard.tsx: {"tabSize":2,"indentSize":2,"insertSpaces":true,"cursorStyle":1,"lineNumbers":1}
insurance-proj/src/app/pages/customer/Dashboard.tsx: Using EditorConfig core...
src/app/pages/customer/Dashboard.tsx: Target charset is not set
insurance-proj/src/app/pages/customer/Dashboard.tsx: Using EditorConfig core...
insurance-proj/src/app/pages/customer/Dashboard.tsx: Using EditorConfig core...
src/app/pages/customer/Dashboard.tsx: Target charset is not set
insurance-proj/src/app/pages/customer/Dashboard.tsx: Using EditorConfig core...
insurance-proj/src/app/pages/customer/Dashboard.tsx: Using EditorConfig core...
src/app/pages/customer/Dashboard.tsx: Target charset is not set
insurance-proj/src/app/pages/customer/Dashboard.tsx: Using EditorConfig core...
insurance-proj/src/app/pages/customer/Dashboard.tsx: Using EditorConfig core...
src/app/pages/customer/Dashboard.tsx: Target charset is not set
insurance-proj/src/app/pages/customer/Dashboard.tsx: Using EditorConfig core...
insurance-proj/src/app/pages/customer/Dashboard.tsx: Using EditorConfig core...
src/app/pages/customer/Dashboard.tsx: Target charset is not set
insurance-proj/src/app/pages/customer/Dashboard.tsx: Using EditorConfig core...
insurance-proj/src/app/pages/customer/Dashboard.tsx: Using EditorConfig core...
src/app/pages/customer/Dashboard.tsx: Target charset is not set
insurance-proj/src/app/pages/customer/Dashboard.tsx: {"tabSize":2,"indentSize":2,"insertSpaces":true,"cursorStyle":1,"lineNumbers":1}
insurance-proj/src/app/pages/customer/Dashboard.tsx: {"tabSize":2,"indentSize":2,"insertSpaces":true,"cursorStyle":1,"lineNumbers":1}
insurance-proj/src/app/pages/customer/Dashboard.tsx: Using EditorConfig core...
insurance-proj/src/app/pages/customer/Dashboard.tsx: Using EditorConfig core...
src/app/pages/customer/Dashboard.tsx: Target charset is not set
insurance-proj/src/app/pages/customer/Dashboard.tsx: Using EditorConfig core...
insurance-proj/src/app/pages/customer/Dashboard.tsx: Using EditorConfig core...
src/app/pages/customer/Dashboard.tsx: Target charset is not set
insurance-proj/src/app/pages/customer/Dashboard.tsx: Using EditorConfig core...
insurance-proj/src/app/pages/customer/Dashboard.tsx: Using EditorConfig core...
src/app/pages/customer/Dashboard.tsx: Target charset is not set
insurance-proj/src/app/pages/customer/Dashboard.tsx: {"tabSize":2,"indentSize":2,"insertSpaces":true,"cursorStyle":1,"lineNumbers":1}
insurance-proj/src/app/pages/customer/Dashboard.tsx: {"tabSize":2,"indentSize":2,"insertSpaces":true,"cursorStyle":1,"lineNumbers":1}
insurance-proj/src/app/pages/customer/Dashboard.tsx: {"tabSize":2,"indentSize":2,"insertSpaces":true,"cursorStyle":1,"lineNumbers":1}
