2026-04-11 10:07:33.766 [info] Reading sessions from keychain...
2026-04-11 10:07:33.766 [info] Getting sessions for all scopes...
2026-04-11 10:07:34.457 [info] Got stored sessions!
2026-04-11 10:07:34.457 [info] Got 3 verified sessions.
2026-04-11 10:07:34.457 [info] Got 3 sessions for ...
2026-04-11 10:07:34.457 [info] Getting sessions for all scopes...
2026-04-11 10:07:34.458 [info] Got 3 sessions for ...
2026-04-11 10:07:34.551 [info] Getting sessions for all scopes...
2026-04-11 10:07:34.551 [info] Got 3 sessions for ...
2026-04-11 10:07:35.370 [info] Getting sessions for all scopes...
2026-04-11 10:07:35.370 [info] Got 3 sessions for ...
2026-04-11 10:07:35.732 [info] Getting sessions for user:email...
2026-04-11 10:07:35.732 [info] Got 1 sessions for user:email...
2026-04-11 10:07:36.017 [info] Getting sessions for read:user,repo,user:email,workflow...
2026-04-11 10:07:36.017 [info] Got 1 sessions for read:user,repo,user:email,workflow...
2026-04-11 10:07:36.547 [info] FetcherService: Node fetch failed with status: 429 Too Many Requests
2026-04-11 10:07:36.557 [info] Unable to resolve optional EDU details. Status: 429 Too Many Requests
2026-04-11 10:07:39.252 [info] Getting sessions for all scopes...
2026-04-11 10:07:39.252 [info] Got 3 sessions for ...
2026-04-11 10:07:39.722 [info] Getting sessions for all scopes...
2026-04-11 10:07:39.722 [info] Got 3 sessions for ...
2026-04-11 10:07:39.722 [info] Getting sessions for all scopes...
2026-04-11 10:07:39.722 [info] Got 3 sessions for ...
2026-04-11 10:07:40.173 [info] Getting sessions for all scopes...
2026-04-11 10:07:40.173 [info] Got 3 sessions for ...
2026-04-11 10:07:40.613 [info] Getting sessions for read:user,repo,user:email,workflow...
2026-04-11 10:07:40.614 [info] Got 1 sessions for read:user,repo,user:email,workflow...
2026-04-11 10:07:41.709 [info] Getting sessions for all scopes...
2026-04-11 10:07:41.709 [info] Got 3 sessions for ...
2026-04-11 10:07:41.788 [info] Getting sessions for all scopes...
2026-04-11 10:07:41.788 [info] Got 3 sessions for ...
2026-04-11 10:07:41.801 [info] Getting sessions for user:email...
2026-04-11 10:07:41.801 [info] Got 1 sessions for user:email...
2026-04-11 10:07:42.168 [info] Getting sessions for all scopes...
2026-04-11 10:07:42.168 [info] Got 3 sessions for ...
2026-04-11 10:07:42.168 [info] Getting sessions for all scopes...
2026-04-11 10:07:42.168 [info] Got 3 sessions for ...
2026-04-11 10:07:42.261 [info] Getting sessions for read:user,repo,user:email,workflow...
2026-04-11 10:07:42.261 [info] Got 1 sessions for read:user,repo,user:email,workflow...
2026-04-11 10:07:42.518 [info] Getting sessions for all scopes...
2026-04-11 10:07:42.518 [info] Got 3 sessions for ...
2026-04-11 10:07:42.520 [info] Getting sessions for all scopes...
2026-04-11 10:07:42.520 [info] Got 3 sessions for ...
2026-04-11 10:07:42.520 [info] Getting sessions for all scopes...
2026-04-11 10:07:42.520 [info] Got 3 sessions for ...
2026-04-11 10:07:42.529 [info] Getting sessions for all scopes...
2026-04-11 10:07:42.529 [info] Got 3 sessions for ...
2026-04-11 10:07:42.604 [info] Getting sessions for read:user,repo,user:email,workflow...
2026-04-11 10:07:42.604 [info] Got 1 sessions for read:user,repo,user:email,workflow...
2026-04-11 10:07:42.649 [info] Getting sessions for all scopes...
2026-04-11 10:07:42.649 [info] Got 3 sessions for ...
2026-04-11 10:07:42.672 [info] Getting sessions for read:user,repo,user:email,workflow...
2026-04-11 10:07:42.672 [info] Got 1 sessions for read:user,repo,user:email,workflow...
2026-04-11 10:07:42.967 [info] Getting sessions for all scopes...
2026-04-11 10:07:42.967 [info] Got 3 sessions for ...
2026-04-11 10:07:42.970 [info] Getting sessions for read:user,repo,user:email,workflow...
2026-04-11 10:07:42.970 [info] Got 1 sessions for read:user,repo,user:email,workflow...
2026-04-11 10:07:42.975 [info] Getting sessions for all scopes...
2026-04-11 10:07:42.975 [info] Got 3 sessions for ...
2026-04-11 10:07:42.977 [info] Getting sessions for read:user,repo,user:email,workflow...
2026-04-11 10:07:42.977 [info] Got 1 sessions for read:user,repo,user:email,workflow...
2026-04-11 10:07:43.042 [info] Getting sessions for all scopes...
2026-04-11 10:07:43.042 [info] Got 3 sessions for ...
2026-04-11 10:07:43.043 [info] Getting sessions for read:user,repo,user:email,workflow...
2026-04-11 10:07:43.043 [info] Got 1 sessions for read:user,repo,user:email,workflow...
2026-04-11 10:07:43.081 [info] Getting sessions for all scopes...
2026-04-11 10:07:43.081 [info] Got 3 sessions for ...
2026-04-11 10:07:43.082 [info] Getting sessions for read:user,repo,user:email,workflow...
2026-04-11 10:07:43.082 [info] Got 1 sessions for read:user,repo,user:email,workflow...
2026-04-11 10:07:43.115 [info] Getting sessions for all scopes...
2026-04-11 10:07:43.115 [info] Got 3 sessions for ...
2026-04-11 10:07:43.116 [info] Getting sessions for read:user,repo,user:email,workflow...
2026-04-11 10:07:43.116 [info] Got 1 sessions for read:user,repo,user:email,workflow...
2026-04-11 10:07:47.668 [info] Getting sessions for all scopes...
2026-04-11 10:07:47.668 [info] Got 3 sessions for ...
2026-04-11 10:07:47.669 [info] Getting sessions for all scopes...
2026-04-11 10:07:47.669 [info] Got 3 sessions for ...
2026-04-11 15:24:55.014 [info] Getting sessions for all scopes...
2026-04-11 15:24:55.014 [info] Got 3 sessions for ...
2026-04-11 15:24:55.015 [info] Getting sessions for all scopes...
2026-04-11 15:24:55.015 [info] Got 3 sessions for ...
2026-04-11 15:25:03.476 [info] Getting sessions for all scopes...
2026-04-11 15:25:03.476 [info] Got 3 sessions for ...
2026-04-11 15:25:03.500 [info] Getting sessions for all scopes...
2026-04-11 15:25:03.500 [info] Got 3 sessions for ...
2026-04-11 15:25:03.503 [info] Getting sessions for read:user,repo,user:email,workflow...
2026-04-11 15:25:03.503 [info] Got 1 sessions for read:user,repo,user:email,workflow...
2026-04-11 15:25:03.565 [info] Getting sessions for all scopes...
2026-04-11 15:25:03.566 [info] Got 3 sessions for ...
2026-04-11 15:25:03.566 [info] Getting sessions for all scopes...
2026-04-11 15:25:03.566 [info] Got 3 sessions for ...
2026-04-11 15:25:04.435 [info] Getting sessions for all scopes...
2026-04-11 15:25:04.435 [info] Got 3 sessions for ...
2026-04-11 15:25:04.435 [info] Getting sessions for all scopes...
2026-04-11 15:25:04.435 [info] Got 3 sessions for ...
2026-04-11 15:25:04.436 [info] Getting sessions for read:user,repo,user:email,workflow...
2026-04-11 15:25:04.436 [info] Got 1 sessions for read:user,repo,user:email,workflow...
2026-04-11 15:25:04.441 [info] Getting sessions for all scopes...
2026-04-11 15:25:04.441 [info] Got 3 sessions for ...
2026-04-11 15:25:04.442 [info] Getting sessions for read:user,repo,user:email,workflow...
2026-04-11 15:25:04.442 [info] Got 1 sessions for read:user,repo,user:email,workflow...
2026-04-11 15:25:04.944 [info] Getting sessions for all scopes...
2026-04-11 15:25:04.944 [info] Got 3 sessions for ...
2026-04-11 15:25:04.947 [info] Getting sessions for read:user,repo,user:email,workflow...
2026-04-11 15:25:04.947 [info] Got 1 sessions for read:user,repo,user:email,workflow...
2026-04-11 15:25:08.514 [info] Reading sessions from keychain...
2026-04-11 15:25:08.514 [info] Getting sessions for all scopes...
2026-04-11 15:25:08.514 [info] Got stored sessions!
2026-04-11 15:25:08.514 [info] Got 3 verified sessions.
2026-04-11 15:25:08.514 [info] Got 3 sessions for ...
2026-04-11 15:25:08.514 [info] Getting sessions for all scopes...
2026-04-11 15:25:08.514 [info] Got 3 sessions for ...
2026-04-11 15:25:08.514 [info] Getting sessions for all scopes...
2026-04-11 15:25:08.514 [info] Got 3 sessions for ...
2026-04-11 15:25:08.514 [info] Getting sessions for all scopes...
2026-04-11 15:25:08.514 [info] Got 3 sessions for ...
2026-04-11 15:25:08.514 [info] Getting sessions for all scopes...
2026-04-11 15:25:08.514 [info] Got 3 sessions for ...
2026-04-11 15:25:10.334 [info] Getting sessions for user:email...
2026-04-11 15:25:10.334 [info] Got 1 sessions for user:email...
2026-04-11 15:25:10.440 [info] Getting sessions for all scopes...
2026-04-11 15:25:10.440 [info] Got 3 sessions for ...
2026-04-11 15:25:10.670 [info] Getting sessions for all scopes...
2026-04-11 15:25:10.670 [info] Got 3 sessions for ...
2026-04-11 15:25:10.670 [info] Getting sessions for all scopes...
2026-04-11 15:25:10.670 [info] Got 3 sessions for ...
2026-04-11 15:25:11.255 [info] Getting sessions for all scopes...
2026-04-11 15:25:11.255 [info] Got 3 sessions for ...
2026-04-11 15:25:11.282 [info] Getting sessions for read:user,repo,user:email,workflow...
2026-04-11 15:25:11.282 [info] Got 1 sessions for read:user,repo,user:email,workflow...
2026-04-11 15:25:11.787 [info] Getting sessions for read:user,repo,user:email,workflow...
2026-04-11 15:25:11.787 [info] Got 1 sessions for read:user,repo,user:email,workflow...
2026-04-11 15:25:12.003 [info] FetcherService: Node fetch failed with status: 429 Too Many Requests
2026-04-11 15:25:12.005 [info] Unable to resolve optional EDU details. Status: 429 Too Many Requests
2026-04-11 15:25:12.040 [info] Getting sessions for user:email...
2026-04-11 15:25:12.040 [info] Got 1 sessions for user:email...
2026-04-11 15:25:12.141 [info] Getting sessions for all scopes...
2026-04-11 15:25:12.141 [info] Got 3 sessions for ...
2026-04-11 15:25:12.142 [info] Getting sessions for read:user,repo,user:email,workflow...
2026-04-11 15:25:12.142 [info] Got 1 sessions for read:user,repo,user:email,workflow...
2026-04-11 15:25:12.273 [info] Getting sessions for all scopes...
2026-04-11 15:25:12.273 [info] Got 3 sessions for ...
2026-04-11 15:25:12.274 [info] Getting sessions for all scopes...
2026-04-11 15:25:12.274 [info] Got 3 sessions for ...
2026-04-11 15:25:12.310 [info] Getting sessions for read:user,repo,user:email,workflow...
2026-04-11 15:25:12.310 [info] Got 1 sessions for read:user,repo,user:email,workflow...
2026-04-11 15:25:12.430 [info] Getting sessions for all scopes...
2026-04-11 15:25:12.430 [info] Got 3 sessions for ...
2026-04-11 15:25:12.430 [info] Getting sessions for all scopes...
2026-04-11 15:25:12.430 [info] Got 3 sessions for ...
2026-04-11 15:25:12.463 [info] Getting sessions for read:user,repo,user:email,workflow...
2026-04-11 15:25:12.463 [info] Got 1 sessions for read:user,repo,user:email,workflow...
2026-04-11 15:25:12.483 [info] Getting sessions for all scopes...
2026-04-11 15:25:12.483 [info] Got 3 sessions for ...
2026-04-11 15:25:12.484 [info] Getting sessions for read:user,repo,user:email,workflow...
2026-04-11 15:25:12.484 [info] Got 1 sessions for read:user,repo,user:email,workflow...
2026-04-11 15:25:12.493 [info] Getting sessions for all scopes...
2026-04-11 15:25:12.493 [info] Got 3 sessions for ...
2026-04-11 15:25:12.493 [info] Getting sessions for all scopes...
2026-04-11 15:25:12.493 [info] Got 3 sessions for ...
2026-04-11 15:25:12.858 [info] Getting sessions for all scopes...
2026-04-11 15:25:12.858 [info] Got 3 sessions for ...
2026-04-11 15:25:12.863 [info] Getting sessions for read:user,repo,user:email,workflow...
2026-04-11 15:25:12.863 [info] Got 1 sessions for read:user,repo,user:email,workflow...
2026-04-11 15:25:12.864 [info] Getting sessions for all scopes...
2026-04-11 15:25:12.864 [info] Got 3 sessions for ...
2026-04-11 15:25:12.865 [info] Getting sessions for read:user,repo,user:email,workflow...
2026-04-11 15:25:12.865 [info] Got 1 sessions for read:user,repo,user:email,workflow...
2026-04-11 15:25:12.883 [info] Getting sessions for all scopes...
2026-04-11 15:25:12.883 [info] Got 3 sessions for ...
2026-04-11 15:25:12.918 [info] Getting sessions for read:user,repo,user:email,workflow...
2026-04-11 15:25:12.918 [info] Got 1 sessions for read:user,repo,user:email,workflow...
2026-04-11 15:25:12.928 [info] Getting sessions for all scopes...
2026-04-11 15:25:12.928 [info] Got 3 sessions for ...
2026-04-11 15:25:12.929 [info] Getting sessions for read:user,repo,user:email,workflow...
2026-04-11 15:25:12.929 [info] Got 1 sessions for read:user,repo,user:email,workflow...
2026-04-11 15:25:12.941 [info] Getting sessions for all scopes...
2026-04-11 15:25:12.941 [info] Got 3 sessions for ...
2026-04-11 15:25:12.942 [info] Getting sessions for read:user,repo,user:email,workflow...
2026-04-11 15:25:12.942 [info] Got 1 sessions for read:user,repo,user:email,workflow...
2026-04-11 15:25:18.428 [info] Getting sessions for all scopes...
2026-04-11 15:25:18.428 [info] Got 3 sessions for ...
2026-04-11 15:25:18.429 [info] Getting sessions for all scopes...
2026-04-11 15:25:18.429 [info] Got 3 sessions for ...
2026-04-11 15:25:20.104 [info] Getting sessions for all scopes...
2026-04-11 15:25:20.104 [info] Got 3 sessions for ...
2026-04-11 15:25:20.105 [info] Getting sessions for all scopes...
2026-04-11 15:25:20.105 [info] Got 3 sessions for ...
2026-04-11 15:25:21.539 [info] Getting sessions for all scopes...
2026-04-11 15:25:21.539 [info] Got 3 sessions for ...
2026-04-11 15:25:21.540 [info] Getting sessions for all scopes...
2026-04-11 15:25:21.541 [info] Got 3 sessions for ...
2026-04-11 15:25:32.557 [info] Getting sessions for all scopes...
2026-04-11 15:25:32.557 [info] Got 3 sessions for ...
2026-04-11 15:25:32.558 [info] Getting sessions for all scopes...
2026-04-11 15:25:32.558 [info] Got 3 sessions for ...
2026-04-11 15:25:38.265 [info] Getting sessions for all scopes...
2026-04-11 15:25:38.265 [info] Got 3 sessions for ...
2026-04-11 15:25:38.266 [info] Getting sessions for all scopes...
2026-04-11 15:25:38.266 [info] Got 3 sessions for ...
2026-04-11 15:25:44.056 [info] Getting sessions for all scopes...
2026-04-11 15:25:44.056 [info] Got 3 sessions for ...
2026-04-11 15:25:44.057 [info] Getting sessions for all scopes...
2026-04-11 15:25:44.057 [info] Got 3 sessions for ...
2026-04-11 15:25:54.687 [info] Getting sessions for all scopes...
2026-04-11 15:25:54.687 [info] Got 3 sessions for ...
2026-04-11 15:25:54.688 [info] Getting sessions for all scopes...
2026-04-11 15:25:54.688 [info] Got 3 sessions for ...
2026-04-11 15:36:54.277 [info] Getting sessions for all scopes...
2026-04-11 15:36:54.277 [info] Got 3 sessions for ...
2026-04-11 15:36:54.278 [info] Getting sessions for all scopes...
2026-04-11 15:36:54.278 [info] Got 3 sessions for ...
2026-04-11 16:24:26.876 [info] Getting sessions for all scopes...
2026-04-11 16:24:26.884 [info] Got 3 sessions for ...
2026-04-11 16:24:26.886 [info] Getting sessions for all scopes...
2026-04-11 16:24:26.886 [info] Got 3 sessions for ...
2026-04-11 16:37:57.673 [info] Getting sessions for all scopes...
2026-04-11 16:37:57.673 [info] Got 3 sessions for ...
2026-04-11 16:37:57.674 [info] Getting sessions for all scopes...
2026-04-11 16:37:57.674 [info] Got 3 sessions for ...
2026-04-11 16:37:58.348 [info] Getting sessions for all scopes...
2026-04-11 16:37:58.348 [info] Got 3 sessions for ...
2026-04-11 16:37:58.349 [info] Getting sessions for all scopes...
2026-04-11 16:37:58.349 [info] Got 3 sessions for ...
2026-04-11 16:37:58.349 [info] Getting sessions for read:user,repo,user:email,workflow...
2026-04-11 16:37:58.349 [info] Got 1 sessions for read:user,repo,user:email,workflow...
2026-04-11 16:38:00.560 [info] Getting sessions for all scopes...
2026-04-11 16:38:00.560 [info] Got 3 sessions for ...
2026-04-11 16:38:00.560 [info] Getting sessions for all scopes...
2026-04-11 16:38:00.560 [info] Got 3 sessions for ...
2026-04-11 16:38:00.561 [info] Getting sessions for read:user,repo,user:email,workflow...
2026-04-11 16:38:00.561 [info] Got 1 sessions for read:user,repo,user:email,workflow...
2026-04-11 16:38:00.569 [info] Getting sessions for all scopes...
2026-04-11 16:38:00.569 [info] Got 3 sessions for ...
2026-04-11 16:38:00.570 [info] Getting sessions for read:user,repo,user:email,workflow...
2026-04-11 16:38:00.570 [info] Got 1 sessions for read:user,repo,user:email,workflow...
2026-04-11 16:38:01.069 [info] Getting sessions for all scopes...
2026-04-11 16:38:01.069 [info] Got 3 sessions for ...
2026-04-11 16:38:01.071 [info] Getting sessions for read:user,repo,user:email,workflow...
2026-04-11 16:38:01.071 [info] Got 1 sessions for read:user,repo,user:email,workflow...
2026-04-11 16:54:04.939 [info] Getting sessions for all scopes...
2026-04-11 16:54:04.939 [info] Got 3 sessions for ...
2026-04-11 16:54:05.015 [info] Getting sessions for all scopes...
2026-04-11 16:54:05.015 [info] Got 3 sessions for ...
2026-04-11 16:54:05.016 [info] Getting sessions for read:user,repo,user:email,workflow...
2026-04-11 16:54:05.016 [info] Got 1 sessions for read:user,repo,user:email,workflow...
2026-04-11 16:54:05.061 [info] Getting sessions for all scopes...
2026-04-11 16:54:05.061 [info] Got 3 sessions for ...
2026-04-11 16:54:13.137 [info] Getting sessions for all scopes...
2026-04-11 16:54:13.137 [info] Got 3 sessions for ...
2026-04-11 16:54:13.137 [info] Getting sessions for all scopes...
2026-04-11 16:54:13.137 [info] Got 3 sessions for ...
2026-04-11 16:54:23.636 [info] Getting sessions for all scopes...
2026-04-11 16:54:23.636 [info] Got 3 sessions for ...
2026-04-11 16:54:23.637 [info] Getting sessions for all scopes...
2026-04-11 16:54:23.637 [info] Got 3 sessions for ...
2026-04-11 16:54:29.306 [info] Getting sessions for all scopes...
2026-04-11 16:54:29.307 [info] Got 3 sessions for ...
2026-04-11 16:54:29.310 [info] Getting sessions for all scopes...
2026-04-11 16:54:29.310 [info] Got 3 sessions for ...
2026-04-11 16:54:39.401 [info] Getting sessions for all scopes...
2026-04-11 16:54:39.401 [info] Got 3 sessions for ...
2026-04-11 16:54:39.402 [info] Getting sessions for all scopes...
2026-04-11 16:54:39.402 [info] Got 3 sessions for ...
2026-04-11 16:54:45.270 [info] Getting sessions for all scopes...
2026-04-11 16:54:45.270 [info] Got 3 sessions for ...
2026-04-11 16:54:45.271 [info] Getting sessions for all scopes...
2026-04-11 16:54:45.271 [info] Got 3 sessions for ...
2026-04-11 16:56:41.518 [info] Getting sessions for all scopes...
2026-04-11 16:56:41.518 [info] Got 3 sessions for ...
2026-04-11 16:56:41.519 [info] Getting sessions for all scopes...
2026-04-11 16:56:41.519 [info] Got 3 sessions for ...
2026-04-11 16:57:51.125 [info] Getting sessions for all scopes...
2026-04-11 16:57:51.125 [info] Got 3 sessions for ...
2026-04-11 16:57:51.125 [info] Getting sessions for all scopes...
2026-04-11 16:57:51.125 [info] Got 3 sessions for ...
2026-04-11 16:57:52.183 [info] Getting sessions for all scopes...
2026-04-11 16:57:52.183 [info] Got 3 sessions for ...
2026-04-11 16:57:52.184 [info] Getting sessions for all scopes...
2026-04-11 16:57:52.184 [info] Got 3 sessions for ...
2026-04-11 17:01:03.414 [info] Getting sessions for all scopes...
2026-04-11 17:01:03.414 [info] Got 3 sessions for ...
2026-04-11 17:01:03.416 [info] Getting sessions for all scopes...
2026-04-11 17:01:03.416 [info] Got 3 sessions for ...
2026-04-11 17:01:28.441 [info] Getting sessions for all scopes...
2026-04-11 17:01:28.441 [info] Got 3 sessions for ...
2026-04-11 17:01:28.442 [info] Getting sessions for all scopes...
2026-04-11 17:01:28.442 [info] Got 3 sessions for ...
2026-04-11 17:01:31.320 [info] Getting sessions for all scopes...
2026-04-11 17:01:31.320 [info] Got 3 sessions for ...
2026-04-11 17:01:31.320 [info] Getting sessions for all scopes...
2026-04-11 17:01:31.320 [info] Got 3 sessions for ...
2026-04-11 17:01:40.625 [info] Getting sessions for all scopes...
2026-04-11 17:01:40.625 [info] Got 3 sessions for ...
2026-04-11 17:01:40.627 [info] Getting sessions for all scopes...
2026-04-11 17:01:40.628 [info] Got 3 sessions for ...
2026-04-11 17:01:49.987 [info] Reading sessions from keychain...
2026-04-11 17:01:49.987 [info] Getting sessions for all scopes...
2026-04-11 17:01:50.342 [info] Got stored sessions!
2026-04-11 17:01:50.342 [info] Got 3 verified sessions.
2026-04-11 17:01:50.342 [info] Got 3 sessions for ...
2026-04-11 17:01:50.342 [info] Getting sessions for all scopes...
2026-04-11 17:01:50.342 [info] Got 3 sessions for ...
2026-04-11 17:01:50.491 [info] Getting sessions for all scopes...
2026-04-11 17:01:50.491 [info] Got 3 sessions for ...
2026-04-11 17:01:54.384 [info] Getting sessions for all scopes...
2026-04-11 17:01:54.384 [info] Got 3 sessions for ...
2026-04-11 17:01:54.385 [info] Getting sessions for all scopes...
2026-04-11 17:01:54.385 [info] Got 3 sessions for ...
2026-04-11 17:01:54.628 [info] Getting sessions for all scopes...
2026-04-11 17:01:54.628 [info] Got 3 sessions for ...
2026-04-11 17:01:54.635 [info] Getting sessions for all scopes...
2026-04-11 17:01:54.635 [info] Got 3 sessions for ...
2026-04-11 17:01:55.201 [info] Getting sessions for all scopes...
2026-04-11 17:01:55.201 [info] Got 3 sessions for ...
2026-04-11 17:01:55.201 [info] Getting sessions for all scopes...
2026-04-11 17:01:55.201 [info] Got 3 sessions for ...
2026-04-11 17:01:55.203 [info] Getting sessions for read:user,repo,user:email,workflow...
2026-04-11 17:01:55.203 [info] Got 1 sessions for read:user,repo,user:email,workflow...
2026-04-11 17:01:55.919 [info] Getting sessions for read:user,repo,user:email,workflow...
2026-04-11 17:01:55.919 [info] Got 1 sessions for read:user,repo,user:email,workflow...
2026-04-11 17:01:56.005 [info] FetcherService: Node fetch failed with status: 429 Too Many Requests
2026-04-11 17:01:56.009 [info] Unable to resolve optional EDU details. Status: 429 Too Many Requests
2026-04-11 17:01:57.113 [info] Getting sessions for all scopes...
2026-04-11 17:01:57.113 [info] Got 3 sessions for ...
2026-04-11 17:01:57.113 [info] Getting sessions for all scopes...
2026-04-11 17:01:57.113 [info] Got 3 sessions for ...
2026-04-11 17:01:57.265 [info] Getting sessions for all scopes...
2026-04-11 17:01:57.265 [info] Got 3 sessions for ...
2026-04-11 17:01:57.266 [info] Getting sessions for read:user,repo,user:email,workflow...
2026-04-11 17:01:57.266 [info] Got 1 sessions for read:user,repo,user:email,workflow...
2026-04-11 17:01:57.650 [info] Getting sessions for all scopes...
2026-04-11 17:01:57.650 [info] Got 3 sessions for ...
2026-04-11 17:01:57.652 [info] Getting sessions for all scopes...
2026-04-11 17:01:57.652 [info] Got 3 sessions for ...
2026-04-11 17:01:57.652 [info] Getting sessions for all scopes...
2026-04-11 17:01:57.652 [info] Got 3 sessions for ...
2026-04-11 17:01:57.695 [info] Getting sessions for all scopes...
2026-04-11 17:01:57.695 [info] Got 3 sessions for ...
2026-04-11 17:01:57.855 [info] Getting sessions for read:user,repo,user:email,workflow...
2026-04-11 17:01:57.855 [info] Got 1 sessions for read:user,repo,user:email,workflow...
2026-04-11 17:01:57.913 [info] Getting sessions for all scopes...
2026-04-11 17:01:57.913 [info] Got 3 sessions for ...
2026-04-11 17:01:57.913 [info] Getting sessions for all scopes...
2026-04-11 17:01:57.913 [info] Got 3 sessions for ...
2026-04-11 17:01:57.916 [info] Getting sessions for read:user,repo,user:email,workflow...
2026-04-11 17:01:57.916 [info] Got 1 sessions for read:user,repo,user:email,workflow...
2026-04-11 17:01:57.924 [info] Getting sessions for all scopes...
2026-04-11 17:01:57.925 [info] Got 3 sessions for ...
2026-04-11 17:01:57.926 [info] Getting sessions for read:user,repo,user:email,workflow...
2026-04-11 17:01:57.926 [info] Got 1 sessions for read:user,repo,user:email,workflow...
2026-04-11 17:01:58.229 [info] Getting sessions for all scopes...
2026-04-11 17:01:58.229 [info] Got 3 sessions for ...
2026-04-11 17:01:58.231 [info] Getting sessions for read:user,repo,user:email,workflow...
2026-04-11 17:01:58.231 [info] Got 1 sessions for read:user,repo,user:email,workflow...
2026-04-11 17:01:58.235 [info] Getting sessions for all scopes...
2026-04-11 17:01:58.236 [info] Got 3 sessions for ...
2026-04-11 17:01:58.237 [info] Getting sessions for read:user,repo,user:email,workflow...
2026-04-11 17:01:58.237 [info] Got 1 sessions for read:user,repo,user:email,workflow...
2026-04-11 17:01:58.284 [info] Getting sessions for all scopes...
2026-04-11 17:01:58.284 [info] Got 3 sessions for ...
2026-04-11 17:01:58.294 [info] Getting sessions for read:user,repo,user:email,workflow...
2026-04-11 17:01:58.294 [info] Got 1 sessions for read:user,repo,user:email,workflow...
2026-04-11 17:01:58.322 [info] Getting sessions for all scopes...
2026-04-11 17:01:58.322 [info] Got 3 sessions for ...
2026-04-11 17:01:58.331 [info] Getting sessions for read:user,repo,user:email,workflow...
2026-04-11 17:01:58.331 [info] Got 1 sessions for read:user,repo,user:email,workflow...
2026-04-11 17:01:58.365 [info] Getting sessions for all scopes...
2026-04-11 17:01:58.365 [info] Got 3 sessions for ...
2026-04-11 17:01:58.368 [info] Getting sessions for read:user,repo,user:email,workflow...
2026-04-11 17:01:58.368 [info] Got 1 sessions for read:user,repo,user:email,workflow...
2026-04-11 17:01:58.422 [info] Getting sessions for all scopes...
2026-04-11 17:01:58.422 [info] Got 3 sessions for ...
2026-04-11 17:01:58.423 [info] Getting sessions for read:user,repo,user:email,workflow...
2026-04-11 17:01:58.423 [info] Got 1 sessions for read:user,repo,user:email,workflow...
2026-04-11 17:02:12.093 [info] Getting sessions for user:email...
2026-04-11 17:02:12.093 [info] Got 1 sessions for user:email...
2026-04-11 17:02:26.402 [info] Getting sessions for all scopes...
2026-04-11 17:02:26.402 [info] Got 3 sessions for ...
2026-04-11 17:02:26.405 [info] Getting sessions for read:user,repo,user:email,workflow...
2026-04-11 17:02:26.405 [info] Got 1 sessions for read:user,repo,user:email,workflow...
2026-04-11 17:02:26.919 [info] Getting sessions for all scopes...
2026-04-11 17:02:26.919 [info] Got 3 sessions for ...
2026-04-11 17:02:26.923 [info] Getting sessions for read:user,repo,user:email,workflow...
2026-04-11 17:02:26.923 [info] Got 1 sessions for read:user,repo,user:email,workflow...
2026-04-11 17:02:39.530 [info] Getting sessions for all scopes...
2026-04-11 17:02:39.530 [info] Got 3 sessions for ...
2026-04-11 17:02:39.531 [info] Getting sessions for read:user,repo,user:email,workflow...
2026-04-11 17:02:39.531 [info] Got 1 sessions for read:user,repo,user:email,workflow...
2026-04-11 17:02:50.105 [info] Getting sessions for all scopes...
2026-04-11 17:02:50.105 [info] Got 3 sessions for ...
2026-04-11 17:02:50.108 [info] Getting sessions for read:user,repo,user:email,workflow...
2026-04-11 17:02:50.108 [info] Got 1 sessions for read:user,repo,user:email,workflow...
2026-04-11 17:04:57.086 [info] Getting sessions for all scopes...
2026-04-11 17:04:57.086 [info] Got 3 sessions for ...
2026-04-11 17:04:57.142 [info] Getting sessions for all scopes...
2026-04-11 17:04:57.143 [info] Got 3 sessions for ...
2026-04-11 17:04:57.153 [info] Getting sessions for all scopes...
2026-04-11 17:04:57.153 [info] Got 3 sessions for ...
2026-04-11 17:05:32.850 [info] Getting sessions for all scopes...
2026-04-11 17:05:32.850 [info] Got 3 sessions for ...
2026-04-11 17:05:32.851 [info] Getting sessions for all scopes...
2026-04-11 17:05:32.851 [info] Got 3 sessions for ...
2026-04-11 17:05:33.669 [info] Getting sessions for all scopes...
2026-04-11 17:05:33.669 [info] Got 3 sessions for ...
2026-04-11 17:05:33.672 [info] Getting sessions for read:user,repo,user:email,workflow...
2026-04-11 17:05:33.672 [info] Got 1 sessions for read:user,repo,user:email,workflow...
2026-04-11 17:21:18.963 [info] Getting sessions for all scopes...
2026-04-11 17:21:18.963 [info] Got 3 sessions for ...
2026-04-11 17:21:18.964 [info] Getting sessions for all scopes...
2026-04-11 17:21:18.964 [info] Got 3 sessions for ...
2026-04-11 17:23:42.829 [info] Getting sessions for all scopes...
2026-04-11 17:23:42.830 [info] Got 3 sessions for ...
2026-04-11 17:23:42.830 [info] Getting sessions for all scopes...
2026-04-11 17:23:42.831 [info] Got 3 sessions for ...
2026-04-11 23:17:23.592 [info] Getting sessions for all scopes...
2026-04-11 23:17:23.592 [info] Got 3 sessions for ...
2026-04-11 23:17:23.593 [info] Getting sessions for all scopes...
2026-04-11 23:17:23.593 [info] Got 3 sessions for ...
2026-04-11 23:17:40.748 [info] Getting sessions for all scopes...
2026-04-11 23:17:40.748 [info] Got 3 sessions for ...
2026-04-11 23:17:40.749 [info] Getting sessions for all scopes...
2026-04-11 23:17:40.749 [info] Got 3 sessions for ...
2026-04-11 23:18:24.602 [info] Getting sessions for all scopes...
2026-04-11 23:18:24.602 [info] Got 3 sessions for ...
2026-04-11 23:18:24.604 [info] Getting sessions for all scopes...
2026-04-11 23:18:24.604 [info] Got 3 sessions for ...
2026-04-11 23:18:26.903 [info] Getting sessions for all scopes...
2026-04-11 23:18:26.903 [info] Got 3 sessions for ...
2026-04-11 23:18:26.911 [info] Getting sessions for all scopes...
2026-04-11 23:18:26.911 [info] Got 3 sessions for ...
2026-04-11 23:19:38.214 [info] Getting sessions for all scopes...
2026-04-11 23:19:38.215 [info] Got 3 sessions for ...
2026-04-11 23:19:38.216 [info] Getting sessions for all scopes...
2026-04-11 23:19:38.216 [info] Got 3 sessions for ...
2026-04-11 23:20:29.747 [info] Getting sessions for all scopes...
2026-04-11 23:20:29.748 [info] Got 3 sessions for ...
2026-04-11 23:20:29.749 [info] Getting sessions for all scopes...
2026-04-11 23:20:29.749 [info] Got 3 sessions for ...
2026-04-11 23:26:24.863 [info] Getting sessions for all scopes...
2026-04-11 23:26:24.863 [info] Got 3 sessions for ...
2026-04-11 23:26:24.864 [info] Getting sessions for all scopes...
2026-04-11 23:26:24.864 [info] Got 3 sessions for ...
2026-04-11 23:26:36.819 [info] Getting sessions for all scopes...
2026-04-11 23:26:36.819 [info] Got 3 sessions for ...
2026-04-11 23:26:36.820 [info] Getting sessions for all scopes...
2026-04-11 23:26:36.820 [info] Got 3 sessions for ...
2026-04-11 23:26:55.578 [info] Getting sessions for all scopes...
2026-04-11 23:26:55.578 [info] Got 3 sessions for ...
2026-04-11 23:26:55.579 [info] Getting sessions for all scopes...
2026-04-11 23:26:55.579 [info] Got 3 sessions for ...
2026-04-11 23:27:19.173 [info] Getting sessions for all scopes...
2026-04-11 23:27:19.173 [info] Got 3 sessions for ...
2026-04-11 23:27:19.174 [info] Getting sessions for all scopes...
2026-04-11 23:27:19.174 [info] Got 3 sessions for ...
2026-04-11 23:27:34.453 [info] Getting sessions for all scopes...
2026-04-11 23:27:34.453 [info] Got 3 sessions for ...
2026-04-11 23:27:34.454 [info] Getting sessions for all scopes...
2026-04-11 23:27:34.454 [info] Got 3 sessions for ...
2026-04-11 23:27:36.044 [info] Getting sessions for all scopes...
2026-04-11 23:27:36.045 [info] Got 3 sessions for ...
2026-04-11 23:27:36.046 [info] Getting sessions for all scopes...
2026-04-11 23:27:36.046 [info] Got 3 sessions for ...
2026-04-11 23:27:52.922 [info] Getting sessions for all scopes...
2026-04-11 23:27:52.922 [info] Got 3 sessions for ...
2026-04-11 23:27:52.923 [info] Getting sessions for all scopes...
2026-04-11 23:27:52.923 [info] Got 3 sessions for ...
2026-04-11 23:27:54.640 [info] Getting sessions for all scopes...
2026-04-11 23:27:54.640 [info] Got 3 sessions for ...
2026-04-11 23:27:54.641 [info] Getting sessions for all scopes...
2026-04-11 23:27:54.641 [info] Got 3 sessions for ...
2026-04-11 23:35:35.043 [info] Getting sessions for all scopes...
2026-04-11 23:35:35.043 [info] Got 3 sessions for ...
2026-04-11 23:35:35.044 [info] Getting sessions for all scopes...
2026-04-11 23:35:35.044 [info] Got 3 sessions for ...
2026-04-11 23:36:17.534 [info] Getting sessions for all scopes...
2026-04-11 23:36:17.534 [info] Got 3 sessions for ...
2026-04-11 23:36:17.535 [info] Getting sessions for all scopes...
2026-04-11 23:36:17.535 [info] Got 3 sessions for ...
2026-04-11 23:36:19.444 [info] Getting sessions for all scopes...
2026-04-11 23:36:19.444 [info] Got 3 sessions for ...
2026-04-11 23:36:19.446 [info] Getting sessions for all scopes...
2026-04-11 23:36:19.446 [info] Got 3 sessions for ...
2026-04-11 23:36:29.526 [info] Getting sessions for all scopes...
2026-04-11 23:36:29.526 [info] Got 3 sessions for ...
2026-04-11 23:36:29.528 [info] Getting sessions for all scopes...
2026-04-11 23:36:29.528 [info] Got 3 sessions for ...
2026-04-11 23:40:06.826 [info] Getting sessions for all scopes...
2026-04-11 23:40:06.826 [info] Got 3 sessions for ...
2026-04-11 23:40:06.827 [info] Getting sessions for all scopes...
2026-04-11 23:40:06.827 [info] Got 3 sessions for ...
2026-04-11 23:41:18.235 [info] Getting sessions for all scopes...
2026-04-11 23:41:18.235 [info] Got 3 sessions for ...
2026-04-11 23:41:18.236 [info] Getting sessions for all scopes...
2026-04-11 23:41:18.236 [info] Got 3 sessions for ...
2026-04-11 23:41:20.044 [info] Getting sessions for all scopes...
2026-04-11 23:41:20.044 [info] Got 3 sessions for ...
2026-04-11 23:41:20.044 [info] Getting sessions for all scopes...
2026-04-11 23:41:20.044 [info] Got 3 sessions for ...
2026-04-11 23:43:43.920 [info] Getting sessions for all scopes...
2026-04-11 23:43:43.921 [info] Got 3 sessions for ...
2026-04-11 23:43:43.922 [info] Getting sessions for all scopes...
2026-04-11 23:43:43.922 [info] Got 3 sessions for ...
2026-04-11 23:44:51.969 [info] Getting sessions for all scopes...
2026-04-11 23:44:51.969 [info] Got 3 sessions for ...
2026-04-11 23:44:51.970 [info] Getting sessions for all scopes...
2026-04-11 23:44:51.970 [info] Got 3 sessions for ...
2026-04-11 23:45:55.248 [info] Getting sessions for all scopes...
2026-04-11 23:45:55.248 [info] Got 3 sessions for ...
2026-04-11 23:45:55.249 [info] Getting sessions for all scopes...
2026-04-11 23:45:55.249 [info] Got 3 sessions for ...
2026-04-12 00:09:25.051 [info] Getting sessions for all scopes...
2026-04-12 00:09:25.052 [info] Got 3 sessions for ...
2026-04-12 00:09:25.054 [info] Getting sessions for all scopes...
2026-04-12 00:09:25.054 [info] Got 3 sessions for ...
2026-04-12 00:09:25.054 [info] Getting sessions for all scopes...
2026-04-12 00:09:25.054 [info] Got 3 sessions for ...
2026-04-12 00:09:25.068 [info] Getting sessions for all scopes...
2026-04-12 00:09:25.068 [info] Got 3 sessions for ...
2026-04-12 00:09:25.103 [info] Getting sessions for read:user,repo,user:email,workflow...
2026-04-12 00:09:25.103 [info] Got 1 sessions for read:user,repo,user:email,workflow...
2026-04-12 00:09:25.971 [info] Getting sessions for all scopes...
2026-04-12 00:09:25.971 [info] Got 3 sessions for ...
2026-04-12 00:09:25.972 [info] Getting sessions for all scopes...
2026-04-12 00:09:25.972 [info] Got 3 sessions for ...
2026-04-12 00:09:25.975 [info] Getting sessions for read:user,repo,user:email,workflow...
2026-04-12 00:09:25.975 [info] Got 1 sessions for read:user,repo,user:email,workflow...
2026-04-12 00:09:25.991 [info] Getting sessions for all scopes...
2026-04-12 00:09:25.991 [info] Got 3 sessions for ...
2026-04-12 00:09:25.993 [info] Getting sessions for read:user,repo,user:email,workflow...
2026-04-12 00:09:25.993 [info] Got 1 sessions for read:user,repo,user:email,workflow...
2026-04-12 00:09:26.491 [info] Getting sessions for all scopes...
2026-04-12 00:09:26.491 [info] Got 3 sessions for ...
2026-04-12 00:09:26.493 [info] Getting sessions for read:user,repo,user:email,workflow...
2026-04-12 00:09:26.493 [info] Got 1 sessions for read:user,repo,user:email,workflow...
2026-04-12 00:09:37.634 [info] Getting sessions for all scopes...
2026-04-12 00:09:37.634 [info] Got 3 sessions for ...
2026-04-12 00:09:37.635 [info] Getting sessions for all scopes...
2026-04-12 00:09:37.635 [info] Got 3 sessions for ...
2026-04-12 00:09:39.893 [info] Getting sessions for all scopes...
2026-04-12 00:09:39.893 [info] Got 3 sessions for ...
2026-04-12 00:09:39.894 [info] Getting sessions for all scopes...
2026-04-12 00:09:39.894 [info] Got 3 sessions for ...
2026-04-12 00:09:49.514 [info] Getting sessions for all scopes...
2026-04-12 00:09:49.514 [info] Got 3 sessions for ...
2026-04-12 00:09:49.515 [info] Getting sessions for all scopes...
2026-04-12 00:09:49.515 [info] Got 3 sessions for ...
2026-04-12 00:10:31.376 [info] Getting sessions for all scopes...
2026-04-12 00:10:31.377 [info] Got 3 sessions for ...
2026-04-12 00:10:31.378 [info] Getting sessions for all scopes...
2026-04-12 00:10:31.378 [info] Got 3 sessions for ...
2026-04-12 00:11:03.442 [info] Getting sessions for all scopes...
2026-04-12 00:11:03.442 [info] Got 3 sessions for ...
2026-04-12 00:11:03.443 [info] Getting sessions for all scopes...
2026-04-12 00:11:03.444 [info] Got 3 sessions for ...
2026-04-12 00:11:10.454 [info] Getting sessions for all scopes...
2026-04-12 00:11:10.454 [info] Got 3 sessions for ...
2026-04-12 00:11:10.454 [info] Getting sessions for all scopes...
2026-04-12 00:11:10.455 [info] Got 3 sessions for ...
2026-04-12 00:11:13.444 [info] Getting sessions for all scopes...
2026-04-12 00:11:13.444 [info] Got 3 sessions for ...
2026-04-12 00:11:13.578 [info] Getting sessions for all scopes...
2026-04-12 00:11:13.578 [info] Got 3 sessions for ...
2026-04-12 00:11:15.831 [info] Getting sessions for all scopes...
2026-04-12 00:11:15.831 [info] Got 3 sessions for ...
2026-04-12 00:11:15.832 [info] Getting sessions for all scopes...
2026-04-12 00:11:15.832 [info] Got 3 sessions for ...
2026-04-12 00:11:42.836 [info] Getting sessions for all scopes...
2026-04-12 00:11:42.836 [info] Got 3 sessions for ...
2026-04-12 00:11:42.837 [info] Getting sessions for all scopes...
2026-04-12 00:11:42.837 [info] Got 3 sessions for ...
2026-04-12 00:12:11.236 [info] Getting sessions for all scopes...
2026-04-12 00:12:11.236 [info] Got 3 sessions for ...
2026-04-12 00:12:11.237 [info] Getting sessions for all scopes...
2026-04-12 00:12:11.237 [info] Got 3 sessions for ...
2026-04-12 00:12:52.879 [info] Getting sessions for all scopes...
2026-04-12 00:12:52.879 [info] Got 3 sessions for ...
2026-04-12 00:12:52.880 [info] Getting sessions for all scopes...
2026-04-12 00:12:52.880 [info] Got 3 sessions for ...
2026-04-12 12:01:45.841 [info] Getting sessions for all scopes...
2026-04-12 12:01:45.841 [info] Got 3 sessions for ...
2026-04-12 12:01:45.842 [info] Getting sessions for all scopes...
2026-04-12 12:01:45.842 [info] Got 3 sessions for ...
2026-04-12 12:42:57.892 [info] Getting sessions for all scopes...
2026-04-12 12:42:57.900 [info] Got 3 sessions for ...
2026-04-12 12:42:57.900 [info] Getting sessions for all scopes...
2026-04-12 12:42:57.900 [info] Got 3 sessions for ...
2026-04-12 12:42:57.934 [info] Getting sessions for read:user,repo,user:email,workflow...
2026-04-12 12:42:57.934 [info] Got 1 sessions for read:user,repo,user:email,workflow...
2026-04-12 12:42:57.970 [info] Getting sessions for all scopes...
2026-04-12 12:42:57.970 [info] Got 3 sessions for ...
2026-04-12 12:42:57.970 [info] Getting sessions for all scopes...
2026-04-12 12:42:57.970 [info] Got 3 sessions for ...
2026-04-12 12:42:58.772 [info] Getting sessions for all scopes...
2026-04-12 12:42:58.772 [info] Got 3 sessions for ...
2026-04-12 12:42:58.772 [info] Getting sessions for all scopes...
2026-04-12 12:42:58.772 [info] Got 3 sessions for ...
2026-04-12 12:42:58.776 [info] Getting sessions for read:user,repo,user:email,workflow...
2026-04-12 12:42:58.776 [info] Got 1 sessions for read:user,repo,user:email,workflow...
2026-04-12 12:42:58.783 [info] Getting sessions for all scopes...
2026-04-12 12:42:58.783 [info] Got 3 sessions for ...
2026-04-12 12:42:58.783 [info] Getting sessions for read:user,repo,user:email,workflow...
2026-04-12 12:42:58.783 [info] Got 1 sessions for read:user,repo,user:email,workflow...
2026-04-12 12:42:59.280 [info] Getting sessions for all scopes...
2026-04-12 12:42:59.280 [info] Got 3 sessions for ...
2026-04-12 12:42:59.280 [info] Getting sessions for read:user,repo,user:email,workflow...
2026-04-12 12:42:59.281 [info] Got 1 sessions for read:user,repo,user:email,workflow...
2026-04-12 12:43:27.418 [info] Getting sessions for all scopes...
2026-04-12 12:43:27.418 [info] Got 3 sessions for ...
2026-04-12 12:43:27.418 [info] Getting sessions for all scopes...
2026-04-12 12:43:27.418 [info] Got 3 sessions for ...
2026-04-12 12:44:55.460 [info] Getting sessions for all scopes...
2026-04-12 12:44:55.460 [info] Got 3 sessions for ...
2026-04-12 12:44:55.462 [info] Getting sessions for all scopes...
2026-04-12 12:44:55.462 [info] Got 3 sessions for ...
2026-04-12 12:44:55.816 [info] Getting sessions for all scopes...
2026-04-12 12:44:55.816 [info] Got 3 sessions for ...
2026-04-12 12:44:55.817 [info] Getting sessions for all scopes...
2026-04-12 12:44:55.817 [info] Got 3 sessions for ...
2026-04-12 12:44:56.027 [info] Getting sessions for all scopes...
2026-04-12 12:44:56.027 [info] Got 3 sessions for ...
2026-04-12 12:44:56.028 [info] Getting sessions for all scopes...
2026-04-12 12:44:56.028 [info] Got 3 sessions for ...
2026-04-12 12:45:00.506 [info] Getting sessions for all scopes...
2026-04-12 12:45:00.506 [info] Got 3 sessions for ...
2026-04-12 12:45:00.507 [info] Getting sessions for all scopes...
2026-04-12 12:45:00.507 [info] Got 3 sessions for ...
2026-04-12 12:45:00.817 [info] Getting sessions for all scopes...
2026-04-12 12:45:00.817 [info] Got 3 sessions for ...
2026-04-12 12:45:00.818 [info] Getting sessions for all scopes...
2026-04-12 12:45:00.818 [info] Got 3 sessions for ...
2026-04-12 12:45:01.042 [info] Getting sessions for all scopes...
2026-04-12 12:45:01.042 [info] Got 3 sessions for ...
2026-04-12 12:45:01.043 [info] Getting sessions for all scopes...
2026-04-12 12:45:01.043 [info] Got 3 sessions for ...
2026-04-12 12:45:01.305 [info] Getting sessions for all scopes...
2026-04-12 12:45:01.305 [info] Got 3 sessions for ...
2026-04-12 12:45:01.306 [info] Getting sessions for all scopes...
2026-04-12 12:45:01.306 [info] Got 3 sessions for ...
2026-04-12 12:45:01.533 [info] Getting sessions for all scopes...
2026-04-12 12:45:01.533 [info] Got 3 sessions for ...
2026-04-12 12:45:01.534 [info] Getting sessions for all scopes...
2026-04-12 12:45:01.534 [info] Got 3 sessions for ...
2026-04-12 12:45:57.459 [info] Getting sessions for all scopes...
2026-04-12 12:45:57.459 [info] Got 3 sessions for ...
2026-04-12 12:45:57.459 [info] Getting sessions for all scopes...
2026-04-12 12:45:57.460 [info] Got 3 sessions for ...
2026-04-12 12:48:33.080 [info] Getting sessions for all scopes...
2026-04-12 12:48:33.080 [info] Got 3 sessions for ...
2026-04-12 12:48:33.081 [info] Getting sessions for all scopes...
2026-04-12 12:48:33.081 [info] Got 3 sessions for ...
2026-04-12 12:48:33.669 [info] Getting sessions for all scopes...
2026-04-12 12:48:33.669 [info] Got 3 sessions for ...
2026-04-12 12:48:33.669 [info] Getting sessions for all scopes...
2026-04-12 12:48:33.669 [info] Got 3 sessions for ...
2026-04-12 12:48:34.210 [info] Getting sessions for all scopes...
2026-04-12 12:48:34.210 [info] Got 3 sessions for ...
2026-04-12 12:48:34.224 [info] Getting sessions for all scopes...
2026-04-12 12:48:34.224 [info] Got 3 sessions for ...
2026-04-12 13:06:28.397 [info] Getting sessions for all scopes...
2026-04-12 13:06:28.397 [info] Got 3 sessions for ...
2026-04-12 13:06:28.398 [info] Getting sessions for read:user,repo,user:email,workflow...
2026-04-12 13:06:28.398 [info] Got 1 sessions for read:user,repo,user:email,workflow...
2026-04-12 13:06:29.256 [info] Getting sessions for all scopes...
2026-04-12 13:06:29.256 [info] Got 3 sessions for ...
2026-04-12 13:06:29.257 [info] Getting sessions for all scopes...
2026-04-12 13:06:29.257 [info] Got 3 sessions for ...
2026-04-12 13:06:29.257 [info] Getting sessions for read:user,repo,user:email,workflow...
2026-04-12 13:06:29.258 [info] Got 1 sessions for read:user,repo,user:email,workflow...
2026-04-12 13:06:29.263 [info] Getting sessions for all scopes...
2026-04-12 13:06:29.263 [info] Got 3 sessions for ...
2026-04-12 13:06:29.264 [info] Getting sessions for read:user,repo,user:email,workflow...
2026-04-12 13:06:29.264 [info] Got 1 sessions for read:user,repo,user:email,workflow...
2026-04-12 13:06:29.764 [info] Getting sessions for all scopes...
2026-04-12 13:06:29.764 [info] Got 3 sessions for ...
2026-04-12 13:06:29.767 [info] Getting sessions for read:user,repo,user:email,workflow...
2026-04-12 13:06:29.767 [info] Got 1 sessions for read:user,repo,user:email,workflow...
2026-04-12 13:35:58.452 [info] Getting sessions for all scopes...
2026-04-12 13:35:58.452 [info] Got 3 sessions for ...
2026-04-12 13:35:58.455 [info] Getting sessions for read:user,repo,user:email,workflow...
2026-04-12 13:35:58.455 [info] Got 1 sessions for read:user,repo,user:email,workflow...
2026-04-12 13:35:59.359 [info] Getting sessions for all scopes...
2026-04-12 13:35:59.359 [info] Got 3 sessions for ...
2026-04-12 13:35:59.359 [info] Getting sessions for all scopes...
2026-04-12 13:35:59.359 [info] Got 3 sessions for ...
2026-04-12 13:35:59.360 [info] Getting sessions for read:user,repo,user:email,workflow...
2026-04-12 13:35:59.360 [info] Got 1 sessions for read:user,repo,user:email,workflow...
2026-04-12 13:35:59.365 [info] Getting sessions for all scopes...
2026-04-12 13:35:59.365 [info] Got 3 sessions for ...
2026-04-12 13:35:59.366 [info] Getting sessions for read:user,repo,user:email,workflow...
2026-04-12 13:35:59.366 [info] Got 1 sessions for read:user,repo,user:email,workflow...
2026-04-12 13:35:59.864 [info] Getting sessions for all scopes...
2026-04-12 13:35:59.864 [info] Got 3 sessions for ...
2026-04-12 13:35:59.865 [info] Getting sessions for read:user,repo,user:email,workflow...
2026-04-12 13:35:59.865 [info] Got 1 sessions for read:user,repo,user:email,workflow...
2026-04-12 13:38:28.747 [info] Getting sessions for all scopes...
2026-04-12 13:38:28.747 [info] Got 3 sessions for ...
2026-04-12 13:38:28.753 [info] Getting sessions for all scopes...
2026-04-12 13:38:28.753 [info] Got 3 sessions for ...
2026-04-12 15:36:13.994 [info] Getting sessions for all scopes...
2026-04-12 15:36:13.994 [info] Got 3 sessions for ...
2026-04-12 15:36:14.021 [info] Getting sessions for all scopes...
2026-04-12 15:36:14.022 [info] Got 3 sessions for ...
2026-04-12 17:54:48.710 [info] Getting sessions for all scopes...
2026-04-12 17:54:48.710 [info] Got 3 sessions for ...
2026-04-12 17:54:48.734 [info] Getting sessions for all scopes...
2026-04-12 17:54:48.734 [info] Got 3 sessions for ...
2026-04-12 17:54:52.903 [info] Getting sessions for all scopes...
2026-04-12 17:54:52.904 [info] Got 3 sessions for ...
2026-04-12 17:54:52.905 [info] Getting sessions for all scopes...
2026-04-12 17:54:52.905 [info] Got 3 sessions for ...
2026-04-12 17:55:41.062 [info] Getting sessions for all scopes...
2026-04-12 17:55:41.062 [info] Got 3 sessions for ...
2026-04-12 17:55:41.063 [info] Getting sessions for all scopes...
2026-04-12 17:55:41.063 [info] Got 3 sessions for ...
2026-04-12 17:55:41.156 [info] Getting sessions for all scopes...
2026-04-12 17:55:41.156 [info] Got 3 sessions for ...
2026-04-12 17:55:41.156 [info] Getting sessions for read:user,repo,user:email,workflow...
2026-04-12 17:55:41.156 [info] Got 1 sessions for read:user,repo,user:email,workflow...
2026-04-12 17:55:41.327 [info] Getting sessions for all scopes...
2026-04-12 17:55:41.327 [info] Got 3 sessions for ...
2026-04-12 17:55:42.150 [info] Getting sessions for all scopes...
2026-04-12 17:55:42.150 [info] Got 3 sessions for ...
2026-04-12 17:55:42.151 [info] Getting sessions for all scopes...
2026-04-12 17:55:42.151 [info] Got 3 sessions for ...
2026-04-12 17:55:42.153 [info] Getting sessions for read:user,repo,user:email,workflow...
2026-04-12 17:55:42.153 [info] Got 1 sessions for read:user,repo,user:email,workflow...
2026-04-12 17:55:42.163 [info] Getting sessions for all scopes...
2026-04-12 17:55:42.163 [info] Got 3 sessions for ...
2026-04-12 17:55:42.164 [info] Getting sessions for read:user,repo,user:email,workflow...
2026-04-12 17:55:42.164 [info] Got 1 sessions for read:user,repo,user:email,workflow...
2026-04-12 17:55:42.658 [info] Getting sessions for all scopes...
2026-04-12 17:55:42.658 [info] Got 3 sessions for ...
2026-04-12 17:55:42.660 [info] Getting sessions for read:user,repo,user:email,workflow...
2026-04-12 17:55:42.660 [info] Got 1 sessions for read:user,repo,user:email,workflow...
2026-04-12 17:55:45.396 [info] Getting sessions for all scopes...
2026-04-12 17:55:45.396 [info] Got 3 sessions for ...
2026-04-12 17:55:45.397 [info] Getting sessions for all scopes...
2026-04-12 17:55:45.397 [info] Got 3 sessions for ...
2026-04-12 17:55:51.044 [info] Getting sessions for all scopes...
2026-04-12 17:55:51.044 [info] Got 3 sessions for ...
2026-04-12 17:55:51.111 [info] Getting sessions for all scopes...
2026-04-12 17:55:51.111 [info] Got 3 sessions for ...
2026-04-12 17:56:10.770 [info] Getting sessions for all scopes...
2026-04-12 17:56:10.771 [info] Got 3 sessions for ...
2026-04-12 17:56:10.772 [info] Getting sessions for all scopes...
2026-04-12 17:56:10.772 [info] Got 3 sessions for ...
2026-04-12 17:56:41.466 [info] Getting sessions for all scopes...
2026-04-12 17:56:41.466 [info] Got 3 sessions for ...
2026-04-12 17:56:41.467 [info] Getting sessions for all scopes...
2026-04-12 17:56:41.467 [info] Got 3 sessions for ...
2026-04-12 17:57:53.855 [info] Getting sessions for all scopes...
2026-04-12 17:57:53.855 [info] Got 3 sessions for ...
2026-04-12 17:57:53.866 [info] Getting sessions for all scopes...
2026-04-12 17:57:53.866 [info] Got 3 sessions for ...
2026-04-12 17:58:06.151 [info] Getting sessions for all scopes...
2026-04-12 17:58:06.151 [info] Got 3 sessions for ...
2026-04-12 17:58:06.153 [info] Getting sessions for all scopes...
2026-04-12 17:58:06.153 [info] Got 3 sessions for ...
2026-04-12 17:58:06.949 [info] Getting sessions for all scopes...
2026-04-12 17:58:06.949 [info] Got 3 sessions for ...
2026-04-12 17:58:06.949 [info] Getting sessions for all scopes...
2026-04-12 17:58:06.949 [info] Got 3 sessions for ...
2026-04-12 18:03:13.724 [info] Getting sessions for all scopes...
2026-04-12 18:03:13.724 [info] Got 3 sessions for ...
2026-04-12 18:03:13.727 [info] Getting sessions for all scopes...
2026-04-12 18:03:13.727 [info] Got 3 sessions for ...
2026-04-12 18:03:15.101 [info] Getting sessions for all scopes...
2026-04-12 18:03:15.101 [info] Got 3 sessions for ...
2026-04-12 18:03:15.105 [info] Getting sessions for all scopes...
2026-04-12 18:03:15.105 [info] Got 3 sessions for ...
2026-04-12 18:04:03.368 [info] Getting sessions for all scopes...
2026-04-12 18:04:03.368 [info] Got 3 sessions for ...
2026-04-12 18:04:03.383 [info] Getting sessions for all scopes...
2026-04-12 18:04:03.383 [info] Got 3 sessions for ...
2026-04-12 18:08:47.773 [info] Getting sessions for all scopes...
2026-04-12 18:08:47.773 [info] Got 3 sessions for ...
2026-04-12 18:08:47.774 [info] Getting sessions for all scopes...
2026-04-12 18:08:47.774 [info] Got 3 sessions for ...
2026-04-12 18:08:48.744 [info] Getting sessions for all scopes...
2026-04-12 18:08:48.744 [info] Got 3 sessions for ...
2026-04-12 18:08:48.749 [info] Getting sessions for all scopes...
2026-04-12 18:08:48.749 [info] Got 3 sessions for ...
2026-04-12 18:08:49.244 [info] Getting sessions for all scopes...
2026-04-12 18:08:49.245 [info] Got 3 sessions for ...
2026-04-12 18:08:49.260 [info] Getting sessions for all scopes...
2026-04-12 18:08:49.260 [info] Got 3 sessions for ...
2026-04-12 18:08:49.439 [info] Getting sessions for all scopes...
2026-04-12 18:08:49.439 [info] Got 3 sessions for ...
2026-04-12 18:08:49.445 [info] Getting sessions for all scopes...
2026-04-12 18:08:49.445 [info] Got 3 sessions for ...
2026-04-12 18:08:49.917 [info] Getting sessions for all scopes...
2026-04-12 18:08:49.917 [info] Got 3 sessions for ...
2026-04-12 18:08:49.926 [info] Getting sessions for all scopes...
2026-04-12 18:08:49.926 [info] Got 3 sessions for ...
2026-04-12 18:08:50.492 [info] Getting sessions for all scopes...
2026-04-12 18:08:50.492 [info] Got 3 sessions for ...
2026-04-12 18:08:50.497 [info] Getting sessions for all scopes...
2026-04-12 18:08:50.497 [info] Got 3 sessions for ...
2026-04-12 18:16:58.929 [info] Getting sessions for all scopes...
2026-04-12 18:16:58.930 [info] Got 3 sessions for ...
2026-04-12 18:16:58.931 [info] Getting sessions for all scopes...
2026-04-12 18:16:58.931 [info] Got 3 sessions for ...
2026-04-12 18:16:59.165 [info] Getting sessions for all scopes...
2026-04-12 18:16:59.165 [info] Got 3 sessions for ...
2026-04-12 18:16:59.170 [info] Getting sessions for all scopes...
2026-04-12 18:16:59.170 [info] Got 3 sessions for ...
2026-04-12 18:16:59.408 [info] Getting sessions for all scopes...
2026-04-12 18:16:59.408 [info] Got 3 sessions for ...
2026-04-12 18:16:59.410 [info] Getting sessions for all scopes...
2026-04-12 18:16:59.410 [info] Got 3 sessions for ...
2026-04-12 18:16:59.648 [info] Getting sessions for all scopes...
2026-04-12 18:16:59.648 [info] Got 3 sessions for ...
2026-04-12 18:16:59.651 [info] Getting sessions for all scopes...
2026-04-12 18:16:59.651 [info] Got 3 sessions for ...
2026-04-12 18:16:59.881 [info] Getting sessions for all scopes...
2026-04-12 18:16:59.881 [info] Got 3 sessions for ...
2026-04-12 18:16:59.881 [info] Getting sessions for all scopes...
2026-04-12 18:16:59.881 [info] Got 3 sessions for ...
2026-04-12 18:17:00.140 [info] Getting sessions for all scopes...
2026-04-12 18:17:00.140 [info] Got 3 sessions for ...
2026-04-12 18:17:00.141 [info] Getting sessions for all scopes...
2026-04-12 18:17:00.141 [info] Got 3 sessions for ...
2026-04-12 18:17:00.360 [info] Getting sessions for all scopes...
2026-04-12 18:17:00.360 [info] Got 3 sessions for ...
2026-04-12 18:17:00.361 [info] Getting sessions for all scopes...
2026-04-12 18:17:00.361 [info] Got 3 sessions for ...
2026-04-12 18:17:00.770 [info] Getting sessions for all scopes...
2026-04-12 18:17:00.770 [info] Got 3 sessions for ...
2026-04-12 18:17:00.770 [info] Getting sessions for all scopes...
2026-04-12 18:17:00.770 [info] Got 3 sessions for ...
2026-04-12 18:17:01.936 [info] Getting sessions for all scopes...
2026-04-12 18:17:01.936 [info] Got 3 sessions for ...
2026-04-12 18:17:01.940 [info] Getting sessions for all scopes...
2026-04-12 18:17:01.940 [info] Got 3 sessions for ...
2026-04-12 18:17:02.430 [info] Getting sessions for all scopes...
2026-04-12 18:17:02.431 [info] Got 3 sessions for ...
2026-04-12 18:17:02.432 [info] Getting sessions for read:user,repo,user:email,workflow...
2026-04-12 18:17:02.432 [info] Got 1 sessions for read:user,repo,user:email,workflow...
2026-04-12 18:18:26.579 [info] Getting sessions for all scopes...
2026-04-12 18:18:26.580 [info] Got 3 sessions for ...
2026-04-12 18:18:26.580 [info] Getting sessions for all scopes...
2026-04-12 18:18:26.580 [info] Got 3 sessions for ...
2026-04-12 18:18:40.674 [info] Getting sessions for all scopes...
2026-04-12 18:18:40.674 [info] Got 3 sessions for ...
2026-04-12 18:18:40.675 [info] Getting sessions for all scopes...
2026-04-12 18:18:40.675 [info] Got 3 sessions for ...
2026-04-12 18:18:44.548 [info] Getting sessions for all scopes...
2026-04-12 18:18:44.548 [info] Got 3 sessions for ...
2026-04-12 18:18:44.550 [info] Getting sessions for read:user,repo,user:email,workflow...
2026-04-12 18:18:44.550 [info] Got 1 sessions for read:user,repo,user:email,workflow...
2026-04-12 18:18:45.538 [info] Getting sessions for all scopes...
2026-04-12 18:18:45.538 [info] Got 3 sessions for ...
2026-04-12 18:18:45.538 [info] Getting sessions for all scopes...
2026-04-12 18:18:45.538 [info] Got 3 sessions for ...
2026-04-12 18:18:45.549 [info] Getting sessions for read:user,repo,user:email,workflow...
2026-04-12 18:18:45.549 [info] Got 1 sessions for read:user,repo,user:email,workflow...
2026-04-12 18:18:45.585 [info] Getting sessions for all scopes...
2026-04-12 18:18:45.585 [info] Got 3 sessions for ...
2026-04-12 18:18:45.589 [info] Getting sessions for read:user,repo,user:email,workflow...
2026-04-12 18:18:45.589 [info] Got 1 sessions for read:user,repo,user:email,workflow...
2026-04-12 18:18:46.056 [info] Getting sessions for all scopes...
2026-04-12 18:18:46.056 [info] Got 3 sessions for ...
2026-04-12 18:18:46.058 [info] Getting sessions for read:user,repo,user:email,workflow...
2026-04-12 18:18:46.058 [info] Got 1 sessions for read:user,repo,user:email,workflow...
2026-04-12 18:18:53.267 [info] Getting sessions for all scopes...
2026-04-12 18:18:53.267 [info] Got 3 sessions for ...
2026-04-12 18:18:53.274 [info] Getting sessions for all scopes...
2026-04-12 18:18:53.274 [info] Got 3 sessions for ...
2026-04-12 18:18:55.820 [info] Getting sessions for all scopes...
2026-04-12 18:18:55.820 [info] Got 3 sessions for ...
2026-04-12 18:18:55.831 [info] Getting sessions for all scopes...
2026-04-12 18:18:55.831 [info] Got 3 sessions for ...
2026-04-12 18:19:21.691 [info] Getting sessions for all scopes...
2026-04-12 18:19:21.691 [info] Got 3 sessions for ...
2026-04-12 18:19:21.692 [info] Getting sessions for all scopes...
2026-04-12 18:19:21.692 [info] Got 3 sessions for ...
2026-04-12 18:19:33.383 [info] Getting sessions for all scopes...
2026-04-12 18:19:33.383 [info] Got 3 sessions for ...
2026-04-12 18:19:33.384 [info] Getting sessions for all scopes...
2026-04-12 18:19:33.384 [info] Got 3 sessions for ...
2026-04-12 18:20:14.285 [info] Getting sessions for all scopes...
2026-04-12 18:20:14.286 [info] Got 3 sessions for ...
2026-04-12 18:20:14.288 [info] Getting sessions for all scopes...
2026-04-12 18:20:14.288 [info] Got 3 sessions for ...
2026-04-13 13:28:58.331 [info] Getting sessions for all scopes...
2026-04-13 13:28:58.331 [info] Got 3 sessions for ...
2026-04-13 13:28:58.331 [info] Getting sessions for all scopes...
2026-04-13 13:28:58.331 [info] Got 3 sessions for ...
2026-04-13 13:29:04.129 [info] Getting sessions for all scopes...
2026-04-13 13:29:04.129 [info] Got 3 sessions for ...
2026-04-13 13:29:04.130 [info] Getting sessions for all scopes...
2026-04-13 13:29:04.130 [info] Got 3 sessions for ...
2026-04-13 13:29:49.501 [info] Getting sessions for all scopes...
2026-04-13 13:29:49.502 [info] Got 3 sessions for ...
2026-04-13 13:29:49.503 [info] Getting sessions for all scopes...
2026-04-13 13:29:49.503 [info] Got 3 sessions for ...
2026-04-13 13:29:49.742 [info] Getting sessions for all scopes...
2026-04-13 13:29:49.742 [info] Got 3 sessions for ...
2026-04-13 13:29:49.743 [info] Getting sessions for all scopes...
2026-04-13 13:29:49.743 [info] Got 3 sessions for ...
2026-04-13 13:29:49.959 [info] Getting sessions for all scopes...
2026-04-13 13:29:49.959 [info] Got 3 sessions for ...
2026-04-13 13:29:49.960 [info] Getting sessions for all scopes...
2026-04-13 13:29:49.960 [info] Got 3 sessions for ...
2026-04-13 13:29:50.186 [info] Getting sessions for all scopes...
2026-04-13 13:29:50.186 [info] Got 3 sessions for ...
2026-04-13 13:29:50.188 [info] Getting sessions for all scopes...
2026-04-13 13:29:50.188 [info] Got 3 sessions for ...
2026-04-13 13:29:50.929 [info] Getting sessions for all scopes...
2026-04-13 13:29:50.929 [info] Got 3 sessions for ...
2026-04-13 13:29:50.930 [info] Getting sessions for all scopes...
2026-04-13 13:29:50.930 [info] Got 3 sessions for ...
2026-04-13 13:29:52.338 [info] Getting sessions for all scopes...
2026-04-13 13:29:52.338 [info] Got 3 sessions for ...
2026-04-13 13:29:52.339 [info] Getting sessions for all scopes...
2026-04-13 13:29:52.339 [info] Got 3 sessions for ...
2026-04-13 13:31:36.153 [info] Getting sessions for all scopes...
2026-04-13 13:31:36.153 [info] Got 3 sessions for ...
2026-04-13 13:31:36.160 [info] Getting sessions for all scopes...
2026-04-13 13:31:36.160 [info] Got 3 sessions for ...
2026-04-13 13:31:36.771 [info] Getting sessions for all scopes...
2026-04-13 13:31:36.771 [info] Got 3 sessions for ...
2026-04-13 13:31:36.772 [info] Getting sessions for all scopes...
2026-04-13 13:31:36.772 [info] Got 3 sessions for ...
2026-04-13 13:31:36.775 [info] Getting sessions for read:user,repo,user:email,workflow...
2026-04-13 13:31:36.775 [info] Got 1 sessions for read:user,repo,user:email,workflow...
2026-04-13 13:31:38.039 [info] Getting sessions for all scopes...
2026-04-13 13:31:38.039 [info] Got 3 sessions for ...
2026-04-13 13:31:38.039 [info] Getting sessions for all scopes...
2026-04-13 13:31:38.039 [info] Got 3 sessions for ...
2026-04-13 13:31:38.042 [info] Getting sessions for read:user,repo,user:email,workflow...
2026-04-13 13:31:38.042 [info] Got 1 sessions for read:user,repo,user:email,workflow...
2026-04-13 13:31:38.081 [info] Getting sessions for all scopes...
2026-04-13 13:31:38.081 [info] Got 3 sessions for ...
2026-04-13 13:31:38.084 [info] Getting sessions for read:user,repo,user:email,workflow...
2026-04-13 13:31:38.084 [info] Got 1 sessions for read:user,repo,user:email,workflow...
2026-04-13 13:31:38.556 [info] Getting sessions for all scopes...
2026-04-13 13:31:38.556 [info] Got 3 sessions for ...
2026-04-13 13:31:38.557 [info] Getting sessions for read:user,repo,user:email,workflow...
2026-04-13 13:31:38.558 [info] Got 1 sessions for read:user,repo,user:email,workflow...
2026-04-13 13:41:40.483 [info] Getting sessions for all scopes...
2026-04-13 13:41:40.483 [info] Got 3 sessions for ...
2026-04-13 13:41:40.485 [info] Getting sessions for read:user,repo,user:email,workflow...
2026-04-13 13:41:40.485 [info] Got 1 sessions for read:user,repo,user:email,workflow...
2026-04-13 13:45:59.825 [info] Getting sessions for all scopes...
2026-04-13 13:45:59.825 [info] Got 3 sessions for ...
2026-04-13 13:45:59.829 [info] Getting sessions for all scopes...
2026-04-13 13:45:59.829 [info] Got 3 sessions for ...
2026-04-13 14:21:16.047 [info] Getting sessions for all scopes...
2026-04-13 14:21:16.047 [info] Got 3 sessions for ...
2026-04-13 14:21:16.047 [info] Getting sessions for all scopes...
2026-04-13 14:21:16.047 [info] Got 3 sessions for ...
2026-04-13 14:21:16.766 [info] Getting sessions for all scopes...
2026-04-13 14:21:16.766 [info] Got 3 sessions for ...
2026-04-13 14:21:16.777 [info] Getting sessions for read:user,repo,user:email,workflow...
2026-04-13 14:21:16.777 [info] Got 1 sessions for read:user,repo,user:email,workflow...
2026-04-13 14:21:17.433 [info] Getting sessions for all scopes...
2026-04-13 14:21:17.433 [info] Got 3 sessions for ...
2026-04-13 14:21:17.434 [info] Getting sessions for all scopes...
2026-04-13 14:21:17.434 [info] Got 3 sessions for ...
2026-04-13 14:21:17.445 [info] Getting sessions for read:user,repo,user:email,workflow...
2026-04-13 14:21:17.445 [info] Got 1 sessions for read:user,repo,user:email,workflow...
2026-04-13 14:21:17.449 [info] Getting sessions for all scopes...
2026-04-13 14:21:17.449 [info] Got 3 sessions for ...
2026-04-13 14:21:17.450 [info] Getting sessions for read:user,repo,user:email,workflow...
2026-04-13 14:21:17.450 [info] Got 1 sessions for read:user,repo,user:email,workflow...
2026-04-13 14:21:18.464 [info] Getting sessions for all scopes...
2026-04-13 14:21:18.464 [info] Got 3 sessions for ...
2026-04-13 14:21:18.464 [info] Getting sessions for all scopes...
2026-04-13 14:21:18.464 [info] Got 3 sessions for ...
2026-04-13 14:21:18.470 [info] Getting sessions for read:user,repo,user:email,workflow...
2026-04-13 14:21:18.470 [info] Got 1 sessions for read:user,repo,user:email,workflow...
2026-04-13 14:21:18.506 [info] Getting sessions for all scopes...
2026-04-13 14:21:18.506 [info] Got 3 sessions for ...
2026-04-13 14:21:18.509 [info] Getting sessions for read:user,repo,user:email,workflow...
2026-04-13 14:21:18.509 [info] Got 1 sessions for read:user,repo,user:email,workflow...
2026-04-13 14:21:18.995 [info] Getting sessions for all scopes...
2026-04-13 14:21:18.995 [info] Got 3 sessions for ...
2026-04-13 14:21:18.996 [info] Getting sessions for read:user,repo,user:email,workflow...
2026-04-13 14:21:18.996 [info] Got 1 sessions for read:user,repo,user:email,workflow...
