2026-03-26 15:04:21.318 [info] [main] Log level: Info
2026-03-26 15:04:21.318 [info] [main] Validating found git in: "git"
2026-03-26 15:04:21.318 [info] [main] Using git "2.53.0" from "git"
2026-03-26 15:04:21.318 [info] [Model][doInitialScan] Initial repository scan started
2026-03-26 15:04:21.318 [info] > git rev-parse --show-toplevel [7ms]
2026-03-26 15:04:21.318 [info] fatal: not a git repository (or any of the parent directories): .git
2026-03-26 15:04:21.318 [info] > git rev-parse --show-toplevel [1ms]
2026-03-26 15:04:21.318 [info] fatal: not a git repository (or any of the parent directories): .git
2026-03-26 15:04:21.318 [info] > git rev-parse --show-toplevel [2ms]
2026-03-26 15:04:21.318 [info] fatal: not a git repository (or any of the parent directories): .git
2026-03-26 15:04:21.318 [info] > git rev-parse --show-toplevel [1ms]
2026-03-26 15:04:21.318 [info] fatal: not a git repository (or any of the parent directories): .git
2026-03-26 15:04:21.318 [info] > git rev-parse --show-toplevel [1ms]
2026-03-26 15:04:21.318 [info] fatal: not a git repository (or any of the parent directories): .git
2026-03-26 15:04:21.318 [info] > git rev-parse --show-toplevel [2ms]
2026-03-26 15:04:21.318 [info] fatal: not a git repository (or any of the parent directories): .git
2026-03-26 15:04:21.318 [info] [Model][doInitialScan] Initial repository scan completed - repositories (0), closed repositories (0), parent repositories (0), unsafe repositories (0)
2026-03-26 15:04:22.807 [info] > git rev-parse --show-toplevel [310ms]
2026-03-26 15:04:22.807 [info] fatal: not a git repository (or any of the parent directories): .git
2026-03-26 15:04:23.381 [info] > git rev-parse --show-toplevel [27ms]
2026-03-26 15:04:23.381 [info] fatal: not a git repository (or any of the parent directories): .git
2026-03-26 15:05:42.334 [info] [main] Log level: Info
2026-03-26 15:05:42.334 [info] [main] Validating found git in: "git"
2026-03-26 15:05:42.334 [info] [main] Using git "2.53.0" from "git"
2026-03-26 15:05:42.334 [info] [Model][doInitialScan] Initial repository scan started
2026-03-26 15:05:42.334 [info] > git rev-parse --show-toplevel [64ms]
2026-03-26 15:05:42.349 [info] > git rev-parse --git-dir --git-common-dir --show-superproject-working-tree [5ms]
2026-03-26 15:05:42.365 [info] [Model][openRepository] Opened repository (path): /home/yusof_0090/Projects/insurance-proj
2026-03-26 15:05:42.365 [info] [Model][openRepository] Opened repository (real path): /home/yusof_0090/Projects/insurance-proj
2026-03-26 15:05:42.365 [info] [Model][openRepository] Opened repository (kind): repository
2026-03-26 15:05:42.384 [info] > git rev-parse --show-toplevel [4ms]
2026-03-26 15:05:42.384 [info] > git config --get commit.template [10ms]
2026-03-26 15:05:42.399 [info] > git rev-parse --show-toplevel [8ms]
2026-03-26 15:05:42.415 [info] > git rev-parse --show-toplevel [7ms]
2026-03-26 15:05:42.416 [info] > git for-each-ref --format=%(refname)%00%(upstream:short)%00%(objectname)%00%(upstream:track)%00%(upstream:remotename)%00%(upstream:remoteref) refs/heads/main refs/remotes/main [17ms]
2026-03-26 15:05:42.457 [info] > git rev-parse --show-toplevel [7ms]
2026-03-26 15:05:42.459 [info] [Model][doInitialScan] Initial repository scan completed - repositories (1), closed repositories (0), parent repositories (0), unsafe repositories (0)
2026-03-26 15:05:42.586 [info] > git status -z -uall [86ms]
2026-03-26 15:05:42.586 [info] > git for-each-ref --sort -committerdate --format %(refname)%00%(objectname)%00%(*objectname) [65ms]
2026-03-26 15:05:42.890 [info] > git for-each-ref --format=%(refname)%00%(upstream:short)%00%(objectname)%00%(upstream:track)%00%(upstream:remotename)%00%(upstream:remoteref) refs/heads/main refs/remotes/main [273ms]
2026-03-26 15:05:42.956 [info] > git config --get --local branch.main.vscode-merge-base [58ms]
2026-03-26 15:05:42.968 [info] > git config --get commit.template [262ms]
2026-03-26 15:05:43.400 [info] > git check-ignore -v -z --stdin [415ms]
2026-03-26 15:05:43.401 [info] > git for-each-ref --format=%(refname)%00%(upstream:short)%00%(objectname)%00%(upstream:track)%00%(upstream:remotename)%00%(upstream:remoteref) refs/heads/origin/main refs/remotes/origin/main [434ms]
2026-03-26 15:05:43.692 [info] > git merge-base refs/heads/main refs/remotes/origin/main [284ms]
2026-03-26 15:05:43.729 [info] > git check-ignore -v -z --stdin [263ms]
2026-03-26 15:05:43.730 [info] > git diff --raw --numstat --diff-filter=ADMR -z --find-renames=50% 5b3827ebe5bfa94e7c27377833eee0371904e2cf...refs/remotes/origin/main -- [33ms]
2026-03-26 15:05:43.730 [info] > git for-each-ref --format=%(refname)%00%(upstream:short)%00%(objectname)%00%(upstream:track)%00%(upstream:remotename)%00%(upstream:remoteref) refs/heads/main refs/remotes/main [270ms]
2026-03-26 15:05:44.127 [info] > git show --textconv :src/app/pages/customer/Register.tsx [20ms]
2026-03-26 15:05:44.128 [info] > git ls-files --stage -- src/app/pages/customer/Register.tsx [15ms]
2026-03-26 15:05:44.226 [info] > git cat-file -s 7a353c441f04e3f6511713403568755f00bcfe4e [94ms]
2026-03-26 15:05:44.316 [info] > git status -z -uall [13ms]
2026-03-26 15:05:44.357 [info] > git for-each-ref --sort -committerdate --format %(refname)%00%(objectname)%00%(*objectname) [46ms]
2026-03-26 15:05:44.634 [info] > git blame --root --incremental 5b3827ebe5bfa94e7c27377833eee0371904e2cf -- src/app/pages/customer/Register.tsx [86ms]
2026-03-26 15:05:45.111 [info] > git config --get commit.template [63ms]
2026-03-26 15:05:45.248 [info] > git for-each-ref --format=%(refname)%00%(upstream:short)%00%(objectname)%00%(upstream:track)%00%(upstream:remotename)%00%(upstream:remoteref) refs/heads/main refs/remotes/main [68ms]
2026-03-26 15:05:45.397 [info] > git status -z -uall [19ms]
2026-03-26 15:05:45.397 [info] > git for-each-ref --sort -committerdate --format %(refname)%00%(objectname)%00%(*objectname) [7ms]
2026-03-26 15:05:45.884 [info] > git diff --name-status -z --diff-filter=ADMR 5b3827ebe5bfa94e7c27377833eee0371904e2cf -- [3ms]
2026-03-26 15:07:45.891 [info] > git diff --name-status -z --diff-filter=ADMR 5b3827ebe5bfa94e7c27377833eee0371904e2cf -- [2ms]
2026-03-26 15:08:01.726 [info] > git check-ignore -v -z --stdin [1ms]
2026-03-26 15:08:02.399 [info] > git ls-files --stage -- src/app/pages/customer/Register.tsx [0ms]
2026-03-26 15:08:02.410 [info] > git cat-file -s 7a353c441f04e3f6511713403568755f00bcfe4e [3ms]
2026-03-26 15:08:02.419 [info] > git show --textconv :src/app/pages/customer/Register.tsx [0ms]
2026-03-26 15:08:02.602 [info] > git fetch [1409ms]
2026-03-26 15:08:02.602 [info] Missing or invalid credentials.
Skip silent fetch commands
Missing or invalid credentials.
Skip silent fetch commands
remote: Repository not found.
fatal: Authentication failed for 'https://github.com/monir-shokohyan/insurance-proj/'
2026-03-26 15:08:02.626 [info] > git config --get commit.template [11ms]
2026-03-26 15:08:02.626 [info] > git for-each-ref --format=%(refname)%00%(upstream:short)%00%(objectname)%00%(upstream:track)%00%(upstream:remotename)%00%(upstream:remoteref) refs/heads/main refs/remotes/main [2ms]
2026-03-26 15:08:02.641 [info] > git status -z -uall [7ms]
2026-03-26 15:08:02.643 [info] > git for-each-ref --sort -committerdate --format %(refname)%00%(objectname)%00%(*objectname) [2ms]
2026-03-26 15:08:13.731 [info] [main] Log level: Info
2026-03-26 15:08:13.731 [info] [main] Validating found git in: "git"
2026-03-26 15:08:13.731 [info] [main] Using git "2.53.0" from "git"
2026-03-26 15:08:13.731 [info] [Model][doInitialScan] Initial repository scan started
2026-03-26 15:08:13.731 [info] > git rev-parse --show-toplevel [19ms]
2026-03-26 15:08:13.731 [info] fatal: not a git repository (or any of the parent directories): .git
2026-03-26 15:08:13.894 [info] > git rev-parse --show-toplevel [159ms]
2026-03-26 15:08:13.894 [info] fatal: not a git repository (or any of the parent directories): .git
2026-03-26 15:08:13.931 [info] > git rev-parse --show-toplevel [2ms]
2026-03-26 15:08:13.931 [info] fatal: not a git repository (or any of the parent directories): .git
2026-03-26 15:08:13.950 [info] > git rev-parse --show-toplevel [14ms]
2026-03-26 15:08:13.950 [info] fatal: not a git repository (or any of the parent directories): .git
2026-03-26 15:08:13.968 [info] > git rev-parse --show-toplevel [11ms]
2026-03-26 15:08:13.968 [info] fatal: not a git repository (or any of the parent directories): .git
2026-03-26 15:08:14.084 [info] > git rev-parse --show-toplevel [27ms]
2026-03-26 15:08:14.084 [info] fatal: not a git repository (or any of the parent directories): .git
2026-03-26 15:08:14.086 [info] [Model][doInitialScan] Initial repository scan completed - repositories (0), closed repositories (0), parent repositories (0), unsafe repositories (0)
2026-03-26 15:08:14.129 [info] > git rev-parse --show-toplevel [11ms]
2026-03-26 15:08:14.129 [info] fatal: not a git repository (or any of the parent directories): .git
2026-03-26 15:08:14.947 [info] > git rev-parse --show-toplevel [252ms]
2026-03-26 15:08:14.947 [info] fatal: not a git repository (or any of the parent directories): .git
2026-03-26 15:08:15.579 [info] > git rev-parse --show-toplevel [1ms]
2026-03-26 15:08:15.579 [info] fatal: not a git repository (or any of the parent directories): .git
2026-03-26 15:13:09.329 [info] [main] Log level: Info
2026-03-26 15:13:09.329 [info] [main] Validating found git in: "git"
2026-03-26 15:13:09.329 [info] [main] Using git "2.53.0" from "git"
2026-03-26 15:13:09.329 [info] [Model][doInitialScan] Initial repository scan started
2026-03-26 15:13:09.329 [info] > git rev-parse --show-toplevel [60ms]
2026-03-26 15:13:09.396 [info] > git rev-parse --git-dir --git-common-dir --show-superproject-working-tree [30ms]
2026-03-26 15:13:09.443 [info] [Model][openRepository] Opened repository (path): /home/yusof_0090/Projects/insurance-proj
2026-03-26 15:13:09.443 [info] [Model][openRepository] Opened repository (real path): /home/yusof_0090/Projects/insurance-proj
2026-03-26 15:13:09.443 [info] [Model][openRepository] Opened repository (kind): repository
2026-03-26 15:13:09.515 [info] > git rev-parse --show-toplevel [56ms]
2026-03-26 15:13:09.516 [info] > git config --get commit.template [62ms]
2026-03-26 15:13:09.613 [info] > git rev-parse --show-toplevel [82ms]
2026-03-26 15:13:09.647 [info] > git for-each-ref --format=%(refname)%00%(upstream:short)%00%(objectname)%00%(upstream:track)%00%(upstream:remotename)%00%(upstream:remoteref) refs/heads/main refs/remotes/main [37ms]
2026-03-26 15:13:09.653 [info] > git rev-parse --show-toplevel [7ms]
2026-03-26 15:13:09.696 [info] > git rev-parse --show-toplevel [26ms]
2026-03-26 15:13:09.697 [info] [Model][doInitialScan] Initial repository scan completed - repositories (1), closed repositories (0), parent repositories (0), unsafe repositories (0)
2026-03-26 15:13:09.907 [info] > git status -z -uall [196ms]
2026-03-26 15:13:09.907 [info] > git for-each-ref --sort -committerdate --format %(refname)%00%(objectname)%00%(*objectname) [189ms]
2026-03-26 15:13:10.279 [info] > git for-each-ref --format=%(refname)%00%(upstream:short)%00%(objectname)%00%(upstream:track)%00%(upstream:remotename)%00%(upstream:remoteref) refs/heads/main refs/remotes/main [346ms]
2026-03-26 15:13:10.657 [info] > git check-ignore -v -z --stdin [365ms]
2026-03-26 15:13:10.658 [info] > git config --get --local branch.main.vscode-merge-base [373ms]
2026-03-26 15:13:10.665 [info] > git config --get commit.template [389ms]
2026-03-26 15:13:10.755 [info] > git for-each-ref --format=%(refname)%00%(upstream:short)%00%(objectname)%00%(upstream:track)%00%(upstream:remotename)%00%(upstream:remoteref) refs/heads/origin/main refs/remotes/origin/main [91ms]
2026-03-26 15:13:11.317 [info] > git check-ignore -v -z --stdin [578ms]
2026-03-26 15:13:11.318 [info] > git merge-base refs/heads/main refs/remotes/origin/main [554ms]
2026-03-26 15:13:11.375 [info] > git diff --raw --numstat --diff-filter=ADMR -z --find-renames=50% 5b3827ebe5bfa94e7c27377833eee0371904e2cf...refs/remotes/origin/main -- [50ms]
2026-03-26 15:13:11.383 [info] > git for-each-ref --format=%(refname)%00%(upstream:short)%00%(objectname)%00%(upstream:track)%00%(upstream:remotename)%00%(upstream:remoteref) refs/heads/main refs/remotes/main [594ms]
2026-03-26 15:13:11.473 [info] > git show --textconv :src/app/pages/customer/Register.tsx [32ms]
2026-03-26 15:13:11.594 [info] > git ls-files --stage -- src/app/pages/customer/Register.tsx [144ms]
2026-03-26 15:13:11.627 [info] > git cat-file -s 7a353c441f04e3f6511713403568755f00bcfe4e [27ms]
2026-03-26 15:13:11.720 [info] > git status -z -uall [27ms]
2026-03-26 15:13:11.722 [info] > git for-each-ref --sort -committerdate --format %(refname)%00%(objectname)%00%(*objectname) [24ms]
2026-03-26 15:13:11.859 [info] > git blame --root --incremental 5b3827ebe5bfa94e7c27377833eee0371904e2cf -- src/app/pages/customer/Register.tsx [35ms]
2026-03-26 15:13:12.406 [info] > git config --get commit.template [55ms]
2026-03-26 15:13:12.451 [info] > git for-each-ref --format=%(refname)%00%(upstream:short)%00%(objectname)%00%(upstream:track)%00%(upstream:remotename)%00%(upstream:remoteref) refs/heads/main refs/remotes/main [14ms]
2026-03-26 15:13:12.509 [info] > git status -z -uall [7ms]
2026-03-26 15:13:12.510 [info] > git for-each-ref --sort -committerdate --format %(refname)%00%(objectname)%00%(*objectname) [3ms]
2026-03-26 15:13:13.031 [info] > git diff --name-status -z --diff-filter=ADMR 5b3827ebe5bfa94e7c27377833eee0371904e2cf -- [2ms]
2026-03-26 15:14:44.791 [info] > git check-ignore -v -z --stdin [1ms]
2026-03-26 15:15:13.031 [info] > git diff --name-status -z --diff-filter=ADMR 5b3827ebe5bfa94e7c27377833eee0371904e2cf -- [2ms]
2026-03-26 15:15:50.021 [info] > git fetch [1411ms]
2026-03-26 15:15:50.021 [info] Missing or invalid credentials.
Skip silent fetch commands
Missing or invalid credentials.
Skip silent fetch commands
remote: Repository not found.
fatal: Authentication failed for 'https://github.com/monir-shokohyan/insurance-proj/'
2026-03-26 15:15:50.044 [info] > git config --get commit.template [9ms]
2026-03-26 15:15:50.045 [info] > git for-each-ref --format=%(refname)%00%(upstream:short)%00%(objectname)%00%(upstream:track)%00%(upstream:remotename)%00%(upstream:remoteref) refs/heads/main refs/remotes/main [2ms]
2026-03-26 15:15:50.061 [info] > git status -z -uall [8ms]
2026-03-26 15:15:50.062 [info] > git for-each-ref --sort -committerdate --format %(refname)%00%(objectname)%00%(*objectname) [1ms]
2026-03-26 15:15:53.614 [info] > git ls-files --stage -- src/app/pages/customer/Register.tsx [1ms]
2026-03-26 15:15:53.623 [info] > git cat-file -s 7a353c441f04e3f6511713403568755f00bcfe4e [1ms]
2026-03-26 15:15:53.640 [info] > git show --textconv :src/app/pages/customer/Register.tsx [1ms]
2026-03-26 15:15:59.333 [info] > git check-ignore -v -z --stdin [4ms]
2026-03-26 15:15:59.372 [info] > git show --textconv :src/app/pages/customer/OrderTracking.tsx [12ms]
2026-03-26 15:15:59.373 [info] > git ls-files --stage -- src/app/pages/customer/OrderTracking.tsx [2ms]
2026-03-26 15:15:59.380 [info] > git cat-file -s 31aec46fdd8730168e0a8600c779ccc0537de15e [1ms]
2026-03-26 15:15:59.431 [info] > git blame --root --incremental 5b3827ebe5bfa94e7c27377833eee0371904e2cf -- src/app/pages/customer/OrderTracking.tsx [13ms]
2026-03-26 15:17:13.030 [info] > git diff --name-status -z --diff-filter=ADMR 5b3827ebe5bfa94e7c27377833eee0371904e2cf -- [2ms]
2026-03-26 15:19:13.029 [info] > git diff --name-status -z --diff-filter=ADMR 5b3827ebe5bfa94e7c27377833eee0371904e2cf -- [1ms]
2026-03-26 15:21:13.036 [info] > git diff --name-status -z --diff-filter=ADMR 5b3827ebe5bfa94e7c27377833eee0371904e2cf -- [3ms]
2026-03-26 15:23:13.034 [info] > git diff --name-status -z --diff-filter=ADMR 5b3827ebe5bfa94e7c27377833eee0371904e2cf -- [3ms]
2026-03-26 15:25:13.036 [info] > git diff --name-status -z --diff-filter=ADMR 5b3827ebe5bfa94e7c27377833eee0371904e2cf -- [3ms]
2026-03-26 15:27:13.037 [info] > git diff --name-status -z --diff-filter=ADMR 5b3827ebe5bfa94e7c27377833eee0371904e2cf -- [3ms]
2026-03-26 15:29:13.037 [info] > git diff --name-status -z --diff-filter=ADMR 5b3827ebe5bfa94e7c27377833eee0371904e2cf -- [2ms]
2026-03-26 15:31:13.042 [info] > git diff --name-status -z --diff-filter=ADMR 5b3827ebe5bfa94e7c27377833eee0371904e2cf -- [1ms]
2026-03-26 15:33:13.041 [info] > git diff --name-status -z --diff-filter=ADMR 5b3827ebe5bfa94e7c27377833eee0371904e2cf -- [3ms]
2026-03-26 15:35:13.042 [info] > git diff --name-status -z --diff-filter=ADMR 5b3827ebe5bfa94e7c27377833eee0371904e2cf -- [2ms]
2026-03-26 15:37:13.041 [info] > git diff --name-status -z --diff-filter=ADMR 5b3827ebe5bfa94e7c27377833eee0371904e2cf -- [3ms]
2026-03-26 15:39:13.046 [info] > git diff --name-status -z --diff-filter=ADMR 5b3827ebe5bfa94e7c27377833eee0371904e2cf -- [1ms]
2026-03-26 15:41:13.050 [info] > git diff --name-status -z --diff-filter=ADMR 5b3827ebe5bfa94e7c27377833eee0371904e2cf -- [3ms]
2026-03-26 15:43:13.048 [info] > git diff --name-status -z --diff-filter=ADMR 5b3827ebe5bfa94e7c27377833eee0371904e2cf -- [2ms]
2026-03-26 15:45:13.046 [info] > git diff --name-status -z --diff-filter=ADMR 5b3827ebe5bfa94e7c27377833eee0371904e2cf -- [2ms]
2026-03-26 15:47:13.049 [info] > git diff --name-status -z --diff-filter=ADMR 5b3827ebe5bfa94e7c27377833eee0371904e2cf -- [3ms]
2026-03-26 15:49:13.049 [info] > git diff --name-status -z --diff-filter=ADMR 5b3827ebe5bfa94e7c27377833eee0371904e2cf -- [3ms]
