2026-04-11 10:07:41.637 [info] [aebc6443-996d-45c2-90f0-388ff96faa56] Native Broker enabled: false
2026-04-11 10:07:41.803 [info] [getSessions] [all] starting
2026-04-11 10:07:41.803 [info] [getSessions] [all] returned 0 session(s)
2026-04-11 10:07:41.803 [info] [getSessions] [all] starting
2026-04-11 10:07:41.803 [info] [getSessions] [all] returned 0 session(s)
2026-04-11 10:07:41.804 [info] [getSessions] [all] starting
2026-04-11 10:07:41.804 [info] [getSessions] [all] returned 0 session(s)
2026-04-11 10:07:41.842 [info] [getSessions] [499b84ac-1321-427f-aa17-267ca6975798/.default offline_access] starting
2026-04-11 10:07:41.842 [info] [aebc6443-996d-45c2-90f0-388ff96faa56] Native Broker enabled: false
2026-04-11 10:07:41.973 [info] [getSessions] [499b84ac-1321-427f-aa17-267ca6975798/.default offline_access] returned 0 session(s)
2026-04-11 10:07:42.169 [info] [getSessions] [499b84ac-1321-427f-aa17-267ca6975798/.default offline_access] starting
2026-04-11 10:07:42.169 [info] [getSessions] [499b84ac-1321-427f-aa17-267ca6975798/.default offline_access] returned 0 session(s)
2026-04-11 15:25:04.435 [info] [getSessions] [499b84ac-1321-427f-aa17-267ca6975798/.default offline_access] starting
2026-04-11 15:25:04.435 [info] [getSessions] [499b84ac-1321-427f-aa17-267ca6975798/.default offline_access] returned 0 session(s)
2026-04-11 15:25:06.072 [info] Microsoft Authentication is deactivating...
2026-04-11 15:25:11.861 [info] [aebc6443-996d-45c2-90f0-388ff96faa56] Native Broker enabled: false
2026-04-11 15:25:12.041 [info] [getSessions] [all] starting
2026-04-11 15:25:12.041 [info] [getSessions] [all] returned 0 session(s)
2026-04-11 15:25:12.041 [info] [getSessions] [all] starting
2026-04-11 15:25:12.041 [info] [getSessions] [all] returned 0 session(s)
2026-04-11 15:25:12.041 [info] [getSessions] [all] starting
2026-04-11 15:25:12.041 [info] [getSessions] [all] returned 0 session(s)
2026-04-11 15:25:12.064 [info] [getSessions] [499b84ac-1321-427f-aa17-267ca6975798/.default offline_access] starting
2026-04-11 15:25:12.064 [info] [aebc6443-996d-45c2-90f0-388ff96faa56] Native Broker enabled: false
2026-04-11 15:25:12.135 [info] [getSessions] [499b84ac-1321-427f-aa17-267ca6975798/.default offline_access] returned 0 session(s)
2026-04-11 15:25:12.274 [info] [getSessions] [499b84ac-1321-427f-aa17-267ca6975798/.default offline_access] starting
2026-04-11 15:25:12.274 [info] [getSessions] [499b84ac-1321-427f-aa17-267ca6975798/.default offline_access] returned 0 session(s)
2026-04-11 16:38:00.561 [info] [getSessions] [499b84ac-1321-427f-aa17-267ca6975798/.default offline_access] starting
2026-04-11 16:38:00.561 [info] [getSessions] [499b84ac-1321-427f-aa17-267ca6975798/.default offline_access] returned 0 session(s)
2026-04-11 17:01:43.082 [info] Microsoft Authentication is deactivating...
2026-04-11 17:01:56.319 [info] [aebc6443-996d-45c2-90f0-388ff96faa56] Native Broker enabled: false
2026-04-11 17:01:56.603 [info] [getSessions] [all] starting
2026-04-11 17:01:56.603 [info] [getSessions] [all] returned 0 session(s)
2026-04-11 17:01:56.603 [info] [getSessions] [all] starting
2026-04-11 17:01:56.603 [info] [getSessions] [all] returned 0 session(s)
2026-04-11 17:01:56.603 [info] [getSessions] [all] starting
2026-04-11 17:01:56.603 [info] [getSessions] [all] returned 0 session(s)
2026-04-11 17:01:56.908 [info] [getSessions] [499b84ac-1321-427f-aa17-267ca6975798/.default offline_access] starting
2026-04-11 17:01:56.908 [info] [aebc6443-996d-45c2-90f0-388ff96faa56] Native Broker enabled: false
2026-04-11 17:01:57.084 [info] [getSessions] [499b84ac-1321-427f-aa17-267ca6975798/.default offline_access] returned 0 session(s)
2026-04-11 17:01:57.913 [info] [getSessions] [499b84ac-1321-427f-aa17-267ca6975798/.default offline_access] starting
2026-04-11 17:01:57.913 [info] [getSessions] [499b84ac-1321-427f-aa17-267ca6975798/.default offline_access] returned 0 session(s)
2026-04-11 17:04:57.087 [info] [getSessions] [all] starting
2026-04-11 17:04:57.087 [info] [getSessions] [all] returned 0 session(s)
2026-04-12 00:09:25.972 [info] [getSessions] [499b84ac-1321-427f-aa17-267ca6975798/.default offline_access] starting
2026-04-12 00:09:25.972 [info] [getSessions] [499b84ac-1321-427f-aa17-267ca6975798/.default offline_access] returned 0 session(s)
2026-04-12 12:42:58.772 [info] [getSessions] [499b84ac-1321-427f-aa17-267ca6975798/.default offline_access] starting
2026-04-12 12:42:58.775 [info] [getSessions] [499b84ac-1321-427f-aa17-267ca6975798/.default offline_access] returned 0 session(s)
2026-04-12 13:06:29.257 [info] [getSessions] [499b84ac-1321-427f-aa17-267ca6975798/.default offline_access] starting
2026-04-12 13:06:29.257 [info] [getSessions] [499b84ac-1321-427f-aa17-267ca6975798/.default offline_access] returned 0 session(s)
2026-04-12 13:35:59.360 [info] [getSessions] [499b84ac-1321-427f-aa17-267ca6975798/.default offline_access] starting
2026-04-12 13:35:59.360 [info] [getSessions] [499b84ac-1321-427f-aa17-267ca6975798/.default offline_access] returned 0 session(s)
2026-04-12 17:55:42.151 [info] [getSessions] [499b84ac-1321-427f-aa17-267ca6975798/.default offline_access] starting
2026-04-12 17:55:42.151 [info] [getSessions] [499b84ac-1321-427f-aa17-267ca6975798/.default offline_access] returned 0 session(s)
2026-04-12 18:18:45.539 [info] [getSessions] [499b84ac-1321-427f-aa17-267ca6975798/.default offline_access] starting
2026-04-12 18:18:45.548 [info] [getSessions] [499b84ac-1321-427f-aa17-267ca6975798/.default offline_access] returned 0 session(s)
2026-04-13 13:31:38.040 [info] [getSessions] [499b84ac-1321-427f-aa17-267ca6975798/.default offline_access] starting
2026-04-13 13:31:38.040 [info] [getSessions] [499b84ac-1321-427f-aa17-267ca6975798/.default offline_access] returned 0 session(s)
2026-04-13 14:21:17.434 [info] [getSessions] [499b84ac-1321-427f-aa17-267ca6975798/.default offline_access] starting
2026-04-13 14:21:17.434 [info] [getSessions] [499b84ac-1321-427f-aa17-267ca6975798/.default offline_access] returned 0 session(s)
2026-04-13 14:21:18.465 [info] [getSessions] [499b84ac-1321-427f-aa17-267ca6975798/.default offline_access] starting
2026-04-13 14:21:18.465 [info] [getSessions] [499b84ac-1321-427f-aa17-267ca6975798/.default offline_access] returned 0 session(s)
