2026-04-10 12:18:11.895 [info] Reading sessions from keychain...
2026-04-10 12:18:11.895 [info] Getting sessions for all scopes...
2026-04-10 12:18:12.299 [info] Got stored sessions!
2026-04-10 12:18:12.299 [info] Got 3 verified sessions.
2026-04-10 12:18:12.299 [info] Got 3 sessions for ...
2026-04-10 12:18:12.300 [info] Getting sessions for all scopes...
2026-04-10 12:18:12.300 [info] Got 3 sessions for ...
2026-04-10 12:18:12.300 [info] Getting sessions for all scopes...
2026-04-10 12:18:12.300 [info] Got 3 sessions for ...
2026-04-10 12:18:12.472 [info] Getting sessions for all scopes...
2026-04-10 12:18:12.472 [info] Got 3 sessions for ...
2026-04-10 12:18:13.236 [info] Getting sessions for all scopes...
2026-04-10 12:18:13.237 [info] Got 3 sessions for ...
2026-04-10 12:18:13.700 [info] Getting sessions for user:email...
2026-04-10 12:18:13.700 [info] Got 1 sessions for user:email...
2026-04-10 12:18:16.027 [info] Getting sessions for read:user,repo,user:email,workflow...
2026-04-10 12:18:16.027 [info] Got 1 sessions for read:user,repo,user:email,workflow...
2026-04-10 12:18:16.270 [info] Getting sessions for all scopes...
2026-04-10 12:18:16.270 [info] Got 3 sessions for ...
2026-04-10 12:18:16.353 [info] FetcherService: Node fetch failed with status: 429 Too Many Requests
2026-04-10 12:18:16.356 [info] Unable to resolve optional EDU details. Status: 429 Too Many Requests
2026-04-10 12:18:16.782 [info] Getting sessions for all scopes...
2026-04-10 12:18:16.782 [info] Got 3 sessions for ...
2026-04-10 12:18:16.782 [info] Getting sessions for all scopes...
2026-04-10 12:18:16.782 [info] Got 3 sessions for ...
2026-04-10 12:18:17.120 [info] Getting sessions for all scopes...
2026-04-10 12:18:17.120 [info] Got 3 sessions for ...
2026-04-10 12:18:17.379 [info] Getting sessions for all scopes...
2026-04-10 12:18:17.379 [info] Got 3 sessions for ...
2026-04-10 12:18:17.415 [info] Getting sessions for read:user,repo,user:email,workflow...
2026-04-10 12:18:17.415 [info] Got 1 sessions for read:user,repo,user:email,workflow...
2026-04-10 12:18:17.417 [info] Getting sessions for all scopes...
2026-04-10 12:18:17.417 [info] Got 3 sessions for ...
2026-04-10 12:18:18.015 [info] Getting sessions for all scopes...
2026-04-10 12:18:18.015 [info] Got 3 sessions for ...
2026-04-10 12:18:18.062 [info] Getting sessions for all scopes...
2026-04-10 12:18:18.062 [info] Got 3 sessions for ...
2026-04-10 12:18:18.119 [info] Getting sessions for user:email...
2026-04-10 12:18:18.119 [info] Got 1 sessions for user:email...
2026-04-10 12:18:18.759 [info] Getting sessions for all scopes...
2026-04-10 12:18:18.759 [info] Got 3 sessions for ...
2026-04-10 12:18:18.759 [info] Getting sessions for all scopes...
2026-04-10 12:18:18.759 [info] Got 3 sessions for ...
2026-04-10 12:18:18.806 [info] Getting sessions for read:user,repo,user:email,workflow...
2026-04-10 12:18:18.806 [info] Got 1 sessions for read:user,repo,user:email,workflow...
2026-04-10 12:18:18.957 [info] Getting sessions for all scopes...
2026-04-10 12:18:18.957 [info] Got 3 sessions for ...
2026-04-10 12:18:18.958 [info] Getting sessions for all scopes...
2026-04-10 12:18:18.958 [info] Got 3 sessions for ...
2026-04-10 12:18:18.974 [info] Getting sessions for read:user,repo,user:email,workflow...
2026-04-10 12:18:18.974 [info] Got 1 sessions for read:user,repo,user:email,workflow...
2026-04-10 12:18:18.995 [info] Getting sessions for all scopes...
2026-04-10 12:18:18.995 [info] Got 3 sessions for ...
2026-04-10 12:18:18.995 [info] Getting sessions for all scopes...
2026-04-10 12:18:18.995 [info] Got 3 sessions for ...
2026-04-10 12:18:18.995 [info] Getting sessions for all scopes...
2026-04-10 12:18:18.995 [info] Got 3 sessions for ...
2026-04-10 12:18:18.997 [info] Getting sessions for read:user,repo,user:email,workflow...
2026-04-10 12:18:18.997 [info] Got 1 sessions for read:user,repo,user:email,workflow...
2026-04-10 12:18:19.332 [info] Getting sessions for all scopes...
2026-04-10 12:18:19.332 [info] Got 3 sessions for ...
2026-04-10 12:18:19.337 [info] Getting sessions for read:user,repo,user:email,workflow...
2026-04-10 12:18:19.337 [info] Got 1 sessions for read:user,repo,user:email,workflow...
2026-04-10 12:18:19.337 [info] Getting sessions for all scopes...
2026-04-10 12:18:19.337 [info] Got 3 sessions for ...
2026-04-10 12:18:19.340 [info] Getting sessions for read:user,repo,user:email,workflow...
2026-04-10 12:18:19.340 [info] Got 1 sessions for read:user,repo,user:email,workflow...
2026-04-10 12:18:19.396 [info] Getting sessions for all scopes...
2026-04-10 12:18:19.396 [info] Got 3 sessions for ...
2026-04-10 12:18:19.397 [info] Getting sessions for read:user,repo,user:email,workflow...
2026-04-10 12:18:19.397 [info] Got 1 sessions for read:user,repo,user:email,workflow...
2026-04-10 12:18:19.424 [info] Getting sessions for all scopes...
2026-04-10 12:18:19.425 [info] Got 3 sessions for ...
2026-04-10 12:18:19.425 [info] Getting sessions for read:user,repo,user:email,workflow...
2026-04-10 12:18:19.425 [info] Got 1 sessions for read:user,repo,user:email,workflow...
2026-04-10 12:18:19.443 [info] Getting sessions for all scopes...
2026-04-10 12:18:19.443 [info] Got 3 sessions for ...
2026-04-10 12:18:19.444 [info] Getting sessions for read:user,repo,user:email,workflow...
2026-04-10 12:18:19.444 [info] Got 1 sessions for read:user,repo,user:email,workflow...
2026-04-10 12:18:21.948 [info] Getting sessions for all scopes...
2026-04-10 12:18:21.948 [info] Got 3 sessions for ...
2026-04-10 12:18:21.949 [info] Getting sessions for all scopes...
2026-04-10 12:18:21.949 [info] Got 3 sessions for ...
2026-04-10 12:18:24.337 [info] Getting sessions for all scopes...
2026-04-10 12:18:24.337 [info] Got 3 sessions for ...
2026-04-10 12:18:24.338 [info] Getting sessions for all scopes...
2026-04-10 12:18:24.338 [info] Got 3 sessions for ...
2026-04-10 12:18:29.240 [info] Getting sessions for all scopes...
2026-04-10 12:18:29.240 [info] Got 3 sessions for ...
2026-04-10 12:18:29.241 [info] Getting sessions for all scopes...
2026-04-10 12:18:29.241 [info] Got 3 sessions for ...
2026-04-10 14:48:07.222 [info] Getting sessions for all scopes...
2026-04-10 14:48:07.222 [info] Got 3 sessions for ...
2026-04-10 14:48:07.223 [info] Getting sessions for all scopes...
2026-04-10 14:48:07.223 [info] Got 3 sessions for ...
2026-04-10 18:41:55.895 [info] Getting sessions for all scopes...
2026-04-10 18:41:55.895 [info] Got 3 sessions for ...
2026-04-10 18:41:55.896 [info] Getting sessions for all scopes...
2026-04-10 18:41:55.896 [info] Got 3 sessions for ...
2026-04-10 18:41:59.356 [info] Getting sessions for all scopes...
2026-04-10 18:41:59.356 [info] Got 3 sessions for ...
2026-04-10 18:41:59.357 [info] Getting sessions for all scopes...
2026-04-10 18:41:59.357 [info] Got 3 sessions for ...
2026-04-10 20:49:22.193 [info] Getting sessions for all scopes...
2026-04-10 20:49:22.193 [info] Got 3 sessions for ...
2026-04-10 20:49:22.193 [info] Getting sessions for all scopes...
2026-04-10 20:49:22.193 [info] Got 3 sessions for ...
2026-04-10 20:49:40.370 [info] Getting sessions for all scopes...
2026-04-10 20:49:40.370 [info] Got 3 sessions for ...
2026-04-10 20:49:40.371 [info] Getting sessions for all scopes...
2026-04-10 20:49:40.371 [info] Got 3 sessions for ...
2026-04-10 20:50:09.338 [info] Getting sessions for all scopes...
2026-04-10 20:50:09.338 [info] Got 3 sessions for ...
2026-04-10 20:50:09.339 [info] Getting sessions for all scopes...
2026-04-10 20:50:09.339 [info] Got 3 sessions for ...
2026-04-10 20:50:18.159 [info] Getting sessions for all scopes...
2026-04-10 20:50:18.159 [info] Got 3 sessions for ...
2026-04-10 20:50:18.160 [info] Getting sessions for all scopes...
2026-04-10 20:50:18.160 [info] Got 3 sessions for ...
2026-04-10 22:41:46.018 [info] Getting sessions for all scopes...
2026-04-10 22:41:46.018 [info] Got 3 sessions for ...
2026-04-10 22:41:46.021 [info] Getting sessions for all scopes...
2026-04-10 22:41:46.021 [info] Got 3 sessions for ...
2026-04-10 22:42:39.536 [info] Getting sessions for all scopes...
2026-04-10 22:42:39.536 [info] Got 3 sessions for ...
2026-04-10 22:42:39.537 [info] Getting sessions for all scopes...
2026-04-10 22:42:39.537 [info] Got 3 sessions for ...
2026-04-10 22:42:39.888 [info] Getting sessions for all scopes...
2026-04-10 22:42:39.892 [info] Got 3 sessions for ...
2026-04-10 22:42:39.893 [info] Getting sessions for all scopes...
2026-04-10 22:42:39.893 [info] Got 3 sessions for ...
2026-04-10 22:42:39.896 [info] Getting sessions for read:user,repo,user:email,workflow...
2026-04-10 22:42:39.896 [info] Got 1 sessions for read:user,repo,user:email,workflow...
