Initializing document watcher...
Document watcher initialized
insurance-proj/create-staff-accounts.mjs: {"tabSize":2,"indentSize":2,"insertSpaces":true,"cursorStyle":1,"lineNumbers":1}
insurance-proj/create-staff-accounts.mjs: Using EditorConfig core...
insurance-proj/create-staff-accounts.mjs: {"tabSize":2,"indentSize":2,"insertSpaces":true,"cursorStyle":1,"lineNumbers":1}
create-staff-accounts.mjs: Target charset is not set
insurance-proj/create-staff-accounts.mjs: {"tabSize":2,"indentSize":2,"insertSpaces":true,"cursorStyle":1,"lineNumbers":1}
insurance-proj/create-staff-accounts.mjs: {"tabSize":2,"indentSize":2,"insertSpaces":true,"cursorStyle":1,"lineNumbers":1}
insurance-proj/create-staff-accounts.mjs: {"tabSize":2,"indentSize":2,"insertSpaces":true,"cursorStyle":1,"lineNumbers":1}
insurance-proj/create-staff-accounts.mjs: {"tabSize":2,"indentSize":2,"insertSpaces":true,"cursorStyle":1,"lineNumbers":1}
insurance-proj/create-staff-accounts.mjs: {"tabSize":2,"indentSize":2,"insertSpaces":true,"cursorStyle":1,"lineNumbers":1}
insurance-proj/create-staff-accounts.mjs: {"tabSize":2,"indentSize":2,"insertSpaces":true,"cursorStyle":1,"lineNumbers":1}
insurance-proj/create-staff-accounts.mjs: {"tabSize":2,"indentSize":2,"insertSpaces":true,"cursorStyle":1,"lineNumbers":1}
insurance-proj/create-staff-accounts.mjs: {"tabSize":2,"indentSize":2,"insertSpaces":true,"cursorStyle":1,"lineNumbers":1}
insurance-proj/create-staff-accounts.mjs: {"tabSize":2,"indentSize":2,"insertSpaces":true,"cursorStyle":1,"lineNumbers":1}
insurance-proj/create-staff-accounts.mjs: {"tabSize":2,"indentSize":2,"insertSpaces":true,"cursorStyle":1,"lineNumbers":1}
insurance-proj/create-staff-accounts.mjs: {"tabSize":2,"indentSize":2,"insertSpaces":true,"cursorStyle":1,"lineNumbers":1}
insurance-proj/create-staff-accounts.mjs: {"tabSize":2,"indentSize":2,"insertSpaces":true,"cursorStyle":1,"lineNumbers":1}
insurance-proj/create-staff-accounts.mjs: {"tabSize":2,"indentSize":2,"insertSpaces":true,"cursorStyle":1,"lineNumbers":1}
insurance-proj/create-staff-accounts.mjs: {"tabSize":2,"indentSize":2,"insertSpaces":true,"cursorStyle":1,"lineNumbers":1}
insurance-proj/create-staff-accounts.mjs: {"tabSize":2,"indentSize":2,"insertSpaces":true,"cursorStyle":1,"lineNumbers":1}
insurance-proj/create-staff-accounts.mjs: {"tabSize":2,"indentSize":2,"insertSpaces":true,"cursorStyle":1,"lineNumbers":1}
insurance-proj/create-staff-accounts.mjs: {"tabSize":2,"indentSize":2,"insertSpaces":true,"cursorStyle":1,"lineNumbers":1}
insurance-proj/create-staff-accounts.mjs: {"tabSize":2,"indentSize":2,"insertSpaces":true,"cursorStyle":1,"lineNumbers":1}
insurance-proj/create-staff-accounts.mjs: {"tabSize":2,"indentSize":2,"insertSpaces":true,"cursorStyle":1,"lineNumbers":1}
insurance-proj/create-staff-accounts.mjs: {"tabSize":2,"indentSize":2,"insertSpaces":true,"cursorStyle":1,"lineNumbers":1}
insurance-proj/create-staff-accounts.mjs: {"tabSize":2,"indentSize":2,"insertSpaces":true,"cursorStyle":1,"lineNumbers":1}
insurance-proj/create-staff-accounts.mjs: {"tabSize":2,"indentSize":2,"insertSpaces":true,"cursorStyle":1,"lineNumbers":1}
insurance-proj/create-staff-accounts.mjs: {"tabSize":2,"indentSize":2,"insertSpaces":true,"cursorStyle":1,"lineNumbers":1}
insurance-proj/create-staff-accounts.mjs: {"tabSize":2,"indentSize":2,"insertSpaces":true,"cursorStyle":1,"lineNumbers":1}
insurance-proj/create-staff-accounts.mjs: {"tabSize":2,"indentSize":2,"insertSpaces":true,"cursorStyle":1,"lineNumbers":1}
insurance-proj/create-staff-accounts.mjs: {"tabSize":2,"indentSize":2,"insertSpaces":true,"cursorStyle":1,"lineNumbers":1}
insurance-proj/create-staff-accounts.mjs: {"tabSize":2,"indentSize":2,"insertSpaces":true,"cursorStyle":1,"lineNumbers":1}
insurance-proj/create-staff-accounts.mjs: {"tabSize":2,"indentSize":2,"insertSpaces":true,"cursorStyle":1,"lineNumbers":1}
insurance-proj/create-staff-accounts.mjs: {"tabSize":2,"indentSize":2,"insertSpaces":true,"cursorStyle":1,"lineNumbers":1}
insurance-proj/create-staff-accounts.mjs: {"tabSize":2,"indentSize":2,"insertSpaces":true,"cursorStyle":1,"lineNumbers":1}
insurance-proj/create-staff-accounts.mjs: {"tabSize":2,"indentSize":2,"insertSpaces":true,"cursorStyle":1,"lineNumbers":1}
insurance-proj/create-staff-accounts.mjs: Using EditorConfig core...
create-staff-accounts.mjs: Target charset is not set
insurance-proj/create-staff-accounts.mjs: {"tabSize":2,"indentSize":2,"insertSpaces":true,"cursorStyle":1,"lineNumbers":1}
insurance-proj/create-staff-accounts.mjs: {"tabSize":2,"indentSize":2,"insertSpaces":true,"cursorStyle":1,"lineNumbers":1}
insurance-proj/create-staff-accounts.mjs: {"tabSize":2,"indentSize":2,"insertSpaces":true,"cursorStyle":1,"lineNumbers":1}
insurance-proj/create-staff-accounts.mjs: {"tabSize":2,"indentSize":2,"insertSpaces":true,"cursorStyle":1,"lineNumbers":1}
insurance-proj/create-staff-accounts.mjs: {"tabSize":2,"indentSize":2,"insertSpaces":true,"cursorStyle":1,"lineNumbers":1}
insurance-proj/create-staff-accounts.mjs: {"tabSize":2,"indentSize":2,"insertSpaces":true,"cursorStyle":1,"lineNumbers":1}
insurance-proj/create-staff-accounts.mjs: {"tabSize":2,"indentSize":2,"insertSpaces":true,"cursorStyle":1,"lineNumbers":1}
No more open editors.
insurance-proj/src/app/pages/pharmacy/PharmacyOrderDetail.tsx: {"tabSize":2,"indentSize":2,"insertSpaces":true,"cursorStyle":1,"lineNumbers":1}
insurance-proj/src/app/pages/pharmacy/PharmacyOrderDetail.tsx: Using EditorConfig core...
src/app/pages/pharmacy/PharmacyOrderDetail.tsx: Target charset is not set
insurance-proj/src/app/pages/pharmacy/PharmacyOrderDetail.tsx: {"tabSize":2,"indentSize":2,"insertSpaces":true,"cursorStyle":1,"lineNumbers":1}
insurance-proj/src/app/pages/pharmacy/PharmacyOrderDetail.tsx: Using EditorConfig core...
insurance-proj/src/app/pages/pharmacy/PharmacyOrderDetail.tsx: Using EditorConfig core...
src/app/pages/pharmacy/PharmacyOrderDetail.tsx: Target charset is not set
insurance-proj/src/app/pages/pharmacy/PharmacyOrderDetail.tsx: {"tabSize":2,"indentSize":2,"insertSpaces":true,"cursorStyle":1,"lineNumbers":1}
insurance-proj/src/app/pages/pharmacy/PharmacyOrderDetail.tsx: {"tabSize":2,"indentSize":2,"insertSpaces":true,"cursorStyle":1,"lineNumbers":1}
insurance-proj/src/app/pages/pharmacy/PharmacyOrderDetail.tsx: {"tabSize":2,"indentSize":2,"insertSpaces":true,"cursorStyle":1,"lineNumbers":1}
insurance-proj/src/app/pages/pharmacy/PharmacyOrderDetail.tsx: {"tabSize":2,"indentSize":2,"insertSpaces":true,"cursorStyle":1,"lineNumbers":1}
insurance-proj/src/app/pages/pharmacy/PharmacyOrderDetail.tsx: {"tabSize":2,"indentSize":2,"insertSpaces":true,"cursorStyle":1,"lineNumbers":1}
insurance-proj/src/app/pages/pharmacy/PharmacyOrderDetail.tsx: {"tabSize":2,"indentSize":2,"insertSpaces":true,"cursorStyle":1,"lineNumbers":1}
insurance-proj/src/app/pages/pharmacy/PharmacyOrderDetail.tsx: {"tabSize":2,"indentSize":2,"insertSpaces":true,"cursorStyle":1,"lineNumbers":1}
insurance-proj/src/app/pages/pharmacy/PharmacyOrderDetail.tsx: {"tabSize":2,"indentSize":2,"insertSpaces":true,"cursorStyle":1,"lineNumbers":1}
insurance-proj/src/app/pages/pharmacy/PharmacyOrderDetail.tsx: {"tabSize":2,"indentSize":2,"insertSpaces":true,"cursorStyle":1,"lineNumbers":1}
insurance-proj/src/app/pages/pharmacy/PharmacyOrderDetail.tsx: {"tabSize":2,"indentSize":2,"insertSpaces":true,"cursorStyle":1,"lineNumbers":1}
insurance-proj/src/app/pages/pharmacy/PharmacyOrderDetail.tsx: {"tabSize":2,"indentSize":2,"insertSpaces":true,"cursorStyle":1,"lineNumbers":1}
insurance-proj/src/app/pages/pharmacy/PharmacyOrderDetail.tsx: {"tabSize":2,"indentSize":2,"insertSpaces":true,"cursorStyle":1,"lineNumbers":1}
insurance-proj/src/app/pages/pharmacy/PharmacyOrderDetail.tsx: {"tabSize":2,"indentSize":2,"insertSpaces":true,"cursorStyle":1,"lineNumbers":1}
insurance-proj/src/app/pages/pharmacy/PharmacyOrderDetail.tsx: {"tabSize":2,"indentSize":2,"insertSpaces":true,"cursorStyle":1,"lineNumbers":1}
insurance-proj/src/app/pages/pharmacy/PharmacyOrderDetail.tsx: {"tabSize":2,"indentSize":2,"insertSpaces":true,"cursorStyle":1,"lineNumbers":1}
insurance-proj/src/app/pages/pharmacy/PharmacyOrderDetail.tsx: {"tabSize":2,"indentSize":2,"insertSpaces":true,"cursorStyle":1,"lineNumbers":1}
insurance-proj/src/app/pages/pharmacy/PharmacyOrderDetail.tsx: {"tabSize":2,"indentSize":2,"insertSpaces":true,"cursorStyle":1,"lineNumbers":1}
insurance-proj/src/app/pages/pharmacy/PharmacyOrderDetail.tsx: {"tabSize":2,"indentSize":2,"insertSpaces":true,"cursorStyle":1,"lineNumbers":1}
insurance-proj/src/app/pages/pharmacy/PharmacyOrderDetail.tsx: {"tabSize":2,"indentSize":2,"insertSpaces":true,"cursorStyle":1,"lineNumbers":1}
insurance-proj/src/app/pages/pharmacy/PharmacyOrderDetail.tsx: Using EditorConfig core...
insurance-proj/src/app/pages/pharmacy/PharmacyOrderDetail.tsx: Using EditorConfig core...
src/app/pages/pharmacy/PharmacyOrderDetail.tsx: Target charset is not set
insurance-proj/src/app/pages/pharmacy/PharmacyOrderDetail.tsx: {"tabSize":2,"indentSize":2,"insertSpaces":true,"cursorStyle":1,"lineNumbers":1}
insurance-proj/src/app/pages/pharmacy/PharmacyOrderDetail.tsx: {"tabSize":2,"indentSize":2,"insertSpaces":true,"cursorStyle":1,"lineNumbers":1}
insurance-proj/src/app/pages/pharmacy/PharmacyOrderDetail.tsx: {"tabSize":2,"indentSize":2,"insertSpaces":true,"cursorStyle":1,"lineNumbers":1}
insurance-proj/src/app/pages/pharmacy/PharmacyOrderDetail.tsx: {"tabSize":2,"indentSize":2,"insertSpaces":true,"cursorStyle":1,"lineNumbers":1}
insurance-proj/create-staff-accounts.mjs: {"tabSize":2,"indentSize":2,"insertSpaces":true,"cursorStyle":1,"lineNumbers":1}
insurance-proj/create-staff-accounts.mjs: Using EditorConfig core...
create-staff-accounts.mjs: Target charset is not set
insurance-proj/create-staff-accounts.mjs: {"tabSize":2,"indentSize":2,"insertSpaces":true,"cursorStyle":1,"lineNumbers":1}
insurance-proj/src/app/pages/pharmacy/PharmacyOrderDetail.tsx: {"tabSize":2,"indentSize":2,"insertSpaces":true,"cursorStyle":1,"lineNumbers":1}
insurance-proj/src/app/pages/pharmacy/PharmacyOrderDetail.tsx: Using EditorConfig core...
src/app/pages/pharmacy/PharmacyOrderDetail.tsx: Target charset is not set
insurance-proj/src/app/pages/pharmacy/PharmacyOrderDetail.tsx: {"tabSize":2,"indentSize":2,"insertSpaces":true,"cursorStyle":1,"lineNumbers":1}
insurance-proj/src/app/pages/pharmacy/PharmacyOrderDetail.tsx: {"tabSize":2,"indentSize":2,"insertSpaces":true,"cursorStyle":1,"lineNumbers":1}
insurance-proj/create-staff-accounts.mjs: {"tabSize":2,"indentSize":2,"insertSpaces":true,"cursorStyle":1,"lineNumbers":1}
insurance-proj/create-staff-accounts.mjs: Using EditorConfig core...
create-staff-accounts.mjs: Target charset is not set
insurance-proj/create-staff-accounts.mjs: {"tabSize":2,"indentSize":2,"insertSpaces":true,"cursorStyle":1,"lineNumbers":1}
insurance-proj/create-staff-accounts.mjs: {"tabSize":2,"indentSize":2,"insertSpaces":true,"cursorStyle":1,"lineNumbers":1}
insurance-proj/create-staff-accounts.mjs: {"tabSize":2,"indentSize":2,"insertSpaces":true,"cursorStyle":1,"lineNumbers":1}
insurance-proj/src/app/pages/pharmacy/PharmacyOrderDetail.tsx: {"tabSize":2,"indentSize":2,"insertSpaces":true,"cursorStyle":1,"lineNumbers":1}
insurance-proj/src/app/pages/pharmacy/PharmacyOrderDetail.tsx: Using EditorConfig core...
src/app/pages/pharmacy/PharmacyOrderDetail.tsx: Target charset is not set
insurance-proj/src/app/pages/pharmacy/PharmacyOrderDetail.tsx: {"tabSize":2,"indentSize":2,"insertSpaces":true,"cursorStyle":1,"lineNumbers":1}
insurance-proj/src/app/pages/pharmacy/PharmacyOrderDetail.tsx: {"tabSize":2,"indentSize":2,"insertSpaces":true,"cursorStyle":1,"lineNumbers":1}
insurance-proj/src/app/pages/pharmacy/PharmacyOrderDetail.tsx: {"tabSize":2,"indentSize":2,"insertSpaces":true,"cursorStyle":1,"lineNumbers":1}
insurance-proj/src/app/pages/pharmacy/PharmacyOrderDetail.tsx: {"tabSize":2,"indentSize":2,"insertSpaces":true,"cursorStyle":1,"lineNumbers":1}
insurance-proj/src/app/pages/pharmacy/PharmacyOrderDetail.tsx: {"tabSize":2,"indentSize":2,"insertSpaces":true,"cursorStyle":1,"lineNumbers":1}
insurance-proj/src/app/pages/pharmacy/PharmacyOrderDetail.tsx: {"tabSize":2,"indentSize":2,"insertSpaces":true,"cursorStyle":1,"lineNumbers":1}
insurance-proj/src/app/pages/pharmacy/PharmacyOrderDetail.tsx: {"tabSize":2,"indentSize":2,"insertSpaces":true,"cursorStyle":1,"lineNumbers":1}
insurance-proj/src/app/pages/pharmacy/PharmacyOrderDetail.tsx: {"tabSize":2,"indentSize":2,"insertSpaces":true,"cursorStyle":1,"lineNumbers":1}
insurance-proj/src/app/pages/pharmacy/PharmacyOrderDetail.tsx: {"tabSize":2,"indentSize":2,"insertSpaces":true,"cursorStyle":1,"lineNumbers":1}
insurance-proj/src/app/pages/pharmacy/PharmacyOrderDetail.tsx: {"tabSize":2,"indentSize":2,"insertSpaces":true,"cursorStyle":1,"lineNumbers":1}
insurance-proj/src/app/pages/pharmacy/PharmacyOrderDetail.tsx: {"tabSize":2,"indentSize":2,"insertSpaces":true,"cursorStyle":1,"lineNumbers":1}
insurance-proj/src/app/pages/pharmacy/PharmacyOrderDetail.tsx: {"tabSize":2,"indentSize":2,"insertSpaces":true,"cursorStyle":1,"lineNumbers":1}
insurance-proj/src/app/pages/pharmacy/PharmacyOrderDetail.tsx: {"tabSize":2,"indentSize":2,"insertSpaces":true,"cursorStyle":1,"lineNumbers":1}
insurance-proj/src/app/pages/pharmacy/PharmacyOrderDetail.tsx: {"tabSize":2,"indentSize":2,"insertSpaces":true,"cursorStyle":1,"lineNumbers":1}
insurance-proj/src/app/pages/pharmacy/PharmacyOrderDetail.tsx: {"tabSize":2,"indentSize":2,"insertSpaces":true,"cursorStyle":1,"lineNumbers":1}
insurance-proj/src/app/pages/pharmacy/PharmacyOrderDetail.tsx: {"tabSize":2,"indentSize":2,"insertSpaces":true,"cursorStyle":1,"lineNumbers":1}
insurance-proj/src/app/pages/pharmacy/PharmacyOrderDetail.tsx: {"tabSize":2,"indentSize":2,"insertSpaces":true,"cursorStyle":1,"lineNumbers":1}
insurance-proj/src/app/pages/pharmacy/PharmacyOrderDetail.tsx: {"tabSize":2,"indentSize":2,"insertSpaces":true,"cursorStyle":1,"lineNumbers":1}
insurance-proj/src/app/pages/pharmacy/PharmacyOrderDetail.tsx: {"tabSize":2,"indentSize":2,"insertSpaces":true,"cursorStyle":1,"lineNumbers":1}
insurance-proj/src/app/pages/pharmacy/PharmacyOrderDetail.tsx: {"tabSize":2,"indentSize":2,"insertSpaces":true,"cursorStyle":1,"lineNumbers":1}
insurance-proj/src/app/pages/pharmacy/PharmacyOrderDetail.tsx: {"tabSize":2,"indentSize":2,"insertSpaces":true,"cursorStyle":1,"lineNumbers":1}
insurance-proj/src/app/pages/pharmacy/PharmacyOrderDetail.tsx: {"tabSize":2,"indentSize":2,"insertSpaces":true,"cursorStyle":1,"lineNumbers":1}
insurance-proj/src/app/pages/pharmacy/PharmacyOrderDetail.tsx: {"tabSize":2,"indentSize":2,"insertSpaces":true,"cursorStyle":1,"lineNumbers":1}
insurance-proj/src/app/pages/pharmacy/PharmacyOrderDetail.tsx: {"tabSize":2,"indentSize":2,"insertSpaces":true,"cursorStyle":1,"lineNumbers":1}
insurance-proj/src/app/pages/pharmacy/PharmacyOrderDetail.tsx: Using EditorConfig core...
insurance-proj/src/app/pages/pharmacy/PharmacyOrderDetail.tsx: Using EditorConfig core...
src/app/pages/pharmacy/PharmacyOrderDetail.tsx: Target charset is not set
insurance-proj/src/app/pages/pharmacy/PharmacyOrderDetail.tsx: Using EditorConfig core...
insurance-proj/src/app/pages/pharmacy/PharmacyOrderDetail.tsx: Using EditorConfig core...
src/app/pages/pharmacy/PharmacyOrderDetail.tsx: Target charset is not set
insurance-proj/src/app/pages/pharmacy/PharmacyOrderDetail.tsx: Using EditorConfig core...
insurance-proj/src/app/pages/pharmacy/PharmacyOrderDetail.tsx: Using EditorConfig core...
src/app/pages/pharmacy/PharmacyOrderDetail.tsx: Target charset is not set
insurance-proj/src/app/pages/pharmacy/PharmacyOrderDetail.tsx: Using EditorConfig core...
insurance-proj/src/app/pages/pharmacy/PharmacyOrderDetail.tsx: Using EditorConfig core...
src/app/pages/pharmacy/PharmacyOrderDetail.tsx: Target charset is not set
insurance-proj/src/app/pages/pharmacy/PharmacyOrderDetail.tsx: {"tabSize":2,"indentSize":2,"insertSpaces":true,"cursorStyle":1,"lineNumbers":1}
insurance-proj/src/app/pages/pharmacy/PharmacyOrderDetail.tsx: {"tabSize":2,"indentSize":2,"insertSpaces":true,"cursorStyle":1,"lineNumbers":1}
insurance-proj/src/app/pages/pharmacy/PharmacyOrderDetail.tsx: Using EditorConfig core...
insurance-proj/src/app/pages/pharmacy/PharmacyOrderDetail.tsx: Using EditorConfig core...
src/app/pages/pharmacy/PharmacyOrderDetail.tsx: Target charset is not set
insurance-proj/src/app/pages/pharmacy/PharmacyOrderDetail.tsx: Using EditorConfig core...
insurance-proj/src/app/pages/pharmacy/PharmacyOrderDetail.tsx: Using EditorConfig core...
src/app/pages/pharmacy/PharmacyOrderDetail.tsx: Target charset is not set
insurance-proj/src/app/pages/pharmacy/PharmacyOrderDetail.tsx: Using EditorConfig core...
insurance-proj/src/app/pages/pharmacy/PharmacyOrderDetail.tsx: Using EditorConfig core...
src/app/pages/pharmacy/PharmacyOrderDetail.tsx: Target charset is not set
insurance-proj/src/app/pages/pharmacy/PharmacyOrderDetail.tsx: Using EditorConfig core...
insurance-proj/src/app/pages/pharmacy/PharmacyOrderDetail.tsx: Using EditorConfig core...
src/app/pages/pharmacy/PharmacyOrderDetail.tsx: Target charset is not set
insurance-proj/src/app/pages/pharmacy/PharmacyOrderDetail.tsx: {"tabSize":2,"indentSize":2,"insertSpaces":true,"cursorStyle":1,"lineNumbers":1}
insurance-proj/src/app/pages/pharmacy/PharmacyOrderDetail.tsx: Using EditorConfig core...
insurance-proj/src/app/pages/pharmacy/PharmacyOrderDetail.tsx: Using EditorConfig core...
src/app/pages/pharmacy/PharmacyOrderDetail.tsx: Target charset is not set
insurance-proj/src/app/pages/pharmacy/PharmacyOrderDetail.tsx: Using EditorConfig core...
insurance-proj/src/app/pages/pharmacy/PharmacyOrderDetail.tsx: Using EditorConfig core...
src/app/pages/pharmacy/PharmacyOrderDetail.tsx: Target charset is not set
insurance-proj/src/app/pages/pharmacy/PharmacyOrderDetail.tsx: {"tabSize":2,"indentSize":2,"insertSpaces":true,"cursorStyle":1,"lineNumbers":1}
insurance-proj/src/app/pages/pharmacy/PharmacyOrderDetail.tsx: {"tabSize":2,"indentSize":2,"insertSpaces":true,"cursorStyle":1,"lineNumbers":1}
insurance-proj/src/app/pages/pharmacy/PharmacyOrderDetail.tsx: {"tabSize":2,"indentSize":2,"insertSpaces":true,"cursorStyle":1,"lineNumbers":1}
insurance-proj/src/app/pages/pharmacy/PharmacyOrderDetail.tsx: Using EditorConfig core...
insurance-proj/src/app/pages/pharmacy/PharmacyOrderDetail.tsx: Using EditorConfig core...
src/app/pages/pharmacy/PharmacyOrderDetail.tsx: Target charset is not set
insurance-proj/src/app/pages/pharmacy/PharmacyOrderDetail.tsx: Using EditorConfig core...
insurance-proj/src/app/pages/pharmacy/PharmacyOrderDetail.tsx: Using EditorConfig core...
src/app/pages/pharmacy/PharmacyOrderDetail.tsx: Target charset is not set
insurance-proj/src/app/pages/pharmacy/PharmacyOrderDetail.tsx: Using EditorConfig core...
insurance-proj/src/app/pages/pharmacy/PharmacyOrderDetail.tsx: Using EditorConfig core...
src/app/pages/pharmacy/PharmacyOrderDetail.tsx: Target charset is not set
insurance-proj/src/app/pages/pharmacy/PharmacyOrderDetail.tsx: {"tabSize":2,"indentSize":2,"insertSpaces":true,"cursorStyle":1,"lineNumbers":1}
insurance-proj/src/app/pages/pharmacy/PharmacyOrderDetail.tsx: {"tabSize":2,"indentSize":2,"insertSpaces":true,"cursorStyle":1,"lineNumbers":1}
insurance-proj/src/app/pages/pharmacy/PharmacyOrderDetail.tsx: {"tabSize":2,"indentSize":2,"insertSpaces":true,"cursorStyle":1,"lineNumbers":1}
insurance-proj/src/app/pages/pharmacy/PharmacyOrderDetail.tsx: {"tabSize":2,"indentSize":2,"insertSpaces":true,"cursorStyle":1,"lineNumbers":1}
insurance-proj/src/app/pages/pharmacy/PharmacyOrderDetail.tsx: {"tabSize":2,"indentSize":2,"insertSpaces":true,"cursorStyle":1,"lineNumbers":1}
insurance-proj/src/app/pages/pharmacy/PharmacyOrderDetail.tsx: {"tabSize":2,"indentSize":2,"insertSpaces":true,"cursorStyle":1,"lineNumbers":1}
insurance-proj/src/app/pages/pharmacy/PharmacyOrderDetail.tsx: {"tabSize":2,"indentSize":2,"insertSpaces":true,"cursorStyle":1,"lineNumbers":1}
insurance-proj/src/app/pages/pharmacy/PharmacyOrderDetail.tsx: {"tabSize":2,"indentSize":2,"insertSpaces":true,"cursorStyle":1,"lineNumbers":1}
insurance-proj/src/app/pages/pharmacy/PharmacyOrderDetail.tsx: {"tabSize":2,"indentSize":2,"insertSpaces":true,"cursorStyle":1,"lineNumbers":1}
insurance-proj/src/app/pages/pharmacy/PharmacyOrderDetail.tsx: {"tabSize":2,"indentSize":2,"insertSpaces":true,"cursorStyle":1,"lineNumbers":1}
insurance-proj/src/app/pages/pharmacy/PharmacyOrderDetail.tsx: {"tabSize":2,"indentSize":2,"insertSpaces":true,"cursorStyle":1,"lineNumbers":1}
insurance-proj/src/app/pages/pharmacy/PharmacyOrderDetail.tsx: {"tabSize":2,"indentSize":2,"insertSpaces":true,"cursorStyle":1,"lineNumbers":1}
insurance-proj/src/app/pages/pharmacy/PharmacyOrderDetail.tsx: {"tabSize":2,"indentSize":2,"insertSpaces":true,"cursorStyle":1,"lineNumbers":1}
insurance-proj/src/app/pages/pharmacy/PharmacyOrderDetail.tsx: Using EditorConfig core...
insurance-proj/src/app/pages/pharmacy/PharmacyOrderDetail.tsx: Using EditorConfig core...
src/app/pages/pharmacy/PharmacyOrderDetail.tsx: Target charset is not set
