2026-03-22 20:30:07.403 [error] #56: https://vscode-sync.trafficmanager.net/v1/manifest - error GET net::ERR_NAME_NOT_RESOLVED
2026-03-22 20:30:19.420 [error] #57: https://mobile.events.data.microsoft.com/OneCollector/1.0?cors=true&content-type=application/x-json-stream - error POST net::ERR_NAME_NOT_RESOLVED
2026-03-22 20:30:42.461 [error] #58: https://mobile.events.data.microsoft.com/OneCollector/1.0?cors=true&content-type=application/x-json-stream - error POST net::ERR_NAME_NOT_RESOLVED
2026-03-22 20:30:44.469 [error] #59: https://main.vscode-cdn.net/extensions/marketplace.json - error GET net::ERR_NAME_NOT_RESOLVED
2026-03-22 20:41:04.774 [error] #69: https://main.vscode-cdn.net/extensions/marketplace.json - error GET net::ERR_NAME_NOT_RESOLVED
2026-03-22 21:16:28.694 [error] #97: https://main.vscode-cdn.net/extensions/marketplace.json - error GET net::ERR_NAME_NOT_RESOLVED
2026-03-22 21:18:18.537 [error] #98: https://vscode-sync.trafficmanager.net/v1/manifest - error GET net::ERR_NAME_NOT_RESOLVED
2026-03-22 21:18:40.567 [error] #99: https://mobile.events.data.microsoft.com/OneCollector/1.0?cors=true&content-type=application/x-json-stream - error POST net::ERR_NAME_NOT_RESOLVED
2026-03-22 21:19:03.025 [error] #100: https://mobile.events.data.microsoft.com/OneCollector/1.0?cors=true&content-type=application/x-json-stream - error POST net::ERR_NAME_NOT_RESOLVED
2026-03-22 22:57:09.552 [error] #120: https://mobile.events.data.microsoft.com/OneCollector/1.0?cors=true&content-type=application/x-json-stream - error POST net::ERR_INTERNET_DISCONNECTED
2026-03-22 22:57:11.992 [error] #121: https://mobile.events.data.microsoft.com/OneCollector/1.0?cors=true&content-type=application/x-json-stream - error POST net::ERR_INTERNET_DISCONNECTED
2026-03-23 01:19:49.938 [error] #254: https://mobile.events.data.microsoft.com/OneCollector/1.0?cors=true&content-type=application/x-json-stream - error POST net::ERR_INTERNET_DISCONNECTED
2026-03-23 09:11:37.987 [error] #256: https://mobile.events.data.microsoft.com/OneCollector/1.0?cors=true&content-type=application/x-json-stream - error POST net::ERR_INTERNET_DISCONNECTED
2026-03-23 09:11:42.998 [error] #257: https://mobile.events.data.microsoft.com/OneCollector/1.0?cors=true&content-type=application/x-json-stream - error POST net::ERR_NETWORK_CHANGED
2026-03-23 09:12:43.639 [error] #259: https://mobile.events.data.microsoft.com/OneCollector/1.0?cors=true&content-type=application/x-json-stream - error POST net::ERR_INTERNET_DISCONNECTED
2026-03-23 09:13:17.945 [error] #261: https://mobile.events.data.microsoft.com/OneCollector/1.0?cors=true&content-type=application/x-json-stream - error POST net::ERR_INTERNET_DISCONNECTED
2026-03-23 09:13:56.957 [error] #263: https://mobile.events.data.microsoft.com/OneCollector/1.0?cors=true&content-type=application/x-json-stream - error POST net::ERR_INTERNET_DISCONNECTED
2026-03-23 09:14:31.771 [error] #266: https://mobile.events.data.microsoft.com/OneCollector/1.0?cors=true&content-type=application/x-json-stream - error POST net::ERR_INTERNET_DISCONNECTED
2026-03-23 09:14:58.603 [error] #267: https://mobile.events.data.microsoft.com/OneCollector/1.0?cors=true&content-type=application/x-json-stream - error POST net::ERR_NETWORK_IO_SUSPENDED
2026-03-23 09:15:47.963 [error] #269: https://mobile.events.data.microsoft.com/OneCollector/1.0?cors=true&content-type=application/x-json-stream - error POST net::ERR_INTERNET_DISCONNECTED
2026-03-23 09:15:51.183 [error] #270: https://mobile.events.data.microsoft.com/OneCollector/1.0?cors=true&content-type=application/x-json-stream - error POST net::ERR_NETWORK_CHANGED
2026-03-23 09:17:23.965 [error] #274: https://mobile.events.data.microsoft.com/OneCollector/1.0?cors=true&content-type=application/x-json-stream - error POST net::ERR_INTERNET_DISCONNECTED
2026-03-23 09:17:27.252 [error] #275: https://mobile.events.data.microsoft.com/OneCollector/1.0?cors=true&content-type=application/x-json-stream - error POST net::ERR_NETWORK_CHANGED
2026-03-23 09:18:32.947 [error] #277: https://mobile.events.data.microsoft.com/OneCollector/1.0?cors=true&content-type=application/x-json-stream - error POST net::ERR_INTERNET_DISCONNECTED
2026-03-23 09:19:03.491 [error] #279: https://mobile.events.data.microsoft.com/OneCollector/1.0?cors=true&content-type=application/x-json-stream - error POST net::ERR_INTERNET_DISCONNECTED
2026-03-23 09:19:36.965 [error] #281: https://mobile.events.data.microsoft.com/OneCollector/1.0?cors=true&content-type=application/x-json-stream - error POST net::ERR_INTERNET_DISCONNECTED
2026-03-23 09:20:04.692 [error] #283: https://main.vscode-cdn.net/extensions/marketplace.json - error GET net::ERR_NETWORK_CHANGED
2026-03-23 09:20:19.954 [error] #284: https://mobile.events.data.microsoft.com/OneCollector/1.0?cors=true&content-type=application/x-json-stream - error POST net::ERR_INTERNET_DISCONNECTED
2026-03-23 10:49:50.968 [error] #286: https://mobile.events.data.microsoft.com/OneCollector/1.0?cors=true&content-type=application/x-json-stream - error POST net::ERR_INTERNET_DISCONNECTED
2026-03-23 10:49:53.794 [error] #287: https://mobile.events.data.microsoft.com/OneCollector/1.0?cors=true&content-type=application/x-json-stream - error POST net::ERR_INTERNET_DISCONNECTED
2026-03-23 10:53:55.964 [error] #289: https://mobile.events.data.microsoft.com/OneCollector/1.0?cors=true&content-type=application/x-json-stream - error POST net::ERR_INTERNET_DISCONNECTED
2026-03-23 10:53:59.382 [error] #290: https://mobile.events.data.microsoft.com/OneCollector/1.0?cors=true&content-type=application/x-json-stream - error POST net::ERR_NETWORK_CHANGED
2026-03-23 10:58:16.961 [error] #294: https://mobile.events.data.microsoft.com/OneCollector/1.0?cors=true&content-type=application/x-json-stream - error POST net::ERR_INTERNET_DISCONNECTED
2026-03-23 10:58:54.960 [error] #296: https://mobile.events.data.microsoft.com/OneCollector/1.0?cors=true&content-type=application/x-json-stream - error POST net::ERR_INTERNET_DISCONNECTED
2026-03-23 10:58:58.028 [error] #297: https://mobile.events.data.microsoft.com/OneCollector/1.0?cors=true&content-type=application/x-json-stream - error POST net::ERR_NETWORK_CHANGED
2026-03-23 10:59:31.379 [error] #298: https://mobile.events.data.microsoft.com/OneCollector/1.0?cors=true&content-type=application/x-json-stream - error POST net::ERR_NETWORK_CHANGED
2026-03-23 10:59:58.502 [error] #300: https://mobile.events.data.microsoft.com/OneCollector/1.0?cors=true&content-type=application/x-json-stream - error POST net::ERR_INTERNET_DISCONNECTED
2026-03-23 11:00:01.843 [error] #301: https://mobile.events.data.microsoft.com/OneCollector/1.0?cors=true&content-type=application/x-json-stream - error POST net::ERR_NETWORK_CHANGED
2026-03-23 11:00:55.604 [error] #302: https://mobile.events.data.microsoft.com/OneCollector/1.0?cors=true&content-type=application/x-json-stream - error POST net::ERR_NETWORK_CHANGED
2026-03-23 11:01:24.965 [error] #305: https://mobile.events.data.microsoft.com/OneCollector/1.0?cors=true&content-type=application/x-json-stream - error POST net::ERR_INTERNET_DISCONNECTED
2026-03-23 11:01:28.143 [error] #306: https://mobile.events.data.microsoft.com/OneCollector/1.0?cors=true&content-type=application/x-json-stream - error POST net::ERR_NETWORK_CHANGED
2026-03-23 11:02:27.975 [error] #308: https://mobile.events.data.microsoft.com/OneCollector/1.0?cors=true&content-type=application/x-json-stream - error POST net::ERR_INTERNET_DISCONNECTED
2026-03-23 11:02:58.614 [error] #310: https://mobile.events.data.microsoft.com/OneCollector/1.0?cors=true&content-type=application/x-json-stream - error POST net::ERR_INTERNET_DISCONNECTED
2026-03-23 11:03:39.953 [error] #312: https://mobile.events.data.microsoft.com/OneCollector/1.0?cors=true&content-type=application/x-json-stream - error POST net::ERR_INTERNET_DISCONNECTED
2026-03-23 11:04:10.506 [error] #316: https://mobile.events.data.microsoft.com/OneCollector/1.0?cors=true&content-type=application/x-json-stream - error POST net::ERR_INTERNET_DISCONNECTED
2026-03-23 11:21:08.971 [error] #318: https://mobile.events.data.microsoft.com/OneCollector/1.0?cors=true&content-type=application/x-json-stream - error POST net::ERR_INTERNET_DISCONNECTED
2026-03-23 11:21:11.612 [error] #319: https://mobile.events.data.microsoft.com/OneCollector/1.0?cors=true&content-type=application/x-json-stream - error POST net::ERR_INTERNET_DISCONNECTED
2026-03-23 11:23:21.951 [error] #321: https://mobile.events.data.microsoft.com/OneCollector/1.0?cors=true&content-type=application/x-json-stream - error POST net::ERR_INTERNET_DISCONNECTED
2026-03-23 11:43:43.954 [error] #323: https://mobile.events.data.microsoft.com/OneCollector/1.0?cors=true&content-type=application/x-json-stream - error POST net::ERR_INTERNET_DISCONNECTED
2026-03-23 11:44:16.975 [error] #326: https://mobile.events.data.microsoft.com/OneCollector/1.0?cors=true&content-type=application/x-json-stream - error POST net::ERR_INTERNET_DISCONNECTED
2026-03-23 11:44:19.622 [error] #327: https://mobile.events.data.microsoft.com/OneCollector/1.0?cors=true&content-type=application/x-json-stream - error POST net::ERR_NETWORK_CHANGED
2026-03-23 18:05:23.573 [error] #883: https://mobile.events.data.microsoft.com/OneCollector/1.0?cors=true&content-type=application/x-json-stream - error POST net::ERR_INTERNET_DISCONNECTED
2026-03-23 18:05:26.319 [error] #884: https://mobile.events.data.microsoft.com/OneCollector/1.0?cors=true&content-type=application/x-json-stream - error POST net::ERR_INTERNET_DISCONNECTED
2026-03-23 19:20:47.554 [error] #907: https://mobile.events.data.microsoft.com/OneCollector/1.0?cors=true&content-type=application/x-json-stream - error POST net::ERR_INTERNET_DISCONNECTED
2026-03-23 19:20:52.227 [error] #908: https://mobile.events.data.microsoft.com/OneCollector/1.0?cors=true&content-type=application/x-json-stream - error POST net::ERR_NETWORK_CHANGED
2026-03-23 19:25:35.921 [error] #912: https://mobile.events.data.microsoft.com/OneCollector/1.0?cors=true&content-type=application/x-json-stream - error POST net::ERR_INTERNET_DISCONNECTED
2026-03-23 20:29:27.576 [error] #914: https://mobile.events.data.microsoft.com/OneCollector/1.0?cors=true&content-type=application/x-json-stream - error POST net::ERR_INTERNET_DISCONNECTED
2026-03-23 20:29:32.339 [error] #915: https://mobile.events.data.microsoft.com/OneCollector/1.0?cors=true&content-type=application/x-json-stream - error POST net::ERR_NETWORK_CHANGED
2026-03-23 20:45:54.921 [error] #947: https://mobile.events.data.microsoft.com/OneCollector/1.0?cors=true&content-type=application/x-json-stream - error POST net::ERR_INTERNET_DISCONNECTED
2026-03-23 20:53:32.573 [error] #949: https://mobile.events.data.microsoft.com/OneCollector/1.0?cors=true&content-type=application/x-json-stream - error POST net::ERR_INTERNET_DISCONNECTED
2026-03-23 20:53:35.065 [error] #950: https://mobile.events.data.microsoft.com/OneCollector/1.0?cors=true&content-type=application/x-json-stream - error POST net::ERR_INTERNET_DISCONNECTED
2026-03-23 21:23:55.379 [error] #958: https://mobile.events.data.microsoft.com/OneCollector/1.0?cors=true&content-type=application/x-json-stream - error POST net::ERR_INTERNET_DISCONNECTED
2026-03-23 21:23:59.705 [error] #959: https://mobile.events.data.microsoft.com/OneCollector/1.0?cors=true&content-type=application/x-json-stream - error POST net::ERR_NETWORK_CHANGED
2026-03-24 01:38:37.588 [error] #1245: https://mobile.events.data.microsoft.com/OneCollector/1.0?cors=true&content-type=application/x-json-stream - error POST net::ERR_INTERNET_DISCONNECTED
2026-03-24 01:38:40.469 [error] #1246: https://mobile.events.data.microsoft.com/OneCollector/1.0?cors=true&content-type=application/x-json-stream - error POST net::ERR_INTERNET_DISCONNECTED
2026-03-24 10:49:04.973 [error] #1285: https://mobile.events.data.microsoft.com/OneCollector/1.0?cors=true&content-type=application/x-json-stream - error POST net::ERR_INTERNET_DISCONNECTED
2026-03-24 10:49:07.427 [error] #1286: https://mobile.events.data.microsoft.com/OneCollector/1.0?cors=true&content-type=application/x-json-stream - error POST net::ERR_INTERNET_DISCONNECTED
2026-03-24 10:49:39.524 [error] #1287: https://mobile.events.data.microsoft.com/OneCollector/1.0?cors=true&content-type=application/x-json-stream - error POST net::ERR_NETWORK_CHANGED
2026-03-24 10:52:08.958 [error] #1289: https://mobile.events.data.microsoft.com/OneCollector/1.0?cors=true&content-type=application/x-json-stream - error POST net::ERR_INTERNET_DISCONNECTED
2026-03-24 10:52:12.749 [error] #1290: https://mobile.events.data.microsoft.com/OneCollector/1.0?cors=true&content-type=application/x-json-stream - error POST net::ERR_NETWORK_CHANGED
2026-03-24 11:27:19.107 [error] #1292: https://mobile.events.data.microsoft.com/OneCollector/1.0?cors=true&content-type=application/x-json-stream - error POST net::ERR_INTERNET_DISCONNECTED
2026-03-24 13:51:03.580 [error] #1485: https://mobile.events.data.microsoft.com/OneCollector/1.0?cors=true&content-type=application/x-json-stream - error POST net::ERR_INTERNET_DISCONNECTED
2026-03-24 13:51:06.597 [error] #1486: https://mobile.events.data.microsoft.com/OneCollector/1.0?cors=true&content-type=application/x-json-stream - error POST net::ERR_INTERNET_DISCONNECTED
2026-03-24 15:39:35.964 [error] #1571: https://mobile.events.data.microsoft.com/OneCollector/1.0?cors=true&content-type=application/x-json-stream - error POST net::ERR_INTERNET_DISCONNECTED
2026-03-25 01:52:01.586 [error] #1573: https://mobile.events.data.microsoft.com/OneCollector/1.0?cors=true&content-type=application/x-json-stream - error POST net::ERR_INTERNET_DISCONNECTED
2026-03-25 01:52:06.043 [error] #1574: https://mobile.events.data.microsoft.com/OneCollector/1.0?cors=true&content-type=application/x-json-stream - error POST net::ERR_NETWORK_CHANGED
2026-03-25 11:02:51.590 [error] #1624: https://mobile.events.data.microsoft.com/OneCollector/1.0?cors=true&content-type=application/x-json-stream - error POST net::ERR_INTERNET_DISCONNECTED
2026-03-25 11:02:54.588 [error] #1625: https://mobile.events.data.microsoft.com/OneCollector/1.0?cors=true&content-type=application/x-json-stream - error POST net::ERR_INTERNET_DISCONNECTED
2026-03-25 11:47:02.706 [error] #1660: https://mobile.events.data.microsoft.com/OneCollector/1.0?cors=true&content-type=application/x-json-stream - error POST net::ERR_INTERNET_DISCONNECTED
2026-03-25 11:47:05.578 [error] #1661: https://mobile.events.data.microsoft.com/OneCollector/1.0?cors=true&content-type=application/x-json-stream - error POST net::ERR_NETWORK_CHANGED
2026-03-25 13:42:36.584 [error] #1760: https://mobile.events.data.microsoft.com/OneCollector/1.0?cors=true&content-type=application/x-json-stream - error POST net::ERR_INTERNET_DISCONNECTED
2026-03-25 13:42:39.027 [error] #1761: https://mobile.events.data.microsoft.com/OneCollector/1.0?cors=true&content-type=application/x-json-stream - error POST net::ERR_INTERNET_DISCONNECTED
2026-03-25 13:42:47.100 [error] #1762: https://vscode-sync.trafficmanager.net/v1/manifest - error GET net::ERR_INTERNET_DISCONNECTED
2026-03-25 16:10:42.564 [error] #1937: https://mobile.events.data.microsoft.com/OneCollector/1.0?cors=true&content-type=application/x-json-stream - error POST net::ERR_INTERNET_DISCONNECTED
2026-03-25 16:10:44.621 [error] #1938: https://mobile.events.data.microsoft.com/OneCollector/1.0?cors=true&content-type=application/x-json-stream - error POST net::ERR_INTERNET_DISCONNECTED
2026-03-25 16:10:45.847 [error] #1939: https://mobile.events.data.microsoft.com/OneCollector/1.0?cors=true&content-type=application/x-json-stream - error POST net::ERR_INTERNET_DISCONNECTED
2026-03-25 16:10:47.580 [error] #1940: https://mobile.events.data.microsoft.com/OneCollector/1.0?cors=true&content-type=application/x-json-stream - error POST net::ERR_INTERNET_DISCONNECTED
2026-03-25 16:10:53.196 [error] #1941: https://vscode-sync.trafficmanager.net/v1/manifest - error GET net::ERR_INTERNET_DISCONNECTED
2026-03-25 16:11:01.285 [error] #1942: https://mobile.events.data.microsoft.com/OneCollector/1.0?cors=true&content-type=application/x-json-stream - error POST net::ERR_INTERNET_DISCONNECTED
2026-03-25 16:11:03.851 [error] #1943: https://mobile.events.data.microsoft.com/OneCollector/1.0?cors=true&content-type=application/x-json-stream - error POST net::ERR_INTERNET_DISCONNECTED
2026-03-25 18:07:20.653 [error] #2020: https://mobile.events.data.microsoft.com/OneCollector/1.0?cors=true&content-type=application/x-json-stream - error POST net::ERR_NETWORK_IO_SUSPENDED
2026-03-25 18:44:37.267 [error] #2021: https://mobile.events.data.microsoft.com/OneCollector/1.0?cors=true&content-type=application/x-json-stream - error POST net::ERR_INTERNET_DISCONNECTED
2026-03-25 19:19:19.960 [error] #2030: https://mobile.events.data.microsoft.com/OneCollector/1.0?cors=true&content-type=application/x-json-stream - error POST net::ERR_INTERNET_DISCONNECTED
2026-03-25 19:19:55.981 [error] #2034: https://mobile.events.data.microsoft.com/OneCollector/1.0?cors=true&content-type=application/x-json-stream - error POST net::ERR_INTERNET_DISCONNECTED
2026-03-25 19:20:26.979 [error] #2036: https://mobile.events.data.microsoft.com/OneCollector/1.0?cors=true&content-type=application/x-json-stream - error POST net::ERR_INTERNET_DISCONNECTED
2026-03-25 19:20:30.288 [error] #2037: https://mobile.events.data.microsoft.com/OneCollector/1.0?cors=true&content-type=application/x-json-stream - error POST net::ERR_NETWORK_CHANGED
2026-03-25 19:40:43.464 [error] #2040: https://mobile.events.data.microsoft.com/OneCollector/1.0?cors=true&content-type=application/x-json-stream - error POST net::ERR_INTERNET_DISCONNECTED
2026-03-25 19:40:46.003 [error] #2041: https://mobile.events.data.microsoft.com/OneCollector/1.0?cors=true&content-type=application/x-json-stream - error POST net::ERR_INTERNET_DISCONNECTED
