2026-04-07 13:25:38.913 [error] #58: https://main.vscode-cdn.net/extensions/chat.json - error GET Offline
2026-04-07 13:32:41.600 [error] #59: https://main.vscode-cdn.net/extensions/chat.json - error GET Offline
2026-04-07 21:30:15.685 [error] #105: https://main.vscode-cdn.net/extensions/chat.json - error GET Offline
2026-04-07 21:32:03.827 [error] #106: https://api.github.com/copilot_internal/v2/token - error GET Offline
2026-04-07 21:32:03.833 [error] #107: https://api.github.com/copilot_internal/v2/token - error GET Offline
2026-04-07 21:32:03.838 [error] #108: https://api.github.com/copilot_internal/v2/token - error GET Offline
2026-04-07 21:32:03.842 [error] #109: https://api.github.com/copilot_internal/v2/token - error GET Offline
2026-04-07 21:32:36.699 [error] #110: https://api.github.com/copilot_internal/v2/token - error GET Offline
2026-04-07 21:32:36.703 [error] #111: https://api.github.com/copilot_internal/v2/token - error GET Offline
2026-04-07 21:32:36.707 [error] #112: https://api.github.com/copilot_internal/v2/token - error GET Offline
2026-04-07 21:32:36.711 [error] #113: https://api.github.com/copilot_internal/v2/token - error GET Offline
2026-04-09 10:51:42.963 [error] #434: https://api.github.com/copilot_internal/v2/token - error GET Offline
2026-04-09 10:51:42.971 [error] #435: https://api.github.com/copilot_internal/v2/token - error GET Offline
2026-04-09 10:51:42.976 [error] #436: https://api.github.com/copilot_internal/v2/token - error GET Offline
2026-04-09 10:51:42.984 [error] #437: https://api.github.com/copilot_internal/v2/token - error GET Offline
2026-04-09 13:11:11.562 [error] #524: https://main.vscode-cdn.net/core/stable.json - error GET Failed to fetch
2026-04-09 13:11:16.539 [error] #525: https://main.vscode-cdn.net/extensions/chat.json - error GET Failed to fetch
2026-04-09 13:16:35.354 [error] #526: https://main.vscode-cdn.net/extensions/chat.json - error GET Failed to fetch
2026-04-09 15:10:07.567 [error] #563: https://main.vscode-cdn.net/core/stable.json - error GET Offline
2026-04-09 15:10:32.270 [error] #564: https://main.vscode-cdn.net/extensions/chat.json - error GET Offline
2026-04-09 21:11:33.136 [error] #646: https://main.vscode-cdn.net/core/stable.json - error GET Fetch timeout: 20000ms
2026-04-10 09:34:44.031 [error] #654: https://main.vscode-cdn.net/extensions/chat.json - error GET Failed to fetch
2026-04-10 09:40:04.061 [error] #655: https://main.vscode-cdn.net/extensions/chat.json - error GET Failed to fetch
