2026-04-06 17:45:12.448 [info] [main] Log level: Info
2026-04-06 17:45:12.448 [info] [main] Validating found git in: "git"
2026-04-06 17:45:12.448 [info] [main] Using git "2.53.0" from "git"
2026-04-06 17:45:12.448 [info] [Model][doInitialScan] Initial repository scan started
2026-04-06 17:45:12.448 [info] > git rev-parse --show-toplevel [424ms]
2026-04-06 17:45:12.448 [info] > git rev-parse --git-dir --git-common-dir --show-superproject-working-tree [134ms]
2026-04-06 17:45:12.524 [info] [Model][openRepository] Opened repository (path): /home/yusof_0090/Projects/insurance-proj
2026-04-06 17:45:12.524 [info] [Model][openRepository] Opened repository (real path): /home/yusof_0090/Projects/insurance-proj
2026-04-06 17:45:12.524 [info] [Model][openRepository] Opened repository (kind): repository
2026-04-06 17:45:12.551 [info] > git config --get commit.template [14ms]
2026-04-06 17:45:12.554 [info] > git rev-parse --show-toplevel [11ms]
2026-04-06 17:45:12.639 [info] > git for-each-ref --format=%(refname)%00%(upstream:short)%00%(objectname)%00%(upstream:track)%00%(upstream:remotename)%00%(upstream:remoteref) refs/heads/main refs/remotes/main [78ms]
2026-04-06 17:45:12.643 [info] > git rev-parse --show-toplevel [74ms]
2026-04-06 17:45:12.694 [info] > git rev-parse --show-toplevel [39ms]
2026-04-06 17:45:12.746 [info] > git status -z -uall [33ms]
2026-04-06 17:45:12.747 [info] > git rev-parse --show-toplevel [8ms]
2026-04-06 17:45:12.752 [info] [Model][doInitialScan] Initial repository scan completed - repositories (1), closed repositories (0), parent repositories (0), unsafe repositories (0)
2026-04-06 17:45:12.753 [info] > git for-each-ref --sort -committerdate --format %(refname)%00%(objectname)%00%(*objectname) [25ms]
2026-04-06 17:45:12.873 [info] > git for-each-ref --format=%(refname)%00%(upstream:short)%00%(objectname)%00%(upstream:track)%00%(upstream:remotename)%00%(upstream:remoteref) refs/heads/main refs/remotes/main [21ms]
2026-04-06 17:45:12.896 [info] > git config --get --local branch.main.vscode-merge-base [10ms]
2026-04-06 17:45:12.908 [info] > git config --get commit.template [35ms]
2026-04-06 17:45:12.958 [info] > git for-each-ref --format=%(refname)%00%(upstream:short)%00%(objectname)%00%(upstream:track)%00%(upstream:remotename)%00%(upstream:remoteref) refs/heads/origin/main refs/remotes/origin/main [52ms]
2026-04-06 17:45:12.996 [info] > git merge-base refs/heads/main refs/remotes/origin/main [19ms]
2026-04-06 17:45:13.014 [info] > git for-each-ref --format=%(refname)%00%(upstream:short)%00%(objectname)%00%(upstream:track)%00%(upstream:remotename)%00%(upstream:remoteref) refs/heads/main refs/remotes/main [21ms]
2026-04-06 17:45:13.101 [info] > git diff --raw --numstat --diff-filter=ADMR -z --find-renames=50% f2553c3ab52076d5b7941f5f41b9828c9087ac51...refs/remotes/origin/main -- [93ms]
2026-04-06 17:45:13.134 [info] > git status -z -uall [17ms]
2026-04-06 17:45:13.138 [info] > git for-each-ref --sort -committerdate --format %(refname)%00%(objectname)%00%(*objectname) [11ms]
2026-04-06 17:45:13.222 [info] > git check-ignore -v -z --stdin [52ms]
2026-04-06 17:45:13.237 [info] > git check-ignore -v -z --stdin [4ms]
2026-04-06 17:45:16.052 [info] > git fetch [2897ms]
2026-04-06 17:45:16.595 [info] > git show --textconv :tsconfig.json [407ms]
2026-04-06 17:45:16.597 [info] > git ls-files --stage -- tsconfig.json [398ms]
2026-04-06 17:45:16.881 [info] > git cat-file -s 769a60b31a627e3ce070836f2c71aed49caed175 [275ms]
2026-04-06 17:45:16.882 [info] > git config --get commit.template [331ms]
2026-04-06 17:45:18.077 [info] > git for-each-ref --format=%(refname)%00%(upstream:short)%00%(objectname)%00%(upstream:track)%00%(upstream:remotename)%00%(upstream:remoteref) refs/heads/main refs/remotes/main [797ms]
2026-04-06 17:45:19.398 [info] > git status -z -uall [20ms]
2026-04-06 17:45:19.403 [info] > git blame --root --incremental f2553c3ab52076d5b7941f5f41b9828c9087ac51 -- tsconfig.json [119ms]
2026-04-06 17:45:19.439 [info] > git for-each-ref --sort -committerdate --format %(refname)%00%(objectname)%00%(*objectname) [50ms]
2026-04-06 17:45:19.956 [info] > git config --get commit.template [39ms]
2026-04-06 17:45:19.983 [info] > git for-each-ref --format=%(refname)%00%(upstream:short)%00%(objectname)%00%(upstream:track)%00%(upstream:remotename)%00%(upstream:remoteref) refs/heads/main refs/remotes/main [3ms]
2026-04-06 17:45:20.014 [info] > git status -z -uall [17ms]
2026-04-06 17:45:20.014 [info] > git for-each-ref --sort -committerdate --format %(refname)%00%(objectname)%00%(*objectname) [6ms]
2026-04-06 17:47:01.407 [info] > git config --get commit.template [18ms]
2026-04-06 17:47:01.409 [info] > git for-each-ref --format=%(refname)%00%(upstream:short)%00%(objectname)%00%(upstream:track)%00%(upstream:remotename)%00%(upstream:remoteref) refs/heads/main refs/remotes/main [5ms]
2026-04-06 17:47:01.438 [info] > git status -z -uall [16ms]
2026-04-06 17:47:01.439 [info] > git for-each-ref --sort -committerdate --format %(refname)%00%(objectname)%00%(*objectname) [4ms]
2026-04-06 17:49:22.605 [info] > git config --get commit.template [3ms]
2026-04-06 17:49:22.621 [info] > git for-each-ref --format=%(refname)%00%(upstream:short)%00%(objectname)%00%(upstream:track)%00%(upstream:remotename)%00%(upstream:remoteref) refs/heads/main refs/remotes/main [3ms]
2026-04-06 17:49:22.649 [info] > git status -z -uall [15ms]
2026-04-06 17:49:22.651 [info] > git for-each-ref --sort -committerdate --format %(refname)%00%(objectname)%00%(*objectname) [4ms]
2026-04-06 17:49:22.973 [info] > git check-ignore -v -z --stdin [2ms]
2026-04-06 17:49:23.794 [info] > git ls-files --stage -- tsconfig.json [2ms]
2026-04-06 17:49:23.809 [info] > git cat-file -s 769a60b31a627e3ce070836f2c71aed49caed175 [3ms]
2026-04-06 17:49:23.827 [info] > git show --textconv :tsconfig.json [3ms]
2026-04-06 17:49:23.938 [info] > git fetch [1353ms]
2026-04-06 17:49:23.964 [info] > git config --get commit.template [12ms]
2026-04-06 17:49:23.965 [info] > git for-each-ref --format=%(refname)%00%(upstream:short)%00%(objectname)%00%(upstream:track)%00%(upstream:remotename)%00%(upstream:remoteref) refs/heads/main refs/remotes/main [2ms]
2026-04-06 17:49:23.990 [info] > git status -z -uall [13ms]
2026-04-06 17:49:23.992 [info] > git for-each-ref --sort -committerdate --format %(refname)%00%(objectname)%00%(*objectname) [2ms]
2026-04-06 17:49:25.127 [info] > git ls-files --stage -- tsconfig.json [3ms]
2026-04-06 17:49:25.144 [info] > git cat-file -s 769a60b31a627e3ce070836f2c71aed49caed175 [3ms]
2026-04-06 17:49:25.162 [info] > git show --textconv :tsconfig.json [3ms]
2026-04-06 17:50:02.758 [info] > git config --get commit.template [25ms]
2026-04-06 17:50:02.761 [info] > git for-each-ref --format=%(refname)%00%(upstream:short)%00%(objectname)%00%(upstream:track)%00%(upstream:remotename)%00%(upstream:remoteref) refs/heads/main refs/remotes/main [8ms]
2026-04-06 17:50:02.795 [info] > git status -z -uall [18ms]
2026-04-06 17:50:02.797 [info] > git for-each-ref --sort -committerdate --format %(refname)%00%(objectname)%00%(*objectname) [3ms]
2026-04-06 17:57:42.760 [info] > git fetch [1876ms]
2026-04-06 17:57:42.789 [info] > git config --get commit.template [14ms]
2026-04-06 17:57:42.790 [info] > git for-each-ref --format=%(refname)%00%(upstream:short)%00%(objectname)%00%(upstream:track)%00%(upstream:remotename)%00%(upstream:remoteref) refs/heads/main refs/remotes/main [2ms]
2026-04-06 17:57:42.815 [info] > git status -z -uall [12ms]
2026-04-06 17:57:42.816 [info] > git for-each-ref --sort -committerdate --format %(refname)%00%(objectname)%00%(*objectname) [2ms]
2026-04-06 18:53:12.025 [info] > git config --get commit.template [18ms]
2026-04-06 18:53:12.041 [info] > git ls-files --stage -- tsconfig.json [17ms]
2026-04-06 18:53:12.052 [info] > git for-each-ref --format=%(refname)%00%(upstream:short)%00%(objectname)%00%(upstream:track)%00%(upstream:remotename)%00%(upstream:remoteref) refs/heads/main refs/remotes/main [12ms]
2026-04-06 18:53:12.052 [info] > git cat-file -s 769a60b31a627e3ce070836f2c71aed49caed175 [2ms]
2026-04-06 18:53:12.077 [info] > git status -z -uall [12ms]
2026-04-06 18:53:12.091 [info] > git for-each-ref --sort -committerdate --format %(refname)%00%(objectname)%00%(*objectname) [15ms]
2026-04-06 18:53:12.097 [info] > git show --textconv :tsconfig.json [9ms]
2026-04-06 18:53:12.446 [info] > git check-ignore -v -z --stdin [1ms]
2026-04-06 18:53:13.475 [info] > git fetch [1485ms]
2026-04-06 18:53:13.504 [info] > git config --get commit.template [15ms]
2026-04-06 18:53:13.506 [info] > git for-each-ref --format=%(refname)%00%(upstream:short)%00%(objectname)%00%(upstream:track)%00%(upstream:remotename)%00%(upstream:remoteref) refs/heads/main refs/remotes/main [3ms]
2026-04-06 18:53:13.531 [info] > git status -z -uall [15ms]
2026-04-06 18:53:13.532 [info] > git for-each-ref --sort -committerdate --format %(refname)%00%(objectname)%00%(*objectname) [3ms]
2026-04-07 00:04:10.694 [info] > git config --get commit.template [15ms]
2026-04-07 00:04:10.694 [info] > git for-each-ref --format=%(refname)%00%(upstream:short)%00%(objectname)%00%(upstream:track)%00%(upstream:remotename)%00%(upstream:remoteref) refs/heads/main refs/remotes/main [4ms]
2026-04-07 00:04:10.728 [info] > git status -z -uall [25ms]
2026-04-07 00:04:10.728 [info] > git for-each-ref --sort -committerdate --format %(refname)%00%(objectname)%00%(*objectname) [13ms]
2026-04-07 00:04:10.734 [info] > git ls-files --stage -- tsconfig.json [7ms]
2026-04-07 00:04:10.746 [info] > git cat-file -s 769a60b31a627e3ce070836f2c71aed49caed175 [1ms]
2026-04-07 00:04:10.763 [info] > git show --textconv :tsconfig.json [1ms]
2026-04-07 00:04:11.051 [info] > git check-ignore -v -z --stdin [2ms]
2026-04-07 00:04:11.883 [info] > git fetch [1214ms]
2026-04-07 00:04:11.895 [info] > git config --get commit.template [7ms]
2026-04-07 00:04:11.896 [info] > git for-each-ref --format=%(refname)%00%(upstream:short)%00%(objectname)%00%(upstream:track)%00%(upstream:remotename)%00%(upstream:remoteref) refs/heads/main refs/remotes/main [1ms]
2026-04-07 00:04:11.905 [info] > git status -z -uall [4ms]
2026-04-07 00:04:11.906 [info] > git for-each-ref --sort -committerdate --format %(refname)%00%(objectname)%00%(*objectname) [1ms]
