2026-03-26 15:04:21.530 [info] [aebc6443-996d-45c2-90f0-388ff96faa56] Native Broker enabled: false
2026-03-26 15:04:21.530 [info] [getSessions] [all] starting
2026-03-26 15:04:21.530 [info] [getSessions] [all] returned 0 session(s)
2026-03-26 15:04:21.530 [info] [getSessions] [all] starting
2026-03-26 15:04:21.530 [info] [getSessions] [all] returned 0 session(s)
2026-03-26 15:04:21.530 [info] [getSessions] [all] starting
2026-03-26 15:04:21.530 [info] [getSessions] [all] returned 0 session(s)
2026-03-26 15:04:21.530 [info] [getSessions] [499b84ac-1321-427f-aa17-267ca6975798/.default offline_access] starting
2026-03-26 15:04:21.530 [info] [aebc6443-996d-45c2-90f0-388ff96faa56] Native Broker enabled: false
2026-03-26 15:04:21.530 [info] [getSessions] [499b84ac-1321-427f-aa17-267ca6975798/.default offline_access] returned 0 session(s)
2026-03-26 15:04:22.533 [info] [getSessions] [499b84ac-1321-427f-aa17-267ca6975798/.default offline_access] starting
2026-03-26 15:04:22.533 [info] [getSessions] [499b84ac-1321-427f-aa17-267ca6975798/.default offline_access] returned 0 session(s)
2026-03-26 15:05:37.483 [info] Microsoft Authentication is deactivating...
2026-03-26 15:05:42.347 [info] [aebc6443-996d-45c2-90f0-388ff96faa56] Native Broker enabled: false
2026-03-26 15:05:42.382 [info] [getSessions] [all] starting
2026-03-26 15:05:42.382 [info] [getSessions] [all] returned 0 session(s)
2026-03-26 15:05:42.382 [info] [getSessions] [all] starting
2026-03-26 15:05:42.382 [info] [getSessions] [all] returned 0 session(s)
2026-03-26 15:05:42.382 [info] [getSessions] [all] starting
2026-03-26 15:05:42.382 [info] [getSessions] [all] returned 0 session(s)
2026-03-26 15:05:42.412 [info] [getSessions] [499b84ac-1321-427f-aa17-267ca6975798/.default offline_access] starting
2026-03-26 15:05:42.412 [info] [aebc6443-996d-45c2-90f0-388ff96faa56] Native Broker enabled: false
2026-03-26 15:05:42.577 [info] [getSessions] [499b84ac-1321-427f-aa17-267ca6975798/.default offline_access] returned 0 session(s)
2026-03-26 15:05:44.892 [info] [getSessions] [499b84ac-1321-427f-aa17-267ca6975798/.default offline_access] starting
2026-03-26 15:05:44.892 [info] [getSessions] [499b84ac-1321-427f-aa17-267ca6975798/.default offline_access] returned 0 session(s)
2026-03-26 15:08:10.851 [info] Microsoft Authentication is deactivating...
2026-03-26 15:08:13.924 [info] [aebc6443-996d-45c2-90f0-388ff96faa56] Native Broker enabled: false
2026-03-26 15:08:13.969 [info] [getSessions] [all] starting
2026-03-26 15:08:13.969 [info] [getSessions] [all] returned 0 session(s)
2026-03-26 15:08:13.969 [info] [getSessions] [all] starting
2026-03-26 15:08:13.969 [info] [getSessions] [all] returned 0 session(s)
2026-03-26 15:08:13.969 [info] [getSessions] [all] starting
2026-03-26 15:08:13.969 [info] [getSessions] [all] returned 0 session(s)
2026-03-26 15:08:14.059 [info] [getSessions] [499b84ac-1321-427f-aa17-267ca6975798/.default offline_access] starting
2026-03-26 15:08:14.059 [info] [aebc6443-996d-45c2-90f0-388ff96faa56] Native Broker enabled: false
2026-03-26 15:08:14.100 [info] [getSessions] [499b84ac-1321-427f-aa17-267ca6975798/.default offline_access] returned 0 session(s)
2026-03-26 15:08:14.215 [info] [getSessions] [all] starting
2026-03-26 15:08:14.215 [info] [getSessions] [all] returned 0 session(s)
2026-03-26 15:08:15.054 [info] [getSessions] [499b84ac-1321-427f-aa17-267ca6975798/.default offline_access] starting
2026-03-26 15:08:15.054 [info] [getSessions] [499b84ac-1321-427f-aa17-267ca6975798/.default offline_access] returned 0 session(s)
2026-03-26 15:13:04.379 [info] Microsoft Authentication is deactivating...
2026-03-26 15:13:09.404 [info] [aebc6443-996d-45c2-90f0-388ff96faa56] Native Broker enabled: false
2026-03-26 15:13:09.659 [info] [getSessions] [all] starting
2026-03-26 15:13:09.659 [info] [getSessions] [all] returned 0 session(s)
2026-03-26 15:13:09.659 [info] [getSessions] [all] starting
2026-03-26 15:13:09.659 [info] [getSessions] [all] returned 0 session(s)
2026-03-26 15:13:09.659 [info] [getSessions] [all] starting
2026-03-26 15:13:09.659 [info] [getSessions] [all] returned 0 session(s)
2026-03-26 15:13:09.888 [info] [getSessions] [499b84ac-1321-427f-aa17-267ca6975798/.default offline_access] starting
2026-03-26 15:13:09.888 [info] [aebc6443-996d-45c2-90f0-388ff96faa56] Native Broker enabled: false
2026-03-26 15:13:10.669 [info] [getSessions] [499b84ac-1321-427f-aa17-267ca6975798/.default offline_access] returned 0 session(s)
2026-03-26 15:13:12.236 [info] [getSessions] [499b84ac-1321-427f-aa17-267ca6975798/.default offline_access] starting
2026-03-26 15:13:12.236 [info] [getSessions] [499b84ac-1321-427f-aa17-267ca6975798/.default offline_access] returned 0 session(s)
