2026-03-26 15:04:19.847 [info] Reading sessions from keychain...
2026-03-26 15:04:19.847 [info] Getting sessions for all scopes...
2026-03-26 15:04:20.815 [info] Got stored sessions!
2026-03-26 15:04:20.815 [info] Got 3 verified sessions.
2026-03-26 15:04:20.815 [info] Got 3 sessions for ...
2026-03-26 15:04:20.815 [info] Getting sessions for all scopes...
2026-03-26 15:04:20.815 [info] Got 3 sessions for ...
2026-03-26 15:04:20.869 [info] Getting sessions for all scopes...
2026-03-26 15:04:20.869 [info] Got 3 sessions for ...
2026-03-26 15:04:20.880 [info] Getting sessions for user:email...
2026-03-26 15:04:20.880 [info] Got 1 sessions for user:email...
2026-03-26 15:04:20.940 [info] Getting sessions for all scopes...
2026-03-26 15:04:20.940 [info] Got 3 sessions for ...
2026-03-26 15:04:21.105 [info] Getting sessions for all scopes...
2026-03-26 15:04:21.105 [info] Got 3 sessions for ...
2026-03-26 15:04:21.105 [info] Getting sessions for all scopes...
2026-03-26 15:04:21.105 [info] Got 3 sessions for ...
2026-03-26 15:04:21.199 [info] Getting sessions for all scopes...
2026-03-26 15:04:21.199 [info] Got 3 sessions for ...
2026-03-26 15:04:21.245 [info] Getting sessions for read:user,repo,user:email,workflow...
2026-03-26 15:04:21.245 [info] Got 1 sessions for read:user,repo,user:email,workflow...
2026-03-26 15:04:21.274 [info] Getting sessions for user:email...
2026-03-26 15:04:21.274 [info] Got 1 sessions for user:email...
2026-03-26 15:04:21.281 [info] Getting sessions for all scopes...
2026-03-26 15:04:21.281 [info] Got 3 sessions for ...
2026-03-26 15:04:21.282 [info] Getting sessions for read:user,repo,user:email,workflow...
2026-03-26 15:04:21.282 [info] Got 1 sessions for read:user,repo,user:email,workflow...
2026-03-26 15:04:22.166 [info] Getting sessions for all scopes...
2026-03-26 15:04:22.166 [info] Got 3 sessions for ...
2026-03-26 15:04:22.166 [info] Getting sessions for all scopes...
2026-03-26 15:04:22.166 [info] Got 3 sessions for ...
2026-03-26 15:04:22.812 [info] FetcherService: Node fetch failed with status: 429 Too Many Requests
2026-03-26 15:04:22.813 [info] Unable to resolve optional EDU details. Status: 429 Too Many Requests
2026-03-26 15:04:22.814 [info] Getting sessions for read:user,repo,user:email,workflow...
2026-03-26 15:04:22.814 [info] Got 1 sessions for read:user,repo,user:email,workflow...
2026-03-26 15:04:22.923 [info] Getting sessions for all scopes...
2026-03-26 15:04:22.923 [info] Got 3 sessions for ...
2026-03-26 15:04:22.923 [info] Getting sessions for all scopes...
2026-03-26 15:04:22.923 [info] Got 3 sessions for ...
2026-03-26 15:04:22.938 [info] Getting sessions for read:user,repo,user:email,workflow...
2026-03-26 15:04:22.938 [info] Got 1 sessions for read:user,repo,user:email,workflow...
2026-03-26 15:04:22.964 [info] Getting sessions for all scopes...
2026-03-26 15:04:22.964 [info] Got 3 sessions for ...
2026-03-26 15:04:22.965 [info] Getting sessions for all scopes...
2026-03-26 15:04:22.965 [info] Got 3 sessions for ...
2026-03-26 15:04:23.278 [info] Getting sessions for all scopes...
2026-03-26 15:04:23.278 [info] Got 3 sessions for ...
2026-03-26 15:04:23.279 [info] Getting sessions for read:user,repo,user:email,workflow...
2026-03-26 15:04:23.279 [info] Got 1 sessions for read:user,repo,user:email,workflow...
2026-03-26 15:04:23.354 [info] Getting sessions for all scopes...
2026-03-26 15:04:23.354 [info] Got 3 sessions for ...
2026-03-26 15:04:23.382 [info] Getting sessions for read:user,repo,user:email,workflow...
2026-03-26 15:04:23.382 [info] Got 1 sessions for read:user,repo,user:email,workflow...
2026-03-26 15:04:31.685 [info] Getting sessions for all scopes...
2026-03-26 15:04:31.685 [info] Got 3 sessions for ...
2026-03-26 15:04:31.686 [info] Getting sessions for all scopes...
2026-03-26 15:04:31.686 [info] Got 3 sessions for ...
2026-03-26 15:04:41.918 [info] Getting sessions for all scopes...
2026-03-26 15:04:41.918 [info] Got 3 sessions for ...
2026-03-26 15:04:41.919 [info] Getting sessions for all scopes...
2026-03-26 15:04:41.919 [info] Got 3 sessions for ...
2026-03-26 15:04:52.681 [info] Getting sessions for all scopes...
2026-03-26 15:04:52.681 [info] Got 3 sessions for ...
2026-03-26 15:04:52.682 [info] Getting sessions for all scopes...
2026-03-26 15:04:52.682 [info] Got 3 sessions for ...
2026-03-26 15:05:30.351 [info] Getting sessions for all scopes...
2026-03-26 15:05:30.351 [info] Got 3 sessions for ...
2026-03-26 15:05:30.353 [info] Getting sessions for all scopes...
2026-03-26 15:05:30.353 [info] Got 3 sessions for ...
2026-03-26 15:05:31.358 [info] Getting sessions for all scopes...
2026-03-26 15:05:31.358 [info] Got 3 sessions for ...
2026-03-26 15:05:31.359 [info] Getting sessions for all scopes...
2026-03-26 15:05:31.359 [info] Got 3 sessions for ...
2026-03-26 15:05:42.060 [info] Reading sessions from keychain...
2026-03-26 15:05:42.060 [info] Getting sessions for all scopes...
2026-03-26 15:05:42.060 [info] Got stored sessions!
2026-03-26 15:05:42.060 [info] Got 3 verified sessions.
2026-03-26 15:05:42.060 [info] Got 3 sessions for ...
2026-03-26 15:05:42.060 [info] Getting sessions for all scopes...
2026-03-26 15:05:42.060 [info] Got 3 sessions for ...
2026-03-26 15:05:42.060 [info] Getting sessions for all scopes...
2026-03-26 15:05:42.060 [info] Got 3 sessions for ...
2026-03-26 15:05:42.060 [info] Getting sessions for user:email...
2026-03-26 15:05:42.060 [info] Got 1 sessions for user:email...
2026-03-26 15:05:42.060 [info] Getting sessions for all scopes...
2026-03-26 15:05:42.060 [info] Got 3 sessions for ...
2026-03-26 15:05:42.060 [info] Getting sessions for all scopes...
2026-03-26 15:05:42.060 [info] Got 3 sessions for ...
2026-03-26 15:05:42.060 [info] Getting sessions for all scopes...
2026-03-26 15:05:42.060 [info] Got 3 sessions for ...
2026-03-26 15:05:42.060 [info] Getting sessions for all scopes...
2026-03-26 15:05:42.060 [info] Got 3 sessions for ...
2026-03-26 15:05:42.253 [info] Getting sessions for read:user,repo,user:email,workflow...
2026-03-26 15:05:42.253 [info] Got 1 sessions for read:user,repo,user:email,workflow...
2026-03-26 15:05:42.381 [info] Getting sessions for user:email...
2026-03-26 15:05:42.381 [info] Got 1 sessions for user:email...
2026-03-26 15:05:43.322 [info] Getting sessions for read:user,repo,user:email,workflow...
2026-03-26 15:05:43.322 [info] Got 1 sessions for read:user,repo,user:email,workflow...
2026-03-26 15:05:43.411 [info] Getting sessions for all scopes...
2026-03-26 15:05:43.411 [info] Got 3 sessions for ...
2026-03-26 15:05:43.411 [info] Getting sessions for all scopes...
2026-03-26 15:05:43.411 [info] Got 3 sessions for ...
2026-03-26 15:05:43.411 [info] Getting sessions for all scopes...
2026-03-26 15:05:43.411 [info] Got 3 sessions for ...
2026-03-26 15:05:44.113 [info] Getting sessions for read:user,repo,user:email,workflow...
2026-03-26 15:05:44.113 [info] Got 1 sessions for read:user,repo,user:email,workflow...
2026-03-26 15:05:44.124 [info] FetcherService: Node fetch failed with status: 429 Too Many Requests
2026-03-26 15:05:44.125 [info] Unable to resolve optional EDU details. Status: 429 Too Many Requests
2026-03-26 15:05:44.892 [info] Getting sessions for all scopes...
2026-03-26 15:05:44.892 [info] Got 3 sessions for ...
2026-03-26 15:05:44.892 [info] Getting sessions for all scopes...
2026-03-26 15:05:44.892 [info] Got 3 sessions for ...
2026-03-26 15:05:44.949 [info] Getting sessions for read:user,repo,user:email,workflow...
2026-03-26 15:05:44.949 [info] Got 1 sessions for read:user,repo,user:email,workflow...
2026-03-26 15:05:45.139 [info] Getting sessions for all scopes...
2026-03-26 15:05:45.139 [info] Got 3 sessions for ...
2026-03-26 15:05:45.141 [info] Getting sessions for all scopes...
2026-03-26 15:05:45.141 [info] Got 3 sessions for ...
2026-03-26 15:05:45.194 [info] Getting sessions for all scopes...
2026-03-26 15:05:45.194 [info] Got 3 sessions for ...
2026-03-26 15:05:45.289 [info] Getting sessions for all scopes...
2026-03-26 15:05:45.289 [info] Got 3 sessions for ...
2026-03-26 15:05:45.363 [info] Getting sessions for read:user,repo,user:email,workflow...
2026-03-26 15:05:45.363 [info] Got 1 sessions for read:user,repo,user:email,workflow...
2026-03-26 15:05:45.410 [info] Getting sessions for all scopes...
2026-03-26 15:05:45.410 [info] Got 3 sessions for ...
2026-03-26 15:05:45.412 [info] Getting sessions for read:user,repo,user:email,workflow...
2026-03-26 15:05:45.412 [info] Got 1 sessions for read:user,repo,user:email,workflow...
2026-03-26 15:05:45.729 [info] Getting sessions for all scopes...
2026-03-26 15:05:45.729 [info] Got 3 sessions for ...
2026-03-26 15:05:45.740 [info] Getting sessions for read:user,repo,user:email,workflow...
2026-03-26 15:05:45.740 [info] Got 1 sessions for read:user,repo,user:email,workflow...
2026-03-26 15:08:01.212 [info] Getting sessions for all scopes...
2026-03-26 15:08:01.212 [info] Got 3 sessions for ...
2026-03-26 15:08:01.219 [info] Getting sessions for read:user,repo,user:email,workflow...
2026-03-26 15:08:01.219 [info] Got 1 sessions for read:user,repo,user:email,workflow...
2026-03-26 15:08:01.289 [info] Getting sessions for all scopes...
2026-03-26 15:08:01.289 [info] Got 3 sessions for ...
2026-03-26 15:08:01.292 [info] Getting sessions for all scopes...
2026-03-26 15:08:01.292 [info] Got 3 sessions for ...
2026-03-26 15:08:12.395 [info] Reading sessions from keychain...
2026-03-26 15:08:12.395 [info] Getting sessions for all scopes...
2026-03-26 15:08:12.436 [info] Got stored sessions!
2026-03-26 15:08:12.436 [info] Got 3 verified sessions.
2026-03-26 15:08:12.436 [info] Got 3 sessions for ...
2026-03-26 15:08:12.437 [info] Getting sessions for all scopes...
2026-03-26 15:08:12.437 [info] Got 3 sessions for ...
2026-03-26 15:08:13.406 [info] Getting sessions for all scopes...
2026-03-26 15:08:13.406 [info] Got 3 sessions for ...
2026-03-26 15:08:13.435 [info] Getting sessions for all scopes...
2026-03-26 15:08:13.435 [info] Got 3 sessions for ...
2026-03-26 15:08:13.456 [info] Getting sessions for user:email...
2026-03-26 15:08:13.456 [info] Got 1 sessions for user:email...
2026-03-26 15:08:13.583 [info] Getting sessions for all scopes...
2026-03-26 15:08:13.583 [info] Got 3 sessions for ...
2026-03-26 15:08:13.583 [info] Getting sessions for all scopes...
2026-03-26 15:08:13.583 [info] Got 3 sessions for ...
2026-03-26 15:08:13.731 [info] Getting sessions for read:user,repo,user:email,workflow...
2026-03-26 15:08:13.731 [info] Got 1 sessions for read:user,repo,user:email,workflow...
2026-03-26 15:08:13.969 [info] Getting sessions for user:email...
2026-03-26 15:08:13.969 [info] Got 1 sessions for user:email...
2026-03-26 15:08:14.192 [info] Getting sessions for all scopes...
2026-03-26 15:08:14.192 [info] Got 3 sessions for ...
2026-03-26 15:08:14.194 [info] Getting sessions for read:user,repo,user:email,workflow...
2026-03-26 15:08:14.194 [info] Got 1 sessions for read:user,repo,user:email,workflow...
2026-03-26 15:08:14.215 [info] Getting sessions for all scopes...
2026-03-26 15:08:14.215 [info] Got 3 sessions for ...
2026-03-26 15:08:14.456 [info] FetcherService: Node fetch failed with status: 429 Too Many Requests
2026-03-26 15:08:14.457 [info] Unable to resolve optional EDU details. Status: 429 Too Many Requests
2026-03-26 15:08:14.499 [info] Getting sessions for all scopes...
2026-03-26 15:08:14.500 [info] Got 3 sessions for ...
2026-03-26 15:08:14.500 [info] Getting sessions for all scopes...
2026-03-26 15:08:14.500 [info] Got 3 sessions for ...
2026-03-26 15:08:14.697 [info] Getting sessions for read:user,repo,user:email,workflow...
2026-03-26 15:08:14.697 [info] Got 1 sessions for read:user,repo,user:email,workflow...
2026-03-26 15:08:15.054 [info] Getting sessions for all scopes...
2026-03-26 15:08:15.054 [info] Got 3 sessions for ...
2026-03-26 15:08:15.054 [info] Getting sessions for all scopes...
2026-03-26 15:08:15.054 [info] Got 3 sessions for ...
2026-03-26 15:08:15.079 [info] Getting sessions for read:user,repo,user:email,workflow...
2026-03-26 15:08:15.079 [info] Got 1 sessions for read:user,repo,user:email,workflow...
2026-03-26 15:08:15.146 [info] Getting sessions for all scopes...
2026-03-26 15:08:15.146 [info] Got 3 sessions for ...
2026-03-26 15:08:15.146 [info] Getting sessions for all scopes...
2026-03-26 15:08:15.146 [info] Got 3 sessions for ...
2026-03-26 15:08:15.161 [info] Getting sessions for read:user,repo,user:email,workflow...
2026-03-26 15:08:15.161 [info] Got 1 sessions for read:user,repo,user:email,workflow...
2026-03-26 15:08:15.227 [info] Getting sessions for all scopes...
2026-03-26 15:08:15.227 [info] Got 3 sessions for ...
2026-03-26 15:08:15.234 [info] Getting sessions for all scopes...
2026-03-26 15:08:15.234 [info] Got 3 sessions for ...
2026-03-26 15:08:15.573 [info] Getting sessions for all scopes...
2026-03-26 15:08:15.573 [info] Got 3 sessions for ...
2026-03-26 15:08:15.579 [info] Getting sessions for read:user,repo,user:email,workflow...
2026-03-26 15:08:15.579 [info] Got 1 sessions for read:user,repo,user:email,workflow...
2026-03-26 15:08:15.685 [info] Getting sessions for all scopes...
2026-03-26 15:08:15.685 [info] Got 3 sessions for ...
2026-03-26 15:08:15.688 [info] Getting sessions for read:user,repo,user:email,workflow...
2026-03-26 15:08:15.688 [info] Got 1 sessions for read:user,repo,user:email,workflow...
2026-03-26 15:09:04.121 [info] Getting sessions for all scopes...
2026-03-26 15:09:04.121 [info] Got 3 sessions for ...
2026-03-26 15:09:04.123 [info] Getting sessions for all scopes...
2026-03-26 15:09:04.123 [info] Got 3 sessions for ...
2026-03-26 15:09:13.379 [info] Getting sessions for all scopes...
2026-03-26 15:09:13.379 [info] Got 3 sessions for ...
2026-03-26 15:09:13.380 [info] Getting sessions for all scopes...
2026-03-26 15:09:13.380 [info] Got 3 sessions for ...
2026-03-26 15:11:24.782 [info] Getting sessions for all scopes...
2026-03-26 15:11:24.782 [info] Got 3 sessions for ...
2026-03-26 15:11:24.783 [info] Getting sessions for all scopes...
2026-03-26 15:11:24.783 [info] Got 3 sessions for ...
2026-03-26 15:11:25.045 [info] Getting sessions for all scopes...
2026-03-26 15:11:25.045 [info] Got 3 sessions for ...
2026-03-26 15:11:25.047 [info] Getting sessions for all scopes...
2026-03-26 15:11:25.047 [info] Got 3 sessions for ...
2026-03-26 15:11:25.252 [info] Getting sessions for all scopes...
2026-03-26 15:11:25.252 [info] Got 3 sessions for ...
2026-03-26 15:11:25.253 [info] Getting sessions for all scopes...
2026-03-26 15:11:25.253 [info] Got 3 sessions for ...
2026-03-26 15:11:26.208 [info] Getting sessions for all scopes...
2026-03-26 15:11:26.208 [info] Got 3 sessions for ...
2026-03-26 15:11:26.209 [info] Getting sessions for all scopes...
2026-03-26 15:11:26.209 [info] Got 3 sessions for ...
2026-03-26 15:11:27.540 [info] Getting sessions for all scopes...
2026-03-26 15:11:27.540 [info] Got 3 sessions for ...
2026-03-26 15:11:27.541 [info] Getting sessions for all scopes...
2026-03-26 15:11:27.541 [info] Got 3 sessions for ...
2026-03-26 15:12:49.706 [info] Getting sessions for all scopes...
2026-03-26 15:12:49.706 [info] Got 3 sessions for ...
2026-03-26 15:12:49.708 [info] Getting sessions for all scopes...
2026-03-26 15:12:49.708 [info] Got 3 sessions for ...
2026-03-26 15:13:06.434 [info] Reading sessions from keychain...
2026-03-26 15:13:06.434 [info] Getting sessions for all scopes...
2026-03-26 15:13:08.438 [info] Got stored sessions!
2026-03-26 15:13:08.438 [info] Got 3 verified sessions.
2026-03-26 15:13:08.438 [info] Got 3 sessions for ...
2026-03-26 15:13:08.438 [info] Getting sessions for all scopes...
2026-03-26 15:13:08.438 [info] Got 3 sessions for ...
2026-03-26 15:13:08.567 [info] Getting sessions for all scopes...
2026-03-26 15:13:08.567 [info] Got 3 sessions for ...
2026-03-26 15:13:08.621 [info] Getting sessions for user:email...
2026-03-26 15:13:08.621 [info] Got 1 sessions for user:email...
2026-03-26 15:13:08.704 [info] Getting sessions for all scopes...
2026-03-26 15:13:08.704 [info] Got 3 sessions for ...
2026-03-26 15:13:08.715 [info] Getting sessions for all scopes...
2026-03-26 15:13:08.715 [info] Got 3 sessions for ...
2026-03-26 15:13:08.969 [info] Getting sessions for all scopes...
2026-03-26 15:13:08.969 [info] Got 3 sessions for ...
2026-03-26 15:13:08.970 [info] Getting sessions for all scopes...
2026-03-26 15:13:08.970 [info] Got 3 sessions for ...
2026-03-26 15:13:09.350 [info] Getting sessions for read:user,repo,user:email,workflow...
2026-03-26 15:13:09.350 [info] Got 1 sessions for read:user,repo,user:email,workflow...
2026-03-26 15:13:09.658 [info] Getting sessions for user:email...
2026-03-26 15:13:09.658 [info] Got 1 sessions for user:email...
2026-03-26 15:13:10.375 [info] Getting sessions for all scopes...
2026-03-26 15:13:10.375 [info] Got 3 sessions for ...
2026-03-26 15:13:10.375 [info] Getting sessions for all scopes...
2026-03-26 15:13:10.375 [info] Got 3 sessions for ...
2026-03-26 15:13:10.375 [info] Getting sessions for all scopes...
2026-03-26 15:13:10.375 [info] Got 3 sessions for ...
2026-03-26 15:13:10.669 [info] Getting sessions for read:user,repo,user:email,workflow...
2026-03-26 15:13:10.669 [info] Got 1 sessions for read:user,repo,user:email,workflow...
2026-03-26 15:13:11.451 [info] Getting sessions for read:user,repo,user:email,workflow...
2026-03-26 15:13:11.451 [info] Got 1 sessions for read:user,repo,user:email,workflow...
2026-03-26 15:13:11.623 [info] FetcherService: Node fetch failed with status: 429 Too Many Requests
2026-03-26 15:13:11.625 [info] Unable to resolve optional EDU details. Status: 429 Too Many Requests
2026-03-26 15:13:12.236 [info] Getting sessions for all scopes...
2026-03-26 15:13:12.236 [info] Got 3 sessions for ...
2026-03-26 15:13:12.236 [info] Getting sessions for all scopes...
2026-03-26 15:13:12.236 [info] Got 3 sessions for ...
2026-03-26 15:13:12.284 [info] Getting sessions for read:user,repo,user:email,workflow...
2026-03-26 15:13:12.284 [info] Got 1 sessions for read:user,repo,user:email,workflow...
2026-03-26 15:13:12.415 [info] Getting sessions for all scopes...
2026-03-26 15:13:12.415 [info] Got 3 sessions for ...
2026-03-26 15:13:12.415 [info] Getting sessions for all scopes...
2026-03-26 15:13:12.415 [info] Got 3 sessions for ...
2026-03-26 15:13:12.458 [info] Getting sessions for all scopes...
2026-03-26 15:13:12.458 [info] Got 3 sessions for ...
2026-03-26 15:13:12.493 [info] Getting sessions for read:user,repo,user:email,workflow...
2026-03-26 15:13:12.493 [info] Got 1 sessions for read:user,repo,user:email,workflow...
2026-03-26 15:13:12.494 [info] Getting sessions for all scopes...
2026-03-26 15:13:12.494 [info] Got 3 sessions for ...
2026-03-26 15:13:12.514 [info] Getting sessions for all scopes...
2026-03-26 15:13:12.514 [info] Got 3 sessions for ...
2026-03-26 15:13:12.515 [info] Getting sessions for read:user,repo,user:email,workflow...
2026-03-26 15:13:12.515 [info] Got 1 sessions for read:user,repo,user:email,workflow...
2026-03-26 15:13:12.890 [info] Getting sessions for all scopes...
2026-03-26 15:13:12.890 [info] Got 3 sessions for ...
2026-03-26 15:13:12.894 [info] Getting sessions for read:user,repo,user:email,workflow...
2026-03-26 15:13:12.894 [info] Got 1 sessions for read:user,repo,user:email,workflow...
2026-03-26 15:15:48.703 [info] Getting sessions for all scopes...
2026-03-26 15:15:48.704 [info] Got 3 sessions for ...
2026-03-26 15:15:48.705 [info] Getting sessions for all scopes...
2026-03-26 15:15:48.705 [info] Got 3 sessions for ...
2026-03-26 15:15:53.699 [info] Getting sessions for all scopes...
2026-03-26 15:15:53.699 [info] Got 3 sessions for ...
2026-03-26 15:15:53.700 [info] Getting sessions for all scopes...
2026-03-26 15:15:53.700 [info] Got 3 sessions for ...
2026-03-26 15:15:55.895 [info] Getting sessions for all scopes...
2026-03-26 15:15:55.895 [info] Got 3 sessions for ...
2026-03-26 15:15:55.896 [info] Getting sessions for read:user,repo,user:email,workflow...
2026-03-26 15:15:55.896 [info] Got 1 sessions for read:user,repo,user:email,workflow...
2026-03-26 15:15:59.256 [info] Getting sessions for all scopes...
2026-03-26 15:15:59.256 [info] Got 3 sessions for ...
2026-03-26 15:15:59.320 [info] Getting sessions for all scopes...
2026-03-26 15:15:59.320 [info] Got 3 sessions for ...
2026-03-26 15:16:11.982 [info] Getting sessions for all scopes...
2026-03-26 15:16:11.982 [info] Got 3 sessions for ...
2026-03-26 15:16:11.983 [info] Getting sessions for all scopes...
2026-03-26 15:16:11.983 [info] Got 3 sessions for ...
2026-03-26 15:16:24.422 [info] Getting sessions for all scopes...
2026-03-26 15:16:24.422 [info] Got 3 sessions for ...
2026-03-26 15:16:24.423 [info] Getting sessions for all scopes...
2026-03-26 15:16:24.423 [info] Got 3 sessions for ...
2026-03-26 15:49:39.238 [info] Getting sessions for all scopes...
2026-03-26 15:49:39.238 [info] Got 3 sessions for ...
2026-03-26 15:49:39.238 [info] Getting sessions for all scopes...
2026-03-26 15:49:39.238 [info] Got 3 sessions for ...
