2026-04-10 12:18:13.417 [info] [main] Log level: Info
2026-04-10 12:18:13.417 [info] [main] Validating found git in: "git"
2026-04-10 12:18:13.417 [info] [main] Using git "2.53.0" from "git"
2026-04-10 12:18:13.417 [info] [Model][doInitialScan] Initial repository scan started
2026-04-10 12:18:13.417 [info] > git rev-parse --show-toplevel [224ms]
2026-04-10 12:18:13.417 [info] > git rev-parse --git-dir --git-common-dir --show-superproject-working-tree [24ms]
2026-04-10 12:18:13.566 [info] [Model][openRepository] Opened repository (path): /home/yusof_0090/Projects/insurance-proj
2026-04-10 12:18:13.566 [info] [Model][openRepository] Opened repository (real path): /home/yusof_0090/Projects/insurance-proj
2026-04-10 12:18:13.566 [info] [Model][openRepository] Opened repository (kind): repository
2026-04-10 12:18:13.581 [info] > git rev-parse --show-toplevel [3ms]
2026-04-10 12:18:13.583 [info] > git config --get commit.template [10ms]
2026-04-10 12:18:13.594 [info] > git rev-parse --show-toplevel [7ms]
2026-04-10 12:18:13.651 [info] > git for-each-ref --format=%(refname)%00%(upstream:short)%00%(objectname)%00%(upstream:track)%00%(upstream:remotename)%00%(upstream:remoteref) refs/heads/main refs/remotes/main [59ms]
2026-04-10 12:18:13.677 [info] > git rev-parse --show-toplevel [27ms]
2026-04-10 12:18:13.706 [info] > git rev-parse --show-toplevel [2ms]
2026-04-10 12:18:13.849 [info] > git status -z -uall [102ms]
2026-04-10 12:18:13.849 [info] > git rev-parse --show-toplevel [83ms]
2026-04-10 12:18:13.851 [info] [Model][doInitialScan] Initial repository scan completed - repositories (1), closed repositories (0), parent repositories (0), unsafe repositories (0)
2026-04-10 12:18:13.851 [info] > git for-each-ref --sort -committerdate --format %(refname)%00%(objectname)%00%(*objectname) [93ms]
2026-04-10 12:18:13.882 [info] > git for-each-ref --format=%(refname)%00%(upstream:short)%00%(objectname)%00%(upstream:track)%00%(upstream:remotename)%00%(upstream:remoteref) refs/heads/main refs/remotes/main [8ms]
2026-04-10 12:18:13.889 [info] > git config --get commit.template [7ms]
2026-04-10 12:18:13.890 [info] > git config --get --local branch.main.vscode-merge-base [4ms]
2026-04-10 12:18:13.898 [info] > git for-each-ref --format=%(refname)%00%(upstream:short)%00%(objectname)%00%(upstream:track)%00%(upstream:remotename)%00%(upstream:remoteref) refs/heads/origin/main refs/remotes/origin/main [5ms]
2026-04-10 12:18:13.904 [info] > git for-each-ref --format=%(refname)%00%(upstream:short)%00%(objectname)%00%(upstream:track)%00%(upstream:remotename)%00%(upstream:remoteref) refs/heads/main refs/remotes/main [7ms]
2026-04-10 12:18:13.905 [info] > git merge-base refs/heads/main refs/remotes/origin/main [2ms]
2026-04-10 12:18:13.919 [info] > git status -z -uall [5ms]
2026-04-10 12:18:13.919 [info] > git diff --raw --numstat --diff-filter=ADMR -z --find-renames=50% dc25615486df8bda5d31475004c18137cd8d2fc4...refs/remotes/origin/main -- [10ms]
2026-04-10 12:18:13.921 [info] > git for-each-ref --sort -committerdate --format %(refname)%00%(objectname)%00%(*objectname) [3ms]
2026-04-10 12:18:16.711 [info] > git check-ignore -v -z --stdin [685ms]
2026-04-10 12:18:16.712 [info] > git check-ignore -v -z --stdin [408ms]
2026-04-10 12:18:17.407 [info] > git check-ignore -v -z --stdin [268ms]
2026-04-10 12:18:18.014 [info] > git fetch [1734ms]
2026-04-10 12:18:18.087 [info] > git config --get commit.template [46ms]
2026-04-10 12:18:18.126 [info] > git for-each-ref --format=%(refname)%00%(upstream:short)%00%(objectname)%00%(upstream:track)%00%(upstream:remotename)%00%(upstream:remoteref) refs/heads/main refs/remotes/main [9ms]
2026-04-10 12:18:18.207 [info] > git status -z -uall [12ms]
2026-04-10 12:18:18.225 [info] > git for-each-ref --sort -committerdate --format %(refname)%00%(objectname)%00%(*objectname) [22ms]
2026-04-10 12:18:18.956 [info] > git config --get commit.template [32ms]
2026-04-10 12:18:18.970 [info] > git for-each-ref --format=%(refname)%00%(upstream:short)%00%(objectname)%00%(upstream:track)%00%(upstream:remotename)%00%(upstream:remoteref) refs/heads/main refs/remotes/main [4ms]
2026-04-10 12:18:18.988 [info] > git status -z -uall [7ms]
2026-04-10 12:18:18.989 [info] > git for-each-ref --sort -committerdate --format %(refname)%00%(objectname)%00%(*objectname) [1ms]
2026-04-10 14:48:07.138 [info] > git config --get commit.template [1ms]
2026-04-10 14:48:07.145 [info] > git for-each-ref --format=%(refname)%00%(upstream:short)%00%(objectname)%00%(upstream:track)%00%(upstream:remotename)%00%(upstream:remoteref) refs/heads/main refs/remotes/main [1ms]
2026-04-10 14:48:07.155 [info] > git status -z -uall [6ms]
2026-04-10 14:48:07.156 [info] > git for-each-ref --sort -committerdate --format %(refname)%00%(objectname)%00%(*objectname) [1ms]
2026-04-10 14:48:07.480 [info] > git check-ignore -v -z --stdin [2ms]
2026-04-10 14:48:08.462 [info] > git fetch [1333ms]
2026-04-10 14:48:08.472 [info] > git config --get commit.template [5ms]
2026-04-10 14:48:08.472 [info] > git for-each-ref --format=%(refname)%00%(upstream:short)%00%(objectname)%00%(upstream:track)%00%(upstream:remotename)%00%(upstream:remoteref) refs/heads/main refs/remotes/main [1ms]
2026-04-10 14:48:08.483 [info] > git status -z -uall [6ms]
2026-04-10 14:48:08.484 [info] > git for-each-ref --sort -committerdate --format %(refname)%00%(objectname)%00%(*objectname) [2ms]
2026-04-10 18:41:55.812 [info] > git config --get commit.template [7ms]
2026-04-10 18:41:55.812 [info] > git for-each-ref --format=%(refname)%00%(upstream:short)%00%(objectname)%00%(upstream:track)%00%(upstream:remotename)%00%(upstream:remoteref) refs/heads/main refs/remotes/main [1ms]
2026-04-10 18:41:55.821 [info] > git status -z -uall [4ms]
2026-04-10 18:41:55.822 [info] > git for-each-ref --sort -committerdate --format %(refname)%00%(objectname)%00%(*objectname) [1ms]
2026-04-10 18:41:56.154 [info] > git check-ignore -v -z --stdin [2ms]
2026-04-10 18:41:56.991 [info] > git fetch [1191ms]
2026-04-10 18:41:57.015 [info] > git config --get commit.template [12ms]
2026-04-10 18:41:57.015 [info] > git for-each-ref --format=%(refname)%00%(upstream:short)%00%(objectname)%00%(upstream:track)%00%(upstream:remotename)%00%(upstream:remoteref) refs/heads/main refs/remotes/main [2ms]
2026-04-10 18:41:57.031 [info] > git status -z -uall [7ms]
2026-04-10 18:41:57.032 [info] > git for-each-ref --sort -committerdate --format %(refname)%00%(objectname)%00%(*objectname) [1ms]
2026-04-10 18:41:58.199 [info] > git fetch [1160ms]
2026-04-10 18:41:58.215 [info] > git config --get commit.template [9ms]
2026-04-10 18:41:58.215 [info] > git for-each-ref --format=%(refname)%00%(upstream:short)%00%(objectname)%00%(upstream:track)%00%(upstream:remotename)%00%(upstream:remoteref) refs/heads/main refs/remotes/main [1ms]
2026-04-10 18:41:58.227 [info] > git status -z -uall [6ms]
2026-04-10 18:41:58.228 [info] > git for-each-ref --sort -committerdate --format %(refname)%00%(objectname)%00%(*objectname) [2ms]
2026-04-10 20:49:22.133 [info] > git config --get commit.template [8ms]
2026-04-10 20:49:22.133 [info] > git for-each-ref --format=%(refname)%00%(upstream:short)%00%(objectname)%00%(upstream:track)%00%(upstream:remotename)%00%(upstream:remoteref) refs/heads/main refs/remotes/main [1ms]
2026-04-10 20:49:22.145 [info] > git status -z -uall [6ms]
2026-04-10 20:49:22.145 [info] > git for-each-ref --sort -committerdate --format %(refname)%00%(objectname)%00%(*objectname) [1ms]
2026-04-10 20:49:23.335 [info] > git fetch [1223ms]
2026-04-10 20:49:23.357 [info] > git config --get commit.template [10ms]
2026-04-10 20:49:23.358 [info] > git for-each-ref --format=%(refname)%00%(upstream:short)%00%(objectname)%00%(upstream:track)%00%(upstream:remotename)%00%(upstream:remoteref) refs/heads/main refs/remotes/main [2ms]
2026-04-10 20:49:23.371 [info] > git status -z -uall [6ms]
2026-04-10 20:49:23.371 [info] > git for-each-ref --sort -committerdate --format %(refname)%00%(objectname)%00%(*objectname) [1ms]
2026-04-10 20:49:25.723 [info] > git fetch [2345ms]
2026-04-10 20:49:25.740 [info] > git config --get commit.template [7ms]
2026-04-10 20:49:25.741 [info] > git for-each-ref --format=%(refname)%00%(upstream:short)%00%(objectname)%00%(upstream:track)%00%(upstream:remotename)%00%(upstream:remoteref) refs/heads/main refs/remotes/main [1ms]
2026-04-10 20:49:25.752 [info] > git status -z -uall [5ms]
2026-04-10 20:49:25.753 [info] > git for-each-ref --sort -committerdate --format %(refname)%00%(objectname)%00%(*objectname) [1ms]
2026-04-10 20:49:40.285 [info] > git config --get commit.template [6ms]
2026-04-10 20:49:40.286 [info] > git for-each-ref --format=%(refname)%00%(upstream:short)%00%(objectname)%00%(upstream:track)%00%(upstream:remotename)%00%(upstream:remoteref) refs/heads/main refs/remotes/main [1ms]
2026-04-10 20:49:40.299 [info] > git status -z -uall [5ms]
2026-04-10 20:49:40.299 [info] > git for-each-ref --sort -committerdate --format %(refname)%00%(objectname)%00%(*objectname) [1ms]
2026-04-10 22:41:45.959 [info] > git config --get commit.template [10ms]
2026-04-10 22:41:45.961 [info] > git for-each-ref --format=%(refname)%00%(upstream:short)%00%(objectname)%00%(upstream:track)%00%(upstream:remotename)%00%(upstream:remoteref) refs/heads/main refs/remotes/main [2ms]
2026-04-10 22:41:45.979 [info] > git status -z -uall [9ms]
2026-04-10 22:41:45.980 [info] > git for-each-ref --sort -committerdate --format %(refname)%00%(objectname)%00%(*objectname) [2ms]
2026-04-10 22:41:46.335 [info] > git check-ignore -v -z --stdin [4ms]
2026-04-10 22:41:47.573 [info] > git fetch [1639ms]
2026-04-10 22:41:47.588 [info] > git config --get commit.template [2ms]
2026-04-10 22:41:47.602 [info] > git for-each-ref --format=%(refname)%00%(upstream:short)%00%(objectname)%00%(upstream:track)%00%(upstream:remotename)%00%(upstream:remoteref) refs/heads/main refs/remotes/main [2ms]
2026-04-10 22:41:47.626 [info] > git status -z -uall [13ms]
2026-04-10 22:41:47.627 [info] > git for-each-ref --sort -committerdate --format %(refname)%00%(objectname)%00%(*objectname) [2ms]
2026-04-10 22:41:48.893 [info] > git fetch [1248ms]
2026-04-10 22:41:48.923 [info] > git config --get commit.template [14ms]
2026-04-10 22:41:48.924 [info] > git for-each-ref --format=%(refname)%00%(upstream:short)%00%(objectname)%00%(upstream:track)%00%(upstream:remotename)%00%(upstream:remoteref) refs/heads/main refs/remotes/main [2ms]
2026-04-10 22:41:48.954 [info] > git status -z -uall [17ms]
2026-04-10 22:41:48.957 [info] > git for-each-ref --sort -committerdate --format %(refname)%00%(objectname)%00%(*objectname) [4ms]
2026-04-10 22:42:39.471 [info] > git config --get commit.template [20ms]
2026-04-10 22:42:39.472 [info] > git for-each-ref --format=%(refname)%00%(upstream:short)%00%(objectname)%00%(upstream:track)%00%(upstream:remotename)%00%(upstream:remoteref) refs/heads/main refs/remotes/main [5ms]
2026-04-10 22:42:39.499 [info] > git status -z -uall [15ms]
2026-04-10 22:42:39.501 [info] > git for-each-ref --sort -committerdate --format %(refname)%00%(objectname)%00%(*objectname) [3ms]
