Initializing document watcher...
Document watcher initialized
insurance-proj/tsconfig.json: {"tabSize":2,"indentSize":2,"insertSpaces":true,"cursorStyle":1,"lineNumbers":1}
insurance-proj/tsconfig.json: {"tabSize":2,"indentSize":2,"insertSpaces":true,"cursorStyle":1,"lineNumbers":1}
insurance-proj/tsconfig.json: Using EditorConfig core...
tsconfig.json: Target charset is not set
insurance-proj/tsconfig.json: {"tabSize":2,"indentSize":2,"insertSpaces":true,"cursorStyle":1,"lineNumbers":1}
insurance-proj/tsconfig.json: {"tabSize":2,"indentSize":2,"insertSpaces":true,"cursorStyle":1,"lineNumbers":1}
insurance-proj/tsconfig.json: {"tabSize":2,"indentSize":2,"insertSpaces":true,"cursorStyle":1,"lineNumbers":1}
insurance-proj/tsconfig.json: {"tabSize":2,"indentSize":2,"insertSpaces":true,"cursorStyle":1,"lineNumbers":1}
insurance-proj/tsconfig.json: {"tabSize":2,"indentSize":2,"insertSpaces":true,"cursorStyle":1,"lineNumbers":1}
insurance-proj/tsconfig.json: {"tabSize":2,"indentSize":2,"insertSpaces":true,"cursorStyle":1,"lineNumbers":1}
insurance-proj/tsconfig.json: {"tabSize":2,"indentSize":2,"insertSpaces":true,"cursorStyle":1,"lineNumbers":1}
insurance-proj/tsconfig.json: {"tabSize":2,"indentSize":2,"insertSpaces":true,"cursorStyle":1,"lineNumbers":1}
insurance-proj/tsconfig.json: {"tabSize":2,"indentSize":2,"insertSpaces":true,"cursorStyle":1,"lineNumbers":1}
insurance-proj/tsconfig.json: {"tabSize":2,"indentSize":2,"insertSpaces":true,"cursorStyle":1,"lineNumbers":1}
insurance-proj/tsconfig.json: {"tabSize":2,"indentSize":2,"insertSpaces":true,"cursorStyle":1,"lineNumbers":1}
insurance-proj/tsconfig.json: {"tabSize":2,"indentSize":2,"insertSpaces":true,"cursorStyle":1,"lineNumbers":1}
insurance-proj/tsconfig.json: {"tabSize":2,"indentSize":2,"insertSpaces":true,"cursorStyle":1,"lineNumbers":1}
insurance-proj/tsconfig.json: {"tabSize":2,"indentSize":2,"insertSpaces":true,"cursorStyle":1,"lineNumbers":1}
insurance-proj/tsconfig.json: {"tabSize":2,"indentSize":2,"insertSpaces":true,"cursorStyle":1,"lineNumbers":1}
insurance-proj/tsconfig.json: {"tabSize":2,"indentSize":2,"insertSpaces":true,"cursorStyle":1,"lineNumbers":1}
insurance-proj/tsconfig.json: {"tabSize":2,"indentSize":2,"insertSpaces":true,"cursorStyle":1,"lineNumbers":1}
insurance-proj/tsconfig.json: {"tabSize":2,"indentSize":2,"insertSpaces":true,"cursorStyle":1,"lineNumbers":1}
insurance-proj/tsconfig.json: {"tabSize":2,"indentSize":2,"insertSpaces":true,"cursorStyle":1,"lineNumbers":1}
insurance-proj/tsconfig.json: {"tabSize":2,"indentSize":2,"insertSpaces":true,"cursorStyle":1,"lineNumbers":1}
insurance-proj/tsconfig.json: {"tabSize":2,"indentSize":2,"insertSpaces":true,"cursorStyle":1,"lineNumbers":1}
insurance-proj/tsconfig.json: {"tabSize":2,"indentSize":2,"insertSpaces":true,"cursorStyle":1,"lineNumbers":1}
insurance-proj/tsconfig.json: {"tabSize":2,"indentSize":2,"insertSpaces":true,"cursorStyle":1,"lineNumbers":1}
insurance-proj/tsconfig.json: {"tabSize":2,"indentSize":2,"insertSpaces":true,"cursorStyle":1,"lineNumbers":1}
insurance-proj/tsconfig.json: {"tabSize":2,"indentSize":2,"insertSpaces":true,"cursorStyle":1,"lineNumbers":1}
insurance-proj/tsconfig.json: {"tabSize":2,"indentSize":2,"insertSpaces":true,"cursorStyle":1,"lineNumbers":1}
insurance-proj/tsconfig.json: {"tabSize":2,"indentSize":2,"insertSpaces":true,"cursorStyle":1,"lineNumbers":1}
insurance-proj/tsconfig.json: {"tabSize":2,"indentSize":2,"insertSpaces":true,"cursorStyle":1,"lineNumbers":1}
insurance-proj/tsconfig.json: {"tabSize":2,"indentSize":2,"insertSpaces":true,"cursorStyle":1,"lineNumbers":1}
insurance-proj/tsconfig.json: {"tabSize":2,"indentSize":2,"insertSpaces":true,"cursorStyle":1,"lineNumbers":1}
insurance-proj/tsconfig.json: {"tabSize":2,"indentSize":2,"insertSpaces":true,"cursorStyle":1,"lineNumbers":1}
insurance-proj/tsconfig.json: {"tabSize":2,"indentSize":2,"insertSpaces":true,"cursorStyle":1,"lineNumbers":1}
insurance-proj/tsconfig.json: {"tabSize":2,"indentSize":2,"insertSpaces":true,"cursorStyle":1,"lineNumbers":1}
insurance-proj/tsconfig.json: {"tabSize":2,"indentSize":2,"insertSpaces":true,"cursorStyle":1,"lineNumbers":1}
insurance-proj/tsconfig.json: {"tabSize":2,"indentSize":2,"insertSpaces":true,"cursorStyle":1,"lineNumbers":1}
insurance-proj/tsconfig.json: {"tabSize":2,"indentSize":2,"insertSpaces":true,"cursorStyle":1,"lineNumbers":1}
insurance-proj/tsconfig.json: {"tabSize":2,"indentSize":2,"insertSpaces":true,"cursorStyle":1,"lineNumbers":1}
insurance-proj/tsconfig.json: {"tabSize":2,"indentSize":2,"insertSpaces":true,"cursorStyle":1,"lineNumbers":1}
insurance-proj/tsconfig.json: {"tabSize":2,"indentSize":2,"insertSpaces":true,"cursorStyle":1,"lineNumbers":1}
insurance-proj/tsconfig.json: {"tabSize":2,"indentSize":2,"insertSpaces":true,"cursorStyle":1,"lineNumbers":1}
insurance-proj/tsconfig.json: {"tabSize":2,"indentSize":2,"insertSpaces":true,"cursorStyle":1,"lineNumbers":1}
insurance-proj/tsconfig.json: {"tabSize":2,"indentSize":2,"insertSpaces":true,"cursorStyle":1,"lineNumbers":1}
insurance-proj/tsconfig.json: {"tabSize":2,"indentSize":2,"insertSpaces":true,"cursorStyle":1,"lineNumbers":1}
insurance-proj/tsconfig.json: {"tabSize":2,"indentSize":2,"insertSpaces":true,"cursorStyle":1,"lineNumbers":1}
insurance-proj/tsconfig.json: {"tabSize":2,"indentSize":2,"insertSpaces":true,"cursorStyle":1,"lineNumbers":1}
insurance-proj/tsconfig.json: {"tabSize":2,"indentSize":2,"insertSpaces":true,"cursorStyle":1,"lineNumbers":1}
insurance-proj/tsconfig.json: {"tabSize":2,"indentSize":2,"insertSpaces":true,"cursorStyle":1,"lineNumbers":1}
insurance-proj/tsconfig.json: {"tabSize":2,"indentSize":2,"insertSpaces":true,"cursorStyle":1,"lineNumbers":1}
insurance-proj/tsconfig.json: {"tabSize":2,"indentSize":2,"insertSpaces":true,"cursorStyle":1,"lineNumbers":1}
insurance-proj/tsconfig.json: {"tabSize":2,"indentSize":2,"insertSpaces":true,"cursorStyle":1,"lineNumbers":1}
insurance-proj/tsconfig.json: {"tabSize":2,"indentSize":2,"insertSpaces":true,"cursorStyle":1,"lineNumbers":1}
insurance-proj/tsconfig.json: {"tabSize":2,"indentSize":2,"insertSpaces":true,"cursorStyle":1,"lineNumbers":1}
insurance-proj/tsconfig.json: {"tabSize":2,"indentSize":2,"insertSpaces":true,"cursorStyle":1,"lineNumbers":1}
insurance-proj/tsconfig.json: {"tabSize":2,"indentSize":2,"insertSpaces":true,"cursorStyle":1,"lineNumbers":1}
insurance-proj/tsconfig.json: {"tabSize":2,"indentSize":2,"insertSpaces":true,"cursorStyle":1,"lineNumbers":1}
insurance-proj/tsconfig.json: {"tabSize":2,"indentSize":2,"insertSpaces":true,"cursorStyle":1,"lineNumbers":1}
insurance-proj/tsconfig.json: {"tabSize":2,"indentSize":2,"insertSpaces":true,"cursorStyle":1,"lineNumbers":1}
insurance-proj/tsconfig.json: {"tabSize":2,"indentSize":2,"insertSpaces":true,"cursorStyle":1,"lineNumbers":1}
insurance-proj/tsconfig.json: {"tabSize":2,"indentSize":2,"insertSpaces":true,"cursorStyle":1,"lineNumbers":1}
insurance-proj/tsconfig.json: {"tabSize":2,"indentSize":2,"insertSpaces":true,"cursorStyle":1,"lineNumbers":1}
insurance-proj/tsconfig.json: {"tabSize":2,"indentSize":2,"insertSpaces":true,"cursorStyle":1,"lineNumbers":1}
insurance-proj/tsconfig.json: {"tabSize":2,"indentSize":2,"insertSpaces":true,"cursorStyle":1,"lineNumbers":1}
insurance-proj/tsconfig.json: {"tabSize":2,"indentSize":2,"insertSpaces":true,"cursorStyle":1,"lineNumbers":1}
insurance-proj/tsconfig.json: {"tabSize":2,"indentSize":2,"insertSpaces":true,"cursorStyle":1,"lineNumbers":1}
insurance-proj/tsconfig.json: {"tabSize":2,"indentSize":2,"insertSpaces":true,"cursorStyle":1,"lineNumbers":1}
insurance-proj/tsconfig.json: {"tabSize":2,"indentSize":2,"insertSpaces":true,"cursorStyle":1,"lineNumbers":1}
insurance-proj/tsconfig.json: {"tabSize":2,"indentSize":2,"insertSpaces":true,"cursorStyle":1,"lineNumbers":1}
insurance-proj/tsconfig.json: {"tabSize":2,"indentSize":2,"insertSpaces":true,"cursorStyle":1,"lineNumbers":1}
insurance-proj/tsconfig.json: {"tabSize":2,"indentSize":2,"insertSpaces":true,"cursorStyle":1,"lineNumbers":1}
insurance-proj/tsconfig.json: {"tabSize":2,"indentSize":2,"insertSpaces":true,"cursorStyle":1,"lineNumbers":1}
insurance-proj/tsconfig.json: {"tabSize":2,"indentSize":2,"insertSpaces":true,"cursorStyle":1,"lineNumbers":1}
insurance-proj/tsconfig.json: {"tabSize":2,"indentSize":2,"insertSpaces":true,"cursorStyle":1,"lineNumbers":1}
insurance-proj/tsconfig.json: {"tabSize":2,"indentSize":2,"insertSpaces":true,"cursorStyle":1,"lineNumbers":1}
insurance-proj/tsconfig.json: {"tabSize":2,"indentSize":2,"insertSpaces":true,"cursorStyle":1,"lineNumbers":1}
insurance-proj/tsconfig.json: {"tabSize":2,"indentSize":2,"insertSpaces":true,"cursorStyle":1,"lineNumbers":1}
insurance-proj/tsconfig.json: {"tabSize":2,"indentSize":2,"insertSpaces":true,"cursorStyle":1,"lineNumbers":1}
insurance-proj/tsconfig.json: {"tabSize":2,"indentSize":2,"insertSpaces":true,"cursorStyle":1,"lineNumbers":1}
insurance-proj/tsconfig.json: {"tabSize":2,"indentSize":2,"insertSpaces":true,"cursorStyle":1,"lineNumbers":1}
insurance-proj/tsconfig.json: {"tabSize":2,"indentSize":2,"insertSpaces":true,"cursorStyle":1,"lineNumbers":1}
insurance-proj/tsconfig.json: {"tabSize":2,"indentSize":2,"insertSpaces":true,"cursorStyle":1,"lineNumbers":1}
insurance-proj/tsconfig.json: {"tabSize":2,"indentSize":2,"insertSpaces":true,"cursorStyle":1,"lineNumbers":1}
insurance-proj/tsconfig.json: {"tabSize":2,"indentSize":2,"insertSpaces":true,"cursorStyle":1,"lineNumbers":1}
insurance-proj/tsconfig.json: {"tabSize":2,"indentSize":2,"insertSpaces":true,"cursorStyle":1,"lineNumbers":1}
insurance-proj/tsconfig.json: {"tabSize":2,"indentSize":2,"insertSpaces":true,"cursorStyle":1,"lineNumbers":1}
insurance-proj/tsconfig.json: {"tabSize":2,"indentSize":2,"insertSpaces":true,"cursorStyle":1,"lineNumbers":1}
insurance-proj/tsconfig.json: {"tabSize":2,"indentSize":2,"insertSpaces":true,"cursorStyle":1,"lineNumbers":1}
insurance-proj/tsconfig.json: {"tabSize":2,"indentSize":2,"insertSpaces":true,"cursorStyle":1,"lineNumbers":1}
insurance-proj/tsconfig.json: {"tabSize":2,"indentSize":2,"insertSpaces":true,"cursorStyle":1,"lineNumbers":1}
insurance-proj/tsconfig.json: {"tabSize":2,"indentSize":2,"insertSpaces":true,"cursorStyle":1,"lineNumbers":1}
insurance-proj/tsconfig.json: {"tabSize":2,"indentSize":2,"insertSpaces":true,"cursorStyle":1,"lineNumbers":1}
insurance-proj/tsconfig.json: {"tabSize":2,"indentSize":2,"insertSpaces":true,"cursorStyle":1,"lineNumbers":1}
insurance-proj/tsconfig.json: {"tabSize":2,"indentSize":2,"insertSpaces":true,"cursorStyle":1,"lineNumbers":1}
insurance-proj/tsconfig.json: {"tabSize":2,"indentSize":2,"insertSpaces":true,"cursorStyle":1,"lineNumbers":1}
insurance-proj/tsconfig.json: {"tabSize":2,"indentSize":2,"insertSpaces":true,"cursorStyle":1,"lineNumbers":1}
insurance-proj/tsconfig.json: {"tabSize":2,"indentSize":2,"insertSpaces":true,"cursorStyle":1,"lineNumbers":1}
insurance-proj/tsconfig.json: {"tabSize":2,"indentSize":2,"insertSpaces":true,"cursorStyle":1,"lineNumbers":1}
insurance-proj/tsconfig.json: {"tabSize":2,"indentSize":2,"insertSpaces":true,"cursorStyle":1,"lineNumbers":1}
insurance-proj/tsconfig.json: {"tabSize":2,"indentSize":2,"insertSpaces":true,"cursorStyle":1,"lineNumbers":1}
insurance-proj/tsconfig.json: {"tabSize":2,"indentSize":2,"insertSpaces":true,"cursorStyle":1,"lineNumbers":1}
insurance-proj/tsconfig.json: {"tabSize":2,"indentSize":2,"insertSpaces":true,"cursorStyle":1,"lineNumbers":1}
insurance-proj/tsconfig.json: {"tabSize":2,"indentSize":2,"insertSpaces":true,"cursorStyle":1,"lineNumbers":1}
insurance-proj/tsconfig.json: {"tabSize":2,"indentSize":2,"insertSpaces":true,"cursorStyle":1,"lineNumbers":1}
insurance-proj/tsconfig.json: {"tabSize":2,"indentSize":2,"insertSpaces":true,"cursorStyle":1,"lineNumbers":1}
insurance-proj/tsconfig.json: {"tabSize":2,"indentSize":2,"insertSpaces":true,"cursorStyle":1,"lineNumbers":1}
insurance-proj/tsconfig.json: {"tabSize":2,"indentSize":2,"insertSpaces":true,"cursorStyle":1,"lineNumbers":1}
insurance-proj/tsconfig.json: {"tabSize":2,"indentSize":2,"insertSpaces":true,"cursorStyle":1,"lineNumbers":1}
insurance-proj/tsconfig.json: {"tabSize":2,"indentSize":2,"insertSpaces":true,"cursorStyle":1,"lineNumbers":1}
insurance-proj/tsconfig.json: {"tabSize":2,"indentSize":2,"insertSpaces":true,"cursorStyle":1,"lineNumbers":1}
insurance-proj/tsconfig.json: {"tabSize":2,"indentSize":2,"insertSpaces":true,"cursorStyle":1,"lineNumbers":1}
insurance-proj/tsconfig.json: {"tabSize":2,"indentSize":2,"insertSpaces":true,"cursorStyle":1,"lineNumbers":1}
insurance-proj/tsconfig.json: {"tabSize":2,"indentSize":2,"insertSpaces":true,"cursorStyle":1,"lineNumbers":1}
insurance-proj/tsconfig.json: {"tabSize":2,"indentSize":2,"insertSpaces":true,"cursorStyle":1,"lineNumbers":1}
insurance-proj/tsconfig.json: {"tabSize":2,"indentSize":2,"insertSpaces":true,"cursorStyle":1,"lineNumbers":1}
insurance-proj/tsconfig.json: {"tabSize":2,"indentSize":2,"insertSpaces":true,"cursorStyle":1,"lineNumbers":1}
insurance-proj/tsconfig.json: {"tabSize":2,"indentSize":2,"insertSpaces":true,"cursorStyle":1,"lineNumbers":1}
insurance-proj/tsconfig.json: {"tabSize":2,"indentSize":2,"insertSpaces":true,"cursorStyle":1,"lineNumbers":1}
insurance-proj/tsconfig.json: {"tabSize":2,"indentSize":2,"insertSpaces":true,"cursorStyle":1,"lineNumbers":1}
insurance-proj/tsconfig.json: {"tabSize":2,"indentSize":2,"insertSpaces":true,"cursorStyle":1,"lineNumbers":1}
insurance-proj/tsconfig.json: {"tabSize":2,"indentSize":2,"insertSpaces":true,"cursorStyle":1,"lineNumbers":1}
insurance-proj/tsconfig.json: {"tabSize":2,"indentSize":2,"insertSpaces":true,"cursorStyle":1,"lineNumbers":1}
insurance-proj/tsconfig.json: {"tabSize":2,"indentSize":2,"insertSpaces":true,"cursorStyle":1,"lineNumbers":1}
insurance-proj/tsconfig.json: {"tabSize":2,"indentSize":2,"insertSpaces":true,"cursorStyle":1,"lineNumbers":1}
insurance-proj/tsconfig.json: {"tabSize":2,"indentSize":2,"insertSpaces":true,"cursorStyle":1,"lineNumbers":1}
insurance-proj/tsconfig.json: {"tabSize":2,"indentSize":2,"insertSpaces":true,"cursorStyle":1,"lineNumbers":1}
insurance-proj/tsconfig.json: {"tabSize":2,"indentSize":2,"insertSpaces":true,"cursorStyle":1,"lineNumbers":1}
insurance-proj/tsconfig.json: {"tabSize":2,"indentSize":2,"insertSpaces":true,"cursorStyle":1,"lineNumbers":1}
insurance-proj/tsconfig.json: {"tabSize":2,"indentSize":2,"insertSpaces":true,"cursorStyle":1,"lineNumbers":1}
insurance-proj/tsconfig.json: {"tabSize":2,"indentSize":2,"insertSpaces":true,"cursorStyle":1,"lineNumbers":1}
insurance-proj/tsconfig.json: {"tabSize":2,"indentSize":2,"insertSpaces":true,"cursorStyle":1,"lineNumbers":1}
insurance-proj/tsconfig.json: {"tabSize":2,"indentSize":2,"insertSpaces":true,"cursorStyle":1,"lineNumbers":1}
insurance-proj/tsconfig.json: {"tabSize":2,"indentSize":2,"insertSpaces":true,"cursorStyle":1,"lineNumbers":1}
insurance-proj/tsconfig.json: {"tabSize":2,"indentSize":2,"insertSpaces":true,"cursorStyle":1,"lineNumbers":1}
insurance-proj/tsconfig.json: {"tabSize":2,"indentSize":2,"insertSpaces":true,"cursorStyle":1,"lineNumbers":1}
insurance-proj/tsconfig.json: {"tabSize":2,"indentSize":2,"insertSpaces":true,"cursorStyle":1,"lineNumbers":1}
insurance-proj/tsconfig.json: {"tabSize":2,"indentSize":2,"insertSpaces":true,"cursorStyle":1,"lineNumbers":1}
insurance-proj/tsconfig.json: {"tabSize":2,"indentSize":2,"insertSpaces":true,"cursorStyle":1,"lineNumbers":1}
insurance-proj/tsconfig.json: {"tabSize":2,"indentSize":2,"insertSpaces":true,"cursorStyle":1,"lineNumbers":1}
insurance-proj/tsconfig.json: {"tabSize":2,"indentSize":2,"insertSpaces":true,"cursorStyle":1,"lineNumbers":1}
insurance-proj/tsconfig.json: {"tabSize":2,"indentSize":2,"insertSpaces":true,"cursorStyle":1,"lineNumbers":1}
insurance-proj/src/app/routes.tsx: {"tabSize":2,"indentSize":2,"insertSpaces":true,"cursorStyle":1,"lineNumbers":1}
insurance-proj/src/app/routes.tsx: Using EditorConfig core...
src/app/routes.tsx: Target charset is not set
insurance-proj/src/app/pages/insurance/InsuranceOrderOnBehalf.tsx: {"tabSize":2,"indentSize":2,"insertSpaces":true,"cursorStyle":1,"lineNumbers":1}
insurance-proj/src/app/pages/insurance/InsuranceOrderOnBehalf.tsx: Using EditorConfig core...
src/app/pages/insurance/InsuranceOrderOnBehalf.tsx: Target charset is not set
insurance-proj/src/app/pages/insurance/InsuranceOrderOnBehalf.tsx: {"tabSize":2,"indentSize":2,"insertSpaces":true,"cursorStyle":1,"lineNumbers":1}
insurance-proj/src/app/pages/insurance/InsuranceOrderOnBehalf.tsx: Using EditorConfig core...
insurance-proj/src/app/pages/insurance/InsuranceOrderOnBehalf.tsx: Using EditorConfig core...
src/app/pages/insurance/InsuranceOrderOnBehalf.tsx: Target charset is not set
insurance-proj/src/app/pages/insurance/InsuranceOrderOnBehalf.tsx: Using EditorConfig core...
insurance-proj/src/app/pages/insurance/InsuranceOrderOnBehalf.tsx: Using EditorConfig core...
src/app/pages/insurance/InsuranceOrderOnBehalf.tsx: Target charset is not set
insurance-proj/src/app/pages/insurance/InsuranceOrderOnBehalf.tsx: {"tabSize":2,"indentSize":2,"insertSpaces":true,"cursorStyle":1,"lineNumbers":1}
insurance-proj/src/app/pages/insurance/InsuranceOrderOnBehalf.tsx: Using EditorConfig core...
insurance-proj/src/app/pages/insurance/InsuranceOrderOnBehalf.tsx: Using EditorConfig core...
src/app/pages/insurance/InsuranceOrderOnBehalf.tsx: Target charset is not set
insurance-proj/src/app/pages/insurance/InsuranceOrderOnBehalf.tsx: Using EditorConfig core...
insurance-proj/src/app/pages/insurance/InsuranceOrderOnBehalf.tsx: Using EditorConfig core...
src/app/pages/insurance/InsuranceOrderOnBehalf.tsx: Target charset is not set
insurance-proj/src/app/pages/insurance/InsuranceOrderOnBehalf.tsx: Using EditorConfig core...
insurance-proj/src/app/pages/insurance/InsuranceOrderOnBehalf.tsx: Using EditorConfig core...
src/app/pages/insurance/InsuranceOrderOnBehalf.tsx: Target charset is not set
insurance-proj/src/app/pages/insurance/InsuranceOrderOnBehalf.tsx: {"tabSize":2,"indentSize":2,"insertSpaces":true,"cursorStyle":1,"lineNumbers":1}
insurance-proj/src/app/pages/insurance/InsuranceOrderOnBehalf.tsx: Using EditorConfig core...
insurance-proj/src/app/pages/insurance/InsuranceOrderOnBehalf.tsx: Using EditorConfig core...
src/app/pages/insurance/InsuranceOrderOnBehalf.tsx: Target charset is not set
insurance-proj/src/app/pages/insurance/InsuranceOrderOnBehalf.tsx: {"tabSize":2,"indentSize":2,"insertSpaces":true,"cursorStyle":1,"lineNumbers":1}
insurance-proj/src/app/pages/insurance/InsuranceOrderOnBehalf.tsx: Using EditorConfig core...
insurance-proj/src/app/pages/insurance/InsuranceOrderOnBehalf.tsx: Using EditorConfig core...
src/app/pages/insurance/InsuranceOrderOnBehalf.tsx: Target charset is not set
insurance-proj/src/app/pages/insurance/InsuranceOrderOnBehalf.tsx: Using EditorConfig core...
insurance-proj/src/app/pages/insurance/InsuranceOrderOnBehalf.tsx: Using EditorConfig core...
src/app/pages/insurance/InsuranceOrderOnBehalf.tsx: Target charset is not set
insurance-proj/src/app/pages/insurance/InsuranceOrderOnBehalf.tsx: Using EditorConfig core...
insurance-proj/src/app/pages/insurance/InsuranceOrderOnBehalf.tsx: Using EditorConfig core...
src/app/pages/insurance/InsuranceOrderOnBehalf.tsx: Target charset is not set
insurance-proj/src/app/pages/insurance/InsuranceOrderOnBehalf.tsx: {"tabSize":2,"indentSize":2,"insertSpaces":true,"cursorStyle":1,"lineNumbers":1}
insurance-proj/src/app/pages/insurance/InsuranceOrderOnBehalf.tsx: Using EditorConfig core...
insurance-proj/src/app/pages/insurance/InsuranceOrderOnBehalf.tsx: Using EditorConfig core...
src/app/pages/insurance/InsuranceOrderOnBehalf.tsx: Target charset is not set
insurance-proj/src/app/pages/insurance/InsuranceOrderOnBehalf.tsx: Using EditorConfig core...
insurance-proj/src/app/pages/insurance/InsuranceOrderOnBehalf.tsx: Using EditorConfig core...
src/app/pages/insurance/InsuranceOrderOnBehalf.tsx: Target charset is not set
insurance-proj/src/app/pages/insurance/InsuranceOrderOnBehalf.tsx: {"tabSize":2,"indentSize":2,"insertSpaces":true,"cursorStyle":1,"lineNumbers":1}
insurance-proj/src/app/pages/insurance/InsuranceOrderOnBehalf.tsx: Using EditorConfig core...
insurance-proj/src/app/pages/insurance/InsuranceOrderOnBehalf.tsx: Using EditorConfig core...
src/app/pages/insurance/InsuranceOrderOnBehalf.tsx: Target charset is not set
insurance-proj/src/app/pages/insurance/InsuranceOrderOnBehalf.tsx: {"tabSize":2,"indentSize":2,"insertSpaces":true,"cursorStyle":1,"lineNumbers":1}
insurance-proj/src/app/pages/insurance/InsuranceOrderOnBehalf.tsx: {"tabSize":2,"indentSize":2,"insertSpaces":true,"cursorStyle":1,"lineNumbers":1}
insurance-proj/src/app/pages/insurance/InsuranceOrderOnBehalf.tsx: {"tabSize":2,"indentSize":2,"insertSpaces":true,"cursorStyle":1,"lineNumbers":1}
insurance-proj/src/app/pages/insurance/InsuranceOrderOnBehalf.tsx: {"tabSize":2,"indentSize":2,"insertSpaces":true,"cursorStyle":1,"lineNumbers":1}
insurance-proj/src/app/pages/insurance/InsuranceOrderOnBehalf.tsx: {"tabSize":2,"indentSize":2,"insertSpaces":true,"cursorStyle":1,"lineNumbers":1}
insurance-proj/src/app/pages/insurance/InsuranceOrderOnBehalf.tsx: {"tabSize":2,"indentSize":2,"insertSpaces":true,"cursorStyle":1,"lineNumbers":1}
insurance-proj/src/app/pages/insurance/InsuranceOrderOnBehalf.tsx: {"tabSize":2,"indentSize":2,"insertSpaces":true,"cursorStyle":1,"lineNumbers":1}
insurance-proj/src/app/pages/insurance/InsuranceOrderOnBehalf.tsx: Using EditorConfig core...
insurance-proj/src/app/pages/insurance/InsuranceOrderOnBehalf.tsx: Using EditorConfig core...
src/app/pages/insurance/InsuranceOrderOnBehalf.tsx: Target charset is not set
insurance-proj/src/app/pages/insurance/InsuranceOrderOnBehalf.tsx: Using EditorConfig core...
insurance-proj/src/app/pages/insurance/InsuranceOrderOnBehalf.tsx: Using EditorConfig core...
src/app/pages/insurance/InsuranceOrderOnBehalf.tsx: Target charset is not set
insurance-proj/src/app/pages/insurance/InsuranceOrderOnBehalf.tsx: Using EditorConfig core...
insurance-proj/src/app/pages/insurance/InsuranceOrderOnBehalf.tsx: Using EditorConfig core...
src/app/pages/insurance/InsuranceOrderOnBehalf.tsx: Target charset is not set
insurance-proj/src/app/pages/insurance/InsuranceOrderOnBehalf.tsx: Using EditorConfig core...
insurance-proj/src/app/pages/insurance/InsuranceOrderOnBehalf.tsx: Using EditorConfig core...
src/app/pages/insurance/InsuranceOrderOnBehalf.tsx: Target charset is not set
insurance-proj/src/app/pages/insurance/InsuranceOrderOnBehalf.tsx: Using EditorConfig core...
insurance-proj/src/app/pages/insurance/InsuranceOrderOnBehalf.tsx: Using EditorConfig core...
src/app/pages/insurance/InsuranceOrderOnBehalf.tsx: Target charset is not set
insurance-proj/src/app/pages/insurance/InsuranceOrderOnBehalf.tsx: Using EditorConfig core...
insurance-proj/src/app/pages/insurance/InsuranceOrderOnBehalf.tsx: Using EditorConfig core...
src/app/pages/insurance/InsuranceOrderOnBehalf.tsx: Target charset is not set
insurance-proj/src/app/pages/insurance/InsuranceOrderOnBehalf.tsx: Using EditorConfig core...
insurance-proj/src/app/pages/insurance/InsuranceOrderOnBehalf.tsx: Using EditorConfig core...
src/app/pages/insurance/InsuranceOrderOnBehalf.tsx: Target charset is not set
insurance-proj/src/app/pages/insurance/InsuranceOrderOnBehalf.tsx: {"tabSize":2,"indentSize":2,"insertSpaces":true,"cursorStyle":1,"lineNumbers":1}
insurance-proj/src/app/pages/insurance/InsuranceOrderOnBehalf.tsx: {"tabSize":2,"indentSize":2,"insertSpaces":true,"cursorStyle":1,"lineNumbers":1}
insurance-proj/src/app/pages/insurance/InsuranceOrderOnBehalf.tsx: {"tabSize":2,"indentSize":2,"insertSpaces":true,"cursorStyle":1,"lineNumbers":1}
insurance-proj/create-insurance-customer-accounts.mjs: {"tabSize":2,"indentSize":2,"insertSpaces":true,"cursorStyle":1,"lineNumbers":1}
insurance-proj/create-insurance-customer-accounts.mjs: Using EditorConfig core...
create-insurance-customer-accounts.mjs: Target charset is not set
insurance-proj/create-insurance-customer-accounts.mjs: {"tabSize":2,"indentSize":2,"insertSpaces":true,"cursorStyle":1,"lineNumbers":1}
insurance-proj/create-insurance-customer-accounts.mjs: {"tabSize":2,"indentSize":2,"insertSpaces":true,"cursorStyle":1,"lineNumbers":1}
insurance-proj/create-insurance-customer-accounts.mjs: {"tabSize":2,"indentSize":2,"insertSpaces":true,"cursorStyle":1,"lineNumbers":1}
insurance-proj/create-insurance-customer-accounts.mjs: {"tabSize":2,"indentSize":2,"insertSpaces":true,"cursorStyle":1,"lineNumbers":1}
insurance-proj/create-staff-accounts.mjs: {"tabSize":2,"indentSize":2,"insertSpaces":true,"cursorStyle":1,"lineNumbers":1}
insurance-proj/create-staff-accounts.mjs: Using EditorConfig core...
create-staff-accounts.mjs: Target charset is not set
insurance-proj/create-insurance-customer-accounts.mjs: {"tabSize":2,"indentSize":2,"insertSpaces":true,"cursorStyle":1,"lineNumbers":1}
insurance-proj/create-insurance-customer-accounts.mjs: Using EditorConfig core...
create-insurance-customer-accounts.mjs: Target charset is not set
insurance-proj/create-insurance-customer-accounts.mjs: {"tabSize":2,"indentSize":2,"insertSpaces":true,"cursorStyle":1,"lineNumbers":1}
insurance-proj/create-insurance-customer-accounts.mjs: {"tabSize":2,"indentSize":2,"insertSpaces":true,"cursorStyle":1,"lineNumbers":1}
insurance-proj/create-insurance-customer-accounts.mjs: Using EditorConfig core...
insurance-proj/create-insurance-customer-accounts.mjs: Using EditorConfig core...
create-insurance-customer-accounts.mjs: Target charset is not set
insurance-proj/create-insurance-customer-accounts.mjs: {"tabSize":2,"indentSize":2,"insertSpaces":true,"cursorStyle":1,"lineNumbers":1}
insurance-proj/create-insurance-customer-accounts.mjs: Using EditorConfig core...
insurance-proj/create-insurance-customer-accounts.mjs: Using EditorConfig core...
create-insurance-customer-accounts.mjs: Target charset is not set
insurance-proj/create-insurance-customer-accounts.mjs: {"tabSize":2,"indentSize":2,"insertSpaces":true,"cursorStyle":1,"lineNumbers":1}
insurance-proj/create-insurance-customer-accounts.mjs: {"tabSize":2,"indentSize":2,"insertSpaces":true,"cursorStyle":1,"lineNumbers":1}
insurance-proj/create-insurance-customer-accounts.mjs: {"tabSize":2,"indentSize":2,"insertSpaces":true,"cursorStyle":1,"lineNumbers":1}
insurance-proj/create-insurance-customer-accounts.mjs: {"tabSize":2,"indentSize":2,"insertSpaces":true,"cursorStyle":1,"lineNumbers":1}
insurance-proj/create-insurance-customer-accounts.mjs: Using EditorConfig core...
insurance-proj/create-insurance-customer-accounts.mjs: Using EditorConfig core...
create-insurance-customer-accounts.mjs: Target charset is not set
insurance-proj/create-insurance-customer-accounts.mjs: {"tabSize":2,"indentSize":2,"insertSpaces":true,"cursorStyle":1,"lineNumbers":1}
insurance-proj/create-insurance-customer-accounts.mjs: {"tabSize":2,"indentSize":2,"insertSpaces":true,"cursorStyle":1,"lineNumbers":1}
insurance-proj/create-insurance-customer-accounts.mjs: {"tabSize":2,"indentSize":2,"insertSpaces":true,"cursorStyle":1,"lineNumbers":1}
insurance-proj/create-insurance-customer-accounts.mjs: {"tabSize":2,"indentSize":2,"insertSpaces":true,"cursorStyle":1,"lineNumbers":1}
insurance-proj/create-insurance-customer-accounts.mjs: {"tabSize":2,"indentSize":2,"insertSpaces":true,"cursorStyle":1,"lineNumbers":1}
insurance-proj/create-insurance-customer-accounts.mjs: {"tabSize":2,"indentSize":2,"insertSpaces":true,"cursorStyle":1,"lineNumbers":1}
insurance-proj/create-insurance-customer-accounts.mjs: {"tabSize":2,"indentSize":2,"insertSpaces":true,"cursorStyle":1,"lineNumbers":1}
insurance-proj/create-insurance-customer-accounts.mjs: {"tabSize":2,"indentSize":2,"insertSpaces":true,"cursorStyle":1,"lineNumbers":1}
insurance-proj/create-insurance-customer-accounts.mjs: {"tabSize":2,"indentSize":2,"insertSpaces":true,"cursorStyle":1,"lineNumbers":1}
insurance-proj/create-insurance-customer-accounts.mjs: {"tabSize":2,"indentSize":2,"insertSpaces":true,"cursorStyle":1,"lineNumbers":1}
insurance-proj/create-insurance-customer-accounts.mjs: {"tabSize":2,"indentSize":2,"insertSpaces":true,"cursorStyle":1,"lineNumbers":1}
insurance-proj/create-insurance-customer-accounts.mjs: {"tabSize":2,"indentSize":2,"insertSpaces":true,"cursorStyle":1,"lineNumbers":1}
insurance-proj/create-insurance-customer-accounts.mjs: {"tabSize":2,"indentSize":2,"insertSpaces":true,"cursorStyle":1,"lineNumbers":1}
insurance-proj/create-insurance-customer-accounts.mjs: {"tabSize":2,"indentSize":2,"insertSpaces":true,"cursorStyle":1,"lineNumbers":1}
insurance-proj/create-insurance-customer-accounts.mjs: {"tabSize":2,"indentSize":2,"insertSpaces":true,"cursorStyle":1,"lineNumbers":1}
insurance-proj/create-insurance-customer-accounts.mjs: {"tabSize":2,"indentSize":2,"insertSpaces":true,"cursorStyle":1,"lineNumbers":1}
insurance-proj/create-insurance-customer-accounts.mjs: {"tabSize":2,"indentSize":2,"insertSpaces":true,"cursorStyle":1,"lineNumbers":1}
insurance-proj/create-insurance-customer-accounts.mjs: Using EditorConfig core...
insurance-proj/create-insurance-customer-accounts.mjs: Using EditorConfig core...
create-insurance-customer-accounts.mjs: Target charset is not set
insurance-proj/create-insurance-customer-accounts.mjs: {"tabSize":2,"indentSize":2,"insertSpaces":true,"cursorStyle":1,"lineNumbers":1}
insurance-proj/create-insurance-customer-accounts.mjs: {"tabSize":2,"indentSize":2,"insertSpaces":true,"cursorStyle":1,"lineNumbers":1}
insurance-proj/create-insurance-customer-accounts.mjs: {"tabSize":2,"indentSize":2,"insertSpaces":true,"cursorStyle":1,"lineNumbers":1}
insurance-proj/create-insurance-customer-accounts.mjs: {"tabSize":2,"indentSize":2,"insertSpaces":true,"cursorStyle":1,"lineNumbers":1}
insurance-proj/create-insurance-customer-accounts.mjs: {"tabSize":2,"indentSize":2,"insertSpaces":true,"cursorStyle":1,"lineNumbers":1}
insurance-proj/create-insurance-customer-accounts.mjs: {"tabSize":2,"indentSize":2,"insertSpaces":true,"cursorStyle":1,"lineNumbers":1}
insurance-proj/create-insurance-customer-accounts.mjs: {"tabSize":2,"indentSize":2,"insertSpaces":true,"cursorStyle":1,"lineNumbers":1}
insurance-proj/create-insurance-customer-accounts.mjs: {"tabSize":2,"indentSize":2,"insertSpaces":true,"cursorStyle":1,"lineNumbers":1}
insurance-proj/create-insurance-customer-accounts.mjs: {"tabSize":2,"indentSize":2,"insertSpaces":true,"cursorStyle":1,"lineNumbers":1}
insurance-proj/create-insurance-customer-accounts.mjs: {"tabSize":2,"indentSize":2,"insertSpaces":true,"cursorStyle":1,"lineNumbers":1}
insurance-proj/create-insurance-customer-accounts.mjs: {"tabSize":2,"indentSize":2,"insertSpaces":true,"cursorStyle":1,"lineNumbers":1}
insurance-proj/create-insurance-customer-accounts.mjs: {"tabSize":2,"indentSize":2,"insertSpaces":true,"cursorStyle":1,"lineNumbers":1}
insurance-proj/create-insurance-customer-accounts.mjs: {"tabSize":2,"indentSize":2,"insertSpaces":true,"cursorStyle":1,"lineNumbers":1}
insurance-proj/create-insurance-customer-accounts.mjs: {"tabSize":2,"indentSize":2,"insertSpaces":true,"cursorStyle":1,"lineNumbers":1}
insurance-proj/create-insurance-customer-accounts.mjs: {"tabSize":2,"indentSize":2,"insertSpaces":true,"cursorStyle":1,"lineNumbers":1}
insurance-proj/create-insurance-customer-accounts.mjs: {"tabSize":2,"indentSize":2,"insertSpaces":true,"cursorStyle":1,"lineNumbers":1}
insurance-proj/create-insurance-customer-accounts.mjs: {"tabSize":2,"indentSize":2,"insertSpaces":true,"cursorStyle":1,"lineNumbers":1}
insurance-proj/create-insurance-customer-accounts.mjs: {"tabSize":2,"indentSize":2,"insertSpaces":true,"cursorStyle":1,"lineNumbers":1}
insurance-proj/create-insurance-customer-accounts.mjs: Using EditorConfig core...
insurance-proj/create-insurance-customer-accounts.mjs: Using EditorConfig core...
create-insurance-customer-accounts.mjs: Target charset is not set
insurance-proj/create-insurance-customer-accounts.mjs: {"tabSize":2,"indentSize":2,"insertSpaces":true,"cursorStyle":1,"lineNumbers":1}
insurance-proj/create-insurance-customer-accounts.mjs: {"tabSize":2,"indentSize":2,"insertSpaces":true,"cursorStyle":1,"lineNumbers":1}
insurance-proj/create-insurance-customer-accounts.mjs: {"tabSize":2,"indentSize":2,"insertSpaces":true,"cursorStyle":1,"lineNumbers":1}
insurance-proj/create-insurance-customer-accounts.mjs: {"tabSize":2,"indentSize":2,"insertSpaces":true,"cursorStyle":1,"lineNumbers":1}
insurance-proj/create-insurance-customer-accounts.mjs: {"tabSize":2,"indentSize":2,"insertSpaces":true,"cursorStyle":1,"lineNumbers":1}
insurance-proj/create-insurance-customer-accounts.mjs: {"tabSize":2,"indentSize":2,"insertSpaces":true,"cursorStyle":1,"lineNumbers":1}
insurance-proj/create-insurance-customer-accounts.mjs: {"tabSize":2,"indentSize":2,"insertSpaces":true,"cursorStyle":1,"lineNumbers":1}
insurance-proj/create-insurance-customer-accounts.mjs: {"tabSize":2,"indentSize":2,"insertSpaces":true,"cursorStyle":1,"lineNumbers":1}
insurance-proj/create-insurance-customer-accounts.mjs: {"tabSize":2,"indentSize":2,"insertSpaces":true,"cursorStyle":1,"lineNumbers":1}
insurance-proj/create-insurance-customer-accounts.mjs: {"tabSize":2,"indentSize":2,"insertSpaces":true,"cursorStyle":1,"lineNumbers":1}
insurance-proj/create-insurance-customer-accounts.mjs: {"tabSize":2,"indentSize":2,"insertSpaces":true,"cursorStyle":1,"lineNumbers":1}
insurance-proj/create-insurance-customer-accounts.mjs: {"tabSize":2,"indentSize":2,"insertSpaces":true,"cursorStyle":1,"lineNumbers":1}
insurance-proj/create-insurance-customer-accounts.mjs: {"tabSize":2,"indentSize":2,"insertSpaces":true,"cursorStyle":1,"lineNumbers":1}
insurance-proj/create-insurance-customer-accounts.mjs: {"tabSize":2,"indentSize":2,"insertSpaces":true,"cursorStyle":1,"lineNumbers":1}
insurance-proj/create-insurance-customer-accounts.mjs: {"tabSize":2,"indentSize":2,"insertSpaces":true,"cursorStyle":1,"lineNumbers":1}
insurance-proj/create-insurance-customer-accounts.mjs: {"tabSize":2,"indentSize":2,"insertSpaces":true,"cursorStyle":1,"lineNumbers":1}
insurance-proj/create-insurance-customer-accounts.mjs: {"tabSize":2,"indentSize":2,"insertSpaces":true,"cursorStyle":1,"lineNumbers":1}
insurance-proj/create-insurance-customer-accounts.mjs: {"tabSize":2,"indentSize":2,"insertSpaces":true,"cursorStyle":1,"lineNumbers":1}
insurance-proj/src/app/pages/pharmacy/PharmacyOrderDetail.tsx: {"tabSize":2,"indentSize":2,"insertSpaces":true,"cursorStyle":1,"lineNumbers":1}
insurance-proj/src/app/pages/pharmacy/PharmacyOrderDetail.tsx: Using EditorConfig core...
src/app/pages/pharmacy/PharmacyOrderDetail.tsx: Target charset is not set
insurance-proj/src/app/pages/pharmacy/PharmacyOrderDetail.tsx: Using EditorConfig core...
insurance-proj/src/app/pages/pharmacy/PharmacyOrderDetail.tsx: Using EditorConfig core...
src/app/pages/pharmacy/PharmacyOrderDetail.tsx: Target charset is not set
insurance-proj/src/app/pages/pharmacy/PharmacyOrderDetail.tsx: Using EditorConfig core...
insurance-proj/src/app/pages/pharmacy/PharmacyOrderDetail.tsx: Using EditorConfig core...
src/app/pages/pharmacy/PharmacyOrderDetail.tsx: Target charset is not set
insurance-proj/src/app/pages/pharmacy/PharmacyOrderDetail.tsx: {"tabSize":2,"indentSize":2,"insertSpaces":true,"cursorStyle":1,"lineNumbers":1}
insurance-proj/src/app/pages/pharmacy/PharmacyOrderDetail.tsx: {"tabSize":2,"indentSize":2,"insertSpaces":true,"cursorStyle":1,"lineNumbers":1}
insurance-proj/src/app/pages/pharmacy/PharmacyOrderDetail.tsx: {"tabSize":2,"indentSize":2,"insertSpaces":true,"cursorStyle":1,"lineNumbers":1}
insurance-proj/src/app/pages/pharmacy/PharmacyOrderDetail.tsx: {"tabSize":2,"indentSize":2,"insertSpaces":true,"cursorStyle":1,"lineNumbers":1}
insurance-proj/src/app/pages/pharmacy/PharmacyOrderDetail.tsx: {"tabSize":2,"indentSize":2,"insertSpaces":true,"cursorStyle":1,"lineNumbers":1}
insurance-proj/src/app/pages/pharmacy/PharmacyOrderDetail.tsx: {"tabSize":2,"indentSize":2,"insertSpaces":true,"cursorStyle":1,"lineNumbers":1}
insurance-proj/src/app/pages/pharmacy/PharmacyOrderDetail.tsx: {"tabSize":2,"indentSize":2,"insertSpaces":true,"cursorStyle":1,"lineNumbers":1}
insurance-proj/src/app/pages/pharmacy/PharmacyOrderDetail.tsx: {"tabSize":2,"indentSize":2,"insertSpaces":true,"cursorStyle":1,"lineNumbers":1}
insurance-proj/create-insurance-customer-accounts.mjs: {"tabSize":2,"indentSize":2,"insertSpaces":true,"cursorStyle":1,"lineNumbers":1}
insurance-proj/create-insurance-customer-accounts.mjs: Using EditorConfig core...
create-insurance-customer-accounts.mjs: Target charset is not set
insurance-proj/create-insurance-customer-accounts.mjs: {"tabSize":2,"indentSize":2,"insertSpaces":true,"cursorStyle":1,"lineNumbers":1}
insurance-proj/create-insurance-customer-accounts.mjs: {"tabSize":2,"indentSize":2,"insertSpaces":true,"cursorStyle":1,"lineNumbers":1}
insurance-proj/src/app/pages/pharmacy/PharmacyOrderDetail.tsx: {"tabSize":2,"indentSize":2,"insertSpaces":true,"cursorStyle":1,"lineNumbers":1}
insurance-proj/src/app/pages/pharmacy/PharmacyOrderDetail.tsx: Using EditorConfig core...
src/app/pages/pharmacy/PharmacyOrderDetail.tsx: Target charset is not set
insurance-proj/create-insurance-customer-accounts.mjs: {"tabSize":2,"indentSize":2,"insertSpaces":true,"cursorStyle":1,"lineNumbers":1}
insurance-proj/create-insurance-customer-accounts.mjs: Using EditorConfig core...
create-insurance-customer-accounts.mjs: Target charset is not set
insurance-proj/create-insurance-customer-accounts.mjs: {"tabSize":2,"indentSize":2,"insertSpaces":true,"cursorStyle":1,"lineNumbers":1}
insurance-proj/create-insurance-customer-accounts.mjs: {"tabSize":2,"indentSize":2,"insertSpaces":true,"cursorStyle":1,"lineNumbers":1}
insurance-proj/create-insurance-customer-accounts.mjs: {"tabSize":2,"indentSize":2,"insertSpaces":true,"cursorStyle":1,"lineNumbers":1}
insurance-proj/create-insurance-customer-accounts.mjs: {"tabSize":2,"indentSize":2,"insertSpaces":true,"cursorStyle":1,"lineNumbers":1}
insurance-proj/create-insurance-customer-accounts.mjs: {"tabSize":2,"indentSize":2,"insertSpaces":true,"cursorStyle":1,"lineNumbers":1}
insurance-proj/create-insurance-customer-accounts.mjs: {"tabSize":2,"indentSize":2,"insertSpaces":true,"cursorStyle":1,"lineNumbers":1}
insurance-proj/create-insurance-customer-accounts.mjs: {"tabSize":2,"indentSize":2,"insertSpaces":true,"cursorStyle":1,"lineNumbers":1}
insurance-proj/create-insurance-customer-accounts.mjs: {"tabSize":2,"indentSize":2,"insertSpaces":true,"cursorStyle":1,"lineNumbers":1}
insurance-proj/create-insurance-customer-accounts.mjs: {"tabSize":2,"indentSize":2,"insertSpaces":true,"cursorStyle":1,"lineNumbers":1}
insurance-proj/create-insurance-customer-accounts.mjs: {"tabSize":2,"indentSize":2,"insertSpaces":true,"cursorStyle":1,"lineNumbers":1}
insurance-proj/create-insurance-customer-accounts.mjs: {"tabSize":2,"indentSize":2,"insertSpaces":true,"cursorStyle":1,"lineNumbers":1}
insurance-proj/create-insurance-customer-accounts.mjs: {"tabSize":2,"indentSize":2,"insertSpaces":true,"cursorStyle":1,"lineNumbers":1}
insurance-proj/src/app/routes.tsx: {"tabSize":2,"indentSize":2,"insertSpaces":true,"cursorStyle":1,"lineNumbers":1}
insurance-proj/src/app/routes.tsx: Using EditorConfig core...
src/app/routes.tsx: Target charset is not set
insurance-proj/src/app/mockData.ts: {"tabSize":2,"indentSize":2,"insertSpaces":true,"cursorStyle":1,"lineNumbers":1}
insurance-proj/src/app/mockData.ts: Using EditorConfig core...
src/app/mockData.ts: Target charset is not set
insurance-proj/src/app/routes.tsx: {"tabSize":2,"indentSize":2,"insertSpaces":true,"cursorStyle":1,"lineNumbers":1}
insurance-proj/src/app/routes.tsx: Using EditorConfig core...
src/app/routes.tsx: Target charset is not set
insurance-proj/src/app/routes.tsx: {"tabSize":2,"indentSize":2,"insertSpaces":true,"cursorStyle":1,"lineNumbers":1}
insurance-proj/src/app/routes.tsx: {"tabSize":2,"indentSize":2,"insertSpaces":true,"cursorStyle":1,"lineNumbers":1}
insurance-proj/src/app/routes.tsx: {"tabSize":2,"indentSize":2,"insertSpaces":true,"cursorStyle":1,"lineNumbers":1}
insurance-proj/src/app/routes.tsx: {"tabSize":2,"indentSize":2,"insertSpaces":true,"cursorStyle":1,"lineNumbers":1}
insurance-proj/src/app/routes.tsx: {"tabSize":2,"indentSize":2,"insertSpaces":true,"cursorStyle":1,"lineNumbers":1}
insurance-proj/src/app/pages/insurance/InsuranceAccount.tsx: {"tabSize":2,"indentSize":2,"insertSpaces":true,"cursorStyle":1,"lineNumbers":1}
insurance-proj/src/app/pages/insurance/InsuranceAccount.tsx: Using EditorConfig core...
src/app/pages/insurance/InsuranceAccount.tsx: Target charset is not set
insurance-proj/src/app/pages/insurance/InsuranceAccount.tsx: {"tabSize":2,"indentSize":2,"insertSpaces":true,"cursorStyle":1,"lineNumbers":1}
insurance-proj/src/app/pages/insurance/InsuranceAccount.tsx: Using EditorConfig core...
insurance-proj/src/app/pages/insurance/InsuranceAccount.tsx: Using EditorConfig core...
src/app/pages/insurance/InsuranceAccount.tsx: Target charset is not set
insurance-proj/src/app/pages/insurance/InsuranceAccount.tsx: Using EditorConfig core...
insurance-proj/src/app/pages/insurance/InsuranceAccount.tsx: Using EditorConfig core...
src/app/pages/insurance/InsuranceAccount.tsx: Target charset is not set
insurance-proj/src/app/pages/insurance/InsuranceAccount.tsx: {"tabSize":2,"indentSize":2,"insertSpaces":true,"cursorStyle":1,"lineNumbers":1}
insurance-proj/src/app/pages/insurance/InsuranceAccount.tsx: {"tabSize":2,"indentSize":2,"insertSpaces":true,"cursorStyle":1,"lineNumbers":1}
insurance-proj/src/app/pages/insurance/InsuranceAccount.tsx: {"tabSize":2,"indentSize":2,"insertSpaces":true,"cursorStyle":1,"lineNumbers":1}
insurance-proj/src/app/pages/insurance/InsuranceAccount.tsx: {"tabSize":2,"indentSize":2,"insertSpaces":true,"cursorStyle":1,"lineNumbers":1}
insurance-proj/src/app/pages/insurance/InsuranceAccount.tsx: Using EditorConfig core...
insurance-proj/src/app/pages/insurance/InsuranceAccount.tsx: Using EditorConfig core...
src/app/pages/insurance/InsuranceAccount.tsx: Target charset is not set
insurance-proj/src/app/pages/insurance/InsuranceAccount.tsx: {"tabSize":2,"indentSize":2,"insertSpaces":true,"cursorStyle":1,"lineNumbers":1}
insurance-proj/src/app/pages/insurance/InsuranceAccount.tsx: Using EditorConfig core...
insurance-proj/src/app/pages/insurance/InsuranceAccount.tsx: Using EditorConfig core...
src/app/pages/insurance/InsuranceAccount.tsx: Target charset is not set
insurance-proj/src/app/pages/insurance/InsuranceAccount.tsx: {"tabSize":2,"indentSize":2,"insertSpaces":true,"cursorStyle":1,"lineNumbers":1}
insurance-proj/src/app/pages/insurance/InsuranceAccount.tsx: {"tabSize":2,"indentSize":2,"insertSpaces":true,"cursorStyle":1,"lineNumbers":1}
insurance-proj/src/app/pages/insurance/InsuranceAccount.tsx: {"tabSize":2,"indentSize":2,"insertSpaces":true,"cursorStyle":1,"lineNumbers":1}
insurance-proj/src/app/pages/insurance/InsuranceAccount.tsx: {"tabSize":2,"indentSize":2,"insertSpaces":true,"cursorStyle":1,"lineNumbers":1}
insurance-proj/src/app/pages/insurance/InsuranceAccount.tsx: Using EditorConfig core...
src/app/pages/insurance/InsuranceAccount.tsx: editor.action.insertFinalNewLine
insurance-proj/src/app/pages/insurance/InsuranceAccount.tsx: Using EditorConfig core...
src/app/pages/insurance/InsuranceAccount.tsx: Target charset is not set
insurance-proj/src/app/pages/insurance/InsuranceAccount.tsx: Using EditorConfig core...
insurance-proj/src/app/pages/insurance/InsuranceAccount.tsx: Using EditorConfig core...
src/app/pages/insurance/InsuranceAccount.tsx: Target charset is not set
insurance-proj/src/app/pages/insurance/InsuranceAccount.tsx: {"tabSize":2,"indentSize":2,"insertSpaces":true,"cursorStyle":1,"lineNumbers":1}
insurance-proj/src/app/pages/insurance/InsuranceAccount.tsx: {"tabSize":2,"indentSize":2,"insertSpaces":true,"cursorStyle":1,"lineNumbers":1}
insurance-proj/src/app/pages/insurance/InsuranceAccount.tsx: {"tabSize":2,"indentSize":2,"insertSpaces":true,"cursorStyle":1,"lineNumbers":1}
insurance-proj/src/app/pages/insurance/InsuranceAccount.tsx: {"tabSize":2,"indentSize":2,"insertSpaces":true,"cursorStyle":1,"lineNumbers":1}
insurance-proj/src/app/pages/insurance/InsuranceAccount.tsx: {"tabSize":2,"indentSize":2,"insertSpaces":true,"cursorStyle":1,"lineNumbers":1}
insurance-proj/src/app/pages/insurance/InsuranceAccount.tsx: {"tabSize":2,"indentSize":2,"insertSpaces":true,"cursorStyle":1,"lineNumbers":1}
insurance-proj/src/app/pages/insurance/InsuranceAccount.tsx: {"tabSize":2,"indentSize":2,"insertSpaces":true,"cursorStyle":1,"lineNumbers":1}
insurance-proj/src/app/pages/insurance/InsuranceAccount.tsx: {"tabSize":2,"indentSize":2,"insertSpaces":true,"cursorStyle":1,"lineNumbers":1}
insurance-proj/src/features/insurance/context/InsuranceStaffContext.tsx: {"tabSize":2,"indentSize":2,"insertSpaces":true,"cursorStyle":1,"lineNumbers":1}
insurance-proj/src/features/insurance/context/InsuranceStaffContext.tsx: Using EditorConfig core...
src/features/insurance/context/InsuranceStaffContext.tsx: Target charset is not set
insurance-proj/src/features/insurance/context/InsuranceStaffContext.tsx: {"tabSize":2,"indentSize":2,"insertSpaces":true,"cursorStyle":1,"lineNumbers":1}
insurance-proj/src/features/insurance/context/InsuranceStaffContext.tsx: Using EditorConfig core...
insurance-proj/src/features/insurance/context/InsuranceStaffContext.tsx: Using EditorConfig core...
src/features/insurance/context/InsuranceStaffContext.tsx: Target charset is not set
insurance-proj/src/features/insurance/context/InsuranceStaffContext.tsx: {"tabSize":2,"indentSize":2,"insertSpaces":true,"cursorStyle":1,"lineNumbers":1}
insurance-proj/src/features/insurance/context/InsuranceStaffContext.tsx: {"tabSize":2,"indentSize":2,"insertSpaces":true,"cursorStyle":1,"lineNumbers":1}
insurance-proj/src/features/insurance/context/InsuranceStaffContext.tsx: {"tabSize":2,"indentSize":2,"insertSpaces":true,"cursorStyle":1,"lineNumbers":1}
insurance-proj/src/app/pages/insurance/InsuranceAccount.tsx: {"tabSize":2,"indentSize":2,"insertSpaces":true,"cursorStyle":1,"lineNumbers":1}
insurance-proj/src/app/pages/insurance/InsuranceAccount.tsx: Using EditorConfig core...
src/app/pages/insurance/InsuranceAccount.tsx: Target charset is not set
insurance-proj/src/app/pages/insurance/InsuranceAccount.tsx: {"tabSize":2,"indentSize":2,"insertSpaces":true,"cursorStyle":1,"lineNumbers":1}
insurance-proj/src/app/pages/insurance/InsuranceAccount.tsx: {"tabSize":2,"indentSize":2,"insertSpaces":true,"cursorStyle":1,"lineNumbers":1}
insurance-proj/src/app/pages/insurance/InsuranceAccount.tsx: {"tabSize":2,"indentSize":2,"insertSpaces":true,"cursorStyle":1,"lineNumbers":1}
insurance-proj/src/app/pages/insurance/InsuranceAccount.tsx: {"tabSize":2,"indentSize":2,"insertSpaces":true,"cursorStyle":1,"lineNumbers":1}
insurance-proj/src/app/pages/insurance/InsuranceAccount.tsx: {"tabSize":2,"indentSize":2,"insertSpaces":true,"cursorStyle":1,"lineNumbers":1}
insurance-proj/src/app/pages/insurance/InsuranceAccount.tsx: {"tabSize":2,"indentSize":2,"insertSpaces":true,"cursorStyle":1,"lineNumbers":1}
insurance-proj/src/app/pages/insurance/InsuranceAccount.tsx: {"tabSize":2,"indentSize":2,"insertSpaces":true,"cursorStyle":1,"lineNumbers":1}
insurance-proj/src/app/pages/insurance/InsuranceAccount.tsx: {"tabSize":2,"indentSize":2,"insertSpaces":true,"cursorStyle":1,"lineNumbers":1}
insurance-proj/src/app/pages/insurance/InsuranceAccount.tsx: {"tabSize":2,"indentSize":2,"insertSpaces":true,"cursorStyle":1,"lineNumbers":1}
insurance-proj/src/app/pages/insurance/InsuranceAccount.tsx: {"tabSize":2,"indentSize":2,"insertSpaces":true,"cursorStyle":1,"lineNumbers":1}
insurance-proj/src/app/pages/insurance/InsuranceAccount.tsx: {"tabSize":2,"indentSize":2,"insertSpaces":true,"cursorStyle":1,"lineNumbers":1}
insurance-proj/src/features/insurance/context/InsuranceStaffContext.tsx: {"tabSize":2,"indentSize":2,"insertSpaces":true,"cursorStyle":1,"lineNumbers":1}
insurance-proj/src/features/insurance/context/InsuranceStaffContext.tsx: Using EditorConfig core...
src/features/insurance/context/InsuranceStaffContext.tsx: Target charset is not set
insurance-proj/src/features/insurance/context/InsuranceStaffContext.tsx: Using EditorConfig core...
insurance-proj/src/features/insurance/context/InsuranceStaffContext.tsx: Using EditorConfig core...
src/features/insurance/context/InsuranceStaffContext.tsx: Target charset is not set
insurance-proj/src/features/insurance/context/InsuranceStaffContext.tsx: {"tabSize":2,"indentSize":2,"insertSpaces":true,"cursorStyle":1,"lineNumbers":1}
insurance-proj/src/app/pages/insurance/InsuranceAddStaffProfile.tsx: {"tabSize":2,"indentSize":2,"insertSpaces":true,"cursorStyle":1,"lineNumbers":1}
insurance-proj/src/app/pages/insurance/InsuranceAddStaffProfile.tsx: Using EditorConfig core...
src/app/pages/insurance/InsuranceAddStaffProfile.tsx: Target charset is not set
insurance-proj/src/app/pages/insurance/InsuranceAddStaffProfile.tsx: Using EditorConfig core...
insurance-proj/src/app/pages/insurance/InsuranceAddStaffProfile.tsx: Using EditorConfig core...
src/app/pages/insurance/InsuranceAddStaffProfile.tsx: Target charset is not set
insurance-proj/src/app/pages/insurance/InsuranceAddStaffProfile.tsx: {"tabSize":2,"indentSize":2,"insertSpaces":true,"cursorStyle":1,"lineNumbers":1}
insurance-proj/src/app/layouts/InsuranceLayout.tsx: {"tabSize":2,"indentSize":2,"insertSpaces":true,"cursorStyle":1,"lineNumbers":1}
insurance-proj/src/app/layouts/InsuranceLayout.tsx: Using EditorConfig core...
src/app/layouts/InsuranceLayout.tsx: Target charset is not set
insurance-proj/src/app/layouts/InsuranceLayout.tsx: Using EditorConfig core...
insurance-proj/src/app/layouts/InsuranceLayout.tsx: Using EditorConfig core...
insurance-proj/src/app/layouts/InsuranceLayout.tsx: Using EditorConfig core...
src/app/layouts/InsuranceLayout.tsx: Target charset is not set
insurance-proj/src/app/layouts/InsuranceLayout.tsx: Using EditorConfig core...
src/app/layouts/InsuranceLayout.tsx: Target charset is not set
insurance-proj/src/app/layouts/InsuranceLayout.tsx: {"tabSize":2,"indentSize":2,"insertSpaces":true,"cursorStyle":1,"lineNumbers":1}
insurance-proj/src/app/layouts/InsuranceLayout.tsx: {"tabSize":2,"indentSize":2,"insertSpaces":true,"cursorStyle":1,"lineNumbers":1}
insurance-proj/src/app/layouts/InsuranceLayout.tsx: {"tabSize":2,"indentSize":2,"insertSpaces":true,"cursorStyle":1,"lineNumbers":1}
insurance-proj/src/app/layouts/InsuranceLayout.tsx: {"tabSize":2,"indentSize":2,"insertSpaces":true,"cursorStyle":1,"lineNumbers":1}
insurance-proj/src/app/layouts/InsuranceLayout.tsx: {"tabSize":2,"indentSize":2,"insertSpaces":true,"cursorStyle":1,"lineNumbers":1}
insurance-proj/src/app/layouts/InsuranceLayout.tsx: {"tabSize":2,"indentSize":2,"insertSpaces":true,"cursorStyle":1,"lineNumbers":1}
insurance-proj/src/app/layouts/InsuranceLayout.tsx: {"tabSize":2,"indentSize":2,"insertSpaces":true,"cursorStyle":1,"lineNumbers":1}
insurance-proj/src/app/layouts/InsuranceLayout.tsx: {"tabSize":2,"indentSize":2,"insertSpaces":true,"cursorStyle":1,"lineNumbers":1}
insurance-proj/src/app/layouts/InsuranceLayout.tsx: {"tabSize":2,"indentSize":2,"insertSpaces":true,"cursorStyle":1,"lineNumbers":1}
insurance-proj/src/app/layouts/InsuranceLayout.tsx: {"tabSize":2,"indentSize":2,"insertSpaces":true,"cursorStyle":1,"lineNumbers":1}
insurance-proj/src/app/layouts/InsuranceLayout.tsx: {"tabSize":2,"indentSize":2,"insertSpaces":true,"cursorStyle":1,"lineNumbers":1}
insurance-proj/src/app/layouts/InsuranceLayout.tsx: {"tabSize":2,"indentSize":2,"insertSpaces":true,"cursorStyle":1,"lineNumbers":1}
insurance-proj/src/app/layouts/InsuranceLayout.tsx: {"tabSize":2,"indentSize":2,"insertSpaces":true,"cursorStyle":1,"lineNumbers":1}
insurance-proj/src/app/layouts/InsuranceLayout.tsx: {"tabSize":2,"indentSize":2,"insertSpaces":true,"cursorStyle":1,"lineNumbers":1}
insurance-proj/src/app/layouts/InsuranceLayout.tsx: {"tabSize":2,"indentSize":2,"insertSpaces":true,"cursorStyle":1,"lineNumbers":1}
insurance-proj/InsuranceApprovals.tsx: {"tabSize":2,"indentSize":2,"insertSpaces":true,"cursorStyle":1,"lineNumbers":1}
insurance-proj/InsuranceApprovals.tsx: Using EditorConfig core...
InsuranceApprovals.tsx: Target charset is not set
insurance-proj/InsuranceApprovals.tsx: {"tabSize":2,"indentSize":2,"insertSpaces":true,"cursorStyle":1,"lineNumbers":1}
insurance-proj/InsuranceApprovals.tsx: {"tabSize":2,"indentSize":2,"insertSpaces":true,"cursorStyle":1,"lineNumbers":1}
insurance-proj/src/app/layouts/InsuranceLayout.tsx: {"tabSize":2,"indentSize":2,"insertSpaces":true,"cursorStyle":1,"lineNumbers":1}
insurance-proj/src/app/layouts/InsuranceLayout.tsx: Using EditorConfig core...
src/app/layouts/InsuranceLayout.tsx: Target charset is not set
insurance-proj/PharmacySidebar.tsx: {"tabSize":2,"indentSize":2,"insertSpaces":true,"cursorStyle":1,"lineNumbers":1}
insurance-proj/PharmacySidebar.tsx: Using EditorConfig core...
PharmacySidebar.tsx: Target charset is not set
insurance-proj/src/app/layouts/InsuranceLayout.tsx: {"tabSize":2,"indentSize":2,"insertSpaces":true,"cursorStyle":1,"lineNumbers":1}
insurance-proj/src/app/layouts/InsuranceLayout.tsx: Using EditorConfig core...
src/app/layouts/InsuranceLayout.tsx: Target charset is not set
insurance-proj/src/app/layouts/InsuranceLayout.tsx: {"tabSize":2,"indentSize":2,"insertSpaces":true,"cursorStyle":1,"lineNumbers":1}
insurance-proj/src/app/layouts/InsuranceLayout.tsx: {"tabSize":2,"indentSize":2,"insertSpaces":true,"cursorStyle":1,"lineNumbers":1}
insurance-proj/src/app/layouts/InsuranceLayout.tsx: {"tabSize":2,"indentSize":2,"insertSpaces":true,"cursorStyle":1,"lineNumbers":1}
insurance-proj/src/app/layouts/InsuranceLayout.tsx: {"tabSize":2,"indentSize":2,"insertSpaces":true,"cursorStyle":1,"lineNumbers":1}
insurance-proj/src/app/layouts/InsuranceLayout.tsx: {"tabSize":2,"indentSize":2,"insertSpaces":true,"cursorStyle":1,"lineNumbers":1}
insurance-proj/src/app/layouts/InsuranceLayout.tsx: {"tabSize":2,"indentSize":2,"insertSpaces":true,"cursorStyle":1,"lineNumbers":1}
insurance-proj/src/app/layouts/InsuranceLayout.tsx: {"tabSize":2,"indentSize":2,"insertSpaces":true,"cursorStyle":1,"lineNumbers":1}
insurance-proj/src/app/layouts/InsuranceLayout.tsx: {"tabSize":2,"indentSize":2,"insertSpaces":true,"cursorStyle":1,"lineNumbers":1}
insurance-proj/src/app/layouts/InsuranceLayout.tsx: {"tabSize":2,"indentSize":2,"insertSpaces":true,"cursorStyle":1,"lineNumbers":1}
insurance-proj/src/app/layouts/InsuranceLayout.tsx: {"tabSize":2,"indentSize":2,"insertSpaces":true,"cursorStyle":1,"lineNumbers":1}
insurance-proj/src/app/layouts/InsuranceLayout.tsx: {"tabSize":2,"indentSize":2,"insertSpaces":true,"cursorStyle":1,"lineNumbers":1}
insurance-proj/src/app/layouts/InsuranceLayout.tsx: {"tabSize":2,"indentSize":2,"insertSpaces":true,"cursorStyle":1,"lineNumbers":1}
insurance-proj/src/app/layouts/InsuranceLayout.tsx: {"tabSize":2,"indentSize":2,"insertSpaces":true,"cursorStyle":1,"lineNumbers":1}
insurance-proj/src/app/layouts/InsuranceLayout.tsx: {"tabSize":2,"indentSize":2,"insertSpaces":true,"cursorStyle":1,"lineNumbers":1}
insurance-proj/src/app/layouts/InsuranceLayout.tsx: {"tabSize":2,"indentSize":2,"insertSpaces":true,"cursorStyle":1,"lineNumbers":1}
insurance-proj/src/app/layouts/InsuranceLayout.tsx: {"tabSize":2,"indentSize":2,"insertSpaces":true,"cursorStyle":1,"lineNumbers":1}
insurance-proj/src/app/layouts/InsuranceLayout.tsx: {"tabSize":2,"indentSize":2,"insertSpaces":true,"cursorStyle":1,"lineNumbers":1}
insurance-proj/src/app/layouts/InsuranceLayout.tsx: {"tabSize":2,"indentSize":2,"insertSpaces":true,"cursorStyle":1,"lineNumbers":1}
insurance-proj/src/app/layouts/InsuranceLayout.tsx: {"tabSize":2,"indentSize":2,"insertSpaces":true,"cursorStyle":1,"lineNumbers":1}
insurance-proj/src/app/layouts/InsuranceLayout.tsx: {"tabSize":2,"indentSize":2,"insertSpaces":true,"cursorStyle":1,"lineNumbers":1}
insurance-proj/src/app/layouts/InsuranceLayout.tsx: {"tabSize":2,"indentSize":2,"insertSpaces":true,"cursorStyle":1,"lineNumbers":1}
insurance-proj/src/app/layouts/InsuranceLayout.tsx: {"tabSize":2,"indentSize":2,"insertSpaces":true,"cursorStyle":1,"lineNumbers":1}
insurance-proj/src/app/layouts/InsuranceLayout.tsx: {"tabSize":2,"indentSize":2,"insertSpaces":true,"cursorStyle":1,"lineNumbers":1}
insurance-proj/src/app/layouts/InsuranceLayout.tsx: {"tabSize":2,"indentSize":2,"insertSpaces":true,"cursorStyle":1,"lineNumbers":1}
insurance-proj/src/app/layouts/InsuranceLayout.tsx: {"tabSize":2,"indentSize":2,"insertSpaces":true,"cursorStyle":1,"lineNumbers":1}
insurance-proj/src/app/layouts/InsuranceLayout.tsx: {"tabSize":2,"indentSize":2,"insertSpaces":true,"cursorStyle":1,"lineNumbers":1}
insurance-proj/src/app/layouts/InsuranceLayout.tsx: {"tabSize":2,"indentSize":2,"insertSpaces":true,"cursorStyle":1,"lineNumbers":1}
insurance-proj/src/app/layouts/InsuranceLayout.tsx: {"tabSize":2,"indentSize":2,"insertSpaces":true,"cursorStyle":1,"lineNumbers":1}
insurance-proj/src/app/layouts/InsuranceLayout.tsx: {"tabSize":2,"indentSize":2,"insertSpaces":true,"cursorStyle":1,"lineNumbers":1}
insurance-proj/src/app/layouts/InsuranceLayout.tsx: {"tabSize":2,"indentSize":2,"insertSpaces":true,"cursorStyle":1,"lineNumbers":1}
insurance-proj/src/app/layouts/InsuranceLayout.tsx: {"tabSize":2,"indentSize":2,"insertSpaces":true,"cursorStyle":1,"lineNumbers":1}
insurance-proj/src/app/layouts/InsuranceLayout.tsx: {"tabSize":2,"indentSize":2,"insertSpaces":true,"cursorStyle":1,"lineNumbers":1}
insurance-proj/src/app/layouts/InsuranceLayout.tsx: {"tabSize":2,"indentSize":2,"insertSpaces":true,"cursorStyle":1,"lineNumbers":1}
insurance-proj/src/app/layouts/InsuranceLayout.tsx: {"tabSize":2,"indentSize":2,"insertSpaces":true,"cursorStyle":1,"lineNumbers":1}
insurance-proj/src/app/layouts/InsuranceLayout.tsx: {"tabSize":2,"indentSize":2,"insertSpaces":true,"cursorStyle":1,"lineNumbers":1}
insurance-proj/src/app/layouts/InsuranceLayout.tsx: {"tabSize":2,"indentSize":2,"insertSpaces":true,"cursorStyle":1,"lineNumbers":1}
insurance-proj/src/app/layouts/InsuranceLayout.tsx: {"tabSize":2,"indentSize":2,"insertSpaces":true,"cursorStyle":1,"lineNumbers":1}
insurance-proj/src/app/layouts/InsuranceLayout.tsx: {"tabSize":2,"indentSize":2,"insertSpaces":true,"cursorStyle":1,"lineNumbers":1}
insurance-proj/src/app/layouts/InsuranceLayout.tsx: {"tabSize":2,"indentSize":2,"insertSpaces":true,"cursorStyle":1,"lineNumbers":1}
insurance-proj/src/app/layouts/InsuranceLayout.tsx: {"tabSize":2,"indentSize":2,"insertSpaces":true,"cursorStyle":1,"lineNumbers":1}
insurance-proj/src/app/layouts/InsuranceLayout.tsx: {"tabSize":2,"indentSize":2,"insertSpaces":true,"cursorStyle":1,"lineNumbers":1}
insurance-proj/src/app/layouts/InsuranceLayout.tsx: {"tabSize":2,"indentSize":2,"insertSpaces":true,"cursorStyle":1,"lineNumbers":1}
insurance-proj/src/app/layouts/InsuranceLayout.tsx: {"tabSize":2,"indentSize":2,"insertSpaces":true,"cursorStyle":1,"lineNumbers":1}
insurance-proj/src/app/layouts/InsuranceLayout.tsx: {"tabSize":2,"indentSize":2,"insertSpaces":true,"cursorStyle":1,"lineNumbers":1}
insurance-proj/src/app/layouts/InsuranceLayout.tsx: {"tabSize":2,"indentSize":2,"insertSpaces":true,"cursorStyle":1,"lineNumbers":1}
insurance-proj/src/app/layouts/InsuranceLayout.tsx: {"tabSize":2,"indentSize":2,"insertSpaces":true,"cursorStyle":1,"lineNumbers":1}
insurance-proj/src/app/layouts/InsuranceLayout.tsx: {"tabSize":2,"indentSize":2,"insertSpaces":true,"cursorStyle":1,"lineNumbers":1}
insurance-proj/src/app/layouts/InsuranceLayout.tsx: {"tabSize":2,"indentSize":2,"insertSpaces":true,"cursorStyle":1,"lineNumbers":1}
insurance-proj/src/app/layouts/InsuranceLayout.tsx: {"tabSize":2,"indentSize":2,"insertSpaces":true,"cursorStyle":1,"lineNumbers":1}
insurance-proj/src/app/layouts/InsuranceLayout.tsx: {"tabSize":2,"indentSize":2,"insertSpaces":true,"cursorStyle":1,"lineNumbers":1}
insurance-proj/src/app/layouts/InsuranceLayout.tsx: {"tabSize":2,"indentSize":2,"insertSpaces":true,"cursorStyle":1,"lineNumbers":1}
insurance-proj/src/app/layouts/InsuranceLayout.tsx: {"tabSize":2,"indentSize":2,"insertSpaces":true,"cursorStyle":1,"lineNumbers":1}
insurance-proj/src/app/layouts/InsuranceLayout.tsx: {"tabSize":2,"indentSize":2,"insertSpaces":true,"cursorStyle":1,"lineNumbers":1}
insurance-proj/src/app/layouts/InsuranceLayout.tsx: {"tabSize":2,"indentSize":2,"insertSpaces":true,"cursorStyle":1,"lineNumbers":1}
insurance-proj/src/app/layouts/InsuranceLayout.tsx: {"tabSize":2,"indentSize":2,"insertSpaces":true,"cursorStyle":1,"lineNumbers":1}
insurance-proj/create-insurance-customer-accounts.mjs: {"tabSize":2,"indentSize":2,"insertSpaces":true,"cursorStyle":1,"lineNumbers":1}
insurance-proj/create-insurance-customer-accounts.mjs: Using EditorConfig core...
create-insurance-customer-accounts.mjs: Target charset is not set
insurance-proj/create-staff-accounts.mjs: {"tabSize":2,"indentSize":2,"insertSpaces":true,"cursorStyle":1,"lineNumbers":1}
insurance-proj/create-staff-accounts.mjs: Using EditorConfig core...
create-staff-accounts.mjs: Target charset is not set
insurance-proj/create-staff-accounts.mjs: Using EditorConfig core...
insurance-proj/create-staff-accounts.mjs: Using EditorConfig core...
create-staff-accounts.mjs: Target charset is not set
insurance-proj/create-staff-accounts.mjs: Using EditorConfig core...
insurance-proj/create-staff-accounts.mjs: Using EditorConfig core...
create-staff-accounts.mjs: Target charset is not set
insurance-proj/create-staff-accounts.mjs: Using EditorConfig core...
insurance-proj/create-staff-accounts.mjs: Using EditorConfig core...
create-staff-accounts.mjs: Target charset is not set
insurance-proj/create-staff-accounts.mjs: {"tabSize":2,"indentSize":2,"insertSpaces":true,"cursorStyle":1,"lineNumbers":1}
insurance-proj/create-staff-accounts.mjs: {"tabSize":2,"indentSize":2,"insertSpaces":true,"cursorStyle":1,"lineNumbers":1}
insurance-proj/create-staff-accounts.mjs: {"tabSize":2,"indentSize":2,"insertSpaces":true,"cursorStyle":1,"lineNumbers":1}
insurance-proj/create-staff-accounts.mjs: {"tabSize":2,"indentSize":2,"insertSpaces":true,"cursorStyle":1,"lineNumbers":1}
insurance-proj/create-staff-accounts.mjs: {"tabSize":2,"indentSize":2,"insertSpaces":true,"cursorStyle":1,"lineNumbers":1}
insurance-proj/create-staff-accounts.mjs: {"tabSize":2,"indentSize":2,"insertSpaces":true,"cursorStyle":1,"lineNumbers":1}
insurance-proj/create-staff-accounts.mjs: {"tabSize":2,"indentSize":2,"insertSpaces":true,"cursorStyle":1,"lineNumbers":1}
insurance-proj/create-staff-accounts.mjs: {"tabSize":2,"indentSize":2,"insertSpaces":true,"cursorStyle":1,"lineNumbers":1}
insurance-proj/create-staff-accounts.mjs: {"tabSize":2,"indentSize":2,"insertSpaces":true,"cursorStyle":1,"lineNumbers":1}
insurance-proj/create-staff-accounts.mjs: {"tabSize":2,"indentSize":2,"insertSpaces":true,"cursorStyle":1,"lineNumbers":1}
insurance-proj/create-staff-accounts.mjs: {"tabSize":2,"indentSize":2,"insertSpaces":true,"cursorStyle":1,"lineNumbers":1}
insurance-proj/create-staff-accounts.mjs: {"tabSize":2,"indentSize":2,"insertSpaces":true,"cursorStyle":1,"lineNumbers":1}
insurance-proj/create-staff-accounts.mjs: {"tabSize":2,"indentSize":2,"insertSpaces":true,"cursorStyle":1,"lineNumbers":1}
insurance-proj/create-staff-accounts.mjs: {"tabSize":2,"indentSize":2,"insertSpaces":true,"cursorStyle":1,"lineNumbers":1}
insurance-proj/create-staff-accounts.mjs: {"tabSize":2,"indentSize":2,"insertSpaces":true,"cursorStyle":1,"lineNumbers":1}
insurance-proj/create-staff-accounts.mjs: {"tabSize":2,"indentSize":2,"insertSpaces":true,"cursorStyle":1,"lineNumbers":1}
insurance-proj/create-staff-accounts.mjs: {"tabSize":2,"indentSize":2,"insertSpaces":true,"cursorStyle":1,"lineNumbers":1}
insurance-proj/create-staff-accounts.mjs: {"tabSize":2,"indentSize":2,"insertSpaces":true,"cursorStyle":1,"lineNumbers":1}
insurance-proj/create-staff-accounts.mjs: {"tabSize":2,"indentSize":2,"insertSpaces":true,"cursorStyle":1,"lineNumbers":1}
insurance-proj/create-staff-accounts.mjs: {"tabSize":2,"indentSize":2,"insertSpaces":true,"cursorStyle":1,"lineNumbers":1}
insurance-proj/create-staff-accounts.mjs: {"tabSize":2,"indentSize":2,"insertSpaces":true,"cursorStyle":1,"lineNumbers":1}
insurance-proj/create-staff-accounts.mjs: {"tabSize":2,"indentSize":2,"insertSpaces":true,"cursorStyle":1,"lineNumbers":1}
insurance-proj/create-staff-accounts.mjs: {"tabSize":2,"indentSize":2,"insertSpaces":true,"cursorStyle":1,"lineNumbers":1}
insurance-proj/create-staff-accounts.mjs: {"tabSize":2,"indentSize":2,"insertSpaces":true,"cursorStyle":1,"lineNumbers":1}
insurance-proj/create-staff-accounts.mjs: {"tabSize":2,"indentSize":2,"insertSpaces":true,"cursorStyle":1,"lineNumbers":1}
insurance-proj/create-staff-accounts.mjs: {"tabSize":2,"indentSize":2,"insertSpaces":true,"cursorStyle":1,"lineNumbers":1}
insurance-proj/create-staff-accounts.mjs: {"tabSize":2,"indentSize":2,"insertSpaces":true,"cursorStyle":1,"lineNumbers":1}
insurance-proj/create-staff-accounts.mjs: {"tabSize":2,"indentSize":2,"insertSpaces":true,"cursorStyle":1,"lineNumbers":1}
insurance-proj/create-staff-accounts.mjs: {"tabSize":2,"indentSize":2,"insertSpaces":true,"cursorStyle":1,"lineNumbers":1}
insurance-proj/create-staff-accounts.mjs: {"tabSize":2,"indentSize":2,"insertSpaces":true,"cursorStyle":1,"lineNumbers":1}
insurance-proj/create-staff-accounts.mjs: {"tabSize":2,"indentSize":2,"insertSpaces":true,"cursorStyle":1,"lineNumbers":1}
insurance-proj/create-staff-accounts.mjs: {"tabSize":2,"indentSize":2,"insertSpaces":true,"cursorStyle":1,"lineNumbers":1}
insurance-proj/create-staff-accounts.mjs: {"tabSize":2,"indentSize":2,"insertSpaces":true,"cursorStyle":1,"lineNumbers":1}
insurance-proj/create-staff-accounts.mjs: {"tabSize":2,"indentSize":2,"insertSpaces":true,"cursorStyle":1,"lineNumbers":1}
insurance-proj/create-staff-accounts.mjs: {"tabSize":2,"indentSize":2,"insertSpaces":true,"cursorStyle":1,"lineNumbers":1}
insurance-proj/create-staff-accounts.mjs: {"tabSize":2,"indentSize":2,"insertSpaces":true,"cursorStyle":1,"lineNumbers":1}
insurance-proj/create-staff-accounts.mjs: {"tabSize":2,"indentSize":2,"insertSpaces":true,"cursorStyle":1,"lineNumbers":1}
insurance-proj/create-staff-accounts.mjs: {"tabSize":2,"indentSize":2,"insertSpaces":true,"cursorStyle":1,"lineNumbers":1}
insurance-proj/create-staff-accounts.mjs: {"tabSize":2,"indentSize":2,"insertSpaces":true,"cursorStyle":1,"lineNumbers":1}
insurance-proj/create-staff-accounts.mjs: {"tabSize":2,"indentSize":2,"insertSpaces":true,"cursorStyle":1,"lineNumbers":1}
insurance-proj/create-staff-accounts.mjs: {"tabSize":2,"indentSize":2,"insertSpaces":true,"cursorStyle":1,"lineNumbers":1}
insurance-proj/create-staff-accounts.mjs: {"tabSize":2,"indentSize":2,"insertSpaces":true,"cursorStyle":1,"lineNumbers":1}
insurance-proj/create-staff-accounts.mjs: {"tabSize":2,"indentSize":2,"insertSpaces":true,"cursorStyle":1,"lineNumbers":1}
insurance-proj/create-staff-accounts.mjs: {"tabSize":2,"indentSize":2,"insertSpaces":true,"cursorStyle":1,"lineNumbers":1}
insurance-proj/create-staff-accounts.mjs: {"tabSize":2,"indentSize":2,"insertSpaces":true,"cursorStyle":1,"lineNumbers":1}
insurance-proj/create-staff-accounts.mjs: {"tabSize":2,"indentSize":2,"insertSpaces":true,"cursorStyle":1,"lineNumbers":1}
insurance-proj/create-staff-accounts.mjs: {"tabSize":2,"indentSize":2,"insertSpaces":true,"cursorStyle":1,"lineNumbers":1}
insurance-proj/create-staff-accounts.mjs: {"tabSize":2,"indentSize":2,"insertSpaces":true,"cursorStyle":1,"lineNumbers":1}
insurance-proj/create-staff-accounts.mjs: {"tabSize":2,"indentSize":2,"insertSpaces":true,"cursorStyle":1,"lineNumbers":1}
insurance-proj/create-staff-accounts.mjs: {"tabSize":2,"indentSize":2,"insertSpaces":true,"cursorStyle":1,"lineNumbers":1}
insurance-proj/create-staff-accounts.mjs: {"tabSize":2,"indentSize":2,"insertSpaces":true,"cursorStyle":1,"lineNumbers":1}
insurance-proj/create-staff-accounts.mjs: {"tabSize":2,"indentSize":2,"insertSpaces":true,"cursorStyle":1,"lineNumbers":1}
insurance-proj/create-staff-accounts.mjs: {"tabSize":2,"indentSize":2,"insertSpaces":true,"cursorStyle":1,"lineNumbers":1}
insurance-proj/create-staff-accounts.mjs: {"tabSize":2,"indentSize":2,"insertSpaces":true,"cursorStyle":1,"lineNumbers":1}
insurance-proj/create-staff-accounts.mjs: {"tabSize":2,"indentSize":2,"insertSpaces":true,"cursorStyle":1,"lineNumbers":1}
insurance-proj/create-staff-accounts.mjs: {"tabSize":2,"indentSize":2,"insertSpaces":true,"cursorStyle":1,"lineNumbers":1}
insurance-proj/create-staff-accounts.mjs: {"tabSize":2,"indentSize":2,"insertSpaces":true,"cursorStyle":1,"lineNumbers":1}
insurance-proj/create-staff-accounts.mjs: {"tabSize":2,"indentSize":2,"insertSpaces":true,"cursorStyle":1,"lineNumbers":1}
insurance-proj/create-staff-accounts.mjs: {"tabSize":2,"indentSize":2,"insertSpaces":true,"cursorStyle":1,"lineNumbers":1}
insurance-proj/create-staff-accounts.mjs: {"tabSize":2,"indentSize":2,"insertSpaces":true,"cursorStyle":1,"lineNumbers":1}
insurance-proj/create-staff-accounts.mjs: {"tabSize":2,"indentSize":2,"insertSpaces":true,"cursorStyle":1,"lineNumbers":1}
insurance-proj/src/app/pages/pharmacy/PharmacyOrderDetail.tsx: {"tabSize":2,"indentSize":2,"insertSpaces":true,"cursorStyle":1,"lineNumbers":1}
insurance-proj/src/app/pages/pharmacy/PharmacyOrderDetail.tsx: Using EditorConfig core...
src/app/pages/pharmacy/PharmacyOrderDetail.tsx: Target charset is not set
insurance-proj/src/app/pages/pharmacy/PharmacyOrderDetail.tsx: Using EditorConfig core...
insurance-proj/src/app/pages/pharmacy/PharmacyOrderDetail.tsx: Using EditorConfig core...
src/app/pages/pharmacy/PharmacyOrderDetail.tsx: Target charset is not set
insurance-proj/src/app/pages/pharmacy/PharmacyOrderDetail.tsx: Using EditorConfig core...
insurance-proj/src/app/pages/pharmacy/PharmacyOrderDetail.tsx: Using EditorConfig core...
src/app/pages/pharmacy/PharmacyOrderDetail.tsx: Target charset is not set
insurance-proj/src/app/pages/pharmacy/PharmacyOrderDetail.tsx: Using EditorConfig core...
insurance-proj/src/app/pages/pharmacy/PharmacyOrderDetail.tsx: Using EditorConfig core...
src/app/pages/pharmacy/PharmacyOrderDetail.tsx: Target charset is not set
insurance-proj/src/app/pages/pharmacy/PharmacyOrderDetail.tsx: {"tabSize":2,"indentSize":2,"insertSpaces":true,"cursorStyle":1,"lineNumbers":1}
insurance-proj/src/app/pages/customer/UploadPrescription.tsx: {"tabSize":2,"indentSize":2,"insertSpaces":true,"cursorStyle":1,"lineNumbers":1}
insurance-proj/src/app/pages/customer/UploadPrescription.tsx: Using EditorConfig core...
src/app/pages/customer/UploadPrescription.tsx: Target charset is not set
insurance-proj/src/app/pages/customer/UploadPrescription.tsx: {"tabSize":2,"indentSize":2,"insertSpaces":true,"cursorStyle":1,"lineNumbers":1}
insurance-proj/src/app/pages/customer/UploadPrescription.tsx: Using EditorConfig core...
insurance-proj/src/app/pages/customer/UploadPrescription.tsx: Using EditorConfig core...
src/app/pages/customer/UploadPrescription.tsx: Target charset is not set
insurance-proj/src/app/pages/customer/UploadPrescription.tsx: Using EditorConfig core...
insurance-proj/src/app/pages/customer/UploadPrescription.tsx: Using EditorConfig core...
src/app/pages/customer/UploadPrescription.tsx: Target charset is not set
insurance-proj/src/app/pages/customer/UploadPrescription.tsx: {"tabSize":2,"indentSize":2,"insertSpaces":true,"cursorStyle":1,"lineNumbers":1}
insurance-proj/src/app/pages/customer/UploadPrescription.tsx: {"tabSize":2,"indentSize":2,"insertSpaces":true,"cursorStyle":1,"lineNumbers":1}
insurance-proj/src/app/pages/customer/UploadPrescription.tsx: {"tabSize":2,"indentSize":2,"insertSpaces":true,"cursorStyle":1,"lineNumbers":1}
insurance-proj/src/app/pages/customer/UploadPrescription.tsx: {"tabSize":2,"indentSize":2,"insertSpaces":true,"cursorStyle":1,"lineNumbers":1}
insurance-proj/src/app/pages/customer/UploadPrescription.tsx: {"tabSize":2,"indentSize":2,"insertSpaces":true,"cursorStyle":1,"lineNumbers":1}
insurance-proj/src/app/pages/customer/UploadPrescription.tsx: {"tabSize":2,"indentSize":2,"insertSpaces":true,"cursorStyle":1,"lineNumbers":1}
insurance-proj/src/app/pages/customer/UploadPrescription.tsx: {"tabSize":2,"indentSize":2,"insertSpaces":true,"cursorStyle":1,"lineNumbers":1}
insurance-proj/tsconfig.json: {"tabSize":2,"indentSize":2,"insertSpaces":true,"cursorStyle":1,"lineNumbers":1}
insurance-proj/tsconfig.json: Using EditorConfig core...
tsconfig.json: Target charset is not set
insurance-proj/src/app/pages/customer/UploadPrescription.tsx: {"tabSize":2,"indentSize":2,"insertSpaces":true,"cursorStyle":1,"lineNumbers":1}
insurance-proj/src/app/pages/customer/UploadPrescription.tsx: Using EditorConfig core...
src/app/pages/customer/UploadPrescription.tsx: Target charset is not set
insurance-proj/src/app/pages/customer/UploadPrescription.tsx: {"tabSize":2,"indentSize":2,"insertSpaces":true,"cursorStyle":1,"lineNumbers":1}
insurance-proj/src/app/pages/customer/UploadPrescription.tsx: {"tabSize":2,"indentSize":2,"insertSpaces":true,"cursorStyle":1,"lineNumbers":1}
insurance-proj/src/app/pages/customer/UploadPrescription.tsx: {"tabSize":2,"indentSize":2,"insertSpaces":true,"cursorStyle":1,"lineNumbers":1}
insurance-proj/src/app/pages/customer/UploadPrescription.tsx: {"tabSize":2,"indentSize":2,"insertSpaces":true,"cursorStyle":1,"lineNumbers":1}
insurance-proj/src/app/pages/customer/UploadPrescription.tsx: {"tabSize":2,"indentSize":2,"insertSpaces":true,"cursorStyle":1,"lineNumbers":1}
insurance-proj/src/app/pages/customer/UploadPrescription.tsx: {"tabSize":2,"indentSize":2,"insertSpaces":true,"cursorStyle":1,"lineNumbers":1}
insurance-proj/src/app/pages/customer/UploadPrescription.tsx: {"tabSize":2,"indentSize":2,"insertSpaces":true,"cursorStyle":1,"lineNumbers":1}
insurance-proj/src/app/pages/customer/UploadPrescription.tsx: {"tabSize":2,"indentSize":2,"insertSpaces":true,"cursorStyle":1,"lineNumbers":1}
insurance-proj/src/app/pages/customer/UploadPrescription.tsx: {"tabSize":2,"indentSize":2,"insertSpaces":true,"cursorStyle":1,"lineNumbers":1}
insurance-proj/src/app/pages/customer/UploadPrescription.tsx: {"tabSize":2,"indentSize":2,"insertSpaces":true,"cursorStyle":1,"lineNumbers":1}
insurance-proj/src/app/pages/customer/UploadPrescription.tsx: {"tabSize":2,"indentSize":2,"insertSpaces":true,"cursorStyle":1,"lineNumbers":1}
insurance-proj/src/app/pages/customer/UploadPrescription.tsx: {"tabSize":2,"indentSize":2,"insertSpaces":true,"cursorStyle":1,"lineNumbers":1}
insurance-proj/src/app/pages/customer/UploadPrescription.tsx: {"tabSize":2,"indentSize":2,"insertSpaces":true,"cursorStyle":1,"lineNumbers":1}
insurance-proj/src/app/pages/customer/UploadPrescription.tsx: {"tabSize":2,"indentSize":2,"insertSpaces":true,"cursorStyle":1,"lineNumbers":1}
insurance-proj/src/app/pages/customer/UploadPrescription.tsx: {"tabSize":2,"indentSize":2,"insertSpaces":true,"cursorStyle":1,"lineNumbers":1}
insurance-proj/src/app/pages/customer/UploadPrescription.tsx: {"tabSize":2,"indentSize":2,"insertSpaces":true,"cursorStyle":1,"lineNumbers":1}
insurance-proj/src/app/pages/customer/UploadPrescription.tsx: {"tabSize":2,"indentSize":2,"insertSpaces":true,"cursorStyle":1,"lineNumbers":1}
insurance-proj/src/app/pages/customer/UploadPrescription.tsx: {"tabSize":2,"indentSize":2,"insertSpaces":true,"cursorStyle":1,"lineNumbers":1}
insurance-proj/src/app/pages/customer/UploadPrescription.tsx: {"tabSize":2,"indentSize":2,"insertSpaces":true,"cursorStyle":1,"lineNumbers":1}
insurance-proj/src/app/pages/customer/UploadPrescription.tsx: {"tabSize":2,"indentSize":2,"insertSpaces":true,"cursorStyle":1,"lineNumbers":1}
insurance-proj/src/app/pages/customer/UploadPrescription.tsx: {"tabSize":2,"indentSize":2,"insertSpaces":true,"cursorStyle":1,"lineNumbers":1}
insurance-proj/src/app/pages/customer/UploadPrescription.tsx: {"tabSize":2,"indentSize":2,"insertSpaces":true,"cursorStyle":1,"lineNumbers":1}
insurance-proj/src/app/pages/insurance/InsuranceAccount.tsx: {"tabSize":2,"indentSize":2,"insertSpaces":true,"cursorStyle":1,"lineNumbers":1}
insurance-proj/src/app/pages/insurance/InsuranceAccount.tsx: Using EditorConfig core...
src/app/pages/insurance/InsuranceAccount.tsx: Target charset is not set
insurance-proj/src/app/pages/insurance/InsuranceAddStaffProfile.tsx: {"tabSize":2,"indentSize":2,"insertSpaces":true,"cursorStyle":1,"lineNumbers":1}
insurance-proj/src/app/pages/insurance/InsuranceAddStaffProfile.tsx: Using EditorConfig core...
src/app/pages/insurance/InsuranceAddStaffProfile.tsx: Target charset is not set
insurance-proj/src/app/pages/insurance/InsuranceAddStaffProfile.tsx: {"tabSize":2,"indentSize":2,"insertSpaces":true,"cursorStyle":1,"lineNumbers":1}
insurance-proj/src/app/pages/insurance/InsuranceVerifications.tsx: {"tabSize":2,"indentSize":2,"insertSpaces":true,"cursorStyle":1,"lineNumbers":1}
insurance-proj/src/app/pages/insurance/InsuranceVerifications.tsx: Using EditorConfig core...
src/app/pages/insurance/InsuranceVerifications.tsx: Target charset is not set
insurance-proj/src/app/pages/insurance/InsuranceVerifications.tsx: Using EditorConfig core...
insurance-proj/src/app/pages/insurance/InsuranceVerifications.tsx: Using EditorConfig core...
src/app/pages/insurance/InsuranceVerifications.tsx: Target charset is not set
insurance-proj/src/app/pages/insurance/InsuranceVerifications.tsx: Using EditorConfig core...
insurance-proj/src/app/pages/insurance/InsuranceVerifications.tsx: Using EditorConfig core...
src/app/pages/insurance/InsuranceVerifications.tsx: Target charset is not set
insurance-proj/src/app/pages/insurance/InsuranceVerifications.tsx: {"tabSize":2,"indentSize":2,"insertSpaces":true,"cursorStyle":1,"lineNumbers":1}
insurance-proj/src/app/pages/insurance/InsuranceVerifications.tsx: {"tabSize":2,"indentSize":2,"insertSpaces":true,"cursorStyle":1,"lineNumbers":1}
insurance-proj/src/app/pages/insurance/InsuranceVerifications.tsx: Using EditorConfig core...
insurance-proj/src/app/pages/insurance/InsuranceVerifications.tsx: Using EditorConfig core...
src/app/pages/insurance/InsuranceVerifications.tsx: Target charset is not set
insurance-proj/src/app/pages/insurance/InsuranceVerifications.tsx: Using EditorConfig core...
insurance-proj/src/app/pages/insurance/InsuranceVerifications.tsx: Using EditorConfig core...
src/app/pages/insurance/InsuranceVerifications.tsx: Target charset is not set
insurance-proj/src/app/pages/insurance/InsuranceVerifications.tsx: Using EditorConfig core...
insurance-proj/src/app/pages/insurance/InsuranceVerifications.tsx: Using EditorConfig core...
src/app/pages/insurance/InsuranceVerifications.tsx: Target charset is not set
insurance-proj/src/app/pages/insurance/InsuranceVerifications.tsx: Using EditorConfig core...
insurance-proj/src/app/pages/insurance/InsuranceVerifications.tsx: Using EditorConfig core...
src/app/pages/insurance/InsuranceVerifications.tsx: Target charset is not set
insurance-proj/src/app/pages/insurance/InsuranceVerifications.tsx: {"tabSize":2,"indentSize":2,"insertSpaces":true,"cursorStyle":1,"lineNumbers":1}
insurance-proj/src/app/pages/insurance/InsuranceVerifications.tsx: Using EditorConfig core...
insurance-proj/src/app/pages/insurance/InsuranceVerifications.tsx: Using EditorConfig core...
src/app/pages/insurance/InsuranceVerifications.tsx: Target charset is not set
insurance-proj/src/app/pages/insurance/InsuranceVerifications.tsx: Using EditorConfig core...
insurance-proj/src/app/pages/insurance/InsuranceVerifications.tsx: Using EditorConfig core...
src/app/pages/insurance/InsuranceVerifications.tsx: Target charset is not set
insurance-proj/src/app/pages/insurance/InsuranceVerifications.tsx: {"tabSize":2,"indentSize":2,"insertSpaces":true,"cursorStyle":1,"lineNumbers":1}
insurance-proj/src/app/pages/insurance/InsuranceSchemes.tsx: {"tabSize":2,"indentSize":2,"insertSpaces":true,"cursorStyle":1,"lineNumbers":1}
insurance-proj/src/app/pages/insurance/InsuranceSchemes.tsx: Using EditorConfig core...
src/app/pages/insurance/InsuranceSchemes.tsx: Target charset is not set
insurance-proj/src/app/pages/insurance/InsuranceSchemes.tsx: {"tabSize":2,"indentSize":2,"insertSpaces":true,"cursorStyle":1,"lineNumbers":1}
insurance-proj/src/app/pages/insurance/InsuranceSchemes.tsx: {"tabSize":2,"indentSize":2,"insertSpaces":true,"cursorStyle":1,"lineNumbers":1}
insurance-proj/src/app/pages/insurance/InsuranceOrders.tsx: {"tabSize":2,"indentSize":2,"insertSpaces":true,"cursorStyle":1,"lineNumbers":1}
insurance-proj/src/app/pages/insurance/InsuranceOrders.tsx: Using EditorConfig core...
src/app/pages/insurance/InsuranceOrders.tsx: Target charset is not set
insurance-proj/src/app/pages/insurance/InsuranceOrders.tsx: Using EditorConfig core...
insurance-proj/src/app/pages/insurance/InsuranceOrders.tsx: Using EditorConfig core...
src/app/pages/insurance/InsuranceOrders.tsx: Target charset is not set
insurance-proj/src/app/pages/insurance/InsuranceOrders.tsx: Using EditorConfig core...
insurance-proj/src/app/pages/insurance/InsuranceOrders.tsx: Using EditorConfig core...
src/app/pages/insurance/InsuranceOrders.tsx: Target charset is not set
insurance-proj/src/app/pages/insurance/InsuranceOrders.tsx: Using EditorConfig core...
insurance-proj/src/app/pages/insurance/InsuranceOrders.tsx: Using EditorConfig core...
src/app/pages/insurance/InsuranceOrders.tsx: Target charset is not set
insurance-proj/src/app/pages/insurance/InsuranceOrders.tsx: {"tabSize":2,"indentSize":2,"insertSpaces":true,"cursorStyle":1,"lineNumbers":1}
insurance-proj/src/app/pages/insurance/InsuranceApprovals.tsx: {"tabSize":2,"indentSize":2,"insertSpaces":true,"cursorStyle":1,"lineNumbers":1}
insurance-proj/src/app/pages/insurance/InsuranceApprovals.tsx: Using EditorConfig core...
src/app/pages/insurance/InsuranceApprovals.tsx: Target charset is not set
insurance-proj/src/app/pages/insurance/InsuranceApprovals.tsx: Using EditorConfig core...
insurance-proj/src/app/pages/insurance/InsuranceApprovals.tsx: Using EditorConfig core...
src/app/pages/insurance/InsuranceApprovals.tsx: Target charset is not set
insurance-proj/src/app/pages/insurance/InsuranceApprovals.tsx: {"tabSize":2,"indentSize":2,"insertSpaces":true,"cursorStyle":1,"lineNumbers":1}
insurance-proj/src/app/pages/insurance/InsuranceApprovals.tsx: {"tabSize":2,"indentSize":2,"insertSpaces":true,"cursorStyle":1,"lineNumbers":1}
insurance-proj/src/app/pages/insurance/InsuranceApprovals.tsx: {"tabSize":2,"indentSize":2,"insertSpaces":true,"cursorStyle":1,"lineNumbers":1}
insurance-proj/src/app/pages/insurance/InsuranceApprovals.tsx: {"tabSize":2,"indentSize":2,"insertSpaces":true,"cursorStyle":1,"lineNumbers":1}
insurance-proj/src/app/pages/insurance/InsuranceApprovals.tsx: {"tabSize":2,"indentSize":2,"insertSpaces":true,"cursorStyle":1,"lineNumbers":1}
insurance-proj/src/app/pages/insurance/InsuranceApprovals.tsx: {"tabSize":2,"indentSize":2,"insertSpaces":true,"cursorStyle":1,"lineNumbers":1}
insurance-proj/src/app/pages/insurance/InsuranceApprovals.tsx: {"tabSize":2,"indentSize":2,"insertSpaces":true,"cursorStyle":1,"lineNumbers":1}
insurance-proj/src/app/pages/insurance/InsuranceApprovals.tsx: {"tabSize":2,"indentSize":2,"insertSpaces":true,"cursorStyle":1,"lineNumbers":1}
insurance-proj/src/app/pages/insurance/InsuranceApprovals.tsx: {"tabSize":2,"indentSize":2,"insertSpaces":true,"cursorStyle":1,"lineNumbers":1}
insurance-proj/src/app/pages/insurance/InsuranceApprovals.tsx: {"tabSize":2,"indentSize":2,"insertSpaces":true,"cursorStyle":1,"lineNumbers":1}
insurance-proj/src/app/pages/insurance/InsuranceApprovals.tsx: {"tabSize":2,"indentSize":2,"insertSpaces":true,"cursorStyle":1,"lineNumbers":1}
insurance-proj/src/app/pages/insurance/InsuranceApprovals.tsx: {"tabSize":2,"indentSize":2,"insertSpaces":true,"cursorStyle":1,"lineNumbers":1}
insurance-proj/src/app/pages/insurance/InsuranceApprovals.tsx: {"tabSize":2,"indentSize":2,"insertSpaces":true,"cursorStyle":1,"lineNumbers":1}
insurance-proj/src/app/pages/insurance/InsuranceApprovals.tsx: {"tabSize":2,"indentSize":2,"insertSpaces":true,"cursorStyle":1,"lineNumbers":1}
insurance-proj/src/app/pages/insurance/InsuranceApprovals.tsx: {"tabSize":2,"indentSize":2,"insertSpaces":true,"cursorStyle":1,"lineNumbers":1}
insurance-proj/src/app/pages/insurance/InsuranceApprovals.tsx: {"tabSize":2,"indentSize":2,"insertSpaces":true,"cursorStyle":1,"lineNumbers":1}
insurance-proj/src/app/pages/insurance/InsuranceApprovals.tsx: {"tabSize":2,"indentSize":2,"insertSpaces":true,"cursorStyle":1,"lineNumbers":1}
insurance-proj/src/app/pages/insurance/InsuranceApprovals.tsx: {"tabSize":2,"indentSize":2,"insertSpaces":true,"cursorStyle":1,"lineNumbers":1}
insurance-proj/src/app/pages/insurance/InsuranceApprovals.tsx: {"tabSize":2,"indentSize":2,"insertSpaces":true,"cursorStyle":1,"lineNumbers":1}
insurance-proj/README.md: {"tabSize":4,"indentSize":4,"insertSpaces":true,"cursorStyle":1,"lineNumbers":1}
insurance-proj/README.md: Using EditorConfig core...
README.md: Target charset is not set
insurance-proj/README.md: Using EditorConfig core...
insurance-proj/README.md: Using EditorConfig core...
README.md: Target charset is not set
insurance-proj/README.md: {"tabSize":4,"indentSize":4,"insertSpaces":true,"cursorStyle":1,"lineNumbers":1}
insurance-proj/README.md: Using EditorConfig core...
README.md: Target charset is not set
insurance-proj/README.md: {"tabSize":4,"indentSize":4,"insertSpaces":true,"cursorStyle":1,"lineNumbers":1}
insurance-proj/README.md: Using EditorConfig core...
insurance-proj/README.md: Using EditorConfig core...
README.md: Target charset is not set
insurance-proj/README.md: Using EditorConfig core...
insurance-proj/README.md: Using EditorConfig core...
README.md: Target charset is not set
insurance-proj/README.md: {"tabSize":4,"indentSize":4,"insertSpaces":true,"cursorStyle":1,"lineNumbers":1}
insurance-proj/README.md: {"tabSize":4,"indentSize":4,"insertSpaces":true,"cursorStyle":1,"lineNumbers":1}
insurance-proj/README.md: {"tabSize":4,"indentSize":4,"insertSpaces":true,"cursorStyle":1,"lineNumbers":1}
insurance-proj/README.md: {"tabSize":4,"indentSize":4,"insertSpaces":true,"cursorStyle":1,"lineNumbers":1}
insurance-proj/README.md: {"tabSize":4,"indentSize":4,"insertSpaces":true,"cursorStyle":1,"lineNumbers":1}
insurance-proj/README.md: {"tabSize":4,"indentSize":4,"insertSpaces":true,"cursorStyle":1,"lineNumbers":1}
insurance-proj/README.md: {"tabSize":4,"indentSize":4,"insertSpaces":true,"cursorStyle":1,"lineNumbers":1}
insurance-proj/README.md: {"tabSize":4,"indentSize":4,"insertSpaces":true,"cursorStyle":1,"lineNumbers":1}
insurance-proj/README.md: {"tabSize":4,"indentSize":4,"insertSpaces":true,"cursorStyle":1,"lineNumbers":1}
insurance-proj/README.md: {"tabSize":4,"indentSize":4,"insertSpaces":true,"cursorStyle":1,"lineNumbers":1}
insurance-proj/README.md: {"tabSize":4,"indentSize":4,"insertSpaces":true,"cursorStyle":1,"lineNumbers":1}
insurance-proj/README.md: {"tabSize":4,"indentSize":4,"insertSpaces":true,"cursorStyle":1,"lineNumbers":1}
insurance-proj/README.md: {"tabSize":4,"indentSize":4,"insertSpaces":true,"cursorStyle":1,"lineNumbers":1}
insurance-proj/README.md: {"tabSize":4,"indentSize":4,"insertSpaces":true,"cursorStyle":1,"lineNumbers":1}
insurance-proj/README.md: {"tabSize":4,"indentSize":4,"insertSpaces":true,"cursorStyle":1,"lineNumbers":1}
insurance-proj/README.md: {"tabSize":4,"indentSize":4,"insertSpaces":true,"cursorStyle":1,"lineNumbers":1}
insurance-proj/README.md: {"tabSize":4,"indentSize":4,"insertSpaces":true,"cursorStyle":1,"lineNumbers":1}
insurance-proj/README.md: {"tabSize":4,"indentSize":4,"insertSpaces":true,"cursorStyle":1,"lineNumbers":1}
insurance-proj/README.md: {"tabSize":4,"indentSize":4,"insertSpaces":true,"cursorStyle":1,"lineNumbers":1}
insurance-proj/README.md: {"tabSize":4,"indentSize":4,"insertSpaces":true,"cursorStyle":1,"lineNumbers":1}
insurance-proj/README.md: {"tabSize":4,"indentSize":4,"insertSpaces":true,"cursorStyle":1,"lineNumbers":1}
insurance-proj/README.md: {"tabSize":4,"indentSize":4,"insertSpaces":true,"cursorStyle":1,"lineNumbers":1}
insurance-proj/README.md: {"tabSize":4,"indentSize":4,"insertSpaces":true,"cursorStyle":1,"lineNumbers":1}
insurance-proj/README.md: {"tabSize":4,"indentSize":4,"insertSpaces":true,"cursorStyle":1,"lineNumbers":1}
insurance-proj/README.md: {"tabSize":4,"indentSize":4,"insertSpaces":true,"cursorStyle":1,"lineNumbers":1}
insurance-proj/README.md: {"tabSize":4,"indentSize":4,"insertSpaces":true,"cursorStyle":1,"lineNumbers":1}
insurance-proj/README.md: {"tabSize":4,"indentSize":4,"insertSpaces":true,"cursorStyle":1,"lineNumbers":1}
insurance-proj/README.md: {"tabSize":4,"indentSize":4,"insertSpaces":true,"cursorStyle":1,"lineNumbers":1}
insurance-proj/README.md: {"tabSize":4,"indentSize":4,"insertSpaces":true,"cursorStyle":1,"lineNumbers":1}
insurance-proj/README.md: {"tabSize":4,"indentSize":4,"insertSpaces":true,"cursorStyle":1,"lineNumbers":1}
insurance-proj/README.md: {"tabSize":4,"indentSize":4,"insertSpaces":true,"cursorStyle":1,"lineNumbers":1}
insurance-proj/README.md: {"tabSize":4,"indentSize":4,"insertSpaces":true,"cursorStyle":1,"lineNumbers":1}
insurance-proj/README.md: {"tabSize":4,"indentSize":4,"insertSpaces":true,"cursorStyle":1,"lineNumbers":1}
insurance-proj/README.md: {"tabSize":4,"indentSize":4,"insertSpaces":true,"cursorStyle":1,"lineNumbers":1}
insurance-proj/README.md: {"tabSize":4,"indentSize":4,"insertSpaces":true,"cursorStyle":1,"lineNumbers":1}
insurance-proj/README.md: {"tabSize":4,"indentSize":4,"insertSpaces":true,"cursorStyle":1,"lineNumbers":1}
insurance-proj/README.md: {"tabSize":4,"indentSize":4,"insertSpaces":true,"cursorStyle":1,"lineNumbers":1}
insurance-proj/README.md: {"tabSize":4,"indentSize":4,"insertSpaces":true,"cursorStyle":1,"lineNumbers":1}
insurance-proj/README.md: {"tabSize":4,"indentSize":4,"insertSpaces":true,"cursorStyle":1,"lineNumbers":1}
insurance-proj/README.md: {"tabSize":4,"indentSize":4,"insertSpaces":true,"cursorStyle":1,"lineNumbers":1}
insurance-proj/README.md: {"tabSize":4,"indentSize":4,"insertSpaces":true,"cursorStyle":1,"lineNumbers":1}
insurance-proj/README.md: {"tabSize":4,"indentSize":4,"insertSpaces":true,"cursorStyle":1,"lineNumbers":1}
insurance-proj/README.md: {"tabSize":4,"indentSize":4,"insertSpaces":true,"cursorStyle":1,"lineNumbers":1}
insurance-proj/README.md: {"tabSize":4,"indentSize":4,"insertSpaces":true,"cursorStyle":1,"lineNumbers":1}
insurance-proj/README.md: {"tabSize":4,"indentSize":4,"insertSpaces":true,"cursorStyle":1,"lineNumbers":1}
insurance-proj/README.md: {"tabSize":4,"indentSize":4,"insertSpaces":true,"cursorStyle":1,"lineNumbers":1}
insurance-proj/README.md: {"tabSize":4,"indentSize":4,"insertSpaces":true,"cursorStyle":1,"lineNumbers":1}
insurance-proj/README.md: {"tabSize":4,"indentSize":4,"insertSpaces":true,"cursorStyle":1,"lineNumbers":1}
insurance-proj/README.md: {"tabSize":4,"indentSize":4,"insertSpaces":true,"cursorStyle":1,"lineNumbers":1}
insurance-proj/README.md: {"tabSize":4,"indentSize":4,"insertSpaces":true,"cursorStyle":1,"lineNumbers":1}
insurance-proj/README.md: {"tabSize":4,"indentSize":4,"insertSpaces":true,"cursorStyle":1,"lineNumbers":1}
insurance-proj/README.md: {"tabSize":4,"indentSize":4,"insertSpaces":true,"cursorStyle":1,"lineNumbers":1}
insurance-proj/README.md: {"tabSize":4,"indentSize":4,"insertSpaces":true,"cursorStyle":1,"lineNumbers":1}
insurance-proj/README.md: {"tabSize":4,"indentSize":4,"insertSpaces":true,"cursorStyle":1,"lineNumbers":1}
insurance-proj/README.md: {"tabSize":4,"indentSize":4,"insertSpaces":true,"cursorStyle":1,"lineNumbers":1}
insurance-proj/README.md: {"tabSize":4,"indentSize":4,"insertSpaces":true,"cursorStyle":1,"lineNumbers":1}
insurance-proj/README.md: Using EditorConfig core...
insurance-proj/README.md: Using EditorConfig core...
README.md: Target charset is not set
insurance-proj/README.md: Using EditorConfig core...
insurance-proj/README.md: Using EditorConfig core...
README.md: Target charset is not set
insurance-proj/README.md: {"tabSize":4,"indentSize":4,"insertSpaces":true,"cursorStyle":1,"lineNumbers":1}
insurance-proj/README.md: {"tabSize":4,"indentSize":4,"insertSpaces":true,"cursorStyle":1,"lineNumbers":1}
insurance-proj/README.md: {"tabSize":4,"indentSize":4,"insertSpaces":true,"cursorStyle":1,"lineNumbers":1}
insurance-proj/README.md: {"tabSize":4,"indentSize":4,"insertSpaces":true,"cursorStyle":1,"lineNumbers":1}
insurance-proj/README.md: {"tabSize":4,"indentSize":4,"insertSpaces":true,"cursorStyle":1,"lineNumbers":1}
insurance-proj/README.md: {"tabSize":4,"indentSize":4,"insertSpaces":true,"cursorStyle":1,"lineNumbers":1}
insurance-proj/README.md: {"tabSize":4,"indentSize":4,"insertSpaces":true,"cursorStyle":1,"lineNumbers":1}
insurance-proj/README.md: {"tabSize":4,"indentSize":4,"insertSpaces":true,"cursorStyle":1,"lineNumbers":1}
insurance-proj/README.md: {"tabSize":4,"indentSize":4,"insertSpaces":true,"cursorStyle":1,"lineNumbers":1}
insurance-proj/README.md: {"tabSize":4,"indentSize":4,"insertSpaces":true,"cursorStyle":1,"lineNumbers":1}
insurance-proj/README.md: {"tabSize":4,"indentSize":4,"insertSpaces":true,"cursorStyle":1,"lineNumbers":1}
insurance-proj/README.md: {"tabSize":4,"indentSize":4,"insertSpaces":true,"cursorStyle":1,"lineNumbers":1}
insurance-proj/README.md: {"tabSize":4,"indentSize":4,"insertSpaces":true,"cursorStyle":1,"lineNumbers":1}
insurance-proj/README.md: {"tabSize":4,"indentSize":4,"insertSpaces":true,"cursorStyle":1,"lineNumbers":1}
insurance-proj/README.md: {"tabSize":4,"indentSize":4,"insertSpaces":true,"cursorStyle":1,"lineNumbers":1}
insurance-proj/README.md: {"tabSize":4,"indentSize":4,"insertSpaces":true,"cursorStyle":1,"lineNumbers":1}
insurance-proj/README.md: {"tabSize":4,"indentSize":4,"insertSpaces":true,"cursorStyle":1,"lineNumbers":1}
insurance-proj/README.md: {"tabSize":4,"indentSize":4,"insertSpaces":true,"cursorStyle":1,"lineNumbers":1}
insurance-proj/README.md: {"tabSize":4,"indentSize":4,"insertSpaces":true,"cursorStyle":1,"lineNumbers":1}
insurance-proj/README.md: {"tabSize":4,"indentSize":4,"insertSpaces":true,"cursorStyle":1,"lineNumbers":1}
insurance-proj/README.md: {"tabSize":4,"indentSize":4,"insertSpaces":true,"cursorStyle":1,"lineNumbers":1}
insurance-proj/README.md: {"tabSize":4,"indentSize":4,"insertSpaces":true,"cursorStyle":1,"lineNumbers":1}
insurance-proj/README.md: {"tabSize":4,"indentSize":4,"insertSpaces":true,"cursorStyle":1,"lineNumbers":1}
insurance-proj/README.md: {"tabSize":4,"indentSize":4,"insertSpaces":true,"cursorStyle":1,"lineNumbers":1}
insurance-proj/README.md: {"tabSize":4,"indentSize":4,"insertSpaces":true,"cursorStyle":1,"lineNumbers":1}
insurance-proj/README.md: {"tabSize":4,"indentSize":4,"insertSpaces":true,"cursorStyle":1,"lineNumbers":1}
insurance-proj/README.md: {"tabSize":4,"indentSize":4,"insertSpaces":true,"cursorStyle":1,"lineNumbers":1}
insurance-proj/create-staff-accounts.mjs: {"tabSize":2,"indentSize":2,"insertSpaces":true,"cursorStyle":1,"lineNumbers":1}
insurance-proj/create-staff-accounts.mjs: Using EditorConfig core...
create-staff-accounts.mjs: Target charset is not set
insurance-proj/create-staff-accounts.mjs: {"tabSize":2,"indentSize":2,"insertSpaces":true,"cursorStyle":1,"lineNumbers":1}
insurance-proj/create-staff-accounts.mjs: {"tabSize":2,"indentSize":2,"insertSpaces":true,"cursorStyle":1,"lineNumbers":1}
insurance-proj/create-staff-accounts.mjs: {"tabSize":2,"indentSize":2,"insertSpaces":true,"cursorStyle":1,"lineNumbers":1}
insurance-proj/create-staff-accounts.mjs: {"tabSize":2,"indentSize":2,"insertSpaces":true,"cursorStyle":1,"lineNumbers":1}
insurance-proj/create-staff-accounts.mjs: {"tabSize":2,"indentSize":2,"insertSpaces":true,"cursorStyle":1,"lineNumbers":1}
insurance-proj/create-staff-accounts.mjs: {"tabSize":2,"indentSize":2,"insertSpaces":true,"cursorStyle":1,"lineNumbers":1}
insurance-proj/create-staff-accounts.mjs: {"tabSize":2,"indentSize":2,"insertSpaces":true,"cursorStyle":1,"lineNumbers":1}
insurance-proj/create-staff-accounts.mjs: {"tabSize":2,"indentSize":2,"insertSpaces":true,"cursorStyle":1,"lineNumbers":1}
insurance-proj/create-staff-accounts.mjs: {"tabSize":2,"indentSize":2,"insertSpaces":true,"cursorStyle":1,"lineNumbers":1}
insurance-proj/create-staff-accounts.mjs: {"tabSize":2,"indentSize":2,"insertSpaces":true,"cursorStyle":1,"lineNumbers":1}
insurance-proj/create-staff-accounts.mjs: {"tabSize":2,"indentSize":2,"insertSpaces":true,"cursorStyle":1,"lineNumbers":1}
insurance-proj/create-staff-accounts.mjs: {"tabSize":2,"indentSize":2,"insertSpaces":true,"cursorStyle":1,"lineNumbers":1}
insurance-proj/create-staff-accounts.mjs: {"tabSize":2,"indentSize":2,"insertSpaces":true,"cursorStyle":1,"lineNumbers":1}
insurance-proj/create-staff-accounts.mjs: {"tabSize":2,"indentSize":2,"insertSpaces":true,"cursorStyle":1,"lineNumbers":1}
insurance-proj/create-staff-accounts.mjs: {"tabSize":2,"indentSize":2,"insertSpaces":true,"cursorStyle":1,"lineNumbers":1}
insurance-proj/create-staff-accounts.mjs: {"tabSize":2,"indentSize":2,"insertSpaces":true,"cursorStyle":1,"lineNumbers":1}
