Initializing document watcher...
Document watcher initialized
hypr/conf/custom.conf: {"tabSize":4,"indentSize":4,"insertSpaces":true,"cursorStyle":1,"lineNumbers":1}
hypr/conf/custom.conf: Using EditorConfig core...
conf/custom.conf: Target charset is not set
hypr/conf/custom.conf: {"tabSize":4,"indentSize":4,"insertSpaces":true,"cursorStyle":1,"lineNumbers":1}
hypr/conf/custom.conf: {"tabSize":4,"indentSize":4,"insertSpaces":true,"cursorStyle":1,"lineNumbers":1}
hypr/conf/custom.conf: Using EditorConfig core...
hypr/conf/custom.conf: Using EditorConfig core...
conf/custom.conf: Target charset is not set
hypr/conf/custom.conf: Using EditorConfig core...
hypr/conf/custom.conf: Using EditorConfig core...
conf/custom.conf: Target charset is not set
hypr/conf/custom.conf: {"tabSize":4,"indentSize":4,"insertSpaces":true,"cursorStyle":1,"lineNumbers":1}
hypr/conf/custom.conf: {"tabSize":4,"indentSize":4,"insertSpaces":true,"cursorStyle":1,"lineNumbers":1}
hypr/conf/custom.conf: {"tabSize":4,"indentSize":4,"insertSpaces":true,"cursorStyle":1,"lineNumbers":1}
hypr/scripts/cursor-daemon.py: {"tabSize":4,"indentSize":4,"insertSpaces":true,"cursorStyle":1,"lineNumbers":1}
hypr/scripts/cursor-daemon.py: Using EditorConfig core...
scripts/cursor-daemon.py: Target charset is not set
hypr/scripts/cursor-daemon.py: {"tabSize":4,"indentSize":4,"insertSpaces":true,"cursorStyle":1,"lineNumbers":1}
hypr/scripts/cursor-daemon.py: Using EditorConfig core...
hypr/scripts/cursor-daemon.py: Using EditorConfig core...
scripts/cursor-daemon.py: Target charset is not set
hypr/scripts/cursor-daemon.py: {"tabSize":4,"indentSize":4,"insertSpaces":true,"cursorStyle":1,"lineNumbers":1}
hypr/conf/custom.conf: {"tabSize":4,"indentSize":4,"insertSpaces":true,"cursorStyle":1,"lineNumbers":1}
hypr/conf/custom.conf: Using EditorConfig core...
conf/custom.conf: Target charset is not set
hypr/conf/custom.conf: {"tabSize":4,"indentSize":4,"insertSpaces":true,"cursorStyle":1,"lineNumbers":1}
hypr/conf/custom.conf: Using EditorConfig core...
hypr/conf/custom.conf: Using EditorConfig core...
conf/custom.conf: Target charset is not set
hypr/conf/custom.conf: Using EditorConfig core...
hypr/conf/custom.conf: Using EditorConfig core...
conf/custom.conf: Target charset is not set
hypr/conf/custom.conf: {"tabSize":4,"indentSize":4,"insertSpaces":true,"cursorStyle":1,"lineNumbers":1}
hypr/conf/custom.conf: {"tabSize":4,"indentSize":4,"insertSpaces":true,"cursorStyle":1,"lineNumbers":1}
hypr/conf/custom.conf: {"tabSize":4,"indentSize":4,"insertSpaces":true,"cursorStyle":1,"lineNumbers":1}
hypr/conf/custom.conf: {"tabSize":4,"indentSize":4,"insertSpaces":true,"cursorStyle":1,"lineNumbers":1}
hypr/conf/custom.conf: Using EditorConfig core...
hypr/conf/custom.conf: Using EditorConfig core...
conf/custom.conf: Target charset is not set
hypr/conf/custom.conf: Using EditorConfig core...
hypr/conf/custom.conf: Using EditorConfig core...
conf/custom.conf: Target charset is not set
hypr/conf/custom.conf: Using EditorConfig core...
hypr/conf/custom.conf: Using EditorConfig core...
conf/custom.conf: Target charset is not set
hypr/conf/custom.conf: {"tabSize":4,"indentSize":4,"insertSpaces":true,"cursorStyle":1,"lineNumbers":1}
hypr/conf/custom.conf: {"tabSize":4,"indentSize":4,"insertSpaces":true,"cursorStyle":1,"lineNumbers":1}
hypr/conf/custom.conf: Using EditorConfig core...
hypr/conf/custom.conf: Using EditorConfig core...
conf/custom.conf: Target charset is not set
hypr/conf/custom.conf: Using EditorConfig core...
hypr/conf/custom.conf: Using EditorConfig core...
conf/custom.conf: Target charset is not set
hypr/conf/custom.conf: Using EditorConfig core...
hypr/conf/custom.conf: Using EditorConfig core...
conf/custom.conf: Target charset is not set
hypr/conf/custom.conf: Using EditorConfig core...
hypr/conf/custom.conf: Using EditorConfig core...
conf/custom.conf: Target charset is not set
hypr/conf/custom.conf: Using EditorConfig core...
hypr/conf/custom.conf: Using EditorConfig core...
conf/custom.conf: Target charset is not set
hypr/conf/custom.conf: {"tabSize":4,"indentSize":4,"insertSpaces":true,"cursorStyle":1,"lineNumbers":1}
hypr/conf/custom.conf: {"tabSize":4,"indentSize":4,"insertSpaces":true,"cursorStyle":1,"lineNumbers":1}
hypr/conf/custom.conf: Using EditorConfig core...
hypr/conf/custom.conf: Using EditorConfig core...
conf/custom.conf: Target charset is not set
hypr/conf/custom.conf: {"tabSize":4,"indentSize":4,"insertSpaces":true,"cursorStyle":1,"lineNumbers":1}
hypr/scripts/cursor-daemon.py: {"tabSize":4,"indentSize":4,"insertSpaces":true,"cursorStyle":1,"lineNumbers":1}
hypr/scripts/cursor-daemon.py: Using EditorConfig core...
scripts/cursor-daemon.py: Target charset is not set
hypr/scripts/cursor-daemon.py: {"tabSize":4,"indentSize":4,"insertSpaces":true,"cursorStyle":1,"lineNumbers":1}
hypr/scripts/cursor-daemon.py: {"tabSize":4,"indentSize":4,"insertSpaces":true,"cursorStyle":1,"lineNumbers":1}
hypr/scripts/cursor-daemon.py: Using EditorConfig core...
hypr/scripts/cursor-daemon.py: Using EditorConfig core...
scripts/cursor-daemon.py: Target charset is not set
hypr/scripts/cursor-daemon.py: Using EditorConfig core...
hypr/scripts/cursor-daemon.py: Using EditorConfig core...
scripts/cursor-daemon.py: Target charset is not set
hypr/scripts/cursor-daemon.py: {"tabSize":4,"indentSize":4,"insertSpaces":true,"cursorStyle":1,"lineNumbers":1}
No more open editors.
hypr/conf/autostart.conf: {"tabSize":4,"indentSize":4,"insertSpaces":true,"cursorStyle":1,"lineNumbers":1}
hypr/conf/autostart.conf: Using EditorConfig core...
conf/autostart.conf: Target charset is not set
hypr/scripts/cursor-daemon.py: {"tabSize":4,"indentSize":4,"insertSpaces":true,"cursorStyle":1,"lineNumbers":1}
hypr/scripts/cursor-daemon.py: Using EditorConfig core...
scripts/cursor-daemon.py: Target charset is not set
hypr/scripts/cursor-daemon.py: {"tabSize":4,"indentSize":4,"insertSpaces":true,"cursorStyle":1,"lineNumbers":1}
hypr/scripts/cursor-daemon.py: {"tabSize":4,"indentSize":4,"insertSpaces":true,"cursorStyle":1,"lineNumbers":1}
hypr/scripts/cursor-daemon.py: Using EditorConfig core...
hypr/scripts/cursor-daemon.py: Using EditorConfig core...
scripts/cursor-daemon.py: Target charset is not set
hypr/scripts/cursor-daemon.py: Using EditorConfig core...
hypr/scripts/cursor-daemon.py: Using EditorConfig core...
scripts/cursor-daemon.py: Target charset is not set
hypr/scripts/cursor-daemon.py: Using EditorConfig core...
hypr/scripts/cursor-daemon.py: Using EditorConfig core...
scripts/cursor-daemon.py: Target charset is not set
hypr/scripts/cursor-daemon.py: Using EditorConfig core...
hypr/scripts/cursor-daemon.py: Using EditorConfig core...
scripts/cursor-daemon.py: Target charset is not set
hypr/scripts/cursor-daemon.py: Using EditorConfig core...
hypr/scripts/cursor-daemon.py: Using EditorConfig core...
scripts/cursor-daemon.py: Target charset is not set
hypr/scripts/cursor-daemon.py: Using EditorConfig core...
hypr/scripts/cursor-daemon.py: Using EditorConfig core...
scripts/cursor-daemon.py: Target charset is not set
hypr/scripts/cursor-daemon.py: Using EditorConfig core...
hypr/scripts/cursor-daemon.py: Using EditorConfig core...
scripts/cursor-daemon.py: Target charset is not set
hypr/scripts/cursor-daemon.py: Using EditorConfig core...
hypr/scripts/cursor-daemon.py: Using EditorConfig core...
scripts/cursor-daemon.py: Target charset is not set
hypr/scripts/cursor-daemon.py: {"tabSize":4,"indentSize":4,"insertSpaces":true,"cursorStyle":1,"lineNumbers":1}
hypr/scripts/cursor-daemon.py: {"tabSize":4,"indentSize":4,"insertSpaces":true,"cursorStyle":1,"lineNumbers":1}
hypr/scripts/cursor-daemon.py: {"tabSize":4,"indentSize":4,"insertSpaces":true,"cursorStyle":1,"lineNumbers":1}
