["INFO" - 12:46:51 PM] Extension Name: esbenp.prettier-vscode.
["INFO" - 12:46:51 PM] Extension Version: 12.4.0.
["INFO" - 12:46:52 PM] Using config file at /home/yusof_0090/Projects/.prettierrc
["INFO" - 12:46:52 PM] EditorConfig support is enabled, checking for .editorconfig files
["INFO" - 12:46:52 PM] Resolved config:
{
  "semi": false,
  "singleQuote": true,
  "tabWidth": 2,
  "printWidth": 80,
  "jsxSingleQuote": false,
  "trailingComma": "all",
  "bracketSpacing": true,
  "endOfLine": "crlf",
  "useTabs": false,
  "singleAttributePerLine": true
}
["INFO" - 12:47:39 PM] Using config file at /home/yusof_0090/Projects/.prettierrc
["INFO" - 12:47:39 PM] EditorConfig support is enabled, checking for .editorconfig files
["INFO" - 12:47:39 PM] Resolved config:
{
  "semi": false,
  "singleQuote": true,
  "tabWidth": 2,
  "printWidth": 80,
  "jsxSingleQuote": false,
  "trailingComma": "all",
  "bracketSpacing": true,
  "endOfLine": "crlf",
  "useTabs": false,
  "singleAttributePerLine": true
}
["INFO" - 12:48:08 PM] Using config file at /home/yusof_0090/Projects/.prettierrc
["INFO" - 12:48:08 PM] EditorConfig support is enabled, checking for .editorconfig files
["INFO" - 12:48:08 PM] Resolved config:
{
  "semi": false,
  "singleQuote": true,
  "tabWidth": 2,
  "printWidth": 80,
  "jsxSingleQuote": false,
  "trailingComma": "all",
  "bracketSpacing": true,
  "endOfLine": "crlf",
  "useTabs": false,
  "singleAttributePerLine": true
}
["INFO" - 12:50:00 PM] Using config file at /home/yusof_0090/Projects/.prettierrc
["INFO" - 12:50:00 PM] EditorConfig support is enabled, checking for .editorconfig files
["INFO" - 12:50:00 PM] Resolved config:
{
  "semi": false,
  "singleQuote": true,
  "tabWidth": 2,
  "printWidth": 80,
  "jsxSingleQuote": false,
  "trailingComma": "all",
  "bracketSpacing": true,
  "endOfLine": "crlf",
  "useTabs": false,
  "singleAttributePerLine": true
}
["INFO" - 12:50:12 PM] Using config file at /home/yusof_0090/Projects/.prettierrc
["INFO" - 12:50:12 PM] EditorConfig support is enabled, checking for .editorconfig files
["INFO" - 12:50:12 PM] Resolved config:
{
  "semi": false,
  "singleQuote": true,
  "tabWidth": 2,
  "printWidth": 80,
  "jsxSingleQuote": false,
  "trailingComma": "all",
  "bracketSpacing": true,
  "endOfLine": "crlf",
  "useTabs": false,
  "singleAttributePerLine": true
}
["INFO" - 12:52:22 PM] Using config file at /home/yusof_0090/Projects/.prettierrc
["INFO" - 12:52:22 PM] EditorConfig support is enabled, checking for .editorconfig files
["INFO" - 12:52:22 PM] Resolved config:
{
  "semi": false,
  "singleQuote": true,
  "tabWidth": 2,
  "printWidth": 80,
  "jsxSingleQuote": false,
  "trailingComma": "all",
  "bracketSpacing": true,
  "endOfLine": "crlf",
  "useTabs": false,
  "singleAttributePerLine": true
}
["INFO" - 12:52:28 PM] Using config file at /home/yusof_0090/Projects/.prettierrc
["INFO" - 12:52:28 PM] EditorConfig support is enabled, checking for .editorconfig files
["INFO" - 12:52:28 PM] Resolved config:
{
  "semi": false,
  "singleQuote": true,
  "tabWidth": 2,
  "printWidth": 80,
  "jsxSingleQuote": false,
  "trailingComma": "all",
  "bracketSpacing": true,
  "endOfLine": "crlf",
  "useTabs": false,
  "singleAttributePerLine": true
}
["INFO" - 12:52:32 PM] Using config file at /home/yusof_0090/Projects/.prettierrc
["INFO" - 12:52:32 PM] EditorConfig support is enabled, checking for .editorconfig files
["INFO" - 12:52:32 PM] Resolved config:
{
  "semi": false,
  "singleQuote": true,
  "tabWidth": 2,
  "printWidth": 80,
  "jsxSingleQuote": false,
  "trailingComma": "all",
  "bracketSpacing": true,
  "endOfLine": "crlf",
  "useTabs": false,
  "singleAttributePerLine": true
}
["INFO" - 1:47:08 PM] Using config file at /home/yusof_0090/Projects/.prettierrc
["INFO" - 1:47:08 PM] EditorConfig support is enabled, checking for .editorconfig files
["INFO" - 1:47:08 PM] Resolved config:
{
  "semi": false,
  "singleQuote": true,
  "tabWidth": 2,
  "printWidth": 80,
  "jsxSingleQuote": false,
  "trailingComma": "all",
  "bracketSpacing": true,
  "endOfLine": "crlf",
  "useTabs": false,
  "singleAttributePerLine": true
}
["INFO" - 2:37:12 PM] Using config file at /home/yusof_0090/Projects/.prettierrc
["INFO" - 2:37:12 PM] EditorConfig support is enabled, checking for .editorconfig files
["INFO" - 2:37:12 PM] Resolved config:
{
  "semi": false,
  "singleQuote": true,
  "tabWidth": 2,
  "printWidth": 80,
  "jsxSingleQuote": false,
  "trailingComma": "all",
  "bracketSpacing": true,
  "endOfLine": "crlf",
  "useTabs": false,
  "singleAttributePerLine": true
}
["INFO" - 2:37:12 PM] Using config file at /home/yusof_0090/Projects/.prettierrc
["INFO" - 2:37:12 PM] EditorConfig support is enabled, checking for .editorconfig files
["INFO" - 2:37:12 PM] Resolved config:
{
  "semi": false,
  "singleQuote": true,
  "tabWidth": 2,
  "printWidth": 80,
  "jsxSingleQuote": false,
  "trailingComma": "all",
  "bracketSpacing": true,
  "endOfLine": "crlf",
  "useTabs": false,
  "singleAttributePerLine": true
}
["INFO" - 2:37:42 PM] Using config file at /home/yusof_0090/Projects/.prettierrc
["INFO" - 2:37:42 PM] EditorConfig support is enabled, checking for .editorconfig files
["INFO" - 2:37:42 PM] Resolved config:
{
  "semi": false,
  "singleQuote": true,
  "tabWidth": 2,
  "printWidth": 80,
  "jsxSingleQuote": false,
  "trailingComma": "all",
  "bracketSpacing": true,
  "endOfLine": "crlf",
  "useTabs": false,
  "singleAttributePerLine": true
}
["INFO" - 2:37:46 PM] Using config file at /home/yusof_0090/Projects/.prettierrc
["INFO" - 2:37:46 PM] EditorConfig support is enabled, checking for .editorconfig files
["INFO" - 2:37:46 PM] Resolved config:
{
  "semi": false,
  "singleQuote": true,
  "tabWidth": 2,
  "printWidth": 80,
  "jsxSingleQuote": false,
  "trailingComma": "all",
  "bracketSpacing": true,
  "endOfLine": "crlf",
  "useTabs": false,
  "singleAttributePerLine": true
}
["INFO" - 2:37:47 PM] Using config file at /home/yusof_0090/Projects/.prettierrc
["INFO" - 2:37:47 PM] EditorConfig support is enabled, checking for .editorconfig files
["INFO" - 2:37:47 PM] Resolved config:
{
  "semi": false,
  "singleQuote": true,
  "tabWidth": 2,
  "printWidth": 80,
  "jsxSingleQuote": false,
  "trailingComma": "all",
  "bracketSpacing": true,
  "endOfLine": "crlf",
  "useTabs": false,
  "singleAttributePerLine": true
}
["INFO" - 2:37:53 PM] Using config file at /home/yusof_0090/Projects/.prettierrc
["INFO" - 2:37:53 PM] EditorConfig support is enabled, checking for .editorconfig files
["INFO" - 2:37:53 PM] Resolved config:
{
  "semi": false,
  "singleQuote": true,
  "tabWidth": 2,
  "printWidth": 80,
  "jsxSingleQuote": false,
  "trailingComma": "all",
  "bracketSpacing": true,
  "endOfLine": "crlf",
  "useTabs": false,
  "singleAttributePerLine": true
}
["INFO" - 2:38:13 PM] Using config file at /home/yusof_0090/Projects/.prettierrc
["INFO" - 2:38:13 PM] EditorConfig support is enabled, checking for .editorconfig files
["INFO" - 2:38:13 PM] Resolved config:
{
  "semi": false,
  "singleQuote": true,
  "tabWidth": 2,
  "printWidth": 80,
  "jsxSingleQuote": false,
  "trailingComma": "all",
  "bracketSpacing": true,
  "endOfLine": "crlf",
  "useTabs": false,
  "singleAttributePerLine": true
}
["INFO" - 2:39:36 PM] Using config file at /home/yusof_0090/Projects/.prettierrc
["INFO" - 2:39:36 PM] EditorConfig support is enabled, checking for .editorconfig files
["INFO" - 2:39:36 PM] Resolved config:
{
  "semi": false,
  "singleQuote": true,
  "tabWidth": 2,
  "printWidth": 80,
  "jsxSingleQuote": false,
  "trailingComma": "all",
  "bracketSpacing": true,
  "endOfLine": "crlf",
  "useTabs": false,
  "singleAttributePerLine": true
}
["INFO" - 2:39:41 PM] Using config file at /home/yusof_0090/Projects/.prettierrc
["INFO" - 2:39:41 PM] EditorConfig support is enabled, checking for .editorconfig files
["INFO" - 2:39:41 PM] Resolved config:
{
  "semi": false,
  "singleQuote": true,
  "tabWidth": 2,
  "printWidth": 80,
  "jsxSingleQuote": false,
  "trailingComma": "all",
  "bracketSpacing": true,
  "endOfLine": "crlf",
  "useTabs": false,
  "singleAttributePerLine": true
}
["INFO" - 2:39:53 PM] Using config file at /home/yusof_0090/Projects/.prettierrc
["INFO" - 2:39:53 PM] EditorConfig support is enabled, checking for .editorconfig files
["INFO" - 2:39:53 PM] Resolved config:
{
  "semi": false,
  "singleQuote": true,
  "tabWidth": 2,
  "printWidth": 80,
  "jsxSingleQuote": false,
  "trailingComma": "all",
  "bracketSpacing": true,
  "endOfLine": "crlf",
  "useTabs": false,
  "singleAttributePerLine": true
}
["INFO" - 2:39:56 PM] Using config file at /home/yusof_0090/Projects/.prettierrc
["INFO" - 2:39:56 PM] EditorConfig support is enabled, checking for .editorconfig files
["INFO" - 2:39:56 PM] Resolved config:
{
  "semi": false,
  "singleQuote": true,
  "tabWidth": 2,
  "printWidth": 80,
  "jsxSingleQuote": false,
  "trailingComma": "all",
  "bracketSpacing": true,
  "endOfLine": "crlf",
  "useTabs": false,
  "singleAttributePerLine": true
}
["INFO" - 2:40:53 PM] Using config file at /home/yusof_0090/Projects/.prettierrc
["INFO" - 2:40:53 PM] EditorConfig support is enabled, checking for .editorconfig files
["INFO" - 2:40:53 PM] Resolved config:
{
  "semi": false,
  "singleQuote": true,
  "tabWidth": 2,
  "printWidth": 80,
  "jsxSingleQuote": false,
  "trailingComma": "all",
  "bracketSpacing": true,
  "endOfLine": "crlf",
  "useTabs": false,
  "singleAttributePerLine": true
}
["INFO" - 2:41:14 PM] Using config file at /home/yusof_0090/Projects/.prettierrc
["INFO" - 2:41:14 PM] EditorConfig support is enabled, checking for .editorconfig files
["INFO" - 2:41:14 PM] Resolved config:
{
  "semi": false,
  "singleQuote": true,
  "tabWidth": 2,
  "printWidth": 80,
  "jsxSingleQuote": false,
  "trailingComma": "all",
  "bracketSpacing": true,
  "endOfLine": "crlf",
  "useTabs": false,
  "singleAttributePerLine": true
}
["INFO" - 2:41:16 PM] Using config file at /home/yusof_0090/Projects/.prettierrc
["INFO" - 2:41:16 PM] EditorConfig support is enabled, checking for .editorconfig files
["INFO" - 2:41:16 PM] Resolved config:
{
  "semi": false,
  "singleQuote": true,
  "tabWidth": 2,
  "printWidth": 80,
  "jsxSingleQuote": false,
  "trailingComma": "all",
  "bracketSpacing": true,
  "endOfLine": "crlf",
  "useTabs": false,
  "singleAttributePerLine": true
}
["INFO" - 2:42:47 PM] Using config file at /home/yusof_0090/Projects/.prettierrc
["INFO" - 2:42:47 PM] EditorConfig support is enabled, checking for .editorconfig files
["INFO" - 2:42:47 PM] Resolved config:
{
  "semi": false,
  "singleQuote": true,
  "tabWidth": 2,
  "printWidth": 80,
  "jsxSingleQuote": false,
  "trailingComma": "all",
  "bracketSpacing": true,
  "endOfLine": "crlf",
  "useTabs": false,
  "singleAttributePerLine": true
}
["INFO" - 5:23:01 PM] Using config file at /home/yusof_0090/Projects/.prettierrc
["INFO" - 5:23:01 PM] EditorConfig support is enabled, checking for .editorconfig files
["INFO" - 5:23:01 PM] Resolved config:
{
  "semi": false,
  "singleQuote": true,
  "tabWidth": 2,
  "printWidth": 80,
  "jsxSingleQuote": false,
  "trailingComma": "all",
  "bracketSpacing": true,
  "endOfLine": "crlf",
  "useTabs": false,
  "singleAttributePerLine": true
}
["INFO" - 5:23:20 PM] Using config file at /home/yusof_0090/Projects/.prettierrc
["INFO" - 5:23:20 PM] EditorConfig support is enabled, checking for .editorconfig files
["INFO" - 5:23:20 PM] Resolved config:
{
  "semi": false,
  "singleQuote": true,
  "tabWidth": 2,
  "printWidth": 80,
  "jsxSingleQuote": false,
  "trailingComma": "all",
  "bracketSpacing": true,
  "endOfLine": "crlf",
  "useTabs": false,
  "singleAttributePerLine": true
}
["INFO" - 5:23:22 PM] Using config file at /home/yusof_0090/Projects/.prettierrc
["INFO" - 5:23:22 PM] EditorConfig support is enabled, checking for .editorconfig files
["INFO" - 5:23:22 PM] Resolved config:
{
  "semi": false,
  "singleQuote": true,
  "tabWidth": 2,
  "printWidth": 80,
  "jsxSingleQuote": false,
  "trailingComma": "all",
  "bracketSpacing": true,
  "endOfLine": "crlf",
  "useTabs": false,
  "singleAttributePerLine": true
}
["INFO" - 5:23:24 PM] Using config file at /home/yusof_0090/Projects/.prettierrc
["INFO" - 5:23:24 PM] EditorConfig support is enabled, checking for .editorconfig files
["INFO" - 5:23:24 PM] Resolved config:
{
  "semi": false,
  "singleQuote": true,
  "tabWidth": 2,
  "printWidth": 80,
  "jsxSingleQuote": false,
  "trailingComma": "all",
  "bracketSpacing": true,
  "endOfLine": "crlf",
  "useTabs": false,
  "singleAttributePerLine": true
}
["INFO" - 5:23:26 PM] Using config file at /home/yusof_0090/Projects/.prettierrc
["INFO" - 5:23:26 PM] EditorConfig support is enabled, checking for .editorconfig files
["INFO" - 5:23:26 PM] Resolved config:
{
  "semi": false,
  "singleQuote": true,
  "tabWidth": 2,
  "printWidth": 80,
  "jsxSingleQuote": false,
  "trailingComma": "all",
  "bracketSpacing": true,
  "endOfLine": "crlf",
  "useTabs": false,
  "singleAttributePerLine": true
}
["INFO" - 11:22:12 PM] Using config file at /home/yusof_0090/Projects/.prettierrc
["INFO" - 11:22:12 PM] EditorConfig support is enabled, checking for .editorconfig files
["INFO" - 11:22:12 PM] Resolved config:
{
  "semi": false,
  "singleQuote": true,
  "tabWidth": 2,
  "printWidth": 80,
  "jsxSingleQuote": false,
  "trailingComma": "all",
  "bracketSpacing": true,
  "endOfLine": "crlf",
  "useTabs": false,
  "singleAttributePerLine": true
}
