2026-03-26 15:58:10.699 [info] Native locator: Refresh started
2026-03-26 15:58:10.761 [info] Native locator: Refresh finished in 225 ms
2026-03-26 15:58:10.842 [info] Native locator: Refresh started
2026-03-26 15:58:12.109 [info] Python interpreter path: /usr/bin/python
2026-03-26 15:58:12.573 [info] Native locator: Refresh finished in 1731 ms
2026-03-26 15:58:12.599 [info] > pyenv which python
2026-03-26 15:58:12.599 [info] cwd: .
2026-03-26 15:58:14.161 [info] Starting Jedi language server for insurance-proj.
2026-03-26 16:01:02.171 [info] Native locator: Refresh started
2026-03-26 16:01:02.171 [info] Native locator: Refresh finished in 378 ms
2026-03-26 16:01:02.171 [info] Native locator: Refresh started
2026-03-26 16:01:02.299 [info] Python interpreter path: /usr/bin/python
2026-03-26 16:01:02.314 [info] Native locator: Refresh finished in 148 ms
2026-03-26 16:01:04.189 [info] > pyenv which python
2026-03-26 16:01:04.189 [info] cwd: .
2026-03-26 16:01:05.042 [info] Starting Jedi language server for insurance-proj.
2026-03-26 16:03:43.480 [info] Native locator: Refresh started
2026-03-26 16:03:43.480 [info] Native locator: Refresh finished in 356 ms
2026-03-26 16:03:43.564 [info] Native locator: Refresh started
2026-03-26 16:03:43.997 [info] Python interpreter path: /usr/bin/python
2026-03-26 16:03:44.754 [info] Native locator: Refresh finished in 1190 ms
2026-03-26 16:03:45.385 [info] > pyenv which python
2026-03-26 16:03:45.385 [info] cwd: .
2026-03-26 16:03:46.410 [info] Starting Jedi language server for insurance-proj.
