2026-03-26 16:31:54.710 [info] Reading sessions from keychain...
2026-03-26 16:31:54.710 [info] Getting sessions for all scopes...
2026-03-26 16:31:54.710 [info] Got stored sessions!
2026-03-26 16:31:54.710 [info] Got 3 verified sessions.
2026-03-26 16:31:54.710 [info] Got 3 sessions for ...
2026-03-26 16:31:54.710 [info] Getting sessions for all scopes...
2026-03-26 16:31:54.710 [info] Got 3 sessions for ...
2026-03-26 16:31:54.710 [info] Getting sessions for all scopes...
2026-03-26 16:31:54.710 [info] Got 3 sessions for ...
2026-03-26 16:31:54.710 [info] Getting sessions for all scopes...
2026-03-26 16:31:54.710 [info] Got 3 sessions for ...
2026-03-26 16:31:54.710 [info] Getting sessions for all scopes...
2026-03-26 16:31:54.710 [info] Got 3 sessions for ...
2026-03-26 16:31:54.888 [info] Getting sessions for read:user,repo,user:email,workflow...
2026-03-26 16:31:54.888 [info] Got 1 sessions for read:user,repo,user:email,workflow...
2026-03-26 16:31:55.769 [info] Getting sessions for all scopes...
2026-03-26 16:31:55.769 [info] Got 3 sessions for ...
2026-03-26 16:31:55.770 [info] Getting sessions for all scopes...
2026-03-26 16:31:55.770 [info] Got 3 sessions for ...
2026-03-26 16:31:55.770 [info] Getting sessions for all scopes...
2026-03-26 16:31:55.770 [info] Got 3 sessions for ...
2026-03-26 16:31:56.623 [info] Getting sessions for read:user,repo,user:email,workflow...
2026-03-26 16:31:56.623 [info] Got 1 sessions for read:user,repo,user:email,workflow...
2026-03-26 16:31:56.664 [info] Getting sessions for read:user,repo,user:email,workflow...
2026-03-26 16:31:56.664 [info] Got 1 sessions for read:user,repo,user:email,workflow...
2026-03-26 16:31:57.321 [info] FetcherService: Node fetch failed with status: 429 Too Many Requests
2026-03-26 16:31:57.322 [info] Unable to resolve optional EDU details. Status: 429 Too Many Requests
2026-03-26 16:31:57.527 [info] Getting sessions for all scopes...
2026-03-26 16:31:57.527 [info] Got 3 sessions for ...
2026-03-26 16:31:57.527 [info] Getting sessions for all scopes...
2026-03-26 16:31:57.527 [info] Got 3 sessions for ...
2026-03-26 16:31:57.573 [info] Getting sessions for read:user,repo,user:email,workflow...
2026-03-26 16:31:57.573 [info] Got 1 sessions for read:user,repo,user:email,workflow...
2026-03-26 16:31:57.731 [info] Getting sessions for all scopes...
2026-03-26 16:31:57.731 [info] Got 3 sessions for ...
2026-03-26 16:31:57.732 [info] Getting sessions for all scopes...
2026-03-26 16:31:57.732 [info] Got 3 sessions for ...
2026-03-26 16:31:57.772 [info] Getting sessions for all scopes...
2026-03-26 16:31:57.772 [info] Got 3 sessions for ...
2026-03-26 16:31:57.808 [info] Getting sessions for all scopes...
2026-03-26 16:31:57.808 [info] Got 3 sessions for ...
2026-03-26 16:31:57.813 [info] Getting sessions for read:user,repo,user:email,workflow...
2026-03-26 16:31:57.813 [info] Got 1 sessions for read:user,repo,user:email,workflow...
2026-03-26 16:31:57.844 [info] Getting sessions for all scopes...
2026-03-26 16:31:57.844 [info] Got 3 sessions for ...
2026-03-26 16:31:57.848 [info] Getting sessions for read:user,repo,user:email,workflow...
2026-03-26 16:31:57.848 [info] Got 1 sessions for read:user,repo,user:email,workflow...
2026-03-26 16:31:58.209 [info] Getting sessions for all scopes...
2026-03-26 16:31:58.209 [info] Got 3 sessions for ...
2026-03-26 16:31:58.214 [info] Getting sessions for read:user,repo,user:email,workflow...
2026-03-26 16:31:58.214 [info] Got 1 sessions for read:user,repo,user:email,workflow...
2026-03-26 16:32:29.729 [info] Getting sessions for user:email...
2026-03-26 16:32:29.729 [info] Got 1 sessions for user:email...
2026-03-26 16:35:39.526 [info] Getting sessions for all scopes...
2026-03-26 16:35:39.526 [info] Got 3 sessions for ...
2026-03-26 16:41:57.765 [info] Getting sessions for all scopes...
2026-03-26 16:41:57.765 [info] Got 3 sessions for ...
2026-03-26 16:41:57.769 [info] Getting sessions for read:user,repo,user:email,workflow...
2026-03-26 16:41:57.769 [info] Got 1 sessions for read:user,repo,user:email,workflow...
2026-03-26 16:51:59.145 [info] Getting sessions for all scopes...
2026-03-26 16:51:59.145 [info] Got 3 sessions for ...
2026-03-26 16:51:59.148 [info] Getting sessions for read:user,repo,user:email,workflow...
2026-03-26 16:51:59.148 [info] Got 1 sessions for read:user,repo,user:email,workflow...
2026-03-26 17:02:01.675 [info] Getting sessions for all scopes...
2026-03-26 17:02:01.675 [info] Got 3 sessions for ...
2026-03-26 17:02:01.678 [info] Getting sessions for read:user,repo,user:email,workflow...
2026-03-26 17:02:01.678 [info] Got 1 sessions for read:user,repo,user:email,workflow...
2026-03-26 17:02:03.612 [info] Getting sessions for all scopes...
2026-03-26 17:02:03.612 [info] Got 3 sessions for ...
2026-03-26 17:02:30.297 [info] Getting sessions for all scopes...
2026-03-26 17:02:30.297 [info] Got 3 sessions for ...
2026-03-26 17:02:30.306 [info] Getting sessions for all scopes...
2026-03-26 17:02:30.306 [info] Got 3 sessions for ...
2026-03-26 17:03:08.709 [info] Getting sessions for all scopes...
2026-03-26 17:03:08.709 [info] Got 3 sessions for ...
2026-03-26 17:03:08.710 [info] Getting sessions for all scopes...
2026-03-26 17:03:08.710 [info] Got 3 sessions for ...
2026-03-26 17:03:14.472 [info] Getting sessions for all scopes...
2026-03-26 17:03:14.472 [info] Got 3 sessions for ...
2026-03-26 17:03:14.473 [info] Getting sessions for all scopes...
2026-03-26 17:03:14.473 [info] Got 3 sessions for ...
2026-03-26 17:03:32.853 [info] Getting sessions for all scopes...
2026-03-26 17:03:32.853 [info] Got 3 sessions for ...
2026-03-26 17:03:32.855 [info] Getting sessions for all scopes...
2026-03-26 17:03:32.855 [info] Got 3 sessions for ...
2026-03-26 17:03:33.689 [info] Getting sessions for all scopes...
2026-03-26 17:03:33.689 [info] Got 3 sessions for ...
2026-03-26 17:03:33.689 [info] Getting sessions for all scopes...
2026-03-26 17:03:33.689 [info] Got 3 sessions for ...
2026-03-26 17:03:33.729 [info] Getting sessions for read:user,repo,user:email,workflow...
2026-03-26 17:03:33.729 [info] Got 1 sessions for read:user,repo,user:email,workflow...
2026-03-26 17:03:33.788 [info] Getting sessions for all scopes...
2026-03-26 17:03:33.788 [info] Got 3 sessions for ...
2026-03-26 17:03:33.790 [info] Getting sessions for read:user,repo,user:email,workflow...
2026-03-26 17:03:33.790 [info] Got 1 sessions for read:user,repo,user:email,workflow...
2026-03-26 17:03:34.642 [info] Getting sessions for all scopes...
2026-03-26 17:03:34.642 [info] Got 3 sessions for ...
2026-03-26 17:03:34.642 [info] Getting sessions for all scopes...
2026-03-26 17:03:34.642 [info] Got 3 sessions for ...
2026-03-26 17:03:34.643 [info] Getting sessions for read:user,repo,user:email,workflow...
2026-03-26 17:03:34.643 [info] Got 1 sessions for read:user,repo,user:email,workflow...
2026-03-26 17:03:34.650 [info] Getting sessions for all scopes...
2026-03-26 17:03:34.650 [info] Got 3 sessions for ...
2026-03-26 17:03:34.651 [info] Getting sessions for read:user,repo,user:email,workflow...
2026-03-26 17:03:34.651 [info] Got 1 sessions for read:user,repo,user:email,workflow...
2026-03-26 17:03:35.180 [info] Getting sessions for all scopes...
2026-03-26 17:03:35.180 [info] Got 3 sessions for ...
2026-03-26 17:03:35.181 [info] Getting sessions for all scopes...
2026-03-26 17:03:35.181 [info] Got 3 sessions for ...
2026-03-26 17:03:35.181 [info] Getting sessions for all scopes...
2026-03-26 17:03:35.181 [info] Got 3 sessions for ...
2026-03-26 17:03:35.182 [info] Getting sessions for read:user,repo,user:email,workflow...
2026-03-26 17:03:35.182 [info] Got 1 sessions for read:user,repo,user:email,workflow...
2026-03-26 17:04:00.715 [info] Getting sessions for all scopes...
2026-03-26 17:04:00.715 [info] Got 3 sessions for ...
2026-03-26 17:04:00.716 [info] Getting sessions for all scopes...
2026-03-26 17:04:00.716 [info] Got 3 sessions for ...
2026-03-26 17:04:02.304 [info] Getting sessions for all scopes...
2026-03-26 17:04:02.304 [info] Got 3 sessions for ...
2026-03-26 17:04:02.305 [info] Getting sessions for all scopes...
2026-03-26 17:04:02.305 [info] Got 3 sessions for ...
2026-03-26 17:04:05.967 [info] Getting sessions for all scopes...
2026-03-26 17:04:05.967 [info] Got 3 sessions for ...
2026-03-26 17:04:05.968 [info] Getting sessions for all scopes...
2026-03-26 17:04:05.968 [info] Got 3 sessions for ...
2026-03-26 17:04:16.720 [info] Getting sessions for all scopes...
2026-03-26 17:04:16.720 [info] Got 3 sessions for ...
2026-03-26 17:04:16.722 [info] Getting sessions for all scopes...
2026-03-26 17:04:16.722 [info] Got 3 sessions for ...
2026-03-26 17:04:25.529 [info] Getting sessions for all scopes...
2026-03-26 17:04:25.529 [info] Got 3 sessions for ...
2026-03-26 17:04:25.530 [info] Getting sessions for all scopes...
2026-03-26 17:04:25.530 [info] Got 3 sessions for ...
2026-03-26 17:04:29.780 [info] Getting sessions for all scopes...
2026-03-26 17:04:29.780 [info] Got 3 sessions for ...
2026-03-26 17:04:29.781 [info] Getting sessions for all scopes...
2026-03-26 17:04:29.781 [info] Got 3 sessions for ...
2026-03-26 17:07:42.229 [info] Getting sessions for all scopes...
2026-03-26 17:07:42.229 [info] Got 3 sessions for ...
2026-03-26 17:07:42.230 [info] Getting sessions for all scopes...
2026-03-26 17:07:42.230 [info] Got 3 sessions for ...
2026-03-26 17:07:45.281 [info] Getting sessions for all scopes...
2026-03-26 17:07:45.281 [info] Got 3 sessions for ...
2026-03-26 17:07:45.282 [info] Getting sessions for all scopes...
2026-03-26 17:07:45.282 [info] Got 3 sessions for ...
2026-03-26 17:13:39.943 [info] Getting sessions for all scopes...
2026-03-26 17:13:39.943 [info] Got 3 sessions for ...
2026-03-26 17:13:39.944 [info] Getting sessions for all scopes...
2026-03-26 17:13:39.944 [info] Got 3 sessions for ...
2026-03-26 17:13:42.603 [info] Getting sessions for all scopes...
2026-03-26 17:13:42.603 [info] Got 3 sessions for ...
2026-03-26 17:13:42.604 [info] Getting sessions for read:user,repo,user:email,workflow...
2026-03-26 17:13:42.604 [info] Got 1 sessions for read:user,repo,user:email,workflow...
2026-03-26 17:13:44.289 [info] Getting sessions for all scopes...
2026-03-26 17:13:44.289 [info] Got 3 sessions for ...
2026-03-26 17:13:44.289 [info] Getting sessions for all scopes...
2026-03-26 17:13:44.289 [info] Got 3 sessions for ...
2026-03-26 17:13:46.480 [info] Getting sessions for all scopes...
2026-03-26 17:13:46.480 [info] Got 3 sessions for ...
2026-03-26 17:13:46.481 [info] Getting sessions for all scopes...
2026-03-26 17:13:46.481 [info] Got 3 sessions for ...
2026-03-26 17:13:51.261 [info] Reading sessions from keychain...
2026-03-26 17:13:51.261 [info] Getting sessions for all scopes...
2026-03-26 17:13:51.328 [info] Got stored sessions!
2026-03-26 17:13:51.328 [info] Got 3 verified sessions.
2026-03-26 17:13:51.328 [info] Got 3 sessions for ...
2026-03-26 17:13:51.328 [info] Getting sessions for all scopes...
2026-03-26 17:13:51.328 [info] Got 3 sessions for ...
2026-03-26 17:13:51.328 [info] Getting sessions for all scopes...
2026-03-26 17:13:51.328 [info] Got 3 sessions for ...
2026-03-26 17:13:52.335 [info] Getting sessions for all scopes...
2026-03-26 17:13:52.335 [info] Got 3 sessions for ...
2026-03-26 17:13:52.365 [info] Getting sessions for all scopes...
2026-03-26 17:13:52.365 [info] Got 3 sessions for ...
2026-03-26 17:13:52.373 [info] Getting sessions for user:email...
2026-03-26 17:13:52.373 [info] Got 1 sessions for user:email...
2026-03-26 17:13:52.520 [info] Getting sessions for all scopes...
2026-03-26 17:13:52.520 [info] Got 3 sessions for ...
2026-03-26 17:13:52.520 [info] Getting sessions for all scopes...
2026-03-26 17:13:52.520 [info] Got 3 sessions for ...
2026-03-26 17:13:52.668 [info] Getting sessions for read:user,repo,user:email,workflow...
2026-03-26 17:13:52.668 [info] Got 1 sessions for read:user,repo,user:email,workflow...
2026-03-26 17:13:53.058 [info] Getting sessions for all scopes...
2026-03-26 17:13:53.059 [info] Got 3 sessions for ...
2026-03-26 17:13:53.088 [info] Getting sessions for user:email...
2026-03-26 17:13:53.088 [info] Got 1 sessions for user:email...
2026-03-26 17:13:53.114 [info] Getting sessions for all scopes...
2026-03-26 17:13:53.114 [info] Got 3 sessions for ...
2026-03-26 17:13:53.115 [info] Getting sessions for read:user,repo,user:email,workflow...
2026-03-26 17:13:53.115 [info] Got 1 sessions for read:user,repo,user:email,workflow...
2026-03-26 17:13:53.454 [info] FetcherService: Node fetch failed with status: 429 Too Many Requests
2026-03-26 17:13:53.456 [info] Unable to resolve optional EDU details. Status: 429 Too Many Requests
2026-03-26 17:13:53.541 [info] Getting sessions for all scopes...
2026-03-26 17:13:53.541 [info] Got 3 sessions for ...
2026-03-26 17:13:53.541 [info] Getting sessions for all scopes...
2026-03-26 17:13:53.541 [info] Got 3 sessions for ...
2026-03-26 17:13:53.975 [info] Getting sessions for read:user,repo,user:email,workflow...
2026-03-26 17:13:53.975 [info] Got 1 sessions for read:user,repo,user:email,workflow...
2026-03-26 17:13:54.066 [info] Getting sessions for all scopes...
2026-03-26 17:13:54.066 [info] Got 3 sessions for ...
2026-03-26 17:13:54.066 [info] Getting sessions for all scopes...
2026-03-26 17:13:54.066 [info] Got 3 sessions for ...
2026-03-26 17:13:54.067 [info] Getting sessions for read:user,repo,user:email,workflow...
2026-03-26 17:13:54.067 [info] Got 1 sessions for read:user,repo,user:email,workflow...
2026-03-26 17:13:54.138 [info] Getting sessions for all scopes...
2026-03-26 17:13:54.138 [info] Got 3 sessions for ...
2026-03-26 17:13:54.138 [info] Getting sessions for all scopes...
2026-03-26 17:13:54.138 [info] Got 3 sessions for ...
2026-03-26 17:13:54.149 [info] Getting sessions for read:user,repo,user:email,workflow...
2026-03-26 17:13:54.149 [info] Got 1 sessions for read:user,repo,user:email,workflow...
2026-03-26 17:13:54.217 [info] Getting sessions for all scopes...
2026-03-26 17:13:54.217 [info] Got 3 sessions for ...
2026-03-26 17:13:54.222 [info] Getting sessions for all scopes...
2026-03-26 17:13:54.222 [info] Got 3 sessions for ...
2026-03-26 17:13:54.576 [info] Getting sessions for all scopes...
2026-03-26 17:13:54.576 [info] Got 3 sessions for ...
2026-03-26 17:13:54.578 [info] Getting sessions for read:user,repo,user:email,workflow...
2026-03-26 17:13:54.578 [info] Got 1 sessions for read:user,repo,user:email,workflow...
2026-03-26 17:13:54.682 [info] Getting sessions for all scopes...
2026-03-26 17:13:54.682 [info] Got 3 sessions for ...
2026-03-26 17:13:54.684 [info] Getting sessions for read:user,repo,user:email,workflow...
2026-03-26 17:13:54.684 [info] Got 1 sessions for read:user,repo,user:email,workflow...
2026-03-26 17:13:54.725 [info] Getting sessions for all scopes...
2026-03-26 17:13:54.725 [info] Got 3 sessions for ...
2026-03-26 17:13:54.726 [info] Getting sessions for read:user,repo,user:email,workflow...
2026-03-26 17:13:54.726 [info] Got 1 sessions for read:user,repo,user:email,workflow...
2026-03-26 17:17:10.935 [info] Getting sessions for all scopes...
2026-03-26 17:17:10.935 [info] Got 3 sessions for ...
2026-03-26 17:17:10.936 [info] Getting sessions for all scopes...
2026-03-26 17:17:10.936 [info] Got 3 sessions for ...
2026-03-26 17:17:16.802 [info] Getting sessions for all scopes...
2026-03-26 17:17:16.802 [info] Got 3 sessions for ...
2026-03-26 17:17:16.803 [info] Getting sessions for all scopes...
2026-03-26 17:17:16.803 [info] Got 3 sessions for ...
2026-03-26 17:17:28.045 [info] Getting sessions for all scopes...
2026-03-26 17:17:28.045 [info] Got 3 sessions for ...
2026-03-26 17:17:28.046 [info] Getting sessions for all scopes...
2026-03-26 17:17:28.046 [info] Got 3 sessions for ...
2026-03-26 17:17:31.986 [info] Getting sessions for all scopes...
2026-03-26 17:17:31.986 [info] Got 3 sessions for ...
2026-03-26 17:17:31.987 [info] Getting sessions for all scopes...
2026-03-26 17:17:31.987 [info] Got 3 sessions for ...
2026-03-26 17:17:47.314 [info] Getting sessions for all scopes...
2026-03-26 17:17:47.314 [info] Got 3 sessions for ...
2026-03-26 17:17:47.315 [info] Getting sessions for all scopes...
2026-03-26 17:17:47.315 [info] Got 3 sessions for ...
2026-03-26 17:17:49.892 [info] Getting sessions for all scopes...
2026-03-26 17:17:49.892 [info] Got 3 sessions for ...
2026-03-26 17:17:49.894 [info] Getting sessions for all scopes...
2026-03-26 17:17:49.894 [info] Got 3 sessions for ...
